#
# An unexpected error has been detected by HotSpot Virtual Machine:
#
#  EXCEPTION_ACCESS_VIOLATION (0xc0000005) at pc=0x0e966b77, pid=3080, tid=4004
#
# Java VM: Java HotSpot(TM) Client VM (1.5.0-b64 mixed mode)
# Problematic frame:
# C  [mwmlint.dll+0x6b77]
#

---------------  T H R E A D  ---------------

Current thread (0x0e3e0d98):  JavaThread "Thread-8" [_thread_in_native, id=4004]

siginfo: ExceptionCode=0xc0000005, reading address 0x0ebd35fc

Registers:
EAX=0xffffffff, EBX=0x0ebcf78c, ECX=0x0ebcf78c, EDX=0x00000000
ESP=0x0ebcd8d4, EBP=0x0ebcf798, ESI=0x0ebcf78c, EDI=0x0e97c078
EIP=0x0e966b77, EFLAGS=0x00010212

Top of Stack: (sp=0x0ebcd8d4)
0x0ebcd8d4:   0e97c078 0ebcf78c 00000001 00000000
0x0ebcd8e4:   00000000 00000003 19930520 0ebcd908
0x0ebcd8f4:   0e97bff4 0ebcf798 0e966d31 0ebcd908
0x0ebcd904:   0e97bff4 00000000 00000001 00000002
0x0ebcd914:   0e966de7 1378d748 0136cc08 0e967356
0x0ebcd924:   0000002f 0e96736b 7c34347e 0ebcf78c
0x0ebcd934:   0ebcdbc0 0ebcd948 0ebcf78c 0e967335
0x0ebcd944:   0ebcf798 0ebcd974 7c359ed1 0e967335 

Instructions: (pc=0x0e966b77)
0x0e966b67:   02 02 02 02 02 00 cc cc cc 83 ec 4c 56 8b f1 57
0x0e966b77:   8b be 70 3e 00 00 85 ff 89 74 24 08 0f 84 3e 01 


Stack: [0x0eb50000,0x0ebd0000),  sp=0x0ebcd8d4,  free space=502k
Native frames: (J=compiled Java code, j=interpreted, Vv=VM code, C=native code)
C  [mwmlint.dll+0x6b77]

Java frames: (J=compiled Java code, j=interpreted, Vv=VM code)
j  com.mathworks.widgets.text.mcode.MLint.nativeGetMessages(Ljava/lang/String;Ljava/lang/String;)Ljava/util/List;+0
J  com.mathworks.widgets.text.mcode.MLint.getMessages(Ljava/lang/String;Ljava/lang/String;Lcom/mathworks/widgets/text/mcode/MLintConfiguration;)Ljava/util/List;
J  com.mathworks.widgets.text.mcode.MLintDecorator.doMLint()V
v  ~RuntimeStub::alignment_frame_return Runtime1 stub
j  com.mathworks.widgets.text.mcode.MLintDecorator.access$2200(Lcom/mathworks/widgets/text/mcode/MLintDecorator;)V+1
j  com.mathworks.widgets.text.mcode.MLintDecorator$MLintRunnable.run()V+54
j  java.lang.Thread.run()V+11
v  ~StubRoutines::call_stub

---------------  P R O C E S S  ---------------

Java Threads: ( => current thread )
  0x0e414278 JavaThread "Timer-8" [_thread_blocked, id=2884]
  0x0380aa48 JavaThread "Thread-54" [_thread_blocked, id=2252]
  0x038206a8 JavaThread "Thread-49" [_thread_blocked, id=3840]
  0x0e30c710 JavaThread "Thread-47" [_thread_blocked, id=3984]
  0x0e3e8b18 JavaThread "Thread-46" [_thread_blocked, id=3948]
  0x0e3584d0 JavaThread "Prefs Updater" [_thread_blocked, id=1080]
  0x0e3c0008 JavaThread "Text-Layout" [_thread_blocked, id=2612]
  0x0e579ba8 JavaThread "Thread-16" [_thread_blocked, id=2952]
  0x0e577318 JavaThread "Thread-15" [_thread_blocked, id=3344]
  0x0e573fb0 JavaThread "Thread-14" [_thread_blocked, id=1136]
  0x0e56f920 JavaThread "Thread-13" [_thread_blocked, id=3456]
  0x0e433e80 JavaThread "Thread-12" [_thread_blocked, id=3712]
  0x0e42fd50 JavaThread "Thread-11" [_thread_blocked, id=1104]
  0x0e3d8fc0 JavaThread "Thread-10" [_thread_blocked, id=2476]
  0x0e3de780 JavaThread "Thread-9" [_thread_blocked, id=2896]
=>0x0e3e0d98 JavaThread "Thread-8" [_thread_in_native, id=4004]
  0x0dfa9e18 JavaThread "Timer-3" daemon [_thread_blocked, id=2072]
  0x0e1b7ef0 JavaThread "Timer-2" [_thread_blocked, id=2676]
  0x02dbbb28 JavaThread "TimerQueue" daemon [_thread_blocked, id=2304]
  0x0e40c228 JavaThread "AWT-EventQueue-0" [_thread_blocked, id=816]
  0x0e40c008 JavaThread "AWT-Shutdown" [_thread_blocked, id=3664]
  0x0e050780 JavaThread "Java2D Disposer" daemon [_thread_blocked, id=2172]
  0x0e4e4450 JavaThread "Timer-0" [_thread_blocked, id=3268]
  0x0e050b90 JavaThread "AWT-Windows" daemon [_thread_in_native, id=4056]
  0x02de60c8 JavaThread "Low Memory Detector" daemon [_thread_blocked, id=3196]
  0x02de4dd0 JavaThread "CompilerThread0" daemon [_thread_blocked, id=708]
  0x02de40c8 JavaThread "Signal Dispatcher" daemon [_thread_blocked, id=2584]
  0x02ddb248 JavaThread "Finalizer" daemon [_thread_blocked, id=1900]
  0x02dd9e10 JavaThread "Reference Handler" daemon [_thread_blocked, id=1440]
  0x003ab080 JavaThread "main" [_thread_in_native, id=3100]

Other Threads:
  0x003afe50 VMThread [id=900]
  0x02de2598 WatcherThread [id=1808]

VM state:not at safepoint (normal execution)

VM Mutex/Monitor currently owned by a thread: None

Heap
 def new generation   total 14912K, used 5598K [0x05f80000, 0x06fa0000, 0x07780000)
  eden space 13312K,  41% used [0x05f80000, 0x064e77e0, 0x06c80000)
  from space 1600K,   4% used [0x06e10000, 0x06e20318, 0x06fa0000)
  to   space 1600K,   0% used [0x06c80000, 0x06c80000, 0x06e10000)
 tenured generation   total 49152K, used 29092K [0x07780000, 0x0a780000, 0x0bf80000)
   the space 49152K,  59% used [0x07780000, 0x093e9068, 0x093e9200, 0x0a780000)
 compacting perm gen  total 20992K, used 20805K [0x0bf80000, 0x0d400000, 0x0df80000)
   the space 20992K,  99% used [0x0bf80000, 0x0d3d17f8, 0x0d3d1800, 0x0d400000)
No shared spaces configured.

Dynamic libraries:
0x00400000 - 0x0051d000 	C:\Programme\MATLAB\R2006b\bin\win32\MATLAB.exe
0x7c910000 - 0x7c9c7000 	C:\WINDOWS\system32\ntdll.dll
0x7c800000 - 0x7c907000 	C:\WINDOWS\system32\kernel32.dll
0x78440000 - 0x784fd000 	C:\Programme\MATLAB\R2006b\bin\win32\libut.dll
0x78100000 - 0x781aa000 	C:\Programme\MATLAB\R2006b\bin\win32\icuin32.dll
0x781f0000 - 0x78284000 	C:\Programme\MATLAB\R2006b\bin\win32\icuuc32.dll
0x77da0000 - 0x77e4a000 	C:\WINDOWS\system32\ADVAPI32.dll
0x77e50000 - 0x77ee1000 	C:\WINDOWS\system32\RPCRT4.dll
0x10000000 - 0x10005000 	C:\Programme\MATLAB\R2006b\bin\win32\icudt32.dll
0x7c340000 - 0x7c396000 	C:\Programme\MATLAB\R2006b\bin\win32\MSVCR71.dll
0x781b0000 - 0x781bb000 	C:\Programme\MATLAB\R2006b\bin\win32\icuio32.dll
0x7c3a0000 - 0x7c41b000 	C:\Programme\MATLAB\R2006b\bin\win32\MSVCP71.dll
0x76c50000 - 0x76c78000 	C:\WINDOWS\system32\imagehlp.dll
0x77be0000 - 0x77c38000 	C:\WINDOWS\system32\msvcrt.dll
0x7e360000 - 0x7e3f0000 	C:\WINDOWS\system32\USER32.dll
0x77ef0000 - 0x77f37000 	C:\WINDOWS\system32\GDI32.dll
0x774b0000 - 0x775ed000 	C:\WINDOWS\system32\ole32.dll
0x770f0000 - 0x7717b000 	C:\WINDOWS\system32\OLEAUT32.dll
0x78df0000 - 0x78fff000 	C:\Programme\MATLAB\R2006b\bin\win32\libmwservices.dll
0x76350000 - 0x7639a000 	C:\WINDOWS\system32\comdlg32.dll
0x77f40000 - 0x77fb6000 	C:\WINDOWS\system32\SHLWAPI.dll
0x5d450000 - 0x5d4ea000 	C:\WINDOWS\system32\COMCTL32.dll
0x7e670000 - 0x7ee91000 	C:\WINDOWS\system32\SHELL32.dll
0x78590000 - 0x785aa000 	C:\Programme\MATLAB\R2006b\bin\win32\mpath.dll
0x78500000 - 0x7854a000 	C:\Programme\MATLAB\R2006b\bin\win32\libmx.dll
0x78430000 - 0x7843e000 	C:\Programme\MATLAB\R2006b\bin\win32\libz.dll
0x00220000 - 0x0027f000 	C:\Programme\MATLAB\R2006b\bin\win32\libmwmathutil.dll
0x597d0000 - 0x59824000 	C:\WINDOWS\system32\NETAPI32.dll
0x71a10000 - 0x71a27000 	C:\WINDOWS\system32\WS2_32.dll
0x71a00000 - 0x71a08000 	C:\WINDOWS\system32\WS2HELP.dll
0x78550000 - 0x7855f000 	C:\Programme\MATLAB\R2006b\bin\win32\libmex.dll
0x78580000 - 0x7858e000 	C:\Programme\MATLAB\R2006b\bin\win32\mvalue.dll
0x786f0000 - 0x78751000 	C:\Programme\MATLAB\R2006b\bin\win32\m_dispatcher.dll
0x78290000 - 0x78430000 	C:\Programme\MATLAB\R2006b\bin\win32\xerces-c_2_6.dll
0x78dd0000 - 0x78de6000 	C:\Programme\MATLAB\R2006b\bin\win32\datasvcs.dll
0x78560000 - 0x7857d000 	C:\Programme\MATLAB\R2006b\bin\win32\libmat.dll
0x00280000 - 0x00347000 	C:\Programme\MATLAB\R2006b\bin\win32\libhdf5.dll
0x79430000 - 0x7945c000 	C:\Programme\MATLAB\R2006b\bin\win32\mcr.dll
0x79d00000 - 0x79d10000 	C:\Programme\MATLAB\R2006b\bin\win32\mwoles05.dll
0x78760000 - 0x78b77000 	C:\Programme\MATLAB\R2006b\bin\win32\m_interpreter.dll
0x78d70000 - 0x78d86000 	C:\Programme\MATLAB\R2006b\bin\win32\m_pcodegen.dll
0x78d30000 - 0x78d64000 	C:\Programme\MATLAB\R2006b\bin\win32\m_ir.dll
0x78d90000 - 0x78da4000 	C:\Programme\MATLAB\R2006b\bin\win32\m_pcodeio.dll
0x78b80000 - 0x78d24000 	C:\Programme\MATLAB\R2006b\bin\win32\m_parser.dll
0x78db0000 - 0x78dbd000 	C:\Programme\MATLAB\R2006b\bin\win32\ir_xfmr.dll
0x785b0000 - 0x78660000 	C:\Programme\MATLAB\R2006b\bin\win32\mcos.dll
0x00350000 - 0x0037d000 	C:\Programme\MATLAB\R2006b\bin\win32\profiler.dll
0x79db0000 - 0x79dec000 	C:\Programme\MATLAB\R2006b\bin\win32\comcli.dll
0x79d70000 - 0x79da3000 	C:\Programme\MATLAB\R2006b\bin\win32\jmi.dll
0x79e40000 - 0x79e5e000 	C:\Programme\MATLAB\R2006b\bin\win32\bridge.dll
0x78660000 - 0x786e4000 	C:\Programme\MATLAB\R2006b\bin\win32\udd.dll
0x79100000 - 0x79179000 	C:\Programme\MATLAB\R2006b\bin\win32\uiw.dll
0x791b0000 - 0x791b9000 	C:\Programme\MATLAB\R2006b\bin\win32\uinone.dll
0x79400000 - 0x7942b000 	C:\Programme\MATLAB\R2006b\bin\win32\libmwhardcopy.dll
0x791c0000 - 0x7926a000 	C:\Programme\MATLAB\R2006b\bin\win32\libmwgui.dll
0x79180000 - 0x791a8000 	C:\Programme\MATLAB\R2006b\bin\win32\libuij.dll
0x7c140000 - 0x7c243000 	C:\Programme\MATLAB\R2006b\bin\win32\MFC71.DLL
0x72f70000 - 0x72f96000 	C:\WINDOWS\system32\WINSPOOL.DRV
0x7c120000 - 0x7c139000 	C:\Programme\MATLAB\R2006b\bin\win32\ATL71.DLL
0x79df0000 - 0x79df9000 	C:\Programme\MATLAB\R2006b\bin\win32\mlautoregister.dll
0x79d10000 - 0x79d65000 	C:\Programme\MATLAB\R2006b\bin\win32\udd_mi.dll
0x79270000 - 0x793c9000 	C:\Programme\MATLAB\R2006b\bin\win32\hg.dll
0x79460000 - 0x795e7000 	C:\Programme\MATLAB\R2006b\bin\win32\numerics.dll
0x79bf0000 - 0x79bf7000 	C:\Programme\MATLAB\R2006b\bin\win32\libmwamd.dll
0x79c00000 - 0x79c5a000 	C:\Programme\MATLAB\R2006b\bin\win32\libmwcholmod.dll
0x79c60000 - 0x79c67000 	C:\Programme\MATLAB\R2006b\bin\win32\libmwcolamd.dll
0x795f0000 - 0x79613000 	C:\Programme\MATLAB\R2006b\bin\win32\libmwlapack.dll
0x79650000 - 0x796d6000 	C:\Programme\MATLAB\R2006b\bin\win32\libfftw3.dll
0x796e0000 - 0x7975f000 	C:\Programme\MATLAB\R2006b\bin\win32\libfftw3f.dll
0x79c70000 - 0x79cf4000 	C:\Programme\MATLAB\R2006b\bin\win32\libmwumfpack.dll
0x76330000 - 0x7634d000 	C:\WINDOWS\system32\IMM32.DLL
0x773a0000 - 0x774a3000 	C:\WINDOWS\WinSxS\x86_Microsoft.Windows.Common-Controls_6595b64144ccf1df_6.0.2600.2982_x-ww_ac3f9c03\comctl32.dll
0x7c300000 - 0x7c310000 	C:\Programme\MATLAB\R2006b\bin\win32\MFC71DEU.DLL
0x79620000 - 0x79648000 	C:\Programme\MATLAB\R2006b\bin\win32\mkl.dll
0x79760000 - 0x79be2000 	C:\Programme\MATLAB\R2006b\bin\win32\lapack.dll
0x01f30000 - 0x01fda000 	C:\Programme\MATLAB\R2006b\bin\win32\libifcoremd.dll
0x01fe0000 - 0x02210000 	C:\Programme\MATLAB\R2006b\bin\win32\libmmd.dll
0x741f0000 - 0x741f4000 	C:\WINDOWS\system32\icmp.Dll
0x76d20000 - 0x76d39000 	C:\WINDOWS\system32\iphlpapi.dll
0x63000000 - 0x63014000 	C:\WINDOWS\system32\SynTPFcs.dll
0x77bd0000 - 0x77bd8000 	C:\WINDOWS\system32\VERSION.dll
0x746a0000 - 0x746eb000 	C:\WINDOWS\system32\MSCTF.dll
0x6d640000 - 0x6d7c5000 	C:\Programme\MATLAB\R2006b\sys\java\jre\win32\jre1.5.0\bin\client\jvm.dll
0x76af0000 - 0x76b1e000 	C:\WINDOWS\system32\WINMM.dll
0x75250000 - 0x7527e000 	C:\WINDOWS\system32\msctfime.ime
0x6d280000 - 0x6d288000 	C:\Programme\MATLAB\R2006b\sys\java\jre\win32\jre1.5.0\bin\hpi.dll
0x76bb0000 - 0x76bbb000 	C:\WINDOWS\system32\PSAPI.DLL
0x6d610000 - 0x6d61c000 	C:\Programme\MATLAB\R2006b\sys\java\jre\win32\jre1.5.0\bin\verify.dll
0x6d300000 - 0x6d31d000 	C:\Programme\MATLAB\R2006b\sys\java\jre\win32\jre1.5.0\bin\java.dll
0x6d630000 - 0x6d63f000 	C:\Programme\MATLAB\R2006b\sys\java\jre\win32\jre1.5.0\bin\zip.dll
0x6d000000 - 0x6d166000 	C:\Programme\MATLAB\R2006b\sys\java\jre\win32\jre1.5.0\bin\awt.dll
0x02d10000 - 0x02d1f000 	C:\Programme\MATLAB\R2006b\bin\win32\nativejava.dll
0x032a0000 - 0x032bd000 	C:\Programme\MATLAB\R2006b\bin\win32\nativejmi.dll
0x03340000 - 0x03345000 	C:\Programme\MATLAB\R2006b\bin\win32\nativeservices.dll
0x6d240000 - 0x6d27d000 	C:\Programme\MATLAB\R2006b\sys\java\jre\win32\jre1.5.0\bin\fontmanager.dll
0x6d4c0000 - 0x6d4d3000 	C:\Programme\MATLAB\R2006b\sys\java\jre\win32\jre1.5.0\bin\net.dll
0x6d4e0000 - 0x6d4e9000 	C:\Programme\MATLAB\R2006b\sys\java\jre\win32\jre1.5.0\bin\nio.dll
0x7ae80000 - 0x7ae89000 	C:\Programme\MATLAB\R2006b\bin\win32\nativelex.dll
0x0e950000 - 0x0e95d000 	C:\Programme\MATLAB\R2006b\bin\win32\nativemlint.dll
0x0e960000 - 0x0e98b000 	C:\Programme\MATLAB\R2006b\bin\win32\mwmlint.dll
0x5e5c0000 - 0x5e5e3000 	C:\WINDOWS\System32\spool\DRIVERS\W32X86\3\PS5UI.DLL
0x79000000 - 0x790f6000 	C:\Programme\MATLAB\R2006b\bin\win32\libmwbuiltins.dll
0x0fd50000 - 0x0fda4000 	C:\Programme\MATLAB\R2006b\bin\win32\xmlcore.dll
0x6d1c0000 - 0x6d1e3000 	C:\Programme\MATLAB\R2006b\sys\java\jre\win32\jre1.5.0\bin\dcpr.dll
0x10470000 - 0x10475000 	C:\Programme\MATLAB\R2006b\toolbox\matlab\timefun\datenummx.mexw32
0x0e6b0000 - 0x0e6b6000 	C:\Programme\MATLAB\R2006b\toolbox\matlab\timefun\private\dtstr2dtnummx.mexw32
0x0e6c0000 - 0x0e6c5000 	C:\Programme\MATLAB\R2006b\toolbox\matlab\timefun\datevecmx.mexw32
0x0e6f0000 - 0x0e6f7000 	C:\Programme\MATLAB\R2006b\toolbox\matlab\timefun\private\dtstr2dtvecmx.mexw32
0x778f0000 - 0x779e4000 	C:\WINDOWS\system32\SETUPAPI.dll
0x77b10000 - 0x77b32000 	C:\WINDOWS\system32\appHelp.dll
0x76f90000 - 0x7700f000 	C:\WINDOWS\system32\CLBCATQ.DLL
0x77010000 - 0x770e3000 	C:\WINDOWS\system32\COMRes.dll
0x779f0000 - 0x77a46000 	C:\WINDOWS\System32\cscui.dll
0x765a0000 - 0x765bd000 	C:\WINDOWS\System32\CSCDLL.dll
0x20000000 - 0x202d9000 	C:\WINDOWS\system32\xpsp2res.dll
0x5b0f0000 - 0x5b128000 	C:\WINDOWS\system32\UxTheme.dll
0x77730000 - 0x778a0000 	C:\WINDOWS\System32\shdocvw.dll
0x77a50000 - 0x77ae5000 	C:\WINDOWS\system32\CRYPT32.dll
0x77af0000 - 0x77b02000 	C:\WINDOWS\system32\MSASN1.dll
0x76880000 - 0x76905000 	C:\WINDOWS\system32\CRYPTUI.dll
0x76bf0000 - 0x76c1e000 	C:\WINDOWS\system32\WINTRUST.dll
0x441e0000 - 0x442af000 	C:\WINDOWS\system32\WININET.dll
0x0e9e0000 - 0x0e9e9000 	C:\WINDOWS\system32\Normaliz.dll
0x43f60000 - 0x43fa5000 	C:\WINDOWS\system32\iertutil.dll
0x76f20000 - 0x76f4d000 	C:\WINDOWS\system32\WLDAP32.dll
0x77fc0000 - 0x77fd1000 	C:\WINDOWS\system32\Secur32.dll
0x75f20000 - 0x7601d000 	C:\WINDOWS\System32\browseui.dll
0x76930000 - 0x76938000 	C:\WINDOWS\system32\LINKINFO.dll

VM Arguments:
jvm_args: -Xss512k -XX:PermSize=16M -Xms64m -XX:NewRatio=3 -XX:MaxPermSize=32M -Xmx96m -Dsun.java2d.noddraw=true -Dsun.awt.nopixfmt=true -Xshare:off -Djava.library.path=C:\Programme\MATLAB\R2006b\bin\win32 vfprintf abort
java_command: <unknown>

Environment Variables:
PATH=C:\Programme\MiKTeX 2.6\miktex\bin;c:\texmf\miktex\bin;C:\WINDOWS\system32;C:\WINDOWS;C:\WINDOWS\system32\wbem;c:\programme\ati technologies\ati control panel;C:\Programme\Hummingbird\Connectivity\11.00\Accessories\;;c:\visualizer\source;c:\programme\microsoft sql server\90\tools\binn\;C:\Programme\MATLAB\R2006b\bin;C:\Programme\MATLAB\R2006b\bin\win32;
USERNAME=Ortwin
OS=Windows_NT
PROCESSOR_IDENTIFIER=x86 Family 6 Model 13 Stepping 6, GenuineIntel


---------------  S Y S T E M  ---------------

OS: Windows XP Build 2600 Service Pack 2

CPU:total 1 family 6, cmov, cx8, fxsr, mmx, sse, sse2

Memory: 4k page, physical 1047024k(432904k free), swap 2519060k(2091348k free)

vm_info: Java HotSpot(TM) Client VM (1.5.0-b64) for windows-x86, built on Sep 15 2004 03:00:31 by "java_re" with MS VC++ 6.0

