#
# An unexpected error has been detected by Java Runtime Environment:
#
#  EXCEPTION_ACCESS_VIOLATION (0xc0000005) at pc=0x0000080000000000, pid=3860, tid=1908
#
# Java VM: Java HotSpot(TM) 64-Bit Server VM (1.6.0-b105 mixed mode)
# Problematic frame:
# C  0x0000080000000000
#
# If you would like to submit a bug report, please visit:
#   http://java.sun.com/webapps/bugreport/crash.jsp
#

---------------  T H R E A D  ---------------

Current thread (0x000000000447e800):  JavaThread "main" [_thread_in_native, id=1908]

siginfo: ExceptionCode=0xc0000005, ExceptionInformation=0x0000000000000008 0x0000080000000000

Registers:
EAX=0x00000000089e9220, EBX=0x00000000ffffffff, ECX=0x00000000089e1e20, EDX=0x000000002d585b50
ESP=0x00000000010294b8, EBP=0x0000000000000001, ESI=0x0000000001dc6648, EDI=0x0000000001dc6652
EIP=0x0000080000000000, EFLAGS=0x0000000000010206

Top of Stack: (sp=0x00000000010294b8)
0x00000000010294b8:   0000000001eda573 00000001800e4ac0
0x00000000010294c8:   0000000000000080 0000000001dc6652
0x00000000010294d8:   0000000001dc6648 0000000000000000
0x00000000010294e8:   0000000001dbe170 00000000ffffffff
0x00000000010294f8:   0000000000000002 0000000000000001
0x0000000001029508:   000000018000d7a0 000000003186fc00
0x0000000001029518:   0000000008c2c101 0000000008c2c170
0x0000000001029528:   0000000008c2c130 fffffffffffffffe
0x0000000001029538:   000000000d00000d 00000000318aca80
0x0000000001029548:   00000000047a0000 00000000318aca70
0x0000000001029558:   000000004e00014f 0000000008c2c170
0x0000000001029568:   000000018008479f 0000000000000000
0x0000000001029578:   0000000004480080 00000000317dcfe0
0x0000000001029588:   00000000047a0000 000000018009ceb8
0x0000000001029598:   000000018002f9cd 00000000047a0000
0x00000000010295a8:   0000000001aac593 0000000008c2c170 

Instructions: (pc=0x0000080000000000)
0x000007fffffffff0:   
[error occurred during error reporting, step 100, id 0xc0000005]

Stack: [0x0000000000030000,0x0000000001030000),  sp=0x00000000010294b8,  free space=16357k
Native frames: (J=compiled Java code, j=interpreted, Vv=VM code, C=native code)
C  0x0000080000000000

Java frames: (J=compiled Java code, j=interpreted, Vv=VM code)
j  com.mathworks.jmi.NativeMatlab.SendMatlabMessage(Ljava/lang/Object;)Ljava/lang/Object;+0
j  com.mathworks.jmi.NativeMatlab.sendMatlabMessage(Ljava/lang/Object;)Ljava/lang/Object;+22
j  com.mathworks.jmi.MatlabLooper.sendMatlabMessage(Lcom/mathworks/services/message/MWMessage;)Ljava/lang/Object;+20
j  com.mathworks.jmi.Matlab.mtFevalConsoleOutput(Ljava/lang/String;[Ljava/lang/Object;I)Ljava/lang/Object;+58
j  com.mathworks.mde.desk.MLDesktop$5.run()V+14
j  com.mathworks.jmi.NativeMatlab.dispatchMTRequests(Z)V+50
v  ~StubRoutines::call_stub

---------------  P R O C E S S  ---------------

Java Threads: ( => current thread )
  0x000000002ccc0400 JavaThread "Timer queue for AWT thread" daemon [_thread_blocked, id=2988]
  0x000000002ccbe000 JavaThread "Timer queue for AWT thread" daemon [_thread_blocked, id=3808]
  0x000000002ccbf000 JavaThread "Prefs Updater" [_thread_blocked, id=2336]
  0x000000002c86dc00 JavaThread "Active Reference Queue Daemon" daemon [_thread_blocked, id=312]
  0x000000002c86d400 JavaThread "Timer-3" daemon [_thread_blocked, id=284]
  0x000000002c86c000 JavaThread "Timer-2" daemon [_thread_blocked, id=1020]
  0x0000000011662000 JavaThread "TimerQueue" daemon [_thread_blocked, id=1264]
  0x000000001138c800 JavaThread "AWT-EventQueue-0" [_thread_blocked, id=3896]
  0x000000001138c400 JavaThread "AWT-Shutdown" [_thread_blocked, id=3964]
  0x000000000fd6b800 JavaThread "AWT-Windows" daemon [_thread_in_native, id=2300]
  0x000000000f809400 JavaThread "Java2D Disposer" daemon [_thread_blocked, id=2480]
  0x000000000fa29800 JavaThread "Timer-0" [_thread_blocked, id=2484]
  0x000000000f833400 JavaThread "Low Memory Detector" daemon [_thread_blocked, id=1372]
  0x000000000f830c00 JavaThread "CompilerThread1" daemon [_thread_blocked, id=3956]
  0x000000000f81a000 JavaThread "CompilerThread0" daemon [_thread_blocked, id=4092]
  0x000000000f819400 JavaThread "Attach Listener" daemon [_thread_blocked, id=3144]
  0x000000000f7fc000 JavaThread "Finalizer" daemon [_thread_blocked, id=3928]
  0x000000000f7fb400 JavaThread "Reference Handler" daemon [_thread_blocked, id=3020]
=>0x000000000447e800 JavaThread "main" [_thread_in_native, id=1908]

Other Threads:
  0x000000000f7f6c00 VMThread [id=3912]
  0x000000000f838c00 WatcherThread [id=832]

VM state:not at safepoint (normal execution)

VM Mutex/Monitor currently owned by a thread: None

Heap
 PSYoungGen      total 34368K, used 21053K [0x00000000265a0000, 0x0000000029400000, 0x00000000296a0000)
  eden space 22400K, 62% used [0x00000000265a0000,0x0000000027345d28,0x0000000027b80000)
  from space 11968K, 59% used [0x0000000028850000,0x0000000028f39708,0x0000000029400000)
  to   space 12544K, 0% used [0x0000000027b80000,0x0000000027b80000,0x00000000287c0000)
 PSOldGen        total 78144K, used 55614K [0x000000001d2a0000, 0x0000000021ef0000, 0x00000000265a0000)
  object space 78144K, 71% used [0x000000001d2a0000,0x00000000208ef9b0,0x0000000021ef0000)
 PSPermGen       total 78720K, used 47426K [0x00000000152a0000, 0x0000000019f80000, 0x000000001d2a0000)
  object space 78720K, 60% used [0x00000000152a0000,0x00000000180f0a60,0x0000000019f80000)

Dynamic libraries:
0x0000000140000000 - 0x0000000140138000 	C:\Program Files\MATLAB\R2008a\bin\win64\MATLAB.exe
0x0000000077a30000 - 0x0000000077baa000 	C:\Windows\system32\ntdll.dll
0x0000000077820000 - 0x0000000077951000 	C:\Windows\system32\kernel32.dll
0x0000000180000000 - 0x0000000180401000 	C:\Program Files\MATLAB\R2008a\bin\win64\libut.dll
0x000007feff940000 - 0x000007feff957000 	C:\Windows\system32\imagehlp.dll
0x000007feffb70000 - 0x000007feffc11000 	C:\Windows\system32\msvcrt.dll
0x000007fefe0f0000 - 0x000007fefe0f8000 	C:\Windows\system32\PSAPI.DLL
0x0000000001050000 - 0x0000000001078000 	C:\Program Files\MATLAB\R2008a\bin\win64\LIBEXPAT.dll
0x00000000748c0000 - 0x0000000074989000 	C:\Windows\WinSxS\amd64_microsoft.vc80.crt_1fc8b3b9a1e18e3b_8.0.50727.762_none_c905be8887838ff2\MSVCR80.dll
0x000000004a800000 - 0x000000004a917000 	C:\Program Files\MATLAB\R2008a\bin\win64\icuuc36.dll
0x000007fefede0000 - 0x000007fefeedf000 	C:\Windows\system32\ADVAPI32.dll
0x000007feff750000 - 0x000007feff889000 	C:\Windows\system32\RPCRT4.dll
0x00000000010a0000 - 0x00000000010a3000 	C:\Program Files\MATLAB\R2008a\bin\win64\icudt36.dll
0x000000004ab00000 - 0x000000004ab0f000 	C:\Program Files\MATLAB\R2008a\bin\win64\icuio36.dll
0x0000000001980000 - 0x0000000001a86000 	C:\Program Files\MATLAB\R2008a\bin\win64\icuin36.dll
0x00000000747b0000 - 0x00000000748b9000 	C:\Windows\WinSxS\amd64_microsoft.vc80.crt_1fc8b3b9a1e18e3b_8.0.50727.762_none_c905be8887838ff2\MSVCP80.dll
0x0000000077960000 - 0x0000000077a2a000 	C:\Windows\system32\USER32.dll
0x000007feff8a0000 - 0x000007feff901000 	C:\Windows\system32\GDI32.dll
0x0000000001a90000 - 0x0000000001c04000 	C:\Program Files\MATLAB\R2008a\bin\win64\libmwservices.dll
0x00000000010f0000 - 0x0000000001160000 	C:\Program Files\MATLAB\R2008a\bin\win64\libmx.dll
0x0000000001c10000 - 0x0000000001c27000 	C:\Program Files\MATLAB\R2008a\bin\win64\zlib1.dll
0x0000000001c30000 - 0x0000000001cd8000 	C:\Program Files\MATLAB\R2008a\bin\win64\libmwmathutil.dll
0x0000000001ce0000 - 0x0000000001d35000 	C:\Program Files\MATLAB\R2008a\bin\win64\mpath.dll
0x0000000001d50000 - 0x0000000001d71000 	C:\Program Files\MATLAB\R2008a\bin\win64\mlutil.dll
0x000007fefb8c0000 - 0x000007fefb95f000 	C:\Windows\WinSxS\amd64_microsoft.windows.common-controls_6595b64144ccf1df_5.82.6000.16386_none_40339432230aebeb\COMCTL32.dll
0x000007feff170000 - 0x000007feff1fe000 	C:\Windows\system32\comdlg32.dll
0x000007feff260000 - 0x000007feff2d1000 	C:\Windows\system32\SHLWAPI.dll
0x000007fefe1a0000 - 0x000007fefedd4000 	C:\Windows\system32\SHELL32.dll
0x000007fefdb60000 - 0x000007fefdbf9000 	C:\Windows\system32\NETAPI32.dll
0x000007feff0c0000 - 0x000007feff104000 	C:\Windows\system32\WS2_32.dll
0x000007feff890000 - 0x000007feff897000 	C:\Windows\system32\NSI.dll
0x0000000001d90000 - 0x0000000001de5000 	C:\Program Files\MATLAB\R2008a\bin\win64\mcr.dll
0x0000000001e00000 - 0x0000000001e25000 	C:\Program Files\MATLAB\R2008a\bin\win64\iqm.dll
0x0000000001e40000 - 0x0000000001e61000 	C:\Program Files\MATLAB\R2008a\bin\win64\bridge.dll
0x0000000001e80000 - 0x0000000001e91000 	C:\Program Files\MATLAB\R2008a\bin\win64\libmex.dll
0x0000000001eb0000 - 0x0000000001f3c000 	C:\Program Files\MATLAB\R2008a\bin\win64\m_dispatcher.dll
0x0000000001f50000 - 0x0000000001f75000 	C:\Program Files\MATLAB\R2008a\bin\win64\datasvcs.dll
0x0000000012000000 - 0x0000000012295000 	C:\Program Files\MATLAB\R2008a\bin\win64\xerces-c_2_7.dll
0x0000000001fa0000 - 0x0000000002831000 	C:\Program Files\MATLAB\R2008a\bin\win64\m_interpreter.dll
0x0000000002850000 - 0x0000000002881000 	C:\Program Files\MATLAB\R2008a\bin\win64\libmat.dll
0x00000000028a0000 - 0x00000000029a5000 	C:\Program Files\MATLAB\R2008a\bin\win64\libhdf5.dll
0x00000000029b0000 - 0x0000000002a1f000 	C:\Program Files\MATLAB\R2008a\bin\win64\profiler.dll
0x0000000002a30000 - 0x0000000002a3a000 	C:\Program Files\MATLAB\R2008a\bin\win64\libmwmathrng.dll
0x0000000002a50000 - 0x0000000002a6a000 	C:\Program Files\MATLAB\R2008a\bin\win64\m_pcodeio.dll
0x0000000002a80000 - 0x0000000002aca000 	C:\Program Files\MATLAB\R2008a\bin\win64\m_ir.dll
0x0000000002ae0000 - 0x000000000309b000 	C:\Program Files\MATLAB\R2008a\bin\win64\m_parser.dll
0x00000000030b0000 - 0x00000000030c2000 	C:\Program Files\MATLAB\R2008a\bin\win64\ir_xfmr.dll
0x00000000030e0000 - 0x00000000032fb000 	C:\Program Files\MATLAB\R2008a\bin\win64\mcos.dll
0x0000000003310000 - 0x000000000331c000 	C:\Program Files\MATLAB\R2008a\bin\win64\mtok.dll
0x0000000003330000 - 0x0000000003350000 	C:\Program Files\MATLAB\R2008a\bin\win64\m_pcodegen.dll
0x000007fef9c80000 - 0x000007fef9d98000 	C:\Windows\system32\dbghelp.dll
0x0000000003360000 - 0x0000000003370000 	C:\Program Files\MATLAB\R2008a\bin\win64\boost_thread-vc80-mt-1_34_1.dll
0x0000000003380000 - 0x0000000003440000 	C:\Program Files\MATLAB\R2008a\bin\win64\udd.dll
0x0000000003450000 - 0x0000000003592000 	C:\Program Files\MATLAB\R2008a\bin\win64\libmwgui.dll
0x00000000035b0000 - 0x00000000037ea000 	C:\Program Files\MATLAB\R2008a\bin\win64\hg.dll
0x0000000003800000 - 0x0000000003856000 	C:\Program Files\MATLAB\R2008a\bin\win64\jmi.dll
0x0000000003870000 - 0x00000000038ae000 	C:\Program Files\MATLAB\R2008a\bin\win64\libmwhardcopy.dll
0x00000000038c0000 - 0x000000000391c000 	C:\Program Files\MATLAB\R2008a\bin\win64\libuij.dll
0x0000000003930000 - 0x0000000003bbc000 	C:\Program Files\MATLAB\R2008a\bin\win64\numerics.dll
0x0000000003bd0000 - 0x0000000003bdc000 	C:\Program Files\MATLAB\R2008a\bin\win64\libmwblas.dll
0x0000000003bf0000 - 0x0000000003bff000 	C:\Program Files\MATLAB\R2008a\bin\win64\libmwbinder.dll
0x0000000003c10000 - 0x0000000003c34000 	C:\Program Files\MATLAB\R2008a\bin\win64\libmwlapack.dll
0x0000000003c50000 - 0x0000000003c5b000 	C:\Program Files\MATLAB\R2008a\bin\win64\libmwfftw.dll
0x0000000003c70000 - 0x0000000003ca5000 	C:\Program Files\MATLAB\R2008a\bin\win64\libmwrookfastbp.dll
0x0000000003cc0000 - 0x0000000003cee000 	C:\Program Files\MATLAB\R2008a\bin\win64\libmwma57.dll
0x0000000010000000 - 0x00000000100d3000 	C:\Program Files\MATLAB\R2008a\bin\win64\libifcoremd.dll
0x0000000003d00000 - 0x0000000003f1d000 	C:\Program Files\MATLAB\R2008a\bin\win64\libmmd.dll
0x0000000003f20000 - 0x0000000003f29000 	C:\Program Files\MATLAB\R2008a\bin\win64\libmwcsparse.dll
0x0000000003f40000 - 0x000000000400a000 	C:\Program Files\MATLAB\R2008a\bin\win64\libmwumfpack.dll
0x0000000004020000 - 0x000000000402d000 	C:\Program Files\MATLAB\R2008a\bin\win64\libmwamd.dll
0x0000000004040000 - 0x00000000040d2000 	C:\Program Files\MATLAB\R2008a\bin\win64\libmwcholmod.dll
0x00000000040f0000 - 0x00000000040fc000 	C:\Program Files\MATLAB\R2008a\bin\win64\libmwcolamd.dll
0x0000000004110000 - 0x00000000041c9000 	C:\Program Files\MATLAB\R2008a\bin\win64\uiw.dll
0x00000000041e0000 - 0x00000000041ea000 	C:\Program Files\MATLAB\R2008a\bin\win64\uinone.dll
0x0000000073620000 - 0x00000000737bb000 	C:\Windows\WinSxS\amd64_microsoft.vc80.mfc_1fc8b3b9a1e18e3b_8.0.50727.762_none_c46a533c8a667ee7\MFC80.DLL
0x000007fef90e0000 - 0x000007fef9137000 	C:\Windows\system32\WINSPOOL.DRV
0x000007fefeee0000 - 0x000007feff0c0000 	C:\Windows\system32\ole32.dll
0x000007feff4c0000 - 0x000007feff598000 	C:\Windows\system32\OLEAUT32.dll
0x0000000004200000 - 0x0000000004290000 	C:\Program Files\MATLAB\R2008a\bin\win64\udd_mi.dll
0x00000000042a0000 - 0x00000000042b8000 	C:\Program Files\MATLAB\R2008a\bin\win64\mwoles05.DLL
0x00000000042d0000 - 0x0000000004339000 	C:\Program Files\MATLAB\R2008a\bin\win64\comcli.dll
0x0000000075d00000 - 0x0000000075d1f000 	C:\Windows\WinSxS\amd64_microsoft.vc80.atl_1fc8b3b9a1e18e3b_8.0.50727.762_none_ca3f79d486b08636\ATL80.DLL
0x0000000004350000 - 0x000000000435e000 	C:\Program Files\MATLAB\R2008a\bin\win64\mlautoregister.dll
0x000007feff910000 - 0x000007feff938000 	C:\Windows\system32\IMM32.DLL
0x000007feff640000 - 0x000007feff744000 	C:\Windows\system32\MSCTF.dll
0x000007feffc20000 - 0x000007feffc2c000 	C:\Windows\system32\LPK.DLL
0x000007feffad0000 - 0x000007feffb6a000 	C:\Windows\system32\USP10.dll
0x000007fefcaa0000 - 0x000007fefcc90000 	C:\Windows\WinSxS\amd64_microsoft.windows.common-controls_6595b64144ccf1df_6.0.6000.16386_none_1559f1c6f365a7fa\comctl32.dll
0x0000000007710000 - 0x00000000080de000 	C:\Program Files\MATLAB\R2008a\bin\win64\mkl.dll
0x00000000046f0000 - 0x000000000473b000 	C:\Program Files\MATLAB\R2008a\bin\win64\libguide40.dll
0x0000000004740000 - 0x0000000004748000 	C:\Program Files\MATLAB\R2008a\bin\win64\mklcompat.dll
0x00000000080e0000 - 0x0000000008687000 	C:\Program Files\MATLAB\R2008a\bin\win64\mllapack.dll
0x0000000007100000 - 0x00000000071a3000 	C:\Program Files\MATLAB\R2008a\bin\win64\libfftw3.dll
0x00000000071b0000 - 0x000000000729e000 	C:\Program Files\MATLAB\R2008a\bin\win64\libfftw3f.dll
0x0000000075d20000 - 0x0000000075d2d000 	C:\Windows\WinSxS\amd64_microsoft.vc80.mfcloc_1fc8b3b9a1e18e3b_8.0.50727.762_none_fc42961a63b5a82b\MFC80ENU.DLL
0x000007feff5a0000 - 0x000007feff63c000 	C:\Windows\system32\CLBCatQ.DLL
0x000007feff2e0000 - 0x000007feff4bf000 	C:\Windows\system32\SETUPAPI.dll
0x0000000075d30000 - 0x0000000075d34000 	C:\Windows\system32\icmp.Dll
0x000007fefd900000 - 0x000007fefd923000 	C:\Windows\system32\iphlpapi.dll
0x000007fefd8b0000 - 0x000007fefd8f6000 	C:\Windows\system32\dhcpcsvc.DLL
0x000007fefdf30000 - 0x000007fefdf68000 	C:\Windows\system32\DNSAPI.dll
0x000007fefdff0000 - 0x000007fefe00b000 	C:\Windows\system32\Secur32.dll
0x000007fefd8a0000 - 0x000007fefd8aa000 	C:\Windows\system32\WINNSI.DLL
0x000007fefd870000 - 0x000007fefd899000 	C:\Windows\system32\dhcpcsvc6.DLL
0x000007fefd590000 - 0x000007fefd5e0000 	C:\Windows\System32\mswsock.dll
0x000007fefb430000 - 0x000007fefb43b000 	C:\Windows\System32\winrnr.dll
0x000007feff200000 - 0x000007feff255000 	C:\Windows\system32\WLDAP32.dll
0x000007fefc2a0000 - 0x000007fefc2b3000 	C:\Windows\system32\NLAapi.dll
0x000007fefb280000 - 0x000007fefb293000 	C:\Windows\system32\napinsp.dll
0x000007fefb260000 - 0x000007fefb277000 	C:\Windows\system32\pnrpnsp.dll
0x000007fefb5f0000 - 0x000007fefb5f7000 	C:\Windows\system32\rasadhlp.dll
0x000007fefd0b0000 - 0x000007fefd0b7000 	C:\Windows\system32\wshtcpip.dll
0x000000000d210000 - 0x000000000d761000 	C:\Program Files\MATLAB\R2008a\sys\java\jre\win64\jre1.6.0\bin\server\jvm.dll
0x000007fefc7f0000 - 0x000007fefc82a000 	C:\Windows\system32\WINMM.dll
0x000007fefc7a0000 - 0x000007fefc7f0000 	C:\Windows\system32\OLEACC.dll
0x0000000006f30000 - 0x0000000006f3a000 	C:\Program Files\MATLAB\R2008a\sys\java\jre\win64\jre1.6.0\bin\hpi.dll
0x0000000006f50000 - 0x0000000006f5e000 	C:\Program Files\MATLAB\R2008a\sys\java\jre\win64\jre1.6.0\bin\verify.dll
0x0000000006f90000 - 0x0000000006fb7000 	C:\Program Files\MATLAB\R2008a\sys\java\jre\win64\jre1.6.0\bin\java.dll
0x0000000006f60000 - 0x0000000006f72000 	C:\Program Files\MATLAB\R2008a\sys\java\jre\win64\jre1.6.0\bin\zip.dll
0x0000000006fd0000 - 0x0000000006fe6000 	C:\Program Files\MATLAB\R2008a\bin\win64\nativejava.dll
0x00000000074e0000 - 0x00000000074f6000 	C:\Program Files\MATLAB\R2008a\bin\win64\nativejmi.dll
0x0000000007500000 - 0x0000000007507000 	C:\Program Files\MATLAB\R2008a\bin\win64\nativeservices.dll
0x00000000118e0000 - 0x0000000011b30000 	C:\Program Files\MATLAB\R2008a\sys\java\jre\win64\jre1.6.0\bin\awt.dll
0x000000000ff20000 - 0x000000000ff89000 	C:\Program Files\MATLAB\R2008a\sys\java\jre\win64\jre1.6.0\bin\fontmanager.dll
0x00000000088a0000 - 0x00000000088b7000 	C:\Program Files\MATLAB\R2008a\sys\java\jre\win64\jre1.6.0\bin\net.dll
0x000007fefd650000 - 0x000007fefd657000 	C:\Windows\System32\wship6.dll
0x0000000008f50000 - 0x0000000008f5b000 	C:\Program Files\MATLAB\R2008a\sys\java\jre\win64\jre1.6.0\bin\nio.dll
0x0000000011e60000 - 0x0000000011e67000 	C:\Program Files\MATLAB\R2008a\bin\win64\nativelmgr.dll

VM Arguments:
jvm_args: -Xss512k -XX:PermSize=32M -Xms64m -XX:NewRatio=3 -XX:MaxPermSize=128M -Xmx196m -XX:MaxDirectMemorySize=2147400000 -Dsun.java2d.noddraw=true -Dsun.awt.nopixfmt=true -Xshare:off -Xrs -Djava.library.path=C:\Program Files\MATLAB\R2008a\bin\win64 vfprintf abort
java_command: <unknown>
Launcher Type: generic

Environment Variables:
CLASSPATH=.;C:\Program Files (x86)\Java\jre1.6.0_03\lib\ext\QTJava.zip
PATH=C:\Program Files\Intel\MKL\9.1.027\em64t\bin;C:\Program Files (x86)\MiKTeX 2.6\miktex\bin;C:\Windows\system32;C:\Windows;C:\Windows\system32\wbem;c:\program files (x86)\microsoft sql server\90\tools\binn\;C:\Program Files\MATLAB\R2008a\bin;C:\Program Files\MATLAB\R2008a\bin\win64;C:\Program Files\MATLAB\R2007b\bin;C:\Program Files\MATLAB\R2007b\bin\win64;C:\Program Files\MATLAB\R2007a\bin;C:\Program Files\MATLAB\R2007a\bin\win64;C:\Program Files\Hummingbird\Connectivity\11.00\Accessories\;;C:\work\bin;C:\Program Files (x86)\QuickTime\QTSystem\;C:\Program Files (x86)\IDM Computer Solutions\UltraEdit-32
USERNAME=Ortwin
OS=Windows_NT
PROCESSOR_IDENTIFIER=AMD64 Family 15 Model 67 Stepping 2, AuthenticAMD



---------------  S Y S T E M  ---------------

OS: Windows Vista Build 6000 

CPU:total 2 amd64 3dnow ht

Memory: 4k page, physical 4193024k(1936476k free), swap 8542056k(6778244k free)

vm_info: Java HotSpot(TM) 64-Bit Server VM (1.6.0-b105) for windows-amd64, built on Nov 29 2006 00:38:01 by "java_re" with unknown MS VC++:1400

