Units settings: 

  Dimensions: mm
  Frequency:  GHz
  Time:       ns

--------------------------------------------------------------------------------
Boundary conditions: 

  YZsymmetry: none
  XZsymmetry: none
  XYsymmetry: none

  Xmin: magnetic
  Xmax: magnetic

  Ymin: magnetic
  Ymax: magnetic

  Zmin: electric
  Zmax: magnetic

--------------------------------------------------------------------------------
  Mesh time                :	2 s

--------------------------------------------------------------------------------

================================================================================
Frequency Domain Solver calculation cycle started

--------------------------------------------------------------------------------
Build version: 2009.7 Release from 2009-06-16 (change 101271)
Solver module: Frequency Domain: S-Parameter (Win 64)

--------------------------------------------------------------------------------
  Calculation 1 of 1 (Frequency: 10 GHz)

--------------------------------------------------------------------------------
  ----------------------------------------------------------------------------
  Port   Mode   Type        Z-Wave        Z-Wave-Sigma  Z-Line        F-Cutoff
  1      1      QTEM        170           18            46.8          ---
  ----------------------------------------------------------------------------

--------------------------------------------------------------------------------
  ----------------------------------------------------------------------------
  Port   Mode   Type        Z-Wave        Z-Wave-Sigma  Z-Line        F-Cutoff
  2      1      QTEM        175           22.5          46.8          ---
  ----------------------------------------------------------------------------

--------------------------------------------------------------------------------
Adaptive mesh refinement pass 1

--------------------------------------------------------------------------------
  Matrix setup time        :	1 s
  Degrees of freedom       :	40676

  Stimulation port         :	1
  Mode number              :	1
  Accuracy                 :	5.89898e-005
  Iterations               :	40
  Solver time              :	1 s

--------------------------------------------------------------------------------
Adaptive mesh refinement pass 2

--------------------------------------------------------------------------------
  Solver setup             :	1 s

  Stimulation port         :	1
  Mode number              :	1
  Accuracy                 :	7.76223e-005
  Iterations               :	32
  Solver time              :	1 s

--------------------------------------------------------------------------------
The wavelength based mesh refinement has been applied to 0.2% of all
tetrahedrons.

--------------------------------------------------------------------------------
Adaptive mesh refinement pass 3

--------------------------------------------------------------------------------
  Matrix setup time        :	1 s
  Degrees of freedom       :	46956

  Stimulation port         :	1
  Mode number              :	1
  Accuracy                 :	6.88832e-005
  Iterations               :	32
  Solver time              :	1 s

--------------------------------------------------------------------------------
The wavelength based mesh refinement has been applied to 0.1% of all
tetrahedrons.

--------------------------------------------------------------------------------
Adaptive mesh refinement pass 4

--------------------------------------------------------------------------------
  Solver setup             :	1 s

  Stimulation port         :	1
  Mode number              :	1
  Accuracy                 :	9.93285e-005
  Iterations               :	32
  Solver time              :	1 s

--------------------------------------------------------------------------------
Adaptive mesh refinement pass 5

--------------------------------------------------------------------------------
  Matrix setup time        :	1 s
  Degrees of freedom       :	62590

  Stimulation port         :	1
  Mode number              :	1
  Accuracy                 :	8.81787e-005
  Iterations               :	32
  Solver time              :	1 s

--------------------------------------------------------------------------------
Adaptive mesh refinement pass 6

--------------------------------------------------------------------------------
  Matrix setup time        :	1 s
  Solver setup             :	1 s
  Degrees of freedom       :	76130

  Stimulation port         :	1
  Mode number              :	1
  Accuracy                 :	9.58281e-005
  Iterations               :	22
  Solver time              :	1 s

--------------------------------------------------------------------------------
Adaptive mesh refinement pass 7

--------------------------------------------------------------------------------
  Matrix setup time        :	1 s
  Solver setup             :	1 s
  Degrees of freedom       :	89462

  Stimulation port         :	1
  Mode number              :	1
  Accuracy                 :	9.38872e-005
  Iterations               :	23
  Solver time              :	1 s

--------------------------------------------------------------------------------
Adaptive mesh refinement pass 8

--------------------------------------------------------------------------------
  Matrix setup time        :	1 s
  Solver setup             :	1 s
  Degrees of freedom       :	102720

  Stimulation port         :	1
  Mode number              :	1
  Accuracy                 :	8.94226e-005
  Iterations               :	20
  Solver time              :	1 s

--------------------------------------------------------------------------------
Mesh adaptation terminated because the desired accuracy limit is reached.

--------------------------------------------------------------------------------
  Total time               :	70 s	 (= 0 h, 01 m, 10 s)

--------------------------------------------------------------------------------

--------------------------------------------------------------------------------
  Calculation 2 (Frequency: 0.01 GHz)

--------------------------------------------------------------------------------
  ----------------------------------------------------------------------------
  Port   Mode   Type        Z-Wave        Z-Wave-Sigma  Z-Line        F-Cutoff
  1      1      TEM         171           16.8          48.7          0.0
  ----------------------------------------------------------------------------

--------------------------------------------------------------------------------
  ----------------------------------------------------------------------------
  Port   Mode   Type        Z-Wave        Z-Wave-Sigma  Z-Line        F-Cutoff
  2      1      TEM         177           20.8          48.7          0.0
  ----------------------------------------------------------------------------

--------------------------------------------------------------------------------
  Matrix setup time        :	1 s
  Degrees of freedom       :	102720

  Stimulation port         :	1
  Mode number              :	1
  Accuracy                 :	9.58114e-005
  Iterations               :	18
  Solver time              :	2 s

--------------------------------------------------------------------------------
  Total time               :	7 s

--------------------------------------------------------------------------------

--------------------------------------------------------------------------------
  Calculation 3 (Frequency: 5.005 GHz)

--------------------------------------------------------------------------------
  ----------------------------------------------------------------------------
  Port   Mode   Type        Z-Wave        Z-Wave-Sigma  Z-Line        F-Cutoff
  1      1      QTEM        171           17.2          47.8          ---
  ----------------------------------------------------------------------------

--------------------------------------------------------------------------------
  ----------------------------------------------------------------------------
  Port   Mode   Type        Z-Wave        Z-Wave-Sigma  Z-Line        F-Cutoff
  2      1      QTEM        176           21.3          47.9          ---
  ----------------------------------------------------------------------------

--------------------------------------------------------------------------------
  Matrix setup time        :	2 s
  Degrees of freedom       :	102720

  Stimulation port         :	1
  Mode number              :	1
  Accuracy                 :	9.16422e-005
  Iterations               :	22
  Solver time              :	2 s

--------------------------------------------------------------------------------
  Total time               :	5 s

--------------------------------------------------------------------------------

--------------------------------------------------------------------------------
  Calculation 4 (Frequency: 7.5025 GHz)

--------------------------------------------------------------------------------
  ----------------------------------------------------------------------------
  Port   Mode   Type        Z-Wave        Z-Wave-Sigma  Z-Line        F-Cutoff
  1      1      QTEM        170           17.6          47.3          ---
  ----------------------------------------------------------------------------

--------------------------------------------------------------------------------
  ----------------------------------------------------------------------------
  Port   Mode   Type        Z-Wave        Z-Wave-Sigma  Z-Line        F-Cutoff
  2      1      QTEM        175           21.8          47.3          ---
  ----------------------------------------------------------------------------

--------------------------------------------------------------------------------
  Matrix setup time        :	1 s
  Degrees of freedom       :	102720

  Stimulation port         :	1
  Mode number              :	1
  Accuracy                 :	8.25286e-005
  Iterations               :	21
  Solver time              :	2 s

--------------------------------------------------------------------------------
  Total time               :	5 s

--------------------------------------------------------------------------------

--------------------------------------------------------------------------------
  Calculation 5 (Frequency: 3.14686 GHz)

--------------------------------------------------------------------------------
  ----------------------------------------------------------------------------
  Port   Mode   Type        Z-Wave        Z-Wave-Sigma  Z-Line        F-Cutoff
  1      1      QTEM        171           16.9          48.3          ---
  ----------------------------------------------------------------------------

--------------------------------------------------------------------------------
  ----------------------------------------------------------------------------
  Port   Mode   Type        Z-Wave        Z-Wave-Sigma  Z-Line        F-Cutoff
  2      1      QTEM        177           21            48.3          ---
  ----------------------------------------------------------------------------

--------------------------------------------------------------------------------
  Matrix setup time        :	1 s
  Solver setup             :	1 s
  Degrees of freedom       :	102720

  Stimulation port         :	1
  Mode number              :	1
  Accuracy                 :	6.14342e-005
  Iterations               :	25
  Solver time              :	1 s

--------------------------------------------------------------------------------
  Total time               :	5 s

--------------------------------------------------------------------------------

--------------------------------------------------------------------------------
  Calculation 6 (Frequency: 9.77023 GHz)

--------------------------------------------------------------------------------
  ----------------------------------------------------------------------------
  Port   Mode   Type        Z-Wave        Z-Wave-Sigma  Z-Line        F-Cutoff
  1      1      QTEM        170           18            46.8          ---
  ----------------------------------------------------------------------------

--------------------------------------------------------------------------------
  ----------------------------------------------------------------------------
  Port   Mode   Type        Z-Wave        Z-Wave-Sigma  Z-Line        F-Cutoff
  2      1      QTEM        174           22.5          46.8          ---
  ----------------------------------------------------------------------------

--------------------------------------------------------------------------------
  Matrix setup time        :	1 s
  Solver setup             :	1 s
  Degrees of freedom       :	102720

  Stimulation port         :	1
  Mode number              :	1
  Accuracy                 :	6.62032e-005
  Iterations               :	15
  Solver time              :	1 s

--------------------------------------------------------------------------------
  Total time               :	5 s

--------------------------------------------------------------------------------

--------------------------------------------------------------------------------
  Calculation 7 (Frequency: 1.8082 GHz)

--------------------------------------------------------------------------------
  ----------------------------------------------------------------------------
  Port   Mode   Type        Z-Wave        Z-Wave-Sigma  Z-Line        F-Cutoff
  1      1      QTEM        171           16.9          48.5          ---
  ----------------------------------------------------------------------------

--------------------------------------------------------------------------------
  ----------------------------------------------------------------------------
  Port   Mode   Type        Z-Wave        Z-Wave-Sigma  Z-Line        F-Cutoff
  2      1      QTEM        177           20.8          48.5          ---
  ----------------------------------------------------------------------------

--------------------------------------------------------------------------------
  Matrix setup time        :	1 s
  Solver setup             :	1 s
  Degrees of freedom       :	102720

  Stimulation port         :	1
  Mode number              :	1
  Accuracy                 :	8.19655e-005
  Iterations               :	21
  Solver time              :	1 s

--------------------------------------------------------------------------------
  Total time               :	5 s

--------------------------------------------------------------------------------

--------------------------------------------------------------------------------
  Calculation 8 (Frequency: 4.4056 GHz)

--------------------------------------------------------------------------------
  ----------------------------------------------------------------------------
  Port   Mode   Type        Z-Wave        Z-Wave-Sigma  Z-Line        F-Cutoff
  1      1      QTEM        171           17.1          48            ---
  ----------------------------------------------------------------------------

--------------------------------------------------------------------------------
  ----------------------------------------------------------------------------
  Port   Mode   Type        Z-Wave        Z-Wave-Sigma  Z-Line        F-Cutoff
  2      1      QTEM        176           21.3          48            ---
  ----------------------------------------------------------------------------

--------------------------------------------------------------------------------
  Matrix setup time        :	1 s
  Solver setup             :	1 s
  Degrees of freedom       :	102720

  Stimulation port         :	1
  Mode number              :	1
  Accuracy                 :	7.70036e-005
  Iterations               :	16
  Solver time              :	1 s

--------------------------------------------------------------------------------
  Total time               :	5 s

--------------------------------------------------------------------------------

--------------------------------------------------------------------------------
  Calculation 9 (Frequency: 0.49951 GHz)

--------------------------------------------------------------------------------
  ----------------------------------------------------------------------------
  Port   Mode   Type        Z-Wave        Z-Wave-Sigma  Z-Line        F-Cutoff
  1      1      TEM         171           16.8          48.7          0.0
  ----------------------------------------------------------------------------

--------------------------------------------------------------------------------
  ----------------------------------------------------------------------------
  Port   Mode   Type        Z-Wave        Z-Wave-Sigma  Z-Line        F-Cutoff
  2      1      TEM         177           20.9          48.7          0.0
  ----------------------------------------------------------------------------

--------------------------------------------------------------------------------
  Matrix setup time        :	1 s
  Solver setup             :	1 s
  Degrees of freedom       :	102720

  Stimulation port         :	1
  Mode number              :	1
  Accuracy                 :	8.15107e-005
  Iterations               :	19
  Solver time              :	2 s

--------------------------------------------------------------------------------
  Total time               :	6 s

--------------------------------------------------------------------------------

--------------------------------------------------------------------------------
  Calculation 10 (Frequency: 2.77723 GHz)

--------------------------------------------------------------------------------
  ----------------------------------------------------------------------------
  Port   Mode   Type        Z-Wave        Z-Wave-Sigma  Z-Line        F-Cutoff
  1      1      QTEM        171           16.9          48.4          ---
  ----------------------------------------------------------------------------

--------------------------------------------------------------------------------
  ----------------------------------------------------------------------------
  Port   Mode   Type        Z-Wave        Z-Wave-Sigma  Z-Line        F-Cutoff
  2      1      QTEM        177           21            48.4          ---
  ----------------------------------------------------------------------------

--------------------------------------------------------------------------------
  Matrix setup time        :	1 s
  Solver setup             :	2 s
  Degrees of freedom       :	102720

  Stimulation port         :	1
  Mode number              :	1
  Accuracy                 :	4.95067e-005
  Iterations               :	15
  Solver time              :	1 s

--------------------------------------------------------------------------------
  Total time               :	5 s

--------------------------------------------------------------------------------

--------------------------------------------------------------------------------
  Calculation 11 (Frequency: 5.43457 GHz)

--------------------------------------------------------------------------------
  ----------------------------------------------------------------------------
  Port   Mode   Type        Z-Wave        Z-Wave-Sigma  Z-Line        F-Cutoff
  1      1      QTEM        171           17.2          47.7          ---
  ----------------------------------------------------------------------------

--------------------------------------------------------------------------------
  ----------------------------------------------------------------------------
  Port   Mode   Type        Z-Wave        Z-Wave-Sigma  Z-Line        F-Cutoff
  2      1      QTEM        176           21.4          47.7          ---
  ----------------------------------------------------------------------------

--------------------------------------------------------------------------------
  Matrix setup time        :	1 s
  Solver setup             :	1 s
  Degrees of freedom       :	102720

  Stimulation port         :	1
  Mode number              :	1
  Accuracy                 :	4.84057e-005
  Iterations               :	12
  Solver time              :	1 s

--------------------------------------------------------------------------------
  Total time               :	5 s

--------------------------------------------------------------------------------

--------------------------------------------------------------------------------
  Calculation 12 (Frequency: 3.47653 GHz)

--------------------------------------------------------------------------------
  ----------------------------------------------------------------------------
  Port   Mode   Type        Z-Wave        Z-Wave-Sigma  Z-Line        F-Cutoff
  1      1      QTEM        171           17            48.2          ---
  ----------------------------------------------------------------------------

--------------------------------------------------------------------------------
  ----------------------------------------------------------------------------
  Port   Mode   Type        Z-Wave        Z-Wave-Sigma  Z-Line        F-Cutoff
  2      1      QTEM        176           21.1          48.2          ---
  ----------------------------------------------------------------------------

--------------------------------------------------------------------------------
  Matrix setup time        :	1 s
  Solver setup             :	1 s
  Degrees of freedom       :	102720

  Stimulation port         :	1
  Mode number              :	1
  Accuracy                 :	5.64646e-005
  Iterations               :	10
  Solver time              :	1 s

--------------------------------------------------------------------------------
  Total time               :	5 s

--------------------------------------------------------------------------------

--------------------------------------------------------------------------------
  Calculation 13 (Frequency: 5.97403 GHz)

--------------------------------------------------------------------------------
  ----------------------------------------------------------------------------
  Port   Mode   Type        Z-Wave        Z-Wave-Sigma  Z-Line        F-Cutoff
  1      1      QTEM        171           17.3          47.6          ---
  ----------------------------------------------------------------------------

--------------------------------------------------------------------------------
  ----------------------------------------------------------------------------
  Port   Mode   Type        Z-Wave        Z-Wave-Sigma  Z-Line        F-Cutoff
  2      1      QTEM        176           21.5          47.6          ---
  ----------------------------------------------------------------------------

--------------------------------------------------------------------------------
  Matrix setup time        :	1 s
  Solver setup             :	1 s
  Degrees of freedom       :	102720

  Stimulation port         :	1
  Mode number              :	1
  Accuracy                 :	8.78849e-005
  Iterations               :	17
  Solver time              :	2 s

--------------------------------------------------------------------------------
  Total time               :	6 s

--------------------------------------------------------------------------------

--------------------------------------------------------------------------------
  Calculation 14 (Frequency: 8.74126 GHz)

--------------------------------------------------------------------------------
  ----------------------------------------------------------------------------
  Port   Mode   Type        Z-Wave        Z-Wave-Sigma  Z-Line        F-Cutoff
  1      1      QTEM        170           17.8          47            ---
  ----------------------------------------------------------------------------

--------------------------------------------------------------------------------
  ----------------------------------------------------------------------------
  Port   Mode   Type        Z-Wave        Z-Wave-Sigma  Z-Line        F-Cutoff
  2      1      QTEM        175           22.1          47            ---
  ----------------------------------------------------------------------------

--------------------------------------------------------------------------------
  Matrix setup time        :	1 s
  Solver setup             :	2 s
  Degrees of freedom       :	102720

  Stimulation port         :	1
  Mode number              :	1
  Accuracy                 :	8.44428e-005
  Iterations               :	22
  Solver time              :	1 s

--------------------------------------------------------------------------------
  Total time               :	5 s

--------------------------------------------------------------------------------

--------------------------------------------------------------------------------
  Calculation 15 (Frequency: 6.55345 GHz)

--------------------------------------------------------------------------------
  ----------------------------------------------------------------------------
  Port   Mode   Type        Z-Wave        Z-Wave-Sigma  Z-Line        F-Cutoff
  1      1      QTEM        171           17.4          47.5          ---
  ----------------------------------------------------------------------------

--------------------------------------------------------------------------------
  ----------------------------------------------------------------------------
  Port   Mode   Type        Z-Wave        Z-Wave-Sigma  Z-Line        F-Cutoff
  2      1      QTEM        176           21.6          47.5          ---
  ----------------------------------------------------------------------------

--------------------------------------------------------------------------------
  Matrix setup time        :	1 s
  Solver setup             :	2 s
  Degrees of freedom       :	102720

  Stimulation port         :	1
  Mode number              :	1
  Accuracy                 :	4.02401e-005
  Iterations               :	15
  Solver time              :	1 s

--------------------------------------------------------------------------------
  Total time               :	6 s

--------------------------------------------------------------------------------

--------------------------------------------------------------------------------
  Calculation 16 (Frequency: 8.95105 GHz)

--------------------------------------------------------------------------------
  ----------------------------------------------------------------------------
  Port   Mode   Type        Z-Wave        Z-Wave-Sigma  Z-Line        F-Cutoff
  1      1      QTEM        170           17.8          47            ---
  ----------------------------------------------------------------------------

--------------------------------------------------------------------------------
  ----------------------------------------------------------------------------
  Port   Mode   Type        Z-Wave        Z-Wave-Sigma  Z-Line        F-Cutoff
  2      1      QTEM        175           22.2          47            ---
  ----------------------------------------------------------------------------

--------------------------------------------------------------------------------
  Matrix setup time        :	2 s
  Solver setup             :	1 s
  Degrees of freedom       :	102720

  Stimulation port         :	1
  Mode number              :	1
  Accuracy                 :	5.62945e-005
  Iterations               :	15
  Solver time              :	1 s

--------------------------------------------------------------------------------
  Total time               :	5 s

--------------------------------------------------------------------------------

--------------------------------------------------------------------------------
  Calculation 17 (Frequency: 0.13987 GHz)

--------------------------------------------------------------------------------
  ----------------------------------------------------------------------------
  Port   Mode   Type        Z-Wave        Z-Wave-Sigma  Z-Line        F-Cutoff
  1      1      TEM         171           16.8          48.7          0.0
  ----------------------------------------------------------------------------

--------------------------------------------------------------------------------
  ----------------------------------------------------------------------------
  Port   Mode   Type        Z-Wave        Z-Wave-Sigma  Z-Line        F-Cutoff
  2      1      TEM         177           20.9          48.7          0.0
  ----------------------------------------------------------------------------

--------------------------------------------------------------------------------
  Matrix setup time        :	2 s
  Solver setup             :	1 s
  Degrees of freedom       :	102720

  Stimulation port         :	1
  Mode number              :	1
  Accuracy                 :	7.45195e-005
  Iterations               :	8
  Solver time              :	1 s

--------------------------------------------------------------------------------
  Total time               :	6 s

--------------------------------------------------------------------------------

--------------------------------------------------------------------------------
  Calculation 18 (Frequency: 3.06694 GHz)

--------------------------------------------------------------------------------
  ----------------------------------------------------------------------------
  Port   Mode   Type        Z-Wave        Z-Wave-Sigma  Z-Line        F-Cutoff
  1      1      QTEM        171           16.9          48.3          ---
  ----------------------------------------------------------------------------

--------------------------------------------------------------------------------
  ----------------------------------------------------------------------------
  Port   Mode   Type        Z-Wave        Z-Wave-Sigma  Z-Line        F-Cutoff
  2      1      QTEM        177           21            48.3          ---
  ----------------------------------------------------------------------------

--------------------------------------------------------------------------------
  Matrix setup time        :	1 s
  Solver setup             :	2 s
  Degrees of freedom       :	102720

  Stimulation port         :	1
  Mode number              :	1
  Accuracy                 :	3.67659e-005
  Iterations               :	5
  Solver time              :	0 s

--------------------------------------------------------------------------------
  Total time               :	5 s

--------------------------------------------------------------------------------

--------------------------------------------------------------------------------
  Calculation 19 (Frequency: 9.24076 GHz)

--------------------------------------------------------------------------------
  ----------------------------------------------------------------------------
  Port   Mode   Type        Z-Wave        Z-Wave-Sigma  Z-Line        F-Cutoff
  1      1      QTEM        170           17.9          46.9          ---
  ----------------------------------------------------------------------------

--------------------------------------------------------------------------------
  ----------------------------------------------------------------------------
  Port   Mode   Type        Z-Wave        Z-Wave-Sigma  Z-Line        F-Cutoff
  2      1      QTEM        175           22.3          46.9          ---
  ----------------------------------------------------------------------------

--------------------------------------------------------------------------------
  Matrix setup time        :	1 s
  Solver setup             :	2 s
  Degrees of freedom       :	102720

  Stimulation port         :	1
  Mode number              :	1
  Accuracy                 :	4.65462e-005
  Iterations               :	5
  Solver time              :	0 s

--------------------------------------------------------------------------------
  Saving results           :	1 s

  Total time               :	6 s

--------------------------------------------------------------------------------

--------------------------------------------------------------------------------
  Calculation 20 (Frequency: 8.57143 GHz)

--------------------------------------------------------------------------------
  ----------------------------------------------------------------------------
  Port   Mode   Type        Z-Wave        Z-Wave-Sigma  Z-Line        F-Cutoff
  1      1      QTEM        170           17.8          47            ---
  ----------------------------------------------------------------------------

--------------------------------------------------------------------------------
  ----------------------------------------------------------------------------
  Port   Mode   Type        Z-Wave        Z-Wave-Sigma  Z-Line        F-Cutoff
  2      1      QTEM        175           22.1          47            ---
  ----------------------------------------------------------------------------

--------------------------------------------------------------------------------
  Matrix setup time        :	1 s
  Solver setup             :	2 s
  Degrees of freedom       :	102720

  Stimulation port         :	1
  Mode number              :	1
  Accuracy                 :	9.16184e-005
  Iterations               :	5
  Solver time              :	1 s

--------------------------------------------------------------------------------
  Total time               :	5 s

--------------------------------------------------------------------------------

--------------------------------------------------------------------------------
  Calculation 21 (Frequency: 8.82118 GHz)

--------------------------------------------------------------------------------
  ----------------------------------------------------------------------------
  Port   Mode   Type        Z-Wave        Z-Wave-Sigma  Z-Line        F-Cutoff
  1      1      QTEM        170           17.8          47            ---
  ----------------------------------------------------------------------------

--------------------------------------------------------------------------------
  ----------------------------------------------------------------------------
  Port   Mode   Type        Z-Wave        Z-Wave-Sigma  Z-Line        F-Cutoff
  2      1      QTEM        175           22.2          47            ---
  ----------------------------------------------------------------------------

--------------------------------------------------------------------------------
  Matrix setup time        :	2 s
  Solver setup             :	2 s
  Degrees of freedom       :	102720

  Stimulation port         :	1
  Mode number              :	1
  Accuracy                 :	4.68598e-005
  Iterations               :	5
  Solver time              :	0 s

--------------------------------------------------------------------------------
  Total time               :	5 s

--------------------------------------------------------------------------------

--------------------------------------------------------------------------------
  Calculation 22 (Frequency: 1.04896 GHz)

--------------------------------------------------------------------------------
  ----------------------------------------------------------------------------
  Port   Mode   Type        Z-Wave        Z-Wave-Sigma  Z-Line        F-Cutoff
  1      1      TEM         171           16.8          48.6          0.0
  ----------------------------------------------------------------------------

--------------------------------------------------------------------------------
  ----------------------------------------------------------------------------
  Port   Mode   Type        Z-Wave        Z-Wave-Sigma  Z-Line        F-Cutoff
  2      1      TEM         177           20.8          48.6          0.0
  ----------------------------------------------------------------------------

--------------------------------------------------------------------------------
  Matrix setup time        :	1 s
  Solver setup             :	2 s
  Degrees of freedom       :	102720

  Stimulation port         :	1
  Mode number              :	1
  Accuracy                 :	2.20005e-005
  Iterations               :	5
  Solver time              :	0 s

--------------------------------------------------------------------------------
  Total time               :	5 s

--------------------------------------------------------------------------------

--------------------------------------------------------------------------------
The S-parameter convergence criterion has been satisfied after
calculating 22 frequency samples:

  S-parameter error threshold value : 0.01
  Number of error criterion checks  : 2
  Minimum number of samples         : 3
  S-parameters considered for sweep : All

--------------------------------------------------------------------------------
  Total Solver Time        :	184 s	 (= 0 h, 03 m, 04 s)
================================================================================


--------------------------------------------------------------------------------
  ----------------------------------------------------------------------------
                      Peak memory used (kB)         Free physical memory (kB) 
                      Physical     Virtual          At begin     Minimum      
  ----------------------------------------------------------------------------
  Solver start        10900        94948            5311912      5311688      
  Eq. system setup    139268       273140           5296752      5164852      
  Eq. system solve    203712       339964           5276092      5096740      
  Mesh refinement     93272        215212           5269592      5188748      
  Solver run total    203712       339964           5311932      5096740      
  ----------------------------------------------------------------------------

--------------------------------------------------------------------------------
