#
# An unexpected error has been detected by Java Runtime Environment:
#
#  EXCEPTION_ACCESS_VIOLATION (0xc0000005) at pc=0x000000000fb05110, pid=296, tid=5108
#
# Java VM: Java HotSpot(TM) 64-Bit Server VM (1.6.0-b105 mixed mode)
# Problematic frame:
# C  [awt.dll+0x185110]
#
# If you would like to submit a bug report, please visit:
#   http://java.sun.com/webapps/bugreport/crash.jsp
#

---------------  T H R E A D  ---------------

Current thread (0x000000000f56f000):  JavaThread "AWT-EventQueue-0" [_thread_in_native, id=5108]

siginfo: ExceptionCode=0xc0000005, reading address 0xffffffffffffffff

Registers:
EAX=0x8000b108724c0a60, EBX=0x0000000000000001, ECX=0x0000000030e4cb70, EDX=0x0000000030e4cb80
ESP=0x0000000011b7e650, EBP=0x0000000011302380, ESI=0x000000000f56f190, EDI=0x0000000000000000
EIP=0x000000000fb05110, EFLAGS=0x0000000000010202

Top of Stack: (sp=0x0000000011b7e650)
0x0000000011b7e650:   000000000f56f000 0000000000000000
0x0000000011b7e660:   0000000011b7e7a0 0000000015e17768
0x0000000011b7e670:   0000000000000001 000000000fb06dd3
0x0000000011b7e680:   0000000000000001 0000000011302380
0x0000000011b7e690:   000000000f56f190 0000000000000000
0x0000000011b7e6a0:   00000000113651e0 0000000016ac96c8
0x0000000011b7e6b0:   0000000000000004 00000000152cd810
0x0000000011b7e6c0:   0000000000000000 0000000000000000
0x0000000011b7e6d0:   0000000000000001 0000000000000102
0x0000000011b7e6e0:   00000000122a308e 0000000000000001
0x0000000011b7e6f0:   0000000011b7e778 00000000122afc24
0x0000000011b7e700:   0000000000000000 000000002720ec00
0x0000000011b7e710:   0000000000000000 0000000015e17768
0x0000000011b7e720:   0000000000000001 0000000000000000
0x0000000011b7e730:   0000000011b7e720 0000000011b7e738
0x0000000011b7e740:   0000000000000000 0000000011b7e7a0 

Instructions: (pc=0x000000000fb05110)
0x000000000fb05100:   e8 5b 72 f9 ff 48 8b 0d 04 9a 08 00 48 8b 04 d8
0x000000000fb05110:   48 8b 58 30 e8 67 72 f9 ff 48 8b c3 48 83 c4 20 


Stack: [0x0000000011b00000,0x0000000011b80000),  sp=0x0000000011b7e650,  free space=505k
Native frames: (J=compiled Java code, j=interpreted, Vv=VM code, C=native code)
C  [awt.dll+0x185110]

Java frames: (J=compiled Java code, j=interpreted, Vv=VM code)
j  sun.awt.Win32GraphicsConfig.getBounds(I)Ljava/awt/Rectangle;+0
j  sun.awt.Win32GraphicsConfig.getBounds()Ljava/awt/Rectangle;+8
j  com.mathworks.mwswing.WindowUtils.getVirtualScreenBounds()Ljava/awt/Rectangle;+98
j  com.mathworks.mwswing.MJUtilities.getVirtualScreenBounds()Ljava/awt/Rectangle;+0
j  com.mathworks.mwswing.desk.DTSingleClientFrame.refineLocation(Lcom/mathworks/mwswing/desk/DTLocation;)Lcom/mathworks/mwswing/desk/DTFloatingLocation;+495
j  com.mathworks.mwswing.desk.DTSingleClientFrame.addClient(Lcom/mathworks/mwswing/desk/DTClient;Lcom/mathworks/mwswing/desk/DTLocation;)V+297
j  com.mathworks.mwswing.desk.Desktop.setClientShowing(Lcom/mathworks/mwswing/desk/DTClient;ZLcom/mathworks/mwswing/desk/DTLocation;ZZ)V+956
j  com.mathworks.mwswing.desk.Desktop.showClientHelper(Ljava/awt/Component;Lcom/mathworks/mwswing/desk/DTLocation;ZZ)V+49
j  com.mathworks.mwswing.desk.Desktop.showClient(Ljava/awt/Component;Lcom/mathworks/mwswing/desk/DTLocation;Z)V+13
j  com.mathworks.mde.desk.MLDesktop.showClient(Ljava/awt/Component;Lcom/mathworks/mwswing/desk/DTLocation;Z)V+31
j  com.mathworks.mde.help.HelpBrowser.doShowHelpBrowser(Z)V+36
j  com.mathworks.mde.help.HelpBrowser.showHelpBrowser(Z)V+7
j  com.mathworks.mde.help.HelpBrowser.invoke()V+1
j  com.mathworks.mde.help.HelpBrowserBridge.invoke()V+0
j  com.mathworks.mlservices.MLHelpServices.invoke()V+8
j  com.mathworks.mde.desk.MLDesktop$ShowHelpAction.actionPerformed(Ljava/awt/event/ActionEvent;)V+0
j  javax.swing.AbstractButton.fireActionPerformed(Ljava/awt/event/ActionEvent;)V+84
j  javax.swing.AbstractButton$Handler.actionPerformed(Ljava/awt/event/ActionEvent;)V+5
j  javax.swing.DefaultButtonModel.fireActionPerformed(Ljava/awt/event/ActionEvent;)V+35
j  javax.swing.DefaultButtonModel.setPressed(Z)V+117
j  javax.swing.plaf.basic.BasicButtonListener.mouseReleased(Ljava/awt/event/MouseEvent;)V+35
j  java.awt.AWTEventMulticaster.mouseReleased(Ljava/awt/event/MouseEvent;)V+21
j  java.awt.Component.processMouseEvent(Ljava/awt/event/MouseEvent;)V+64
j  javax.swing.JComponent.processMouseEvent(Ljava/awt/event/MouseEvent;)V+23
j  com.mathworks.mwswing.MJButton.processMouseEvent(Ljava/awt/event/MouseEvent;)V+37
j  java.awt.Component.processEvent(Ljava/awt/AWTEvent;)V+81
J  java.awt.Container.processEvent(Ljava/awt/AWTEvent;)V
J  java.awt.Component.dispatchEventImpl(Ljava/awt/AWTEvent;)V
J  java.awt.Container.dispatchEventImpl(Ljava/awt/AWTEvent;)V
J  java.awt.LightweightDispatcher.retargetMouseEvent(Ljava/awt/Component;ILjava/awt/event/MouseEvent;)V
J  java.awt.Container.dispatchEventImpl(Ljava/awt/AWTEvent;)V
j  java.awt.Window.dispatchEventImpl(Ljava/awt/AWTEvent;)V+19
J  java.awt.EventDispatchThread.pumpOneEventForFilters(I)Z
J  java.awt.EventDispatchThread.pumpEventsForFilter(ILjava/awt/Conditional;Ljava/awt/EventFilter;)V
j  java.awt.EventDispatchThread.pumpEventsForHierarchy(ILjava/awt/Conditional;Ljava/awt/Component;)V+11
j  java.awt.EventDispatchThread.pumpEvents(ILjava/awt/Conditional;)V+4
j  java.awt.EventDispatchThread.pumpEvents(Ljava/awt/Conditional;)V+3
j  java.awt.EventDispatchThread.run()V+9
v  ~StubRoutines::call_stub

---------------  P R O C E S S  ---------------

Java Threads: ( => current thread )
  0x000000001174dc00 JavaThread "Thread-1692" [_thread_blocked, id=4820]
  0x0000000011748c00 JavaThread "Thread-1691" [_thread_blocked, id=4532]
  0x0000000011748000 JavaThread "Thread-1690" [_thread_blocked, id=4792]
  0x000000001174b800 JavaThread "Thread-1689" [_thread_blocked, id=4208]
  0x000000001174d400 JavaThread "Thread-1688" [_thread_blocked, id=456]
  0x0000000011746800 JavaThread "Thread-1687" [_thread_blocked, id=4412]
  0x000000001174a800 JavaThread "Prefs Updater" [_thread_blocked, id=4948]
  0x000000001174c400 JavaThread "Timer-10" [_thread_blocked, id=3016]
  0x000000001174b000 JavaThread "Timer queue for AWT thread" daemon [_thread_blocked, id=3524]
  0x0000000011747800 JavaThread "Active Reference Queue Daemon" daemon [_thread_blocked, id=1184]
  0x0000000011747000 JavaThread "Timer-3" daemon [_thread_blocked, id=3576]
  0x0000000011746400 JavaThread "Timer-2" daemon [_thread_blocked, id=1432]
  0x000000001135ec00 JavaThread "TimerQueue" daemon [_thread_blocked, id=3616]
=>0x000000000f56f000 JavaThread "AWT-EventQueue-0" [_thread_in_native, id=5108]
  0x000000000f846000 JavaThread "AWT-Windows" daemon [_thread_in_native, id=3532]
  0x000000000f845800 JavaThread "AWT-Shutdown" [_thread_blocked, id=736]
  0x000000000f845000 JavaThread "Java2D Disposer" daemon [_thread_blocked, id=1932]
  0x000000000f1d8000 JavaThread "Timer-0" [_thread_blocked, id=4440]
  0x000000000f183800 JavaThread "Low Memory Detector" daemon [_thread_blocked, id=4448]
  0x000000000f17f000 JavaThread "CompilerThread1" daemon [_thread_blocked, id=3304]
  0x000000000f17a800 JavaThread "CompilerThread0" daemon [_thread_blocked, id=256]
  0x000000000f17a000 JavaThread "Attach Listener" daemon [_thread_blocked, id=5012]
  0x000000000f15c400 JavaThread "Finalizer" daemon [_thread_blocked, id=4320]
  0x000000000f15b800 JavaThread "Reference Handler" daemon [_thread_blocked, id=4964]
  0x000000000449ec00 JavaThread "main" [_thread_in_native, id=3800]

Other Threads:
  0x000000000f157400 VMThread [id=3608]
  0x000000000f1d3400 WatcherThread [id=5084]

VM state:not at safepoint (normal execution)

VM Mutex/Monitor currently owned by a thread: None

Heap
 PSYoungGen      total 19712K, used 14497K [0x00000000265a0000, 0x0000000028090000, 0x00000000296a0000)
  eden space 14144K, 90% used [0x00000000265a0000,0x0000000027219c08,0x0000000027370000)
  from space 5568K, 30% used [0x0000000027370000,0x000000002751e878,0x00000000278e0000)
  to   space 5376K, 0% used [0x0000000027b50000,0x0000000027b50000,0x0000000028090000)
 PSOldGen        total 108032K, used 84512K [0x000000001d2a0000, 0x0000000023c20000, 0x00000000265a0000)
  object space 108032K, 78% used [0x000000001d2a0000,0x0000000022528240,0x0000000023c20000)
 PSPermGen       total 100160K, used 55179K [0x00000000152a0000, 0x000000001b470000, 0x000000001d2a0000)
  object space 100160K, 55% used [0x00000000152a0000,0x0000000018882e70,0x000000001b470000)

Dynamic libraries:
0x0000000140000000 - 0x0000000140138000 	C:\Program Files\MATLAB\R2008a\bin\win64\MATLAB.exe
0x00000000773e0000 - 0x0000000077560000 	C:\Windows\system32\ntdll.dll
0x00000000772b0000 - 0x00000000773db000 	C:\Windows\system32\kernel32.dll
0x0000000180000000 - 0x0000000180401000 	C:\Program Files\MATLAB\R2008a\bin\win64\libut.dll
0x000007fefe970000 - 0x000007fefe987000 	C:\Windows\system32\imagehlp.dll
0x000007feff370000 - 0x000007feff40c000 	C:\Windows\system32\msvcrt.dll
0x0000000077560000 - 0x0000000077569000 	C:\Windows\system32\PSAPI.DLL
0x0000000001050000 - 0x0000000001078000 	C:\Program Files\MATLAB\R2008a\bin\win64\LIBEXPAT.dll
0x0000000074d60000 - 0x0000000074e29000 	C:\Windows\WinSxS\amd64_microsoft.vc80.crt_1fc8b3b9a1e18e3b_8.0.50727.1434_none_88de292b2fb06019\MSVCR80.dll
0x000000004a800000 - 0x000000004a917000 	C:\Program Files\MATLAB\R2008a\bin\win64\icuuc36.dll
0x000007fefeb40000 - 0x000007fefec48000 	C:\Windows\system32\ADVAPI32.dll
0x000007fefed40000 - 0x000007fefee7f000 	C:\Windows\system32\RPCRT4.dll
0x00000000018a0000 - 0x00000000018a3000 	C:\Program Files\MATLAB\R2008a\bin\win64\icudt36.dll
0x000000004ab00000 - 0x000000004ab0f000 	C:\Program Files\MATLAB\R2008a\bin\win64\icuio36.dll
0x00000000018d0000 - 0x00000000019d6000 	C:\Program Files\MATLAB\R2008a\bin\win64\icuin36.dll
0x0000000074c50000 - 0x0000000074d59000 	C:\Windows\WinSxS\amd64_microsoft.vc80.crt_1fc8b3b9a1e18e3b_8.0.50727.1434_none_88de292b2fb06019\MSVCP80.dll
0x00000000771e0000 - 0x00000000772ad000 	C:\Windows\system32\USER32.dll
0x000007feff670000 - 0x000007feff6d3000 	C:\Windows\system32\GDI32.dll
0x00000000019f0000 - 0x0000000001b64000 	C:\Program Files\MATLAB\R2008a\bin\win64\libmwservices.dll
0x0000000001b80000 - 0x0000000001bf0000 	C:\Program Files\MATLAB\R2008a\bin\win64\libmx.dll
0x0000000001c00000 - 0x0000000001c17000 	C:\Program Files\MATLAB\R2008a\bin\win64\zlib1.dll
0x0000000001c20000 - 0x0000000001cc8000 	C:\Program Files\MATLAB\R2008a\bin\win64\libmwmathutil.dll
0x0000000001ce0000 - 0x0000000001d35000 	C:\Program Files\MATLAB\R2008a\bin\win64\mpath.dll
0x0000000001d50000 - 0x0000000001d71000 	C:\Program Files\MATLAB\R2008a\bin\win64\mlutil.dll
0x000007fefa9c0000 - 0x000007fefaa60000 	C:\Windows\WinSxS\amd64_microsoft.windows.common-controls_6595b64144ccf1df_5.82.6001.18000_none_40ba501d3c2b20ff\COMCTL32.dll
0x000007feff580000 - 0x000007feff60c000 	C:\Windows\system32\comdlg32.dll
0x000007feff2f0000 - 0x000007feff363000 	C:\Windows\system32\SHLWAPI.dll
0x000007fefdb30000 - 0x000007fefe782000 	C:\Windows\system32\SHELL32.dll
0x000007fefd730000 - 0x000007fefd7d3000 	C:\Windows\system32\NETAPI32.dll
0x000007fefec50000 - 0x000007fefec94000 	C:\Windows\system32\WS2_32.dll
0x000007fefead0000 - 0x000007fefead7000 	C:\Windows\system32\NSI.dll
0x0000000001d90000 - 0x0000000001de5000 	C:\Program Files\MATLAB\R2008a\bin\win64\mcr.dll
0x0000000001e00000 - 0x0000000001e25000 	C:\Program Files\MATLAB\R2008a\bin\win64\iqm.dll
0x0000000001e40000 - 0x0000000001e61000 	C:\Program Files\MATLAB\R2008a\bin\win64\bridge.dll
0x0000000001e80000 - 0x0000000001e91000 	C:\Program Files\MATLAB\R2008a\bin\win64\libmex.dll
0x0000000001eb0000 - 0x0000000001f3c000 	C:\Program Files\MATLAB\R2008a\bin\win64\m_dispatcher.dll
0x0000000001f50000 - 0x0000000001f75000 	C:\Program Files\MATLAB\R2008a\bin\win64\datasvcs.dll
0x0000000012000000 - 0x0000000012295000 	C:\Program Files\MATLAB\R2008a\bin\win64\xerces-c_2_7.dll
0x0000000001fa0000 - 0x0000000002831000 	C:\Program Files\MATLAB\R2008a\bin\win64\m_interpreter.dll
0x0000000002850000 - 0x0000000002881000 	C:\Program Files\MATLAB\R2008a\bin\win64\libmat.dll
0x00000000028a0000 - 0x00000000029a5000 	C:\Program Files\MATLAB\R2008a\bin\win64\libhdf5.dll
0x00000000029b0000 - 0x0000000002a1f000 	C:\Program Files\MATLAB\R2008a\bin\win64\profiler.dll
0x0000000002a30000 - 0x0000000002a3a000 	C:\Program Files\MATLAB\R2008a\bin\win64\libmwmathrng.dll
0x0000000002a50000 - 0x0000000002a6a000 	C:\Program Files\MATLAB\R2008a\bin\win64\m_pcodeio.dll
0x0000000002a80000 - 0x0000000002aca000 	C:\Program Files\MATLAB\R2008a\bin\win64\m_ir.dll
0x0000000002ae0000 - 0x000000000309b000 	C:\Program Files\MATLAB\R2008a\bin\win64\m_parser.dll
0x00000000030b0000 - 0x00000000030c2000 	C:\Program Files\MATLAB\R2008a\bin\win64\ir_xfmr.dll
0x00000000030e0000 - 0x00000000032fb000 	C:\Program Files\MATLAB\R2008a\bin\win64\mcos.dll
0x0000000003310000 - 0x000000000331c000 	C:\Program Files\MATLAB\R2008a\bin\win64\mtok.dll
0x0000000003330000 - 0x0000000003350000 	C:\Program Files\MATLAB\R2008a\bin\win64\m_pcodegen.dll
0x000007fefb020000 - 0x000007fefb133000 	C:\Windows\system32\dbghelp.dll
0x0000000003360000 - 0x0000000003370000 	C:\Program Files\MATLAB\R2008a\bin\win64\boost_thread-vc80-mt-1_34_1.dll
0x0000000003380000 - 0x0000000003440000 	C:\Program Files\MATLAB\R2008a\bin\win64\udd.dll
0x0000000003450000 - 0x0000000003592000 	C:\Program Files\MATLAB\R2008a\bin\win64\libmwgui.dll
0x00000000035b0000 - 0x00000000037ea000 	C:\Program Files\MATLAB\R2008a\bin\win64\hg.dll
0x0000000003800000 - 0x0000000003856000 	C:\Program Files\MATLAB\R2008a\bin\win64\jmi.dll
0x0000000003870000 - 0x00000000038ae000 	C:\Program Files\MATLAB\R2008a\bin\win64\libmwhardcopy.dll
0x00000000038c0000 - 0x000000000391c000 	C:\Program Files\MATLAB\R2008a\bin\win64\libuij.dll
0x0000000003930000 - 0x0000000003bbc000 	C:\Program Files\MATLAB\R2008a\bin\win64\numerics.dll
0x0000000003bd0000 - 0x0000000003bdc000 	C:\Program Files\MATLAB\R2008a\bin\win64\libmwblas.dll
0x0000000003bf0000 - 0x0000000003bff000 	C:\Program Files\MATLAB\R2008a\bin\win64\libmwbinder.dll
0x0000000003c10000 - 0x0000000003c34000 	C:\Program Files\MATLAB\R2008a\bin\win64\libmwlapack.dll
0x0000000003c50000 - 0x0000000003c5b000 	C:\Program Files\MATLAB\R2008a\bin\win64\libmwfftw.dll
0x0000000003c70000 - 0x0000000003ca5000 	C:\Program Files\MATLAB\R2008a\bin\win64\libmwrookfastbp.dll
0x0000000003cc0000 - 0x0000000003cee000 	C:\Program Files\MATLAB\R2008a\bin\win64\libmwma57.dll
0x0000000010000000 - 0x00000000100d3000 	C:\Program Files\MATLAB\R2008a\bin\win64\libifcoremd.dll
0x0000000003d00000 - 0x0000000003f1d000 	C:\Program Files\MATLAB\R2008a\bin\win64\libmmd.dll
0x0000000003f20000 - 0x0000000003f29000 	C:\Program Files\MATLAB\R2008a\bin\win64\libmwcsparse.dll
0x0000000003f40000 - 0x000000000400a000 	C:\Program Files\MATLAB\R2008a\bin\win64\libmwumfpack.dll
0x0000000004020000 - 0x000000000402d000 	C:\Program Files\MATLAB\R2008a\bin\win64\libmwamd.dll
0x0000000004040000 - 0x00000000040d2000 	C:\Program Files\MATLAB\R2008a\bin\win64\libmwcholmod.dll
0x00000000040f0000 - 0x00000000040fc000 	C:\Program Files\MATLAB\R2008a\bin\win64\libmwcolamd.dll
0x0000000004110000 - 0x00000000041c9000 	C:\Program Files\MATLAB\R2008a\bin\win64\uiw.dll
0x00000000041e0000 - 0x00000000041ea000 	C:\Program Files\MATLAB\R2008a\bin\win64\uinone.dll
0x0000000071590000 - 0x000000007172b000 	C:\Windows\WinSxS\amd64_microsoft.vc80.mfc_1fc8b3b9a1e18e3b_8.0.50727.762_none_c46a533c8a667ee7\MFC80.DLL
0x000007fef83d0000 - 0x000007fef8428000 	C:\Windows\system32\WINSPOOL.DRV
0x000007feff070000 - 0x000007feff248000 	C:\Windows\system32\ole32.dll
0x000007fefee80000 - 0x000007fefef53000 	C:\Windows\system32\OLEAUT32.dll
0x0000000004200000 - 0x0000000004290000 	C:\Program Files\MATLAB\R2008a\bin\win64\udd_mi.dll
0x00000000042a0000 - 0x00000000042b8000 	C:\Program Files\MATLAB\R2008a\bin\win64\mwoles05.DLL
0x00000000042d0000 - 0x0000000004339000 	C:\Program Files\MATLAB\R2008a\bin\win64\comcli.dll
0x0000000074150000 - 0x000000007416f000 	C:\Windows\WinSxS\amd64_microsoft.vc80.atl_1fc8b3b9a1e18e3b_8.0.50727.762_none_ca3f79d486b08636\ATL80.DLL
0x0000000004350000 - 0x000000000435e000 	C:\Program Files\MATLAB\R2008a\bin\win64\mlautoregister.dll
0x000007fefe990000 - 0x000007fefe9bd000 	C:\Windows\system32\IMM32.DLL
0x000007fefe9c0000 - 0x000007fefeac1000 	C:\Windows\system32\MSCTF.dll
0x000007feff060000 - 0x000007feff06d000 	C:\Windows\system32\LPK.DLL
0x000007fefeca0000 - 0x000007fefed3a000 	C:\Windows\system32\USP10.dll
0x000007fefc3d0000 - 0x000007fefc5c9000 	C:\Windows\WinSxS\amd64_microsoft.windows.common-controls_6595b64144ccf1df_6.0.6001.18000_none_152e7382f3bd50c6\comctl32.dll
0x0000000007700000 - 0x00000000080ce000 	C:\Program Files\MATLAB\R2008a\bin\win64\mkl.dll
0x0000000005e60000 - 0x0000000005eab000 	C:\Program Files\MATLAB\R2008a\bin\win64\libguide40.dll
0x0000000004880000 - 0x0000000004888000 	C:\Program Files\MATLAB\R2008a\bin\win64\mklcompat.dll
0x00000000080d0000 - 0x0000000008677000 	C:\Program Files\MATLAB\R2008a\bin\win64\mllapack.dll
0x00000000070f0000 - 0x0000000007193000 	C:\Program Files\MATLAB\R2008a\bin\win64\libfftw3.dll
0x00000000071a0000 - 0x000000000728e000 	C:\Program Files\MATLAB\R2008a\bin\win64\libfftw3f.dll
0x0000000074170000 - 0x000000007417d000 	C:\Windows\WinSxS\amd64_microsoft.vc80.mfcloc_1fc8b3b9a1e18e3b_8.0.50727.762_none_fc42961a63b5a82b\MFC80ENU.DLL
0x000007fefc370000 - 0x000007fefc3c1000 	C:\Windows\system32\uxtheme.dll
0x000007feff250000 - 0x000007feff2e9000 	C:\Windows\system32\CLBCatQ.DLL
0x0000000074180000 - 0x0000000074184000 	C:\Windows\system32\icmp.Dll
0x000007fefd1a0000 - 0x000007fefd1c3000 	C:\Windows\system32\iphlpapi.dll
0x000007fefd150000 - 0x000007fefd195000 	C:\Windows\system32\dhcpcsvc.DLL
0x000007fefd460000 - 0x000007fefd499000 	C:\Windows\system32\DNSAPI.dll
0x000007fefd980000 - 0x000007fefd99c000 	C:\Windows\system32\Secur32.dll
0x000007fefd140000 - 0x000007fefd14a000 	C:\Windows\system32\WINNSI.DLL
0x000007fefd110000 - 0x000007fefd13b000 	C:\Windows\system32\dhcpcsvc6.DLL
0x000007fefe790000 - 0x000007fefe96b000 	C:\Windows\system32\SETUPAPI.dll
0x000007fefbd00000 - 0x000007fefbd13000 	C:\Windows\system32\NLAapi.dll
0x000007fefa760000 - 0x000007fefa773000 	C:\Windows\system32\napinsp.dll
0x000007fefa580000 - 0x000007fefa597000 	C:\Windows\system32\pnrpnsp.dll
0x000007fefcef0000 - 0x000007fefcf3f000 	C:\Windows\System32\mswsock.dll
0x000007fefaa60000 - 0x000007fefaa6b000 	C:\Windows\System32\winrnr.dll
0x000007fefeae0000 - 0x000007fefeb35000 	C:\Windows\system32\WLDAP32.dll
0x000007fefaa70000 - 0x000007fefaa78000 	C:\Windows\system32\rasadhlp.dll
0x0000000005f80000 - 0x0000000005f8c000 	C:\Windows\system32\avsda64.dll
0x000007fefcb10000 - 0x000007fefcb17000 	C:\Windows\System32\wshtcpip.dll
0x000000000dfc0000 - 0x000000000e511000 	C:\Program Files\MATLAB\R2008a\sys\java\jre\win64\jre1.6.0\bin\server\jvm.dll
0x000007fefbef0000 - 0x000007fefbf29000 	C:\Windows\system32\WINMM.dll
0x000007fefbea0000 - 0x000007fefbeef000 	C:\Windows\system32\OLEACC.dll
0x0000000006d90000 - 0x0000000006d9a000 	C:\Program Files\MATLAB\R2008a\sys\java\jre\win64\jre1.6.0\bin\hpi.dll
0x0000000006dd0000 - 0x0000000006dde000 	C:\Program Files\MATLAB\R2008a\sys\java\jre\win64\jre1.6.0\bin\verify.dll
0x0000000006f60000 - 0x0000000006f87000 	C:\Program Files\MATLAB\R2008a\sys\java\jre\win64\jre1.6.0\bin\java.dll
0x0000000006f90000 - 0x0000000006fa2000 	C:\Program Files\MATLAB\R2008a\sys\java\jre\win64\jre1.6.0\bin\zip.dll
0x0000000006fc0000 - 0x0000000006fd6000 	C:\Program Files\MATLAB\R2008a\bin\win64\nativejava.dll
0x00000000074e0000 - 0x00000000074f6000 	C:\Program Files\MATLAB\R2008a\bin\win64\nativejmi.dll
0x00000000087a0000 - 0x00000000087a7000 	C:\Program Files\MATLAB\R2008a\bin\win64\nativeservices.dll
0x000000000f980000 - 0x000000000fbd0000 	C:\Program Files\MATLAB\R2008a\sys\java\jre\win64\jre1.6.0\bin\awt.dll
0x000000000fd50000 - 0x000000000fdb9000 	C:\Program Files\MATLAB\R2008a\sys\java\jre\win64\jre1.6.0\bin\fontmanager.dll
0x00000000087c0000 - 0x00000000087d7000 	C:\Program Files\MATLAB\R2008a\sys\java\jre\win64\jre1.6.0\bin\net.dll
0x000007fefcf80000 - 0x000007fefcf87000 	C:\Windows\System32\wship6.dll

VM Arguments:
jvm_args: -Xss512k -XX:PermSize=32M -Xms64m -XX:NewRatio=3 -XX:MaxPermSize=128M -Xmx196m -XX:MaxDirectMemorySize=2147400000 -Dsun.java2d.noddraw=true -Dsun.awt.nopixfmt=true -Xshare:off -Xrs -Djava.library.path=C:\Program Files\MATLAB\R2008a\bin\win64 vfprintf abort
java_command: <unknown>
Launcher Type: generic

Environment Variables:
CLASSPATH=.;C:\Program Files (x86)\Java\jre1.6.0_05\lib\ext\QTJava.zip
PATH=C:\Program Files\Intel\MKL\9.1.027\em64t\bin;C:\Program Files (x86)\MiKTeX 2.6\miktex\bin;C:\Windows\system32;C:\Windows;C:\Windows\system32\wbem;c:\program files (x86)\microsoft sql server\90\tools\binn\;C:\Program Files\MATLAB\R2008a\bin;C:\Program Files\MATLAB\R2008a\bin\win64;C:\Program Files\MATLAB\R2007b\bin;C:\Program Files\MATLAB\R2007b\bin\win64;C:\Program Files\MATLAB\R2007a\bin;C:\Program Files\MATLAB\R2007a\bin\win64;C:\Program Files\Hummingbird\Connectivity\11.00\Accessories\;;C:\work\bin;C:\Program Files (x86)\Intel\Compiler\Fortran\10.1.019\\EM64T\Lib;C:\Program Files (x86)\QuickTime\QTSystem\;C:\Program Files (x86)\IDM Computer Solutions\UltraEdit-32
USERNAME=Ortwin
OS=Windows_NT
PROCESSOR_IDENTIFIER=AMD64 Family 15 Model 67 Stepping 2, AuthenticAMD



---------------  S Y S T E M  ---------------

OS: Windows Vista Build 6001 Service Pack 1

CPU:total 2 amd64 3dnow ht

Memory: 4k page, physical 4192912k(1212008k free), swap 8615260k(5877628k free)

vm_info: Java HotSpot(TM) 64-Bit Server VM (1.6.0-b105) for windows-amd64, built on Nov 29 2006 00:38:01 by "java_re" with unknown MS VC++:1400

