This is pdfTeX, Version 3.1415926-1.40.8-beta-20080627 (MiKTeX 2.7) (preloaded format=latex 2008.7.18)  15 DEC 2008 13:53
entering extended mode
**C:/Work/Eigene*Veröffentlichungen/Kleinheubach2008/Kleinheubach.tex
("C:/Work/Eigene Veröffentlichungen/Kleinheubach2008/Kleinheubach.tex"
LaTeX2e <2005/12/01>
Babel <v3.8j> and hyphenation patterns for english, dumylang, nohyphenation, ge
rman, ngerman, german-x-2008-06-18, ngerman-x-2008-06-18, french, loaded.
(IEEEtran.cls
Document Class: IEEEtran 2007/03/05 V1.7a by Michael Shell
-- See the "IEEEtran_HOWTO" manual for usage information.
-- http://www.michaelshell.org/tex/ieeetran/
\@IEEEtrantmpdimenA=\dimen102
\@IEEEtrantmpdimenB=\dimen103
\@IEEEtrantmpcountA=\count79
\@IEEEtrantmpcountB=\count80
\@IEEEtrantmptoksA=\toks14
LaTeX Font Info:    Try loading font information for OT1+ptm on input line 366.

("C:\Program Files (x86)\MiKTeX 2.7\tex\latex\psnfss\ot1ptm.fd"
File: ot1ptm.fd 2001/06/04 font definitions for OT1/ptm.
)
-- Using 8.5in x 11in (letter) paper.
-- Using DVI output.
\@IEEEnormalsizeunitybaselineskip=\dimen104
-- This is a 10 point document.
\CLASSINFOnormalsizebaselineskip=\dimen105
\CLASSINFOnormalsizeunitybaselineskip=\dimen106
\IEEEnormaljot=\dimen107
LaTeX Font Info:    Font shape `OT1/ptm/bx/n' in size <5> not available
(Font)              Font shape `OT1/ptm/b/n' tried instead on input line 724.
LaTeX Font Info:    Font shape `OT1/ptm/bx/it' in size <5> not available
(Font)              Font shape `OT1/ptm/b/it' tried instead on input line 724.
LaTeX Font Info:    Font shape `OT1/ptm/bx/n' in size <7> not available
(Font)              Font shape `OT1/ptm/b/n' tried instead on input line 724.
LaTeX Font Info:    Font shape `OT1/ptm/bx/it' in size <7> not available
(Font)              Font shape `OT1/ptm/b/it' tried instead on input line 724.
LaTeX Font Info:    Font shape `OT1/ptm/bx/n' in size <8> not available
(Font)              Font shape `OT1/ptm/b/n' tried instead on input line 724.
LaTeX Font Info:    Font shape `OT1/ptm/bx/it' in size <8> not available
(Font)              Font shape `OT1/ptm/b/it' tried instead on input line 724.
LaTeX Font Info:    Font shape `OT1/ptm/bx/n' in size <9> not available
(Font)              Font shape `OT1/ptm/b/n' tried instead on input line 724.
LaTeX Font Info:    Font shape `OT1/ptm/bx/it' in size <9> not available
(Font)              Font shape `OT1/ptm/b/it' tried instead on input line 724.
LaTeX Font Info:    Font shape `OT1/ptm/bx/n' in size <10> not available
(Font)              Font shape `OT1/ptm/b/n' tried instead on input line 724.
LaTeX Font Info:    Font shape `OT1/ptm/bx/it' in size <10> not available
(Font)              Font shape `OT1/ptm/b/it' tried instead on input line 724.
LaTeX Font Info:    Font shape `OT1/ptm/bx/n' in size <11> not available
(Font)              Font shape `OT1/ptm/b/n' tried instead on input line 724.
LaTeX Font Info:    Font shape `OT1/ptm/bx/it' in size <11> not available
(Font)              Font shape `OT1/ptm/b/it' tried instead on input line 724.
LaTeX Font Info:    Font shape `OT1/ptm/bx/n' in size <12> not available
(Font)              Font shape `OT1/ptm/b/n' tried instead on input line 724.
LaTeX Font Info:    Font shape `OT1/ptm/bx/it' in size <12> not available
(Font)              Font shape `OT1/ptm/b/it' tried instead on input line 724.
LaTeX Font Info:    Font shape `OT1/ptm/bx/n' in size <17> not available
(Font)              Font shape `OT1/ptm/b/n' tried instead on input line 724.
LaTeX Font Info:    Font shape `OT1/ptm/bx/it' in size <17> not available
(Font)              Font shape `OT1/ptm/b/it' tried instead on input line 724.
LaTeX Font Info:    Font shape `OT1/ptm/bx/n' in size <20> not available
(Font)              Font shape `OT1/ptm/b/n' tried instead on input line 724.
LaTeX Font Info:    Font shape `OT1/ptm/bx/it' in size <20> not available
(Font)              Font shape `OT1/ptm/b/it' tried instead on input line 724.
LaTeX Font Info:    Font shape `OT1/ptm/bx/n' in size <24> not available
(Font)              Font shape `OT1/ptm/b/n' tried instead on input line 724.
LaTeX Font Info:    Font shape `OT1/ptm/bx/it' in size <24> not available
(Font)              Font shape `OT1/ptm/b/it' tried instead on input line 724.
\IEEEilabelindentA=\dimen108
\IEEEilabelindentB=\dimen109
\IEEEilabelindent=\dimen110
\IEEEelabelindent=\dimen111
\IEEEdlabelindent=\dimen112
\IEEElabelindent=\dimen113
\IEEEiednormlabelsep=\dimen114
\IEEEiedmathlabelsep=\dimen115
\IEEEiedtopsep=\skip41
\c@section=\count81
\c@subsection=\count82
\c@subsubsection=\count83
\c@paragraph=\count84
\c@IEEEsubequation=\count85
\abovecaptionskip=\skip42
\belowcaptionskip=\skip43
\c@figure=\count86
\c@table=\count87
\@IEEEeqnnumcols=\count88
\@IEEEeqncolcnt=\count89
\@IEEEtmpitemindent=\dimen116
\c@IEEEbiography=\count90
\@IEEEtranrubishbin=\box26
)

! LaTeX Error: File `cite.sty' not found.

Type X to quit or <RETURN> to proceed,
or enter new name. (Default extension: sty)

Enter file name: 
("C:\Program Files (x86)\MiKTeX 2.7\tex\latex\graphics\graphicx.sty"
Package: graphicx 1999/02/16 v1.0f Enhanced LaTeX Graphics (DPC,SPQR)

("C:\Program Files (x86)\MiKTeX 2.7\tex\latex\graphics\keyval.sty"
Package: keyval 1999/03/16 v1.13 key=value parser (DPC)
\KV@toks@=\toks15
)
("C:\Program Files (x86)\MiKTeX 2.7\tex\latex\graphics\graphics.sty"
Package: graphics 2006/02/20 v1.0o Standard LaTeX Graphics (DPC,SPQR)

("C:\Program Files (x86)\MiKTeX 2.7\tex\latex\graphics\trig.sty"
Package: trig 1999/03/16 v1.09 sin cos tan (DPC)
)
("C:\Program Files (x86)\MiKTeX 2.7\tex\latex\00miktex\graphics.cfg"
File: graphics.cfg 2007/01/18 v1.5 graphics configuration of teTeX/TeXLive
)
Package graphics Info: Driver file: dvips.def on input line 90.

("C:\Program Files (x86)\MiKTeX 2.7\tex\latex\graphics\dvips.def"
File: dvips.def 1999/02/16 v3.0i Driver-dependant file (DPC,SPQR)
))
\Gin@req@height=\dimen117
\Gin@req@width=\dimen118
)
("C:\Program Files (x86)\MiKTeX 2.7\tex\latex\amsmath\amsmath.sty"
Package: amsmath 2000/07/18 v2.13 AMS math features
\@mathmargin=\skip44

For additional information on amsmath, use the `?' option.
("C:\Program Files (x86)\MiKTeX 2.7\tex\latex\amsmath\amstext.sty"
Package: amstext 2000/06/29 v2.01

("C:\Program Files (x86)\MiKTeX 2.7\tex\latex\amsmath\amsgen.sty"
File: amsgen.sty 1999/11/30 v2.0
\@emptytoks=\toks16
\ex@=\dimen119
))
("C:\Program Files (x86)\MiKTeX 2.7\tex\latex\amsmath\amsbsy.sty"
Package: amsbsy 1999/11/29 v1.2d
\pmbraise@=\dimen120
)
("C:\Program Files (x86)\MiKTeX 2.7\tex\latex\amsmath\amsopn.sty"
Package: amsopn 1999/12/14 v2.01 operator names
)
\inf@bad=\count91
LaTeX Info: Redefining \frac on input line 211.
\uproot@=\count92
\leftroot@=\count93
LaTeX Info: Redefining \overline on input line 307.
\classnum@=\count94
\DOTSCASE@=\count95
LaTeX Info: Redefining \ldots on input line 379.
LaTeX Info: Redefining \dots on input line 382.
LaTeX Info: Redefining \cdots on input line 467.
\Mathstrutbox@=\box27
\strutbox@=\box28
\big@size=\dimen121
LaTeX Font Info:    Redeclaring font encoding OML on input line 567.
LaTeX Font Info:    Redeclaring font encoding OMS on input line 568.
\macc@depth=\count96
\c@MaxMatrixCols=\count97
\dotsspace@=\muskip10
\c@parentequation=\count98
\dspbrk@lvl=\count99
\tag@help=\toks17
\row@=\count100
\column@=\count101
\maxfields@=\count102
\andhelp@=\toks18
\eqnshift@=\dimen122
\alignsep@=\dimen123
\tagshift@=\dimen124
\tagwidth@=\dimen125
\totwidth@=\dimen126
\lineht@=\dimen127
\@envbody=\toks19
\multlinegap=\skip45
\multlinetaggap=\skip46
\mathdisplay@stack=\toks20
LaTeX Info: Redefining \[ on input line 2666.
LaTeX Info: Redefining \] on input line 2667.
)

! LaTeX Error: File `dsfont.sty' not found.

Type X to quit or <RETURN> to proceed,
or enter new name. (Default extension: sty)

Enter file name: 
("C:\Program Files (x86)\MiKTeX 2.7\tex\latex\base\inputenc.sty"
Package: inputenc 2006/05/05 v1.1b Input encoding file
\inpenc@prehook=\toks21
\inpenc@posthook=\toks22

("C:\Program Files (x86)\MiKTeX 2.7\tex\latex\base\ansinew.def"
File: ansinew.def 2006/05/05 v1.1b Input encoding file
))
No file Kleinheubach.aux.
LaTeX Font Info:    Checking defaults for OML/cmm/m/it on input line 44.
LaTeX Font Info:    ... okay on input line 44.
LaTeX Font Info:    Checking defaults for T1/cmr/m/n on input line 44.
LaTeX Font Info:    ... okay on input line 44.
LaTeX Font Info:    Checking defaults for OT1/cmr/m/n on input line 44.
LaTeX Font Info:    ... okay on input line 44.
LaTeX Font Info:    Checking defaults for OMS/cmsy/m/n on input line 44.
LaTeX Font Info:    ... okay on input line 44.
LaTeX Font Info:    Checking defaults for OMX/cmex/m/n on input line 44.
LaTeX Font Info:    ... okay on input line 44.
LaTeX Font Info:    Checking defaults for U/cmr/m/n on input line 44.
LaTeX Font Info:    ... okay on input line 44.

LaTeX Warning: Citation `Bracken98' on page 1 undefined on input line 102.


LaTeX Warning: Citation `Far06' on page 1 undefined on input line 103.


LaTeX Warning: Citation `Daniel2004' on page 1 undefined on input line 103.


LaTeX Warning: Citation `Antoulas2005' on page 1 undefined on input line 104.


LaTeX Warning: Citation `Gunupudi2002' on page 1 undefined on input line 115.


LaTeX Warning: Citation `Daniel2004' on page 1 undefined on input line 115.


LaTeX Warning: Citation `Weile1999' on page 1 undefined on input line 120.


LaTeX Warning: Citation `Codecasa2005' on page 1 undefined on input line 127.


LaTeX Warning: Citation `Feng2005' on page 1 undefined on input line 127.


LaTeX Warning: Citation `FarIP' on page 1 undefined on input line 127.


LaTeX Warning: Citation `Weile2001' on page 1 undefined on input line 128.


LaTeX Warning: Citation `PrudHomme02' on page 1 undefined on input line 128.


LaTeX Warning: Citation `Schultschik2008' on page 1 undefined on input line 130
.


LaTeX Warning: Citation `Holmes96' on page 1 undefined on input line 133.


LaTeX Warning: Citation `Her03' on page 1 undefined on input line 164.


LaTeX Warning: Citation `Cho96' on page 1 undefined on input line 170.


LaTeX Warning: Citation `Lee97' on page 1 undefined on input line 175.


LaTeX Warning: Citation `Rub99' on page 1 undefined on input line 175.


LaTeX Warning: Citation `Rub01' on page 1 undefined on input line 175.


LaTeX Warning: Citation `Lim01' on page 1 undefined on input line 175.


LaTeX Warning: Citation `Mar03' on page 1 undefined on input line 175.


LaTeX Warning: Citation `Smi96' on page 1 undefined on input line 180.


LaTeX Warning: Citation `Her01' on page 1 undefined on input line 181.


LaTeX Warning: Citation `Ago94' on page 1 undefined on input line 182.


LaTeX Warning: Citation `Ber94' on page 1 undefined on input line 182.


LaTeX Warning: Citation `Her00' on page 1 undefined on input line 183.


LaTeX Warning: Citation `Bal04' on page 1 undefined on input line 185.


LaTeX Warning: Citation `Mat07' on page 1 undefined on input line 185.


LaTeX Warning: Citation `Zha06' on page 1 undefined on input line 185.


LaTeX Warning: Citation `Wol07' on page 1 undefined on input line 185.

[1


]

LaTeX Warning: Citation `Saa03' on page 2 undefined on input line 188.


LaTeX Warning: Citation `Pel98' on page 2 undefined on input line 203.


LaTeX Warning: Citation `Rub01' on page 2 undefined on input line 203.


LaTeX Warning: Reference `f:statement' on page 2 undefined on input line 214.

File: figs/statement.eps Graphic file (type eps)
<figs/statement.eps>

LaTeX Warning: Citation `Pel98' on page 2 undefined on input line 234.


LaTeX Warning: Citation `Rub01' on page 2 undefined on input line 235.


LaTeX Warning: Citation `Who08' on page 2 undefined on input line 237.


LaTeX Warning: Citation `Sel08' on page 2 undefined on input line 242.


LaTeX Warning: Citation `Sel08b' on page 2 undefined on input line 242.


LaTeX Warning: Reference `eq:BVP' on page 2 undefined on input line 258.


LaTeX Warning: Reference `f:dd' on page 2 undefined on input line 269.

File: figs/dd.eps Graphic file (type eps)
<figs/dd.eps> [2]

LaTeX Warning: Reference `e:fullDD' on page 3 undefined on input line 363.


LaTeX Warning: Reference `e:fullDD' on page 3 undefined on input line 398.


LaTeX Warning: Reference `e:compactDD' on page 3 undefined on input line 435.


LaTeX Warning: Citation `Who08' on page 3 undefined on input line 455.


LaTeX Warning: Reference `e:shurdd' on page 3 undefined on input line 465.


LaTeX Warning: Reference `e:shurdd' on page 3 undefined on input line 473.


LaTeX Warning: Reference `e:shurdd' on page 3 undefined on input line 477.


LaTeX Warning: Reference `e:shurdd' on page 3 undefined on input line 481.


LaTeX Warning: Reference `eq:BVP' on page 3 undefined on input line 504.

! Undefined control sequence.
l.511 where $\bmat{S}(\mu_r^{-1}) \in \mathds
                                             {C}^{n \times n}$ and $\bmat T(...

? 
! Undefined control sequence.
l.511 ...$ and $\bmat T(\varepsilon_r) \in \mathds
                                                  {C}^{n \times n}$
? 