COMPUTERNAME         = 
NUMBER_OF_PROCESSORS = 2
OMP_NUM_THREADS      = 2



//*******************************************************************************
project name MagicT frequency 3e+10
/******************************** Time for IO ********************************/
TIME___________Total/s__________Delta/s
Real                 0                0
User                 0                0
Syst                 0                0
Refine with version V0
SOLID Box1 h = 0 p = 1
/************************** Time for Refinement ******************************/
TIME___________Total/s__________Delta/s
Real                 0                0
User                 0                0
Syst                 0                0
/************************** MESH STATISTICS ******************************/
# pos      = 3589
# nodes    = 3589
# edges    = 21446
# faces    = 34269
# elements = 16411
# raw DoF  = 21450

time for resolution 
TIME___________Total/s__________Delta/s
Real                 0                0
User                 0                0
Syst                 0                0
time for assembling
TIME___________Total/s__________Delta/s
Real                 0                0
User                 0                0
Syst                 0                0
time for bc evaluation
TIME___________Total/s__________Delta/s
Real                 0                0
User                 0                0
Syst                 0                0
time for matrix compression
TIME___________Total/s__________Delta/s
Real                 0                0
User                 0                0
Syst                 0                0
time for the rest
TIME___________Total/s__________Delta/s
Real                 0                0
User                 0                0
Syst                 0                0
Start solving 

TIME ======== Total/s ======== Delta/s
Real             4.48              3.2


TIME ======== Total/s ======== Delta/s
Real             4.52             0.04


Excitation bc(WavePort1)0: Euclidian r.h.s. norm   = 473741
Excitation bc(WavePort1)0: Euclidian residual norm = 1.03386e-09

Solution of Excitation bc(WavePort1)0 statistic
Excitation bc(WavePort1)0: Euclidian residual norm = 2.18234e-15

TIME ======== Total/s ======== Delta/s
Real             4.71             0.19


Excitation bc(WavePort2)0: Euclidian r.h.s. norm   = 473741
Excitation bc(WavePort2)0: Euclidian residual norm = 1.61011e-09

Solution of Excitation bc(WavePort2)0 statistic
Excitation bc(WavePort2)0: Euclidian residual norm = 3.39871e-15

TIME ======== Total/s ======== Delta/s
Real             4.89             0.18


Excitation bc(WavePort3)0: Euclidian r.h.s. norm   = 473741
Excitation bc(WavePort3)0: Euclidian residual norm = 2.08923e-09

Solution of Excitation bc(WavePort3)0 statistic
Excitation bc(WavePort3)0: Euclidian residual norm = 4.41007e-15

TIME ======== Total/s ======== Delta/s
Real             5.07             0.18


Excitation bc(WavePort4)0: Euclidian r.h.s. norm   = 473741
Excitation bc(WavePort4)0: Euclidian residual norm = 3.46944e-09

Solution of Excitation bc(WavePort4)0 statistic
Excitation bc(WavePort4)0: Euclidian residual norm = 7.32349e-15

done
COMPUTERNAME         = 
NUMBER_OF_PROCESSORS = 2
OMP_NUM_THREADS      = 2



//*******************************************************************************
project name MagicT frequency 2.5e+10
COMPUTERNAME         = 
NUMBER_OF_PROCESSORS = 2
OMP_NUM_THREADS      = 2



//*******************************************************************************
project name MagicT frequency 2.65e+10
COMPUTERNAME         = 
NUMBER_OF_PROCESSORS = 2
OMP_NUM_THREADS      = 2



//*******************************************************************************
project name MagicT frequency 2.8e+10
COMPUTERNAME         = 
NUMBER_OF_PROCESSORS = 2
OMP_NUM_THREADS      = 2



//*******************************************************************************
project name MagicT frequency 2.95e+10
COMPUTERNAME         = 
NUMBER_OF_PROCESSORS = 2
OMP_NUM_THREADS      = 2



//*******************************************************************************
project name MagicT frequency 3.25e+10
COMPUTERNAME         = 
NUMBER_OF_PROCESSORS = 2
OMP_NUM_THREADS      = 2



//*******************************************************************************
project name MagicT frequency 3.4e+10
COMPUTERNAME         = 
NUMBER_OF_PROCESSORS = 2
OMP_NUM_THREADS      = 2



//*******************************************************************************
project name MagicT frequency 3.55e+10
COMPUTERNAME         = 
NUMBER_OF_PROCESSORS = 2
OMP_NUM_THREADS      = 2



//*******************************************************************************
project name MagicT frequency 3.7e+10
COMPUTERNAME         = 
NUMBER_OF_PROCESSORS = 2
OMP_NUM_THREADS      = 2



//*******************************************************************************
project name MagicT frequency 3.85e+10
COMPUTERNAME         = 
NUMBER_OF_PROCESSORS = 2
OMP_NUM_THREADS      = 2



//*******************************************************************************
project name MagicT frequency 4e+10
COMPUTERNAME         = 
NUMBER_OF_PROCESSORS = 2
OMP_NUM_THREADS      = 2



//*******************************************************************************
project name MagicT frequency 2.5e+10
/******************************** Time for IO ********************************/
TIME___________Total/s__________Delta/s
Real                 0                0
User                 0                0
Syst                 0                0
Refine with version V0
SOLID Box1 h = 0 p = 1
/************************** Time for Refinement ******************************/
TIME___________Total/s__________Delta/s
Real                 0                0
User                 0                0
Syst                 0                0
/************************** MESH STATISTICS ******************************/
# pos      = 3589
# nodes    = 3589
# edges    = 21446
# faces    = 34269
# elements = 16411
# raw DoF  = 21450

time for resolution 
TIME___________Total/s__________Delta/s
Real                 0                0
User                 0                0
Syst                 0                0
time for assembling
TIME___________Total/s__________Delta/s
Real                 0                0
User                 0                0
Syst                 0                0
time for bc evaluation
TIME___________Total/s__________Delta/s
Real                 0                0
User                 0                0
Syst                 0                0
time for matrix compression
TIME___________Total/s__________Delta/s
Real                 0                0
User                 0                0
Syst                 0                0
time for the rest
TIME___________Total/s__________Delta/s
Real                 0                0
User                 0                0
Syst                 0                0
Start solving 

TIME ======== Total/s ======== Delta/s
Real             4.51             3.21


TIME ======== Total/s ======== Delta/s
Real             4.55             0.04


Excitation bc(WavePort1)0: Euclidian r.h.s. norm   = 394784
Excitation bc(WavePort1)0: Euclidian residual norm = 1.67547e-09

Solution of Excitation bc(WavePort1)0 statistic
Excitation bc(WavePort1)0: Euclidian residual norm = 4.24402e-15

TIME ======== Total/s ======== Delta/s
Real             4.73             0.18


Excitation bc(WavePort2)0: Euclidian r.h.s. norm   = 394784
Excitation bc(WavePort2)0: Euclidian residual norm = 3.31235e-09

Solution of Excitation bc(WavePort2)0 statistic
Excitation bc(WavePort2)0: Euclidian residual norm = 8.39027e-15

TIME ======== Total/s ======== Delta/s
Real             4.91             0.18


Excitation bc(WavePort3)0: Euclidian r.h.s. norm   = 394784
Excitation bc(WavePort3)0: Euclidian residual norm = 1.88436e-09

Solution of Excitation bc(WavePort3)0 statistic
Excitation bc(WavePort3)0: Euclidian residual norm = 4.77315e-15

TIME ======== Total/s ======== Delta/s
Real             5.08             0.17


Excitation bc(WavePort4)0: Euclidian r.h.s. norm   = 394784
Excitation bc(WavePort4)0: Euclidian residual norm = 6.46861e-09

Solution of Excitation bc(WavePort4)0 statistic
Excitation bc(WavePort4)0: Euclidian residual norm = 1.63852e-14

done
COMPUTERNAME         = 
NUMBER_OF_PROCESSORS = 2
OMP_NUM_THREADS      = 2



//*******************************************************************************
project name MagicT frequency 2.65e+10
/******************************** Time for IO ********************************/
TIME___________Total/s__________Delta/s
Real                 0                0
User                 0                0
Syst                 0                0
Refine with version V0
SOLID Box1 h = 0 p = 1
/************************** Time for Refinement ******************************/
TIME___________Total/s__________Delta/s
Real                 0                0
User                 0                0
Syst                 0                0
/************************** MESH STATISTICS ******************************/
# pos      = 3589
# nodes    = 3589
# edges    = 21446
# faces    = 34269
# elements = 16411
# raw DoF  = 21450

time for resolution 
TIME___________Total/s__________Delta/s
Real                 0                0
User                 0                0
Syst                 0                0
time for assembling
TIME___________Total/s__________Delta/s
Real                 0                0
User                 0                0
Syst                 0                0
time for bc evaluation
TIME___________Total/s__________Delta/s
Real                 0                0
User                 0                0
Syst                 0                0
time for matrix compression
TIME___________Total/s__________Delta/s
Real                 0                0
User                 0                0
Syst                 0                0
time for the rest
TIME___________Total/s__________Delta/s
Real                 0                0
User                 0                0
Syst                 0                0
Start solving 

TIME ======== Total/s ======== Delta/s
Real             4.49             3.21


TIME ======== Total/s ======== Delta/s
Real             4.53             0.04


Excitation bc(WavePort1)0: Euclidian r.h.s. norm   = 418471
Excitation bc(WavePort1)0: Euclidian residual norm = 1.86376e-09

Solution of Excitation bc(WavePort1)0 statistic
Excitation bc(WavePort1)0: Euclidian residual norm = 4.45374e-15

TIME ======== Total/s ======== Delta/s
Real             4.72             0.19


Excitation bc(WavePort2)0: Euclidian r.h.s. norm   = 418471
Excitation bc(WavePort2)0: Euclidian residual norm = 2.80463e-09

Solution of Excitation bc(WavePort2)0 statistic
Excitation bc(WavePort2)0: Euclidian residual norm = 6.7021e-15

TIME ======== Total/s ======== Delta/s
Real              4.9             0.18


Excitation bc(WavePort3)0: Euclidian r.h.s. norm   = 418471
Excitation bc(WavePort3)0: Euclidian residual norm = 2.11833e-09

Solution of Excitation bc(WavePort3)0 statistic
Excitation bc(WavePort3)0: Euclidian residual norm = 5.06207e-15

TIME ======== Total/s ======== Delta/s
Real             5.08             0.18


Excitation bc(WavePort4)0: Euclidian r.h.s. norm   = 418471
Excitation bc(WavePort4)0: Euclidian residual norm = 1.92485e-09

Solution of Excitation bc(WavePort4)0 statistic
Excitation bc(WavePort4)0: Euclidian residual norm = 4.59973e-15

done
COMPUTERNAME         = 
NUMBER_OF_PROCESSORS = 2
OMP_NUM_THREADS      = 2



//*******************************************************************************
project name MagicT frequency 2.8e+10
/******************************** Time for IO ********************************/
TIME___________Total/s__________Delta/s
Real                 0                0
User                 0                0
Syst                 0                0
Refine with version V0
SOLID Box1 h = 0 p = 1
/************************** Time for Refinement ******************************/
TIME___________Total/s__________Delta/s
Real                 0                0
User                 0                0
Syst                 0                0
/************************** MESH STATISTICS ******************************/
# pos      = 3589
# nodes    = 3589
# edges    = 21446
# faces    = 34269
# elements = 16411
# raw DoF  = 21450

time for resolution 
TIME___________Total/s__________Delta/s
Real                 0                0
User                 0                0
Syst                 0                0
time for assembling
TIME___________Total/s__________Delta/s
Real                 0                0
User                 0                0
Syst                 0                0
time for bc evaluation
TIME___________Total/s__________Delta/s
Real                 0                0
User                 0                0
Syst                 0                0
time for matrix compression
TIME___________Total/s__________Delta/s
Real                 0                0
User                 0                0
Syst                 0                0
time for the rest
TIME___________Total/s__________Delta/s
Real                 0                0
User                 0                0
Syst                 0                0
Start solving 

TIME ======== Total/s ======== Delta/s
Real             4.48              3.2


TIME ======== Total/s ======== Delta/s
Real             4.52             0.04


Excitation bc(WavePort1)0: Euclidian r.h.s. norm   = 442158
Excitation bc(WavePort1)0: Euclidian residual norm = 1.24473e-09

Solution of Excitation bc(WavePort1)0 statistic
Excitation bc(WavePort1)0: Euclidian residual norm = 2.81512e-15

TIME ======== Total/s ======== Delta/s
Real             4.71             0.19


Excitation bc(WavePort2)0: Euclidian r.h.s. norm   = 442158
Excitation bc(WavePort2)0: Euclidian residual norm = 2.01552e-09

Solution of Excitation bc(WavePort2)0 statistic
Excitation bc(WavePort2)0: Euclidian residual norm = 4.55836e-15

TIME ======== Total/s ======== Delta/s
Real             4.88             0.17


Excitation bc(WavePort3)0: Euclidian r.h.s. norm   = 442158
Excitation bc(WavePort3)0: Euclidian residual norm = 1.86308e-09

Solution of Excitation bc(WavePort3)0 statistic
Excitation bc(WavePort3)0: Euclidian residual norm = 4.21361e-15

TIME ======== Total/s ======== Delta/s
Real             5.07             0.19


Excitation bc(WavePort4)0: Euclidian r.h.s. norm   = 442158
Excitation bc(WavePort4)0: Euclidian residual norm = 2.41065e-09

Solution of Excitation bc(WavePort4)0 statistic
Excitation bc(WavePort4)0: Euclidian residual norm = 5.452e-15

done
COMPUTERNAME         = 
NUMBER_OF_PROCESSORS = 2
OMP_NUM_THREADS      = 2



//*******************************************************************************
project name MagicT frequency 2.95e+10
/******************************** Time for IO ********************************/
TIME___________Total/s__________Delta/s
Real                 0                0
User                 0                0
Syst                 0                0
Refine with version V0
SOLID Box1 h = 0 p = 1
/************************** Time for Refinement ******************************/
TIME___________Total/s__________Delta/s
Real                 0                0
User                 0                0
Syst                 0                0
/************************** MESH STATISTICS ******************************/
# pos      = 3589
# nodes    = 3589
# edges    = 21446
# faces    = 34269
# elements = 16411
# raw DoF  = 21450

time for resolution 
TIME___________Total/s__________Delta/s
Real                 0                0
User                 0                0
Syst                 0                0
time for assembling
TIME___________Total/s__________Delta/s
Real                 0                0
User                 0                0
Syst                 0                0
time for bc evaluation
TIME___________Total/s__________Delta/s
Real                 0                0
User                 0                0
Syst                 0                0
time for matrix compression
TIME___________Total/s__________Delta/s
Real                 0                0
User                 0                0
Syst                 0                0
time for the rest
TIME___________Total/s__________Delta/s
Real                 0                0
User                 0                0
Syst                 0                0
Start solving 

TIME ======== Total/s ======== Delta/s
Real             4.49              3.2


TIME ======== Total/s ======== Delta/s
Real             4.53             0.04


Excitation bc(WavePort1)0: Euclidian r.h.s. norm   = 465845
Excitation bc(WavePort1)0: Euclidian residual norm = 7.20401e-09

Solution of Excitation bc(WavePort1)0 statistic
Excitation bc(WavePort1)0: Euclidian residual norm = 1.54644e-14

TIME ======== Total/s ======== Delta/s
Real             4.71             0.18


Excitation bc(WavePort2)0: Euclidian r.h.s. norm   = 465845
Excitation bc(WavePort2)0: Euclidian residual norm = 1.37403e-08

Solution of Excitation bc(WavePort2)0 statistic
Excitation bc(WavePort2)0: Euclidian residual norm = 2.94955e-14

TIME ======== Total/s ======== Delta/s
Real             4.88             0.17


Excitation bc(WavePort3)0: Euclidian r.h.s. norm   = 465845
Excitation bc(WavePort3)0: Euclidian residual norm = 1.12981e-08

Solution of Excitation bc(WavePort3)0 statistic
Excitation bc(WavePort3)0: Euclidian residual norm = 2.42528e-14

TIME ======== Total/s ======== Delta/s
Real             5.06             0.18


Excitation bc(WavePort4)0: Euclidian r.h.s. norm   = 465845
Excitation bc(WavePort4)0: Euclidian residual norm = 6.12753e-09

Solution of Excitation bc(WavePort4)0 statistic
Excitation bc(WavePort4)0: Euclidian residual norm = 1.31536e-14

done
COMPUTERNAME         = 
NUMBER_OF_PROCESSORS = 2
OMP_NUM_THREADS      = 2



//*******************************************************************************
project name MagicT frequency 3.1e+10
/******************************** Time for IO ********************************/
TIME___________Total/s__________Delta/s
Real                 0                0
User                 0                0
Syst                 0                0
Refine with version V0
SOLID Box1 h = 0 p = 1
/************************** Time for Refinement ******************************/
TIME___________Total/s__________Delta/s
Real                 0                0
User                 0                0
Syst                 0                0
/************************** MESH STATISTICS ******************************/
# pos      = 3589
# nodes    = 3589
# edges    = 21446
# faces    = 34269
# elements = 16411
# raw DoF  = 21450

time for resolution 
TIME___________Total/s__________Delta/s
Real                 0                0
User                 0                0
Syst                 0                0
time for assembling
TIME___________Total/s__________Delta/s
Real                 0                0
User                 0                0
Syst                 0                0
time for bc evaluation
TIME___________Total/s__________Delta/s
Real                 0                0
User                 0                0
Syst                 0                0
time for matrix compression
TIME___________Total/s__________Delta/s
Real                 0                0
User                 0                0
Syst                 0                0
time for the rest
TIME___________Total/s__________Delta/s
Real                 0                0
User                 0                0
Syst                 0                0
Start solving 

TIME ======== Total/s ======== Delta/s
Real             4.49             3.21


TIME ======== Total/s ======== Delta/s
Real             4.53             0.04


Excitation bc(WavePort1)0: Euclidian r.h.s. norm   = 489532
Excitation bc(WavePort1)0: Euclidian residual norm = 1.78729e-09

Solution of Excitation bc(WavePort1)0 statistic
Excitation bc(WavePort1)0: Euclidian residual norm = 3.65102e-15

TIME ======== Total/s ======== Delta/s
Real             4.71             0.18


Excitation bc(WavePort2)0: Euclidian r.h.s. norm   = 489532
Excitation bc(WavePort2)0: Euclidian residual norm = 2.38777e-09

Solution of Excitation bc(WavePort2)0 statistic
Excitation bc(WavePort2)0: Euclidian residual norm = 4.87766e-15

TIME ======== Total/s ======== Delta/s
Real             4.89             0.18


Excitation bc(WavePort3)0: Euclidian r.h.s. norm   = 489532
Excitation bc(WavePort3)0: Euclidian residual norm = 1.35874e-09

Solution of Excitation bc(WavePort3)0 statistic
Excitation bc(WavePort3)0: Euclidian residual norm = 2.77558e-15

TIME ======== Total/s ======== Delta/s
Real             5.07             0.18


Excitation bc(WavePort4)0: Euclidian r.h.s. norm   = 489532
Excitation bc(WavePort4)0: Euclidian residual norm = 1.82783e-09

Solution of Excitation bc(WavePort4)0 statistic
Excitation bc(WavePort4)0: Euclidian residual norm = 3.73382e-15

done
COMPUTERNAME         = 
NUMBER_OF_PROCESSORS = 2
OMP_NUM_THREADS      = 2



//*******************************************************************************
project name MagicT frequency 3.25e+10
/******************************** Time for IO ********************************/
TIME___________Total/s__________Delta/s
Real                 0                0
User                 0                0
Syst                 0                0
Refine with version V0
SOLID Box1 h = 0 p = 1
/************************** Time for Refinement ******************************/
TIME___________Total/s__________Delta/s
Real                 0                0
User                 0                0
Syst                 0                0
/************************** MESH STATISTICS ******************************/
# pos      = 3589
# nodes    = 3589
# edges    = 21446
# faces    = 34269
# elements = 16411
# raw DoF  = 21450

time for resolution 
TIME___________Total/s__________Delta/s
Real                 0                0
User                 0                0
Syst                 0                0
time for assembling
TIME___________Total/s__________Delta/s
Real                 0                0
User                 0                0
Syst                 0                0
time for bc evaluation
TIME___________Total/s__________Delta/s
Real                 0                0
User                 0                0
Syst                 0                0
time for matrix compression
TIME___________Total/s__________Delta/s
Real                 0                0
User                 0                0
Syst                 0                0
time for the rest
TIME___________Total/s__________Delta/s
Real                 0                0
User                 0                0
Syst                 0                0
Start solving 

TIME ======== Total/s ======== Delta/s
Real              4.5             3.22


TIME ======== Total/s ======== Delta/s
Real             4.54             0.04


Excitation bc(WavePort1)0: Euclidian r.h.s. norm   = 513219
Excitation bc(WavePort1)0: Euclidian residual norm = 2.16835e-09

Solution of Excitation bc(WavePort1)0 statistic
Excitation bc(WavePort1)0: Euclidian residual norm = 4.22501e-15

TIME ======== Total/s ======== Delta/s
Real             4.72             0.18


Excitation bc(WavePort2)0: Euclidian r.h.s. norm   = 513219
Excitation bc(WavePort2)0: Euclidian residual norm = 2.37146e-09

Solution of Excitation bc(WavePort2)0 statistic
Excitation bc(WavePort2)0: Euclidian residual norm = 4.62076e-15

TIME ======== Total/s ======== Delta/s
Real              4.9             0.18


Excitation bc(WavePort3)0: Euclidian r.h.s. norm   = 513219
Excitation bc(WavePort3)0: Euclidian residual norm = 2.12313e-09

Solution of Excitation bc(WavePort3)0 statistic
Excitation bc(WavePort3)0: Euclidian residual norm = 4.13688e-15

TIME ======== Total/s ======== Delta/s
Real             5.08             0.18


Excitation bc(WavePort4)0: Euclidian r.h.s. norm   = 513219
Excitation bc(WavePort4)0: Euclidian residual norm = 2.64241e-09

Solution of Excitation bc(WavePort4)0 statistic
Excitation bc(WavePort4)0: Euclidian residual norm = 5.14869e-15

done
COMPUTERNAME         = 
NUMBER_OF_PROCESSORS = 2
OMP_NUM_THREADS      = 2



//*******************************************************************************
project name MagicT frequency 3.4e+10
/******************************** Time for IO ********************************/
TIME___________Total/s__________Delta/s
Real                 0                0
User                 0                0
Syst                 0                0
Refine with version V0
SOLID Box1 h = 0 p = 1
/************************** Time for Refinement ******************************/
TIME___________Total/s__________Delta/s
Real                 0                0
User                 0                0
Syst                 0                0
/************************** MESH STATISTICS ******************************/
# pos      = 3589
# nodes    = 3589
# edges    = 21446
# faces    = 34269
# elements = 16411
# raw DoF  = 21450

time for resolution 
TIME___________Total/s__________Delta/s
Real                 0                0
User                 0                0
Syst                 0                0
time for assembling
TIME___________Total/s__________Delta/s
Real                 0                0
User                 0                0
Syst                 0                0
time for bc evaluation
TIME___________Total/s__________Delta/s
Real                 0                0
User                 0                0
Syst                 0                0
time for matrix compression
TIME___________Total/s__________Delta/s
Real                 0                0
User                 0                0
Syst                 0                0
time for the rest
TIME___________Total/s__________Delta/s
Real                 0                0
User                 0                0
Syst                 0                0
Start solving 

TIME ======== Total/s ======== Delta/s
Real             4.49             3.21


TIME ======== Total/s ======== Delta/s
Real             4.54             0.05


Excitation bc(WavePort1)0: Euclidian r.h.s. norm   = 536906
Excitation bc(WavePort1)0: Euclidian residual norm = 5.94452e-09

Solution of Excitation bc(WavePort1)0 statistic
Excitation bc(WavePort1)0: Euclidian residual norm = 1.10718e-14

TIME ======== Total/s ======== Delta/s
Real             4.71             0.17


Excitation bc(WavePort2)0: Euclidian r.h.s. norm   = 536906
Excitation bc(WavePort2)0: Euclidian residual norm = 6.51123e-09

Solution of Excitation bc(WavePort2)0 statistic
Excitation bc(WavePort2)0: Euclidian residual norm = 1.21273e-14

TIME ======== Total/s ======== Delta/s
Real             4.89             0.18


Excitation bc(WavePort3)0: Euclidian r.h.s. norm   = 536906
Excitation bc(WavePort3)0: Euclidian residual norm = 5.36745e-09

Solution of Excitation bc(WavePort3)0 statistic
Excitation bc(WavePort3)0: Euclidian residual norm = 9.99699e-15

TIME ======== Total/s ======== Delta/s
Real             5.08             0.19


Excitation bc(WavePort4)0: Euclidian r.h.s. norm   = 536906
Excitation bc(WavePort4)0: Euclidian residual norm = 3.14729e-09

Solution of Excitation bc(WavePort4)0 statistic
Excitation bc(WavePort4)0: Euclidian residual norm = 5.8619e-15

done
COMPUTERNAME         = 
NUMBER_OF_PROCESSORS = 2
OMP_NUM_THREADS      = 2



//*******************************************************************************
project name MagicT frequency 3.55e+10
/******************************** Time for IO ********************************/
TIME___________Total/s__________Delta/s
Real                 0                0
User                 0                0
Syst                 0                0
Refine with version V0
SOLID Box1 h = 0 p = 1
/************************** Time for Refinement ******************************/
TIME___________Total/s__________Delta/s
Real                 0                0
User                 0                0
Syst                 0                0
/************************** MESH STATISTICS ******************************/
# pos      = 3589
# nodes    = 3589
# edges    = 21446
# faces    = 34269
# elements = 16411
# raw DoF  = 21450

time for resolution 
TIME___________Total/s__________Delta/s
Real                 0                0
User                 0                0
Syst                 0                0
time for assembling
TIME___________Total/s__________Delta/s
Real                 0                0
User                 0                0
Syst                 0                0
time for bc evaluation
TIME___________Total/s__________Delta/s
Real                 0                0
User                 0                0
Syst                 0                0
time for matrix compression
TIME___________Total/s__________Delta/s
Real                 0                0
User                 0                0
Syst                 0                0
time for the rest
TIME___________Total/s__________Delta/s
Real                 0                0
User                 0                0
Syst                 0                0
Start solving 

TIME ======== Total/s ======== Delta/s
Real             4.48              3.2


TIME ======== Total/s ======== Delta/s
Real             4.53             0.05


Excitation bc(WavePort1)0: Euclidian r.h.s. norm   = 560594
Excitation bc(WavePort1)0: Euclidian residual norm = 1.71202e-09

Solution of Excitation bc(WavePort1)0 statistic
Excitation bc(WavePort1)0: Euclidian residual norm = 3.05394e-15

TIME ======== Total/s ======== Delta/s
Real              4.7             0.17


Excitation bc(WavePort2)0: Euclidian r.h.s. norm   = 560594
Excitation bc(WavePort2)0: Euclidian residual norm = 1.52432e-09

Solution of Excitation bc(WavePort2)0 statistic
Excitation bc(WavePort2)0: Euclidian residual norm = 2.71911e-15

TIME ======== Total/s ======== Delta/s
Real             4.86             0.16


Excitation bc(WavePort3)0: Euclidian r.h.s. norm   = 560594
Excitation bc(WavePort3)0: Euclidian residual norm = 2.1815e-09

Solution of Excitation bc(WavePort3)0 statistic
Excitation bc(WavePort3)0: Euclidian residual norm = 3.89142e-15

TIME ======== Total/s ======== Delta/s
Real             5.05             0.19


Excitation bc(WavePort4)0: Euclidian r.h.s. norm   = 560594
Excitation bc(WavePort4)0: Euclidian residual norm = 1.70929e-09

Solution of Excitation bc(WavePort4)0 statistic
Excitation bc(WavePort4)0: Euclidian residual norm = 3.04907e-15

done
COMPUTERNAME         = 
NUMBER_OF_PROCESSORS = 2
OMP_NUM_THREADS      = 2



//*******************************************************************************
project name MagicT frequency 3.7e+10
/******************************** Time for IO ********************************/
TIME___________Total/s__________Delta/s
Real                 0                0
User                 0                0
Syst                 0                0
Refine with version V0
SOLID Box1 h = 0 p = 1
/************************** Time for Refinement ******************************/
TIME___________Total/s__________Delta/s
Real                 0                0
User                 0                0
Syst                 0                0
/************************** MESH STATISTICS ******************************/
# pos      = 3589
# nodes    = 3589
# edges    = 21446
# faces    = 34269
# elements = 16411
# raw DoF  = 21450

time for resolution 
TIME___________Total/s__________Delta/s
Real                 0                0
User                 0                0
Syst                 0                0
time for assembling
TIME___________Total/s__________Delta/s
Real                 0                0
User                 0                0
Syst                 0                0
time for bc evaluation
TIME___________Total/s__________Delta/s
Real                 0                0
User                 0                0
Syst                 0                0
time for matrix compression
TIME___________Total/s__________Delta/s
Real                 0                0
User                 0                0
Syst                 0                0
time for the rest
TIME___________Total/s__________Delta/s
Real                 0                0
User                 0                0
Syst                 0                0
Start solving 

TIME ======== Total/s ======== Delta/s
Real             4.48              3.2


TIME ======== Total/s ======== Delta/s
Real             4.52             0.04


Excitation bc(WavePort1)0: Euclidian r.h.s. norm   = 584281
Excitation bc(WavePort1)0: Euclidian residual norm = 3.96703e-09

Solution of Excitation bc(WavePort1)0 statistic
Excitation bc(WavePort1)0: Euclidian residual norm = 6.7896e-15

TIME ======== Total/s ======== Delta/s
Real              4.7             0.18


Excitation bc(WavePort2)0: Euclidian r.h.s. norm   = 584281
Excitation bc(WavePort2)0: Euclidian residual norm = 1.72997e-09

Solution of Excitation bc(WavePort2)0 statistic
Excitation bc(WavePort2)0: Euclidian residual norm = 2.96085e-15

TIME ======== Total/s ======== Delta/s
Real             4.88             0.18


Excitation bc(WavePort3)0: Euclidian r.h.s. norm   = 584281
Excitation bc(WavePort3)0: Euclidian residual norm = 1.71074e-09

Solution of Excitation bc(WavePort3)0 statistic
Excitation bc(WavePort3)0: Euclidian residual norm = 2.92794e-15

TIME ======== Total/s ======== Delta/s
Real             5.05             0.17


Excitation bc(WavePort4)0: Euclidian r.h.s. norm   = 584281
Excitation bc(WavePort4)0: Euclidian residual norm = 2.44379e-09

Solution of Excitation bc(WavePort4)0 statistic
Excitation bc(WavePort4)0: Euclidian residual norm = 4.18257e-15

done
COMPUTERNAME         = 
NUMBER_OF_PROCESSORS = 2
OMP_NUM_THREADS      = 2



//*******************************************************************************
project name MagicT frequency 3.85e+10
/******************************** Time for IO ********************************/
TIME___________Total/s__________Delta/s
Real                 0                0
User                 0                0
Syst                 0                0
Refine with version V0
SOLID Box1 h = 0 p = 1
/************************** Time for Refinement ******************************/
TIME___________Total/s__________Delta/s
Real                 0                0
User                 0                0
Syst                 0                0
/************************** MESH STATISTICS ******************************/
# pos      = 3589
# nodes    = 3589
# edges    = 21446
# faces    = 34269
# elements = 16411
# raw DoF  = 21450

time for resolution 
TIME___________Total/s__________Delta/s
Real                 0                0
User                 0                0
Syst                 0                0
time for assembling
TIME___________Total/s__________Delta/s
Real                 0                0
User                 0                0
Syst                 0                0
time for bc evaluation
TIME___________Total/s__________Delta/s
Real                 0                0
User                 0                0
Syst                 0                0
time for matrix compression
TIME___________Total/s__________Delta/s
Real                 0                0
User                 0                0
Syst                 0                0
time for the rest
TIME___________Total/s__________Delta/s
Real                 0                0
User                 0                0
Syst                 0                0
Start solving 

TIME ======== Total/s ======== Delta/s
Real             4.49             3.21


TIME ======== Total/s ======== Delta/s
Real             4.53             0.04


Excitation bc(WavePort1)0: Euclidian r.h.s. norm   = 607968
Excitation bc(WavePort1)0: Euclidian residual norm = 5.14945e-09

Solution of Excitation bc(WavePort1)0 statistic
Excitation bc(WavePort1)0: Euclidian residual norm = 8.46995e-15

TIME ======== Total/s ======== Delta/s
Real             4.71             0.18


Excitation bc(WavePort2)0: Euclidian r.h.s. norm   = 607968
Excitation bc(WavePort2)0: Euclidian residual norm = 4.25566e-09

Solution of Excitation bc(WavePort2)0 statistic
Excitation bc(WavePort2)0: Euclidian residual norm = 6.99982e-15

TIME ======== Total/s ======== Delta/s
Real             4.89             0.18


Excitation bc(WavePort3)0: Euclidian r.h.s. norm   = 607968
Excitation bc(WavePort3)0: Euclidian residual norm = 2.20404e-09

Solution of Excitation bc(WavePort3)0 statistic
Excitation bc(WavePort3)0: Euclidian residual norm = 3.62526e-15

TIME ======== Total/s ======== Delta/s
Real             5.07             0.18


Excitation bc(WavePort4)0: Euclidian r.h.s. norm   = 607968
Excitation bc(WavePort4)0: Euclidian residual norm = 2.37856e-09

Solution of Excitation bc(WavePort4)0 statistic
Excitation bc(WavePort4)0: Euclidian residual norm = 3.91231e-15

done
COMPUTERNAME         = 
NUMBER_OF_PROCESSORS = 2
OMP_NUM_THREADS      = 2



//*******************************************************************************
project name MagicT frequency 4e+10
/******************************** Time for IO ********************************/
TIME___________Total/s__________Delta/s
Real                 0                0
User                 0                0
Syst                 0                0
Refine with version V0
SOLID Box1 h = 0 p = 1
/************************** Time for Refinement ******************************/
TIME___________Total/s__________Delta/s
Real                 0                0
User                 0                0
Syst                 0                0
/************************** MESH STATISTICS ******************************/
# pos      = 3589
# nodes    = 3589
# edges    = 21446
# faces    = 34269
# elements = 16411
# raw DoF  = 21450

time for resolution 
TIME___________Total/s__________Delta/s
Real                 0                0
User                 0                0
Syst                 0                0
time for assembling
TIME___________Total/s__________Delta/s
Real                 0                0
User                 0                0
Syst                 0                0
time for bc evaluation
TIME___________Total/s__________Delta/s
Real                 0                0
User                 0                0
Syst                 0                0
time for matrix compression
TIME___________Total/s__________Delta/s
Real                 0                0
User                 0                0
Syst                 0                0
time for the rest
TIME___________Total/s__________Delta/s
Real                 0                0
User                 0                0
Syst                 0                0
Start solving 

TIME ======== Total/s ======== Delta/s
Real             4.48             3.19


TIME ======== Total/s ======== Delta/s
Real             4.53             0.05


Excitation bc(WavePort1)0: Euclidian r.h.s. norm   = 631655
Excitation bc(WavePort1)0: Euclidian residual norm = 3.20451e-09

Solution of Excitation bc(WavePort1)0 statistic
Excitation bc(WavePort1)0: Euclidian residual norm = 5.07321e-15

TIME ======== Total/s ======== Delta/s
Real             4.71             0.18


Excitation bc(WavePort2)0: Euclidian r.h.s. norm   = 631655
Excitation bc(WavePort2)0: Euclidian residual norm = 2.22833e-09

Solution of Excitation bc(WavePort2)0 statistic
Excitation bc(WavePort2)0: Euclidian residual norm = 3.52776e-15

TIME ======== Total/s ======== Delta/s
Real             4.89             0.18


Excitation bc(WavePort3)0: Euclidian r.h.s. norm   = 631655
Excitation bc(WavePort3)0: Euclidian residual norm = 2.13905e-09

Solution of Excitation bc(WavePort3)0 statistic
Excitation bc(WavePort3)0: Euclidian residual norm = 3.38642e-15

TIME ======== Total/s ======== Delta/s
Real             5.06             0.17


Excitation bc(WavePort4)0: Euclidian r.h.s. norm   = 631655
Excitation bc(WavePort4)0: Euclidian residual norm = 4.30802e-09

Solution of Excitation bc(WavePort4)0 statistic
Excitation bc(WavePort4)0: Euclidian residual norm = 6.82021e-15

done
COMPUTERNAME         = 
NUMBER_OF_PROCESSORS = 2
OMP_NUM_THREADS      = 2



//*******************************************************************************
project name MagicT frequency 2.5e+10
/******************************** Time for IO ********************************/
TIME___________Total/s__________Delta/s
Real                 0                0
User                 0                0
Syst                 0                0
Refine with version V0
SOLID Box1 h = 0 p = 1
/************************** Time for Refinement ******************************/
TIME___________Total/s__________Delta/s
Real                 0                0
User                 0                0
Syst                 0                0
/************************** MESH STATISTICS ******************************/
# pos      = 3589
# nodes    = 3589
# edges    = 21446
# faces    = 34269
# elements = 16411
# raw DoF  = 21450

time for resolution 
TIME___________Total/s__________Delta/s
Real                 0                0
User                 0                0
Syst                 0                0
time for assembling
TIME___________Total/s__________Delta/s
Real                 0                0
User                 0                0
Syst                 0                0
time for bc evaluation
TIME___________Total/s__________Delta/s
Real                 0                0
User                 0                0
Syst                 0                0
time for matrix compression
TIME___________Total/s__________Delta/s
Real                 0                0
User                 0                0
Syst                 0                0
time for the rest
TIME___________Total/s__________Delta/s
Real                 0                0
User                 0                0
Syst                 0                0
Start solving 

TIME ======== Total/s ======== Delta/s
Real             4.48              3.2


TIME ======== Total/s ======== Delta/s
Real             4.53             0.05


Excitation bc(WavePort1)0: Euclidian r.h.s. norm   = 394784
Excitation bc(WavePort1)0: Euclidian residual norm = 1.0815e-09

Solution of Excitation bc(WavePort1)0 statistic
Excitation bc(WavePort1)0: Euclidian residual norm = 2.73948e-15

TIME ======== Total/s ======== Delta/s
Real             4.72             0.19


Excitation bc(WavePort2)0: Euclidian r.h.s. norm   = 394784
Excitation bc(WavePort2)0: Euclidian residual norm = 2.9251e-09

Solution of Excitation bc(WavePort2)0 statistic
Excitation bc(WavePort2)0: Euclidian residual norm = 7.40935e-15

TIME ======== Total/s ======== Delta/s
Real             4.89             0.17


Excitation bc(WavePort3)0: Euclidian r.h.s. norm   = 394784
Excitation bc(WavePort3)0: Euclidian residual norm = 2.16167e-09

Solution of Excitation bc(WavePort3)0 statistic
Excitation bc(WavePort3)0: Euclidian residual norm = 5.47558e-15

TIME ======== Total/s ======== Delta/s
Real             5.06             0.17


Excitation bc(WavePort4)0: Euclidian r.h.s. norm   = 394784
Excitation bc(WavePort4)0: Euclidian residual norm = 5.50691e-09

Solution of Excitation bc(WavePort4)0 statistic
Excitation bc(WavePort4)0: Euclidian residual norm = 1.39492e-14

done
COMPUTERNAME         = 
NUMBER_OF_PROCESSORS = 2
OMP_NUM_THREADS      = 2



//*******************************************************************************
project name MagicT frequency 2.65e+10
/******************************** Time for IO ********************************/
TIME___________Total/s__________Delta/s
Real                 0                0
User                 0                0
Syst                 0                0
Refine with version V0
SOLID Box1 h = 0 p = 1
/************************** Time for Refinement ******************************/
TIME___________Total/s__________Delta/s
Real                 0                0
User                 0                0
Syst                 0                0
/************************** MESH STATISTICS ******************************/
# pos      = 3589
# nodes    = 3589
# edges    = 21446
# faces    = 34269
# elements = 16411
# raw DoF  = 21450

time for resolution 
TIME___________Total/s__________Delta/s
Real                 0                0
User                 0                0
Syst                 0                0
time for assembling
TIME___________Total/s__________Delta/s
Real                 0                0
User                 0                0
Syst                 0                0
time for bc evaluation
TIME___________Total/s__________Delta/s
Real                 0                0
User                 0                0
Syst                 0                0
time for matrix compression
TIME___________Total/s__________Delta/s
Real                 0                0
User                 0                0
Syst                 0                0
time for the rest
TIME___________Total/s__________Delta/s
Real                 0                0
User                 0                0
Syst                 0                0
Start solving 

TIME ======== Total/s ======== Delta/s
Real             4.49             3.21


TIME ======== Total/s ======== Delta/s
Real             4.54             0.05


Excitation bc(WavePort1)0: Euclidian r.h.s. norm   = 418471
Excitation bc(WavePort1)0: Euclidian residual norm = 1.76782e-09

Solution of Excitation bc(WavePort1)0 statistic
Excitation bc(WavePort1)0: Euclidian residual norm = 4.22446e-15

TIME ======== Total/s ======== Delta/s
Real             4.71             0.17


Excitation bc(WavePort2)0: Euclidian r.h.s. norm   = 418471
Excitation bc(WavePort2)0: Euclidian residual norm = 2.95925e-09

Solution of Excitation bc(WavePort2)0 statistic
Excitation bc(WavePort2)0: Euclidian residual norm = 7.07157e-15

TIME ======== Total/s ======== Delta/s
Real             4.89             0.18


Excitation bc(WavePort3)0: Euclidian r.h.s. norm   = 418471
Excitation bc(WavePort3)0: Euclidian residual norm = 1.3728e-09

Solution of Excitation bc(WavePort3)0 statistic
Excitation bc(WavePort3)0: Euclidian residual norm = 3.28052e-15

TIME ======== Total/s ======== Delta/s
Real             5.08             0.19


Excitation bc(WavePort4)0: Euclidian r.h.s. norm   = 418471
Excitation bc(WavePort4)0: Euclidian residual norm = 1.96857e-09

Solution of Excitation bc(WavePort4)0 statistic
Excitation bc(WavePort4)0: Euclidian residual norm = 4.7042e-15

done
COMPUTERNAME         = 
NUMBER_OF_PROCESSORS = 2
OMP_NUM_THREADS      = 2



//*******************************************************************************
project name MagicT frequency 2.8e+10
/******************************** Time for IO ********************************/
TIME___________Total/s__________Delta/s
Real                 0                0
User                 0                0
Syst                 0                0
Refine with version V0
SOLID Box1 h = 0 p = 1
/************************** Time for Refinement ******************************/
TIME___________Total/s__________Delta/s
Real                 0                0
User                 0                0
Syst                 0                0
/************************** MESH STATISTICS ******************************/
# pos      = 3589
# nodes    = 3589
# edges    = 21446
# faces    = 34269
# elements = 16411
# raw DoF  = 21450

time for resolution 
TIME___________Total/s__________Delta/s
Real                 0                0
User                 0                0
Syst                 0                0
time for assembling
TIME___________Total/s__________Delta/s
Real                 0                0
User                 0                0
Syst                 0                0
time for bc evaluation
TIME___________Total/s__________Delta/s
Real                 0                0
User                 0                0
Syst                 0                0
time for matrix compression
TIME___________Total/s__________Delta/s
Real                 0                0
User                 0                0
Syst                 0                0
time for the rest
TIME___________Total/s__________Delta/s
Real                 0                0
User                 0                0
Syst                 0                0
Start solving 

TIME ======== Total/s ======== Delta/s
Real             4.48              3.2


TIME ======== Total/s ======== Delta/s
Real             4.53             0.05


Excitation bc(WavePort1)0: Euclidian r.h.s. norm   = 442158
Excitation bc(WavePort1)0: Euclidian residual norm = 9.98918e-10

Solution of Excitation bc(WavePort1)0 statistic
Excitation bc(WavePort1)0: Euclidian residual norm = 2.25919e-15

TIME ======== Total/s ======== Delta/s
Real             4.72             0.19


Excitation bc(WavePort2)0: Euclidian r.h.s. norm   = 442158
Excitation bc(WavePort2)0: Euclidian residual norm = 1.93731e-09

Solution of Excitation bc(WavePort2)0 statistic
Excitation bc(WavePort2)0: Euclidian residual norm = 4.3815e-15

TIME ======== Total/s ======== Delta/s
Real             4.88             0.16


Excitation bc(WavePort3)0: Euclidian r.h.s. norm   = 442158
Excitation bc(WavePort3)0: Euclidian residual norm = 1.81573e-09

Solution of Excitation bc(WavePort3)0 statistic
Excitation bc(WavePort3)0: Euclidian residual norm = 4.10651e-15

TIME ======== Total/s ======== Delta/s
Real             5.07             0.19


Excitation bc(WavePort4)0: Euclidian r.h.s. norm   = 442158
Excitation bc(WavePort4)0: Euclidian residual norm = 2.83908e-09

Solution of Excitation bc(WavePort4)0 statistic
Excitation bc(WavePort4)0: Euclidian residual norm = 6.42097e-15

done
COMPUTERNAME         = 
NUMBER_OF_PROCESSORS = 2
OMP_NUM_THREADS      = 2



//*******************************************************************************
project name MagicT frequency 2.95e+10
/******************************** Time for IO ********************************/
TIME___________Total/s__________Delta/s
Real                 0                0
User                 0                0
Syst                 0                0
Refine with version V0
SOLID Box1 h = 0 p = 1
/************************** Time for Refinement ******************************/
TIME___________Total/s__________Delta/s
Real                 0                0
User                 0                0
Syst                 0                0
/************************** MESH STATISTICS ******************************/
# pos      = 3589
# nodes    = 3589
# edges    = 21446
# faces    = 34269
# elements = 16411
# raw DoF  = 21450

time for resolution 
TIME___________Total/s__________Delta/s
Real                 0                0
User                 0                0
Syst                 0                0
time for assembling
TIME___________Total/s__________Delta/s
Real                 0                0
User                 0                0
Syst                 0                0
time for bc evaluation
TIME___________Total/s__________Delta/s
Real                 0                0
User                 0                0
Syst                 0                0
time for matrix compression
TIME___________Total/s__________Delta/s
Real                 0                0
User                 0                0
Syst                 0                0
time for the rest
TIME___________Total/s__________Delta/s
Real                 0                0
User                 0                0
Syst                 0                0
Start solving 

TIME ======== Total/s ======== Delta/s
Real             4.49             3.21


TIME ======== Total/s ======== Delta/s
Real             4.53             0.04


Excitation bc(WavePort1)0: Euclidian r.h.s. norm   = 465845
Excitation bc(WavePort1)0: Euclidian residual norm = 3.85507e-09

Solution of Excitation bc(WavePort1)0 statistic
Excitation bc(WavePort1)0: Euclidian residual norm = 8.27542e-15

TIME ======== Total/s ======== Delta/s
Real             4.72             0.19


Excitation bc(WavePort2)0: Euclidian r.h.s. norm   = 465845
Excitation bc(WavePort2)0: Euclidian residual norm = 9.23829e-09

Solution of Excitation bc(WavePort2)0 statistic
Excitation bc(WavePort2)0: Euclidian residual norm = 1.98312e-14

TIME ======== Total/s ======== Delta/s
Real             4.89             0.17


Excitation bc(WavePort3)0: Euclidian r.h.s. norm   = 465845
Excitation bc(WavePort3)0: Euclidian residual norm = 9.53697e-09

Solution of Excitation bc(WavePort3)0 statistic
Excitation bc(WavePort3)0: Euclidian residual norm = 2.04724e-14

TIME ======== Total/s ======== Delta/s
Real             5.07             0.18


Excitation bc(WavePort4)0: Euclidian r.h.s. norm   = 465845
Excitation bc(WavePort4)0: Euclidian residual norm = 5.40553e-09

Solution of Excitation bc(WavePort4)0 statistic
Excitation bc(WavePort4)0: Euclidian residual norm = 1.16037e-14

done
COMPUTERNAME         = 
NUMBER_OF_PROCESSORS = 2
OMP_NUM_THREADS      = 2



//*******************************************************************************
project name MagicT frequency 3.1e+10
/******************************** Time for IO ********************************/
TIME___________Total/s__________Delta/s
Real                 0                0
User                 0                0
Syst                 0                0
Refine with version V0
SOLID Box1 h = 0 p = 1
/************************** Time for Refinement ******************************/
TIME___________Total/s__________Delta/s
Real                 0                0
User                 0                0
Syst                 0                0
/************************** MESH STATISTICS ******************************/
# pos      = 3589
# nodes    = 3589
# edges    = 21446
# faces    = 34269
# elements = 16411
# raw DoF  = 21450

time for resolution 
TIME___________Total/s__________Delta/s
Real                 0                0
User                 0                0
Syst                 0                0
time for assembling
TIME___________Total/s__________Delta/s
Real                 0                0
User                 0                0
Syst                 0                0
time for bc evaluation
TIME___________Total/s__________Delta/s
Real                 0                0
User                 0                0
Syst                 0                0
time for matrix compression
TIME___________Total/s__________Delta/s
Real                 0                0
User                 0                0
Syst                 0                0
time for the rest
TIME___________Total/s__________Delta/s
Real                 0                0
User                 0                0
Syst                 0                0
Start solving 

TIME ======== Total/s ======== Delta/s
Real             4.49             3.21


TIME ======== Total/s ======== Delta/s
Real             4.54             0.05


Excitation bc(WavePort1)0: Euclidian r.h.s. norm   = 489532
Excitation bc(WavePort1)0: Euclidian residual norm = 2.7438e-09

Solution of Excitation bc(WavePort1)0 statistic
Excitation bc(WavePort1)0: Euclidian residual norm = 5.60495e-15

TIME ======== Total/s ======== Delta/s
Real             4.74              0.2


Excitation bc(WavePort2)0: Euclidian r.h.s. norm   = 489532
Excitation bc(WavePort2)0: Euclidian residual norm = 1.7519e-09

Solution of Excitation bc(WavePort2)0 statistic
Excitation bc(WavePort2)0: Euclidian residual norm = 3.57871e-15

TIME ======== Total/s ======== Delta/s
Real             4.89             0.15


Excitation bc(WavePort3)0: Euclidian r.h.s. norm   = 489532
Excitation bc(WavePort3)0: Euclidian residual norm = 1.28481e-09

Solution of Excitation bc(WavePort3)0 statistic
Excitation bc(WavePort3)0: Euclidian residual norm = 2.62456e-15

TIME ======== Total/s ======== Delta/s
Real             5.07             0.18


Excitation bc(WavePort4)0: Euclidian r.h.s. norm   = 489532
Excitation bc(WavePort4)0: Euclidian residual norm = 1.61419e-09

Solution of Excitation bc(WavePort4)0 statistic
Excitation bc(WavePort4)0: Euclidian residual norm = 3.29742e-15

done
COMPUTERNAME         = 
NUMBER_OF_PROCESSORS = 2
OMP_NUM_THREADS      = 2



//*******************************************************************************
project name MagicT frequency 3.25e+10
/******************************** Time for IO ********************************/
TIME___________Total/s__________Delta/s
Real                 0                0
User                 0                0
Syst                 0                0
Refine with version V0
SOLID Box1 h = 0 p = 1
/************************** Time for Refinement ******************************/
TIME___________Total/s__________Delta/s
Real                 0                0
User                 0                0
Syst                 0                0
/************************** MESH STATISTICS ******************************/
# pos      = 3589
# nodes    = 3589
# edges    = 21446
# faces    = 34269
# elements = 16411
# raw DoF  = 21450

time for resolution 
TIME___________Total/s__________Delta/s
Real                 0                0
User                 0                0
Syst                 0                0
time for assembling
TIME___________Total/s__________Delta/s
Real                 0                0
User                 0                0
Syst                 0                0
time for bc evaluation
TIME___________Total/s__________Delta/s
Real                 0                0
User                 0                0
Syst                 0                0
time for matrix compression
TIME___________Total/s__________Delta/s
Real                 0                0
User                 0                0
Syst                 0                0
time for the rest
TIME___________Total/s__________Delta/s
Real                 0                0
User                 0                0
Syst                 0                0
Start solving 

TIME ======== Total/s ======== Delta/s
Real             4.49             3.21


TIME ======== Total/s ======== Delta/s
Real             4.54             0.05


Excitation bc(WavePort1)0: Euclidian r.h.s. norm   = 513219
Excitation bc(WavePort1)0: Euclidian residual norm = 1.71903e-09

Solution of Excitation bc(WavePort1)0 statistic
Excitation bc(WavePort1)0: Euclidian residual norm = 3.34951e-15

TIME ======== Total/s ======== Delta/s
Real             4.72             0.18


Excitation bc(WavePort2)0: Euclidian r.h.s. norm   = 513219
Excitation bc(WavePort2)0: Euclidian residual norm = 2.28006e-09

Solution of Excitation bc(WavePort2)0 statistic
Excitation bc(WavePort2)0: Euclidian residual norm = 4.44266e-15

TIME ======== Total/s ======== Delta/s
Real              4.9             0.18


Excitation bc(WavePort3)0: Euclidian r.h.s. norm   = 513219
Excitation bc(WavePort3)0: Euclidian residual norm = 2.27759e-09

Solution of Excitation bc(WavePort3)0 statistic
Excitation bc(WavePort3)0: Euclidian residual norm = 4.43786e-15

TIME ======== Total/s ======== Delta/s
Real             5.08             0.18


Excitation bc(WavePort4)0: Euclidian r.h.s. norm   = 513219
Excitation bc(WavePort4)0: Euclidian residual norm = 2.0037e-09

Solution of Excitation bc(WavePort4)0 statistic
Excitation bc(WavePort4)0: Euclidian residual norm = 3.90418e-15

done
COMPUTERNAME         = 
NUMBER_OF_PROCESSORS = 2
OMP_NUM_THREADS      = 2



//*******************************************************************************
project name MagicT frequency 3.4e+10
/******************************** Time for IO ********************************/
TIME___________Total/s__________Delta/s
Real                 0                0
User                 0                0
Syst                 0                0
Refine with version V0
SOLID Box1 h = 0 p = 1
/************************** Time for Refinement ******************************/
TIME___________Total/s__________Delta/s
Real                 0                0
User                 0                0
Syst                 0                0
/************************** MESH STATISTICS ******************************/
# pos      = 3589
# nodes    = 3589
# edges    = 21446
# faces    = 34269
# elements = 16411
# raw DoF  = 21450

time for resolution 
TIME___________Total/s__________Delta/s
Real                 0                0
User                 0                0
Syst                 0                0
time for assembling
TIME___________Total/s__________Delta/s
Real                 0                0
User                 0                0
Syst                 0                0
time for bc evaluation
TIME___________Total/s__________Delta/s
Real                 0                0
User                 0                0
Syst                 0                0
time for matrix compression
TIME___________Total/s__________Delta/s
Real                 0                0
User                 0                0
Syst                 0                0
time for the rest
TIME___________Total/s__________Delta/s
Real                 0                0
User                 0                0
Syst                 0                0
Start solving 

TIME ======== Total/s ======== Delta/s
Real             4.51             3.23


TIME ======== Total/s ======== Delta/s
Real             4.55             0.04


Excitation bc(WavePort1)0: Euclidian r.h.s. norm   = 536906
Excitation bc(WavePort1)0: Euclidian residual norm = 4.18416e-09

Solution of Excitation bc(WavePort1)0 statistic
Excitation bc(WavePort1)0: Euclidian residual norm = 7.79309e-15

TIME ======== Total/s ======== Delta/s
Real             4.74             0.19


Excitation bc(WavePort2)0: Euclidian r.h.s. norm   = 536906
Excitation bc(WavePort2)0: Euclidian residual norm = 4.13676e-09

Solution of Excitation bc(WavePort2)0 statistic
Excitation bc(WavePort2)0: Euclidian residual norm = 7.70481e-15

TIME ======== Total/s ======== Delta/s
Real             4.91             0.17


Excitation bc(WavePort3)0: Euclidian r.h.s. norm   = 536906
Excitation bc(WavePort3)0: Euclidian residual norm = 5.16375e-09

Solution of Excitation bc(WavePort3)0 statistic
Excitation bc(WavePort3)0: Euclidian residual norm = 9.61761e-15

TIME ======== Total/s ======== Delta/s
Real             5.09             0.18


Excitation bc(WavePort4)0: Euclidian r.h.s. norm   = 536906
Excitation bc(WavePort4)0: Euclidian residual norm = 4.95423e-09

Solution of Excitation bc(WavePort4)0 statistic
Excitation bc(WavePort4)0: Euclidian residual norm = 9.22737e-15

done
COMPUTERNAME         = 
NUMBER_OF_PROCESSORS = 2
OMP_NUM_THREADS      = 2



//*******************************************************************************
project name MagicT frequency 3.55e+10
/******************************** Time for IO ********************************/
TIME___________Total/s__________Delta/s
Real                 0                0
User                 0                0
Syst                 0                0
Refine with version V0
SOLID Box1 h = 0 p = 1
/************************** Time for Refinement ******************************/
TIME___________Total/s__________Delta/s
Real                 0                0
User                 0                0
Syst                 0                0
/************************** MESH STATISTICS ******************************/
# pos      = 3589
# nodes    = 3589
# edges    = 21446
# faces    = 34269
# elements = 16411
# raw DoF  = 21450

time for resolution 
TIME___________Total/s__________Delta/s
Real                 0                0
User                 0                0
Syst                 0                0
time for assembling
TIME___________Total/s__________Delta/s
Real                 0                0
User                 0                0
Syst                 0                0
time for bc evaluation
TIME___________Total/s__________Delta/s
Real                 0                0
User                 0                0
Syst                 0                0
time for matrix compression
TIME___________Total/s__________Delta/s
Real                 0                0
User                 0                0
Syst                 0                0
time for the rest
TIME___________Total/s__________Delta/s
Real                 0                0
User                 0                0
Syst                 0                0
Start solving 

TIME ======== Total/s ======== Delta/s
Real             4.49             3.21


TIME ======== Total/s ======== Delta/s
Real             4.53             0.04


Excitation bc(WavePort1)0: Euclidian r.h.s. norm   = 560594
Excitation bc(WavePort1)0: Euclidian residual norm = 1.76621e-09

Solution of Excitation bc(WavePort1)0 statistic
Excitation bc(WavePort1)0: Euclidian residual norm = 3.15061e-15

TIME ======== Total/s ======== Delta/s
Real             4.71             0.18


Excitation bc(WavePort2)0: Euclidian r.h.s. norm   = 560594
Excitation bc(WavePort2)0: Euclidian residual norm = 1.23011e-09

Solution of Excitation bc(WavePort2)0 statistic
Excitation bc(WavePort2)0: Euclidian residual norm = 2.19429e-15

TIME ======== Total/s ======== Delta/s
Real              4.9             0.19


Excitation bc(WavePort3)0: Euclidian r.h.s. norm   = 560594
Excitation bc(WavePort3)0: Euclidian residual norm = 1.59293e-09

Solution of Excitation bc(WavePort3)0 statistic
Excitation bc(WavePort3)0: Euclidian residual norm = 2.8415e-15

TIME ======== Total/s ======== Delta/s
Real             5.07             0.17


Excitation bc(WavePort4)0: Euclidian r.h.s. norm   = 560594
Excitation bc(WavePort4)0: Euclidian residual norm = 2.28066e-09

Solution of Excitation bc(WavePort4)0 statistic
Excitation bc(WavePort4)0: Euclidian residual norm = 4.0683e-15

done
COMPUTERNAME         = 
NUMBER_OF_PROCESSORS = 2
OMP_NUM_THREADS      = 2



//*******************************************************************************
project name MagicT frequency 3.7e+10
/******************************** Time for IO ********************************/
TIME___________Total/s__________Delta/s
Real                 0                0
User                 0                0
Syst                 0                0
Refine with version V0
SOLID Box1 h = 0 p = 1
/************************** Time for Refinement ******************************/
TIME___________Total/s__________Delta/s
Real                 0                0
User                 0                0
Syst                 0                0
/************************** MESH STATISTICS ******************************/
# pos      = 3589
# nodes    = 3589
# edges    = 21446
# faces    = 34269
# elements = 16411
# raw DoF  = 21450

time for resolution 
TIME___________Total/s__________Delta/s
Real                 0                0
User                 0                0
Syst                 0                0
time for assembling
TIME___________Total/s__________Delta/s
Real                 0                0
User                 0                0
Syst                 0                0
time for bc evaluation
TIME___________Total/s__________Delta/s
Real                 0                0
User                 0                0
Syst                 0                0
time for matrix compression
TIME___________Total/s__________Delta/s
Real                 0                0
User                 0                0
Syst                 0                0
time for the rest
TIME___________Total/s__________Delta/s
Real                 0                0
User                 0                0
Syst                 0                0
Start solving 

TIME ======== Total/s ======== Delta/s
Real             4.48             3.21


TIME ======== Total/s ======== Delta/s
Real             4.52             0.04


Excitation bc(WavePort1)0: Euclidian r.h.s. norm   = 584281
Excitation bc(WavePort1)0: Euclidian residual norm = 3.49086e-09

Solution of Excitation bc(WavePort1)0 statistic
Excitation bc(WavePort1)0: Euclidian residual norm = 5.97462e-15

TIME ======== Total/s ======== Delta/s
Real             4.71             0.19


Excitation bc(WavePort2)0: Euclidian r.h.s. norm   = 584281
Excitation bc(WavePort2)0: Euclidian residual norm = 2.01868e-09

Solution of Excitation bc(WavePort2)0 statistic
Excitation bc(WavePort2)0: Euclidian residual norm = 3.45499e-15

TIME ======== Total/s ======== Delta/s
Real             4.88             0.17


Excitation bc(WavePort3)0: Euclidian r.h.s. norm   = 584281
Excitation bc(WavePort3)0: Euclidian residual norm = 1.63789e-09

Solution of Excitation bc(WavePort3)0 statistic
Excitation bc(WavePort3)0: Euclidian residual norm = 2.80326e-15

TIME ======== Total/s ======== Delta/s
Real             5.07             0.19


Excitation bc(WavePort4)0: Euclidian r.h.s. norm   = 584281
Excitation bc(WavePort4)0: Euclidian residual norm = 2.53014e-09

Solution of Excitation bc(WavePort4)0 statistic
Excitation bc(WavePort4)0: Euclidian residual norm = 4.33034e-15

done
COMPUTERNAME         = 
NUMBER_OF_PROCESSORS = 2
OMP_NUM_THREADS      = 2



//*******************************************************************************
project name MagicT frequency 3.85e+10
/******************************** Time for IO ********************************/
TIME___________Total/s__________Delta/s
Real                 0                0
User                 0                0
Syst                 0                0
Refine with version V0
SOLID Box1 h = 0 p = 1
/************************** Time for Refinement ******************************/
TIME___________Total/s__________Delta/s
Real                 0                0
User                 0                0
Syst                 0                0
/************************** MESH STATISTICS ******************************/
# pos      = 3589
# nodes    = 3589
# edges    = 21446
# faces    = 34269
# elements = 16411
# raw DoF  = 21450

time for resolution 
TIME___________Total/s__________Delta/s
Real                 0                0
User                 0                0
Syst                 0                0
time for assembling
TIME___________Total/s__________Delta/s
Real                 0                0
User                 0                0
Syst                 0                0
time for bc evaluation
TIME___________Total/s__________Delta/s
Real                 0                0
User                 0                0
Syst                 0                0
time for matrix compression
TIME___________Total/s__________Delta/s
Real                 0                0
User                 0                0
Syst                 0                0
time for the rest
TIME___________Total/s__________Delta/s
Real                 0                0
User                 0                0
Syst                 0                0
Start solving 

TIME ======== Total/s ======== Delta/s
Real             4.49             3.21


TIME ======== Total/s ======== Delta/s
Real             4.54             0.05


Excitation bc(WavePort1)0: Euclidian r.h.s. norm   = 607968
Excitation bc(WavePort1)0: Euclidian residual norm = 2.46965e-09

Solution of Excitation bc(WavePort1)0 statistic
Excitation bc(WavePort1)0: Euclidian residual norm = 4.06215e-15

TIME ======== Total/s ======== Delta/s
Real             4.72             0.18


Excitation bc(WavePort2)0: Euclidian r.h.s. norm   = 607968
Excitation bc(WavePort2)0: Euclidian residual norm = 2.57015e-09

Solution of Excitation bc(WavePort2)0 statistic
Excitation bc(WavePort2)0: Euclidian residual norm = 4.22745e-15

TIME ======== Total/s ======== Delta/s
Real             4.89             0.17


Excitation bc(WavePort3)0: Euclidian r.h.s. norm   = 607968
Excitation bc(WavePort3)0: Euclidian residual norm = 2.34469e-09

Solution of Excitation bc(WavePort3)0 statistic
Excitation bc(WavePort3)0: Euclidian residual norm = 3.8566e-15

TIME ======== Total/s ======== Delta/s
Real             5.08             0.19


Excitation bc(WavePort4)0: Euclidian r.h.s. norm   = 607968
Excitation bc(WavePort4)0: Euclidian residual norm = 2.62507e-09

Solution of Excitation bc(WavePort4)0 statistic
Excitation bc(WavePort4)0: Euclidian residual norm = 4.31778e-15

done
COMPUTERNAME         = 
NUMBER_OF_PROCESSORS = 2
OMP_NUM_THREADS      = 2



//*******************************************************************************
project name MagicT frequency 4e+10
/******************************** Time for IO ********************************/
TIME___________Total/s__________Delta/s
Real                 0                0
User                 0                0
Syst                 0                0
Refine with version V0
SOLID Box1 h = 0 p = 1
/************************** Time for Refinement ******************************/
TIME___________Total/s__________Delta/s
Real                 0                0
User                 0                0
Syst                 0                0
/************************** MESH STATISTICS ******************************/
# pos      = 3589
# nodes    = 3589
# edges    = 21446
# faces    = 34269
# elements = 16411
# raw DoF  = 21450

time for resolution 
TIME___________Total/s__________Delta/s
Real                 0                0
User                 0                0
Syst                 0                0
time for assembling
TIME___________Total/s__________Delta/s
Real                 0                0
User                 0                0
Syst                 0                0
time for bc evaluation
TIME___________Total/s__________Delta/s
Real                 0                0
User                 0                0
Syst                 0                0
time for matrix compression
TIME___________Total/s__________Delta/s
Real                 0                0
User                 0                0
Syst                 0                0
time for the rest
TIME___________Total/s__________Delta/s
Real                 0                0
User                 0                0
Syst                 0                0
Start solving 

TIME ======== Total/s ======== Delta/s
Real             4.49             3.21


TIME ======== Total/s ======== Delta/s
Real             4.54             0.05


Excitation bc(WavePort1)0: Euclidian r.h.s. norm   = 631655
Excitation bc(WavePort1)0: Euclidian residual norm = 4.74575e-09

Solution of Excitation bc(WavePort1)0 statistic
Excitation bc(WavePort1)0: Euclidian residual norm = 7.5132e-15

TIME ======== Total/s ======== Delta/s
Real             4.72             0.18


Excitation bc(WavePort2)0: Euclidian r.h.s. norm   = 631655
Excitation bc(WavePort2)0: Euclidian residual norm = 2.20846e-09

Solution of Excitation bc(WavePort2)0 statistic
Excitation bc(WavePort2)0: Euclidian residual norm = 3.4963e-15

TIME ======== Total/s ======== Delta/s
Real              4.9             0.18


Excitation bc(WavePort3)0: Euclidian r.h.s. norm   = 631655
Excitation bc(WavePort3)0: Euclidian residual norm = 2.56609e-09

Solution of Excitation bc(WavePort3)0 statistic
Excitation bc(WavePort3)0: Euclidian residual norm = 4.06249e-15

TIME ======== Total/s ======== Delta/s
Real             5.08             0.18


Excitation bc(WavePort4)0: Euclidian r.h.s. norm   = 631655
Excitation bc(WavePort4)0: Euclidian residual norm = 2.61542e-09

Solution of Excitation bc(WavePort4)0 statistic
Excitation bc(WavePort4)0: Euclidian residual norm = 4.14058e-15

done
