#
# An unexpected error has been detected by Java Runtime Environment:
#
#  EXCEPTION_ACCESS_VIOLATION (0xc0000005) at pc=0x0000000011b15110, pid=744, tid=2932
#
# Java VM: Java HotSpot(TM) 64-Bit Server VM (1.6.0-b105 mixed mode)
# Problematic frame:
# C  [awt.dll+0x185110]
#
# If you would like to submit a bug report, please visit:
#   http://java.sun.com/webapps/bugreport/crash.jsp
#

---------------  T H R E A D  ---------------

Current thread (0x0000000015447000):  JavaThread "AWT-EventQueue-0" [_thread_in_native, id=2932]

siginfo: ExceptionCode=0xc0000005, reading address 0xffffffffffffffff

Registers:
EAX=0x88000017176d49c1, EBX=0x0000000000000001, ECX=0x000000001537cc20, EDX=0x000000001537cc30
ESP=0x0000000015bfebd0, EBP=0x0000000015451830, ESI=0x0000000015447190, EDI=0x0000000000000000
EIP=0x0000000011b15110, EFLAGS=0x0000000000010206

Top of Stack: (sp=0x0000000015bfebd0)
0x0000000015bfebd0:   0000000015447000 0000000000000000
0x0000000015bfebe0:   0000000015bfed20 0000000016c33c48
0x0000000015bfebf0:   0000000000000001 0000000011b16dd3
0x0000000015bfec00:   0000000000000001 0000000015451830
0x0000000015bfec10:   0000000015447190 0000000000000000
0x0000000015bfec20:   00000000156d3b50 00000000178ddcc8
0x0000000015bfec30:   0000000000000004 00000000160ed810
0x0000000015bfec40:   0000000000000000 0000000000000000
0x0000000015bfec50:   0000000000000001 0000000000000102
0x0000000015bfec60:   00000000122a308e 0000000000000001
0x0000000015bfec70:   0000000015bfecf8 00000000122afc24
0x0000000015bfec80:   0000000000000000 0000000027a53568
0x0000000015bfec90:   0000000000000000 0000000016c33c48
0x0000000015bfeca0:   0000000027a534f0 0000000000000000
0x0000000015bfecb0:   0000000015bfeca0 0000000015bfecb8
0x0000000015bfecc0:   0000000000000000 0000000015bfed20 

Instructions: (pc=0x0000000011b15110)
0x0000000011b15100:   e8 5b 72 f9 ff 48 8b 0d 04 9a 08 00 48 8b 04 d8
0x0000000011b15110:   48 8b 58 30 e8 67 72 f9 ff 48 8b c3 48 83 c4 20 


Stack: [0x0000000015b80000,0x0000000015c00000),  sp=0x0000000015bfebd0,  free space=506k
Native frames: (J=compiled Java code, j=interpreted, Vv=VM code, C=native code)
C  [awt.dll+0x185110]

Java frames: (J=compiled Java code, j=interpreted, Vv=VM code)
j  sun.awt.Win32GraphicsConfig.getBounds(I)Ljava/awt/Rectangle;+0
j  sun.awt.Win32GraphicsConfig.getBounds()Ljava/awt/Rectangle;+8
j  com.mathworks.mwswing.WindowUtils.getVirtualScreenBounds()Ljava/awt/Rectangle;+98
j  com.mathworks.mwswing.MJUtilities.getVirtualScreenBounds()Ljava/awt/Rectangle;+0
j  com.mathworks.mwswing.desk.DTMultipleClientFrame.refineLocation(Lcom/mathworks/mwswing/desk/DTFloatingLocation;)Lcom/mathworks/mwswing/desk/DTFloatingLocation;+254
j  com.mathworks.mwswing.desk.DTMultipleClientFrame.<init>(Lcom/mathworks/mwswing/desk/Desktop;Ljava/lang/String;Ljavax/swing/Icon;Lcom/mathworks/mwswing/desk/DTGroup;Z)V+135
j  com.mathworks.mde.desk.MLMultipleClientFrame.<init>(Lcom/mathworks/mwswing/desk/Desktop;Ljava/lang/String;Ljavax/swing/Icon;Lcom/mathworks/mwswing/desk/DTGroup;Z)V+8
j  com.mathworks.mde.desk.MLDesktop.createUndockedFrame(Lcom/mathworks/mwswing/desk/DTGroup;)Lcom/mathworks/mwswing/desk/DTMultipleClientFrame;+15
j  com.mathworks.mwswing.desk.Desktop.setClientShowing(Lcom/mathworks/mwswing/desk/DTClient;ZLcom/mathworks/mwswing/desk/DTLocation;ZZ)V+367
j  com.mathworks.mwswing.desk.Desktop.showClientHelper(Ljava/awt/Component;Lcom/mathworks/mwswing/desk/DTLocation;ZZ)V+49
j  com.mathworks.mwswing.desk.Desktop.showClient(Ljava/awt/Component;Lcom/mathworks/mwswing/desk/DTLocation;Z)V+13
j  com.mathworks.mde.desk.MLDesktop.showClient(Ljava/awt/Component;Lcom/mathworks/mwswing/desk/DTLocation;Z)V+31
j  com.mathworks.hg.peer.FigureClientProxy.showClient(Lcom/mathworks/mwswing/desk/DTLocation;)V+17
j  com.mathworks.hg.peer.FigureClientProxy.showClient(Z)V+19
j  com.mathworks.hg.peer.FigureMediator.showClient(Z)V+22
j  com.mathworks.hg.peer.FigurePeer.show()V+115
j  com.mathworks.hg.peer.FigurePeer.doSetFigureVisible(ZZ)V+77
j  com.mathworks.hg.peer.FigurePeer$23.run()V+12
j  com.mathworks.hg.util.HGPeerQueue$HGPeerRunnablesRunner.runit(Z[I)V+205
j  com.mathworks.hg.util.HGPeerQueue$HGPeerRunnablesRunner.runThese(I)V+9
j  com.mathworks.hg.util.HGPeerQueue$HGPeerRunnablesRunner.run()V+68
J  java.awt.event.InvocationEvent.dispatch()V
J  java.awt.EventDispatchThread.pumpOneEventForFilters(I)Z
J  java.awt.EventDispatchThread.pumpEventsForFilter(ILjava/awt/Conditional;Ljava/awt/EventFilter;)V
j  java.awt.EventDispatchThread.pumpEventsForHierarchy(ILjava/awt/Conditional;Ljava/awt/Component;)V+11
j  java.awt.EventDispatchThread.pumpEvents(ILjava/awt/Conditional;)V+4
j  java.awt.EventDispatchThread.pumpEvents(Ljava/awt/Conditional;)V+3
j  java.awt.EventDispatchThread.run()V+9
v  ~StubRoutines::call_stub

---------------  P R O C E S S  ---------------

Java Threads: ( => current thread )
  0x000000002f65fc00 JavaThread "Inactive RequestProcessor thread [Was:TimedSoftReference/org.openide.util.TimedSoftReference]" daemon [_thread_blocked, id=3132]
  0x000000001579c000 JavaThread "Thread-2047" [_thread_blocked, id=4288]
  0x000000002f660400 JavaThread "Thread-2046" [_thread_blocked, id=4604]
  0x000000002f65e000 JavaThread "Thread-2045" [_thread_blocked, id=4040]
  0x000000002f65ec00 JavaThread "Thread-2044" [_thread_blocked, id=4520]
  0x000000002f65e800 JavaThread "Thread-2043" [_thread_blocked, id=4184]
  0x000000002f65d800 JavaThread "Thread-2042" [_thread_blocked, id=4508]
  0x000000002f65d000 JavaThread "Thread-2041" [_thread_blocked, id=4968]
  0x0000000015a89800 JavaThread "Thread-2040" [_thread_blocked, id=4092]
  0x0000000015a89000 JavaThread "Thread-2039" [_thread_blocked, id=432]
  0x0000000015a87c00 JavaThread "Thread-2038" [_thread_blocked, id=956]
  0x0000000015a87400 JavaThread "Thread-2037" [_thread_blocked, id=3964]
  0x0000000015a86400 JavaThread "Thread-2036" [_thread_blocked, id=4384]
  0x0000000015a86c00 JavaThread "Thread-2035" [_thread_blocked, id=4964]
  0x000000001579e400 JavaThread "Thread-2034" [_thread_blocked, id=4832]
  0x000000001579b800 JavaThread "Thread-2033" [_thread_blocked, id=4692]
  0x0000000015a86000 JavaThread "Thread-2032" [_thread_blocked, id=4432]
  0x000000001594e400 JavaThread "Thread-2031" [_thread_blocked, id=2356]
  0x000000001594cc00 JavaThread "Thread-2030" [_thread_blocked, id=3536]
  0x000000001579d400 JavaThread "Thread-2029" [_thread_blocked, id=4680]
  0x000000001594dc00 JavaThread "Thread-2028" [_thread_blocked, id=5068]
  0x000000001594d400 JavaThread "Thread-2027" [_thread_blocked, id=4252]
  0x000000001594c800 JavaThread "Thread-2026" [_thread_blocked, id=4108]
  0x000000001594ac00 JavaThread "Thread-2025" [_thread_blocked, id=596]
  0x000000001594c000 JavaThread "Thread-2024" [_thread_blocked, id=1352]
  0x000000001594b800 JavaThread "Thread-2023" [_thread_blocked, id=4156]
  0x000000001594b000 JavaThread "Thread-2022" [_thread_blocked, id=4236]
  0x0000000015949c00 JavaThread "Thread-2021" [_thread_blocked, id=4844]
  0x000000001594a400 JavaThread "Thread-2020" [_thread_blocked, id=2504]
  0x000000001579dc00 JavaThread "Thread-2019" [_thread_blocked, id=5048]
  0x0000000015949400 JavaThread "Thread-2018" [_thread_blocked, id=4888]
  0x000000001579c800 JavaThread "Timer-5" [_thread_blocked, id=4044]
  0x000000001579cc00 JavaThread "Prefs Updater" [_thread_blocked, id=2296]
  0x0000000015949000 JavaThread "Active Reference Queue Daemon" daemon [_thread_blocked, id=3584]
  0x0000000015948800 JavaThread "Timer-3" daemon [_thread_blocked, id=1348]
  0x0000000015947800 JavaThread "Timer-2" daemon [_thread_blocked, id=3896]
  0x000000001556a000 JavaThread "TimerQueue" daemon [_thread_blocked, id=3852]
=>0x0000000015447000 JavaThread "AWT-EventQueue-0" [_thread_in_native, id=2932]
  0x00000000153ecc00 JavaThread "AWT-Windows" daemon [_thread_in_native, id=2872]
  0x00000000153ea400 JavaThread "AWT-Shutdown" [_thread_blocked, id=3508]
  0x00000000153ea000 JavaThread "Java2D Disposer" daemon [_thread_blocked, id=3748]
  0x00000000112acc00 JavaThread "Timer-0" [_thread_blocked, id=2204]
  0x0000000011249400 JavaThread "Low Memory Detector" daemon [_thread_blocked, id=3744]
  0x0000000011241000 JavaThread "CompilerThread1" daemon [_thread_blocked, id=2972]
  0x000000001123dc00 JavaThread "CompilerThread0" daemon [_thread_blocked, id=3888]
  0x0000000011239c00 JavaThread "Attach Listener" daemon [_thread_blocked, id=2416]
  0x0000000011221c00 JavaThread "Finalizer" daemon [_thread_blocked, id=3316]
  0x000000001121b800 JavaThread "Reference Handler" daemon [_thread_blocked, id=3700]
  0x000000000442ec00 JavaThread "main" [_thread_in_native, id=1216]

Other Threads:
  0x0000000011217400 VMThread [id=3240]
  0x0000000011298c00 WatcherThread [id=764]

VM state:not at safepoint (normal execution)

VM Mutex/Monitor currently owned by a thread: None

Heap
 PSYoungGen      total 11456K, used 7677K [0x00000000273c0000, 0x0000000028010000, 0x000000002a4c0000)
  eden space 10560K, 64% used [0x00000000273c0000,0x0000000027a66c00,0x0000000027e10000)
  from space 896K, 96% used [0x0000000027e30000,0x0000000027f08a38,0x0000000027f10000)
  to   space 1024K, 0% used [0x0000000027f10000,0x0000000027f10000,0x0000000028010000)
 PSOldGen        total 87488K, used 69383K [0x000000001e0c0000, 0x0000000023630000, 0x00000000273c0000)
  object space 87488K, 79% used [0x000000001e0c0000,0x0000000022481ce8,0x0000000023630000)
 PSPermGen       total 81280K, used 45166K [0x00000000160c0000, 0x000000001b020000, 0x000000001e0c0000)
  object space 81280K, 55% used [0x00000000160c0000,0x0000000018cdbb08,0x000000001b020000)

Dynamic libraries:
0x0000000140000000 - 0x0000000140138000 	C:\Program Files\MATLAB\R2008a\bin\win64\MATLAB.exe
0x0000000077540000 - 0x00000000776c0000 	C:\Windows\system32\ntdll.dll
0x0000000077340000 - 0x000000007746b000 	C:\Windows\system32\kernel32.dll
0x0000000180000000 - 0x0000000180401000 	C:\Program Files\MATLAB\R2008a\bin\win64\libut.dll
0x000007fefe240000 - 0x000007fefe257000 	C:\Windows\system32\imagehlp.dll
0x000007fefe100000 - 0x000007fefe19c000 	C:\Windows\system32\msvcrt.dll
0x00000000776c0000 - 0x00000000776c9000 	C:\Windows\system32\PSAPI.DLL
0x0000000001050000 - 0x0000000001078000 	C:\Program Files\MATLAB\R2008a\bin\win64\LIBEXPAT.dll
0x00000000747c0000 - 0x0000000074889000 	C:\Windows\WinSxS\amd64_microsoft.vc80.crt_1fc8b3b9a1e18e3b_8.0.50727.1434_none_88de292b2fb06019\MSVCR80.dll
0x000000004a800000 - 0x000000004a917000 	C:\Program Files\MATLAB\R2008a\bin\win64\icuuc36.dll
0x000007fefe300000 - 0x000007fefe408000 	C:\Windows\system32\ADVAPI32.dll
0x000007fefdeb0000 - 0x000007fefdfef000 	C:\Windows\system32\RPCRT4.dll
0x00000000010a0000 - 0x00000000010a3000 	C:\Program Files\MATLAB\R2008a\bin\win64\icudt36.dll
0x000000004ab00000 - 0x000000004ab0f000 	C:\Program Files\MATLAB\R2008a\bin\win64\icuio36.dll
0x0000000001950000 - 0x0000000001a56000 	C:\Program Files\MATLAB\R2008a\bin\win64\icuin36.dll
0x00000000746b0000 - 0x00000000747b9000 	C:\Windows\WinSxS\amd64_microsoft.vc80.crt_1fc8b3b9a1e18e3b_8.0.50727.1434_none_88de292b2fb06019\MSVCP80.dll
0x0000000077470000 - 0x000000007753d000 	C:\Windows\system32\USER32.dll
0x000007fefe290000 - 0x000007fefe2f3000 	C:\Windows\system32\GDI32.dll
0x0000000001a60000 - 0x0000000001bd4000 	C:\Program Files\MATLAB\R2008a\bin\win64\libmwservices.dll
0x0000000001be0000 - 0x0000000001c50000 	C:\Program Files\MATLAB\R2008a\bin\win64\libmx.dll
0x0000000001100000 - 0x0000000001117000 	C:\Program Files\MATLAB\R2008a\bin\win64\zlib1.dll
0x0000000001c50000 - 0x0000000001cf8000 	C:\Program Files\MATLAB\R2008a\bin\win64\libmwmathutil.dll
0x0000000001d00000 - 0x0000000001d55000 	C:\Program Files\MATLAB\R2008a\bin\win64\mpath.dll
0x0000000001d60000 - 0x0000000001d81000 	C:\Program Files\MATLAB\R2008a\bin\win64\mlutil.dll
0x000007fefb420000 - 0x000007fefb4c0000 	C:\Windows\WinSxS\amd64_microsoft.windows.common-controls_6595b64144ccf1df_5.82.6001.18000_none_40ba501d3c2b20ff\COMCTL32.dll
0x000007feff570000 - 0x000007feff5fc000 	C:\Windows\system32\comdlg32.dll
0x000007fefdd30000 - 0x000007fefdda3000 	C:\Windows\system32\SHLWAPI.dll
0x000007fefe5f0000 - 0x000007feff242000 	C:\Windows\system32\SHELL32.dll
0x000007fefd890000 - 0x000007fefd933000 	C:\Windows\system32\NETAPI32.dll
0x000007feff340000 - 0x000007feff384000 	C:\Windows\system32\WS2_32.dll
0x000007feff600000 - 0x000007feff607000 	C:\Windows\system32\NSI.dll
0x0000000001d90000 - 0x0000000001de5000 	C:\Program Files\MATLAB\R2008a\bin\win64\mcr.dll
0x0000000001e00000 - 0x0000000001e25000 	C:\Program Files\MATLAB\R2008a\bin\win64\iqm.dll
0x0000000001e40000 - 0x0000000001e61000 	C:\Program Files\MATLAB\R2008a\bin\win64\bridge.dll
0x0000000001e80000 - 0x0000000001e91000 	C:\Program Files\MATLAB\R2008a\bin\win64\libmex.dll
0x0000000001eb0000 - 0x0000000001f3c000 	C:\Program Files\MATLAB\R2008a\bin\win64\m_dispatcher.dll
0x0000000001f50000 - 0x0000000001f75000 	C:\Program Files\MATLAB\R2008a\bin\win64\datasvcs.dll
0x0000000012000000 - 0x0000000012295000 	C:\Program Files\MATLAB\R2008a\bin\win64\xerces-c_2_7.dll
0x0000000001fa0000 - 0x0000000002831000 	C:\Program Files\MATLAB\R2008a\bin\win64\m_interpreter.dll
0x0000000002850000 - 0x0000000002881000 	C:\Program Files\MATLAB\R2008a\bin\win64\libmat.dll
0x00000000028a0000 - 0x00000000029a5000 	C:\Program Files\MATLAB\R2008a\bin\win64\libhdf5.dll
0x00000000029b0000 - 0x0000000002a1f000 	C:\Program Files\MATLAB\R2008a\bin\win64\profiler.dll
0x0000000002a30000 - 0x0000000002a3a000 	C:\Program Files\MATLAB\R2008a\bin\win64\libmwmathrng.dll
0x0000000002a50000 - 0x0000000002a6a000 	C:\Program Files\MATLAB\R2008a\bin\win64\m_pcodeio.dll
0x0000000002a80000 - 0x0000000002aca000 	C:\Program Files\MATLAB\R2008a\bin\win64\m_ir.dll
0x0000000002ae0000 - 0x000000000309b000 	C:\Program Files\MATLAB\R2008a\bin\win64\m_parser.dll
0x00000000030b0000 - 0x00000000030c2000 	C:\Program Files\MATLAB\R2008a\bin\win64\ir_xfmr.dll
0x00000000030e0000 - 0x00000000032fb000 	C:\Program Files\MATLAB\R2008a\bin\win64\mcos.dll
0x0000000003310000 - 0x000000000331c000 	C:\Program Files\MATLAB\R2008a\bin\win64\mtok.dll
0x0000000003330000 - 0x0000000003350000 	C:\Program Files\MATLAB\R2008a\bin\win64\m_pcodegen.dll
0x000007fef9fa0000 - 0x000007fefa0b3000 	C:\Windows\system32\dbghelp.dll
0x0000000003360000 - 0x0000000003370000 	C:\Program Files\MATLAB\R2008a\bin\win64\boost_thread-vc80-mt-1_34_1.dll
0x0000000003380000 - 0x0000000003440000 	C:\Program Files\MATLAB\R2008a\bin\win64\udd.dll
0x0000000003450000 - 0x0000000003592000 	C:\Program Files\MATLAB\R2008a\bin\win64\libmwgui.dll
0x00000000035b0000 - 0x00000000037ea000 	C:\Program Files\MATLAB\R2008a\bin\win64\hg.dll
0x0000000003800000 - 0x0000000003856000 	C:\Program Files\MATLAB\R2008a\bin\win64\jmi.dll
0x0000000003870000 - 0x00000000038ae000 	C:\Program Files\MATLAB\R2008a\bin\win64\libmwhardcopy.dll
0x00000000038c0000 - 0x000000000391c000 	C:\Program Files\MATLAB\R2008a\bin\win64\libuij.dll
0x0000000003930000 - 0x0000000003bbc000 	C:\Program Files\MATLAB\R2008a\bin\win64\numerics.dll
0x0000000003bd0000 - 0x0000000003bdc000 	C:\Program Files\MATLAB\R2008a\bin\win64\libmwblas.dll
0x0000000003bf0000 - 0x0000000003bff000 	C:\Program Files\MATLAB\R2008a\bin\win64\libmwbinder.dll
0x0000000003c10000 - 0x0000000003c34000 	C:\Program Files\MATLAB\R2008a\bin\win64\libmwlapack.dll
0x0000000003c50000 - 0x0000000003c5b000 	C:\Program Files\MATLAB\R2008a\bin\win64\libmwfftw.dll
0x0000000003c70000 - 0x0000000003ca5000 	C:\Program Files\MATLAB\R2008a\bin\win64\libmwrookfastbp.dll
0x0000000003cc0000 - 0x0000000003cee000 	C:\Program Files\MATLAB\R2008a\bin\win64\libmwma57.dll
0x0000000010000000 - 0x00000000100d3000 	C:\Program Files\MATLAB\R2008a\bin\win64\libifcoremd.dll
0x0000000003d00000 - 0x0000000003f1d000 	C:\Program Files\MATLAB\R2008a\bin\win64\libmmd.dll
0x0000000003f20000 - 0x0000000003f29000 	C:\Program Files\MATLAB\R2008a\bin\win64\libmwcsparse.dll
0x0000000003f40000 - 0x000000000400a000 	C:\Program Files\MATLAB\R2008a\bin\win64\libmwumfpack.dll
0x0000000004020000 - 0x000000000402d000 	C:\Program Files\MATLAB\R2008a\bin\win64\libmwamd.dll
0x0000000004040000 - 0x00000000040d2000 	C:\Program Files\MATLAB\R2008a\bin\win64\libmwcholmod.dll
0x00000000040f0000 - 0x00000000040fc000 	C:\Program Files\MATLAB\R2008a\bin\win64\libmwcolamd.dll
0x0000000004110000 - 0x00000000041c9000 	C:\Program Files\MATLAB\R2008a\bin\win64\uiw.dll
0x00000000041e0000 - 0x00000000041ea000 	C:\Program Files\MATLAB\R2008a\bin\win64\uinone.dll
0x0000000065990000 - 0x0000000065b2b000 	C:\Windows\WinSxS\amd64_microsoft.vc80.mfc_1fc8b3b9a1e18e3b_8.0.50727.762_none_c46a533c8a667ee7\MFC80.DLL
0x000007fef9040000 - 0x000007fef9098000 	C:\Windows\system32\WINSPOOL.DRV
0x000007fefe410000 - 0x000007fefe5e8000 	C:\Windows\system32\ole32.dll
0x000007feff250000 - 0x000007feff323000 	C:\Windows\system32\OLEAUT32.dll
0x0000000004200000 - 0x0000000004290000 	C:\Program Files\MATLAB\R2008a\bin\win64\udd_mi.dll
0x00000000042a0000 - 0x00000000042b8000 	C:\Program Files\MATLAB\R2008a\bin\win64\mwoles05.DLL
0x00000000042d0000 - 0x0000000004339000 	C:\Program Files\MATLAB\R2008a\bin\win64\comcli.dll
0x000000006a0d0000 - 0x000000006a0ef000 	C:\Windows\WinSxS\amd64_microsoft.vc80.atl_1fc8b3b9a1e18e3b_8.0.50727.762_none_ca3f79d486b08636\ATL80.DLL
0x0000000004350000 - 0x000000000435e000 	C:\Program Files\MATLAB\R2008a\bin\win64\mlautoregister.dll
0x000007fefe260000 - 0x000007fefe28d000 	C:\Windows\system32\IMM32.DLL
0x000007fefdff0000 - 0x000007fefe0f1000 	C:\Windows\system32\MSCTF.dll
0x000007feff330000 - 0x000007feff33d000 	C:\Windows\system32\LPK.DLL
0x000007fefdc90000 - 0x000007fefdd2a000 	C:\Windows\system32\USP10.dll
0x000007fefc540000 - 0x000007fefc739000 	C:\Windows\WinSxS\amd64_microsoft.windows.common-controls_6595b64144ccf1df_6.0.6001.18000_none_152e7382f3bd50c6\comctl32.dll
0x0000000007bb0000 - 0x000000000857e000 	C:\Program Files\MATLAB\R2008a\bin\win64\mkl.dll
0x0000000004530000 - 0x000000000457b000 	C:\Program Files\MATLAB\R2008a\bin\win64\libguide40.dll
0x0000000004410000 - 0x0000000004418000 	C:\Program Files\MATLAB\R2008a\bin\win64\mklcompat.dll
0x0000000008580000 - 0x0000000008b27000 	C:\Program Files\MATLAB\R2008a\bin\win64\mllapack.dll
0x00000000076a0000 - 0x0000000007743000 	C:\Program Files\MATLAB\R2008a\bin\win64\libfftw3.dll
0x0000000007850000 - 0x000000000793e000 	C:\Program Files\MATLAB\R2008a\bin\win64\libfftw3f.dll
0x000000006ffc0000 - 0x000000006ffcd000 	C:\Windows\WinSxS\amd64_microsoft.vc80.mfcloc_1fc8b3b9a1e18e3b_8.0.50727.762_none_fc42961a63b5a82b\MFC80ENU.DLL
0x000007fefc8e0000 - 0x000007fefc931000 	C:\Windows\system32\uxtheme.dll
0x000007fefe1a0000 - 0x000007fefe239000 	C:\Windows\system32\CLBCatQ.DLL
0x000000006d820000 - 0x000000006d824000 	C:\Windows\system32\icmp.Dll
0x000007fefd300000 - 0x000007fefd323000 	C:\Windows\system32\iphlpapi.dll
0x000007fefd2b0000 - 0x000007fefd2f5000 	C:\Windows\system32\dhcpcsvc.DLL
0x000007fefd5c0000 - 0x000007fefd5f9000 	C:\Windows\system32\DNSAPI.dll
0x000007fefdae0000 - 0x000007fefdafc000 	C:\Windows\system32\Secur32.dll
0x000007fefd2a0000 - 0x000007fefd2aa000 	C:\Windows\system32\WINNSI.DLL
0x000007fefd270000 - 0x000007fefd29b000 	C:\Windows\system32\dhcpcsvc6.DLL
0x000007fefbd40000 - 0x000007fefbd53000 	C:\Windows\system32\NLAapi.dll
0x000007fef9e20000 - 0x000007fef9e33000 	C:\Windows\system32\napinsp.dll
0x000007fef9aa0000 - 0x000007fef9ab7000 	C:\Windows\system32\pnrpnsp.dll
0x000007fefd050000 - 0x000007fefd09f000 	C:\Windows\System32\mswsock.dll
0x000007fef9ea0000 - 0x000007fef9eab000 	C:\Windows\System32\winrnr.dll
0x000007feff610000 - 0x000007feff665000 	C:\Windows\system32\WLDAP32.dll
0x0000000016080000 - 0x00000000160b5000 	C:\Program Files\Bonjour\mdnsNSP.dll
0x000007fefa6c0000 - 0x000007fefa6c8000 	C:\Windows\system32\rasadhlp.dll
0x0000000007340000 - 0x000000000734c000 	C:\Windows\system32\avsda64.dll
0x000007fefcd70000 - 0x000007fefcd77000 	C:\Windows\System32\wshtcpip.dll
0x000007feff390000 - 0x000007feff56b000 	C:\Windows\system32\SETUPAPI.dll
0x000000000eb90000 - 0x000000000f0e1000 	C:\Program Files\MATLAB\R2008a\sys\java\jre\win64\jre1.6.0\bin\server\jvm.dll
0x000007fefc290000 - 0x000007fefc2c9000 	C:\Windows\system32\WINMM.dll
0x000007fefc240000 - 0x000007fefc28f000 	C:\Windows\system32\OLEACC.dll
0x0000000007380000 - 0x000000000738a000 	C:\Program Files\MATLAB\R2008a\sys\java\jre\win64\jre1.6.0\bin\hpi.dll
0x00000000073a0000 - 0x00000000073ae000 	C:\Program Files\MATLAB\R2008a\sys\java\jre\win64\jre1.6.0\bin\verify.dll
0x00000000074c0000 - 0x00000000074e7000 	C:\Program Files\MATLAB\R2008a\sys\java\jre\win64\jre1.6.0\bin\java.dll
0x00000000074f0000 - 0x0000000007502000 	C:\Program Files\MATLAB\R2008a\sys\java\jre\win64\jre1.6.0\bin\zip.dll
0x0000000007820000 - 0x0000000007836000 	C:\Program Files\MATLAB\R2008a\bin\win64\nativejava.dll
0x0000000007940000 - 0x0000000007956000 	C:\Program Files\MATLAB\R2008a\bin\win64\nativejmi.dll
0x0000000007750000 - 0x0000000007757000 	C:\Program Files\MATLAB\R2008a\bin\win64\nativeservices.dll
0x0000000011990000 - 0x0000000011be0000 	C:\Program Files\MATLAB\R2008a\sys\java\jre\win64\jre1.6.0\bin\awt.dll
0x0000000011d60000 - 0x0000000011dc9000 	C:\Program Files\MATLAB\R2008a\sys\java\jre\win64\jre1.6.0\bin\fontmanager.dll
0x0000000007970000 - 0x0000000007987000 	C:\Program Files\MATLAB\R2008a\sys\java\jre\win64\jre1.6.0\bin\net.dll

VM Arguments:
jvm_args: -Xss512k -XX:PermSize=32M -Xms64m -XX:NewRatio=3 -XX:MaxPermSize=128M -Xmx196m -XX:MaxDirectMemorySize=2147400000 -Dsun.java2d.noddraw=true -Dsun.awt.nopixfmt=true -Xshare:off -Xrs -Djava.library.path=C:\Program Files\MATLAB\R2008a\bin\win64 vfprintf abort
java_command: <unknown>
Launcher Type: generic

Environment Variables:
CLASSPATH=.;C:\Program Files (x86)\Java\jre1.6.0_07\lib\ext\QTJava.zip
PATH=C:\Program Files (x86)\MiKTeX 2.7\miktex\bin;C:\Program Files\Intel\MKL\9.1.027\em64t\bin;C:\Windows\system32;C:\Windows;C:\Windows\system32\wbem;c:\program files (x86)\microsoft sql server\90\tools\binn\;C:\Program Files\MATLAB\R2008a\bin;C:\Program Files\MATLAB\R2008a\bin\win64;C:\Program Files\MATLAB\R2007b\bin;C:\Program Files\MATLAB\R2007b\bin\win64;C:\Program Files\MATLAB\R2007a\bin;C:\Program Files\MATLAB\R2007a\bin\win64;C:\Program Files\Hummingbird\Connectivity\11.00\Accessories\;;C:\work\bin;C:\Program Files (x86)\Intel\Compiler\Fortran\10.1.019\\EM64T\Lib;C:\Program Files (x86)\QuickTime\QTSystem\;C:\Program Files (x86)\IDM Computer Solutions\UltraEdit-32
USERNAME=Ortwin
OS=Windows_NT
PROCESSOR_IDENTIFIER=AMD64 Family 15 Model 67 Stepping 2, AuthenticAMD



---------------  S Y S T E M  ---------------

OS: Windows Vista Build 6001 Service Pack 1

CPU:total 2 amd64 3dnow ht

Memory: 4k page, physical 4192912k(2192120k free), swap 8613208k(6557444k free)

vm_info: Java HotSpot(TM) 64-Bit Server VM (1.6.0-b105) for windows-amd64, built on Nov 29 2006 00:38:01 by "java_re" with unknown MS VC++:1400

