Units settings: 

  Dimensions: cm
  Frequency:  GHz
  Time:       ns

--------------------------------------------------------------------------------
Boundary conditions: 

  YZsymmetry: none
  XZsymmetry: magnetic
  XYsymmetry: none

  Xmin: expanded open
  Xmax: expanded open

  Ymin: expanded open
  Ymax: expanded open

  Zmin: electric
  Zmax: expanded open

--------------------------------------------------------------------------------
  Mesh time                :	5 s

--------------------------------------------------------------------------------

================================================================================
Frequency Domain Solver calculation cycle started

--------------------------------------------------------------------------------
Build version: 2009.6 Release from 2009-04-28 (change 97074)
Solver module: Frequency Domain: S-Parameter (Win 64)

--------------------------------------------------------------------------------
  Calculation 1 of 1 (Frequency: 2.98 GHz)

--------------------------------------------------------------------------------
  ----------------------------------------------------------------------------
  Port   Mode   Type        Z-Wave        Z-Wave-Sigma  Z-Line        F-Cutoff
  1      1      TEM         245           3.83          50.4          0.0
  ----------------------------------------------------------------------------

--------------------------------------------------------------------------------
Adaptive mesh refinement pass 1

--------------------------------------------------------------------------------
  Matrix setup time        :	2 s
  Solver setup             :	39 s
  Degrees of freedom       :	183215

  Stimulation port         :	1
  Mode number              :	1
  Accuracy                 :	4.54736e-006
  Iterations               :	1
  Solver time              :	1 s

--------------------------------------------------------------------------------
Adaptive mesh refinement pass 2

--------------------------------------------------------------------------------
  Matrix setup time        :	2 s
  Solver setup             :	38 s
  Degrees of freedom       :	193003

  Stimulation port         :	1
  Mode number              :	1
  Accuracy                 :	3.59112e-005
  Iterations               :	1
  Solver time              :	1 s

--------------------------------------------------------------------------------
Adaptive mesh refinement pass 3

--------------------------------------------------------------------------------
  Matrix setup time        :	3 s
  Solver setup             :	37 s
  Degrees of freedom       :	204435

  Stimulation port         :	1
  Mode number              :	1
  Accuracy                 :	1.46651e-005
  Iterations               :	1
  Solver time              :	1 s

--------------------------------------------------------------------------------
Adaptive mesh refinement pass 4

--------------------------------------------------------------------------------
  Matrix setup time        :	3 s
  Solver setup             :	38 s
  Degrees of freedom       :	217201

  Stimulation port         :	1
  Mode number              :	1
  Accuracy                 :	2.28172e-005
  Iterations               :	1
  Solver time              :	1 s

--------------------------------------------------------------------------------
Adaptive mesh refinement pass 5

--------------------------------------------------------------------------------
  Matrix setup time        :	4 s
  Solver setup             :	43 s
  Degrees of freedom       :	245829

  Stimulation port         :	1
  Mode number              :	1
  Accuracy                 :	3.98773e-005
  Iterations               :	1
  Solver time              :	1 s

--------------------------------------------------------------------------------
Adaptive mesh refinement pass 6

--------------------------------------------------------------------------------
  Matrix setup time        :	3 s
  Solver setup             :	46 s
  Degrees of freedom       :	271949

  Stimulation port         :	1
  Mode number              :	1
  Accuracy                 :	5.37645e-005
  Iterations               :	1
  Solver time              :	1 s

--------------------------------------------------------------------------------
Adaptive mesh refinement pass 7

--------------------------------------------------------------------------------
  Matrix setup time        :	4 s
  Solver setup             :	48 s
  Degrees of freedom       :	319693

  Stimulation port         :	1
  Mode number              :	1
  Accuracy                 :	7.62791e-005
  Iterations               :	1
  Solver time              :	1 s

--------------------------------------------------------------------------------
Adaptive mesh refinement pass 8

--------------------------------------------------------------------------------
  Matrix setup time        :	5 s
  Solver setup             :	52 s
  Degrees of freedom       :	375331

  Stimulation port         :	1
  Mode number              :	1
  Accuracy                 :	1.08927e-006
  Iterations               :	1
  Solver time              :	3 s

--------------------------------------------------------------------------------
Adaptive mesh refinement pass 9

--------------------------------------------------------------------------------
  Matrix setup time        :	5 s
  Solver setup             :	61 s
  Degrees of freedom       :	430443

  Stimulation port         :	1
  Mode number              :	1
  Accuracy                 :	1.61038e-006
  Iterations               :	1
  Solver time              :	3 s

--------------------------------------------------------------------------------
Adaptive mesh refinement pass 10

--------------------------------------------------------------------------------
  Matrix setup time        :	6 s
  Solver setup             :	74 s
  Degrees of freedom       :	486209

  Stimulation port         :	1
  Mode number              :	1
  Accuracy                 :	2.57424e-006
  Iterations               :	1
  Solver time              :	4 s

--------------------------------------------------------------------------------
Adaptive mesh refinement pass 11

--------------------------------------------------------------------------------
  Matrix setup time        :	7 s
  Solver setup             :	76 s
  Degrees of freedom       :	541721

  Stimulation port         :	1
  Mode number              :	1
  Accuracy                 :	3.28769e-006
  Iterations               :	1
  Solver time              :	4 s

--------------------------------------------------------------------------------
Adaptive mesh refinement pass 12

--------------------------------------------------------------------------------
  Matrix setup time        :	7 s
  Solver setup             :	82 s
  Degrees of freedom       :	597845

  Stimulation port         :	1
  Mode number              :	1
  Accuracy                 :	7.46476e-006
  Iterations               :	1
  Solver time              :	5 s

--------------------------------------------------------------------------------
Mesh adaptation terminated because the desired accuracy limit is reached.

--------------------------------------------------------------------------------
  Total time               :	1014 s	 (= 0 h, 16 m, 54 s)

--------------------------------------------------------------------------------

--------------------------------------------------------------------------------
  Calculation 2 (Frequency: 3.2 GHz)

--------------------------------------------------------------------------------
  Matrix setup time        :	7 s
  Solver setup             :	84 s
  Degrees of freedom       :	597845

  Stimulation port         :	1
  Mode number              :	1
  Accuracy                 :	3.43187e-005
  Iterations               :	1
  Solver time              :	3 s

--------------------------------------------------------------------------------
  Total time               :	94 s	 (= 0 h, 01 m, 34 s)

--------------------------------------------------------------------------------

--------------------------------------------------------------------------------
  Calculation 3 (Frequency: 2.8 GHz)

--------------------------------------------------------------------------------
  Matrix setup time        :	7 s
  Solver setup             :	84 s
  Degrees of freedom       :	597845

  Stimulation port         :	1
  Mode number              :	1
  Accuracy                 :	4.2455e-005
  Iterations               :	1
  Solver time              :	2 s

--------------------------------------------------------------------------------
  Total time               :	94 s	 (= 0 h, 01 m, 34 s)

--------------------------------------------------------------------------------

--------------------------------------------------------------------------------
  Calculation 4 (Frequency: 3.09 GHz)

--------------------------------------------------------------------------------
  Matrix setup time        :	6 s
  Solver setup             :	85 s
  Degrees of freedom       :	597845

  Stimulation port         :	1
  Mode number              :	1
  Accuracy                 :	6.18136e-005
  Iterations               :	1
  Solver time              :	3 s

--------------------------------------------------------------------------------
  Total time               :	94 s	 (= 0 h, 01 m, 34 s)

--------------------------------------------------------------------------------

--------------------------------------------------------------------------------
  Calculation 5 (Frequency: 2.9656 GHz)

--------------------------------------------------------------------------------
  Matrix setup time        :	7 s
  Solver setup             :	85 s
  Degrees of freedom       :	597845

  Stimulation port         :	1
  Mode number              :	1
  Accuracy                 :	6.42117e-006
  Iterations               :	1
  Solver time              :	5 s

--------------------------------------------------------------------------------
  Total time               :	97 s	 (= 0 h, 01 m, 37 s)

--------------------------------------------------------------------------------

--------------------------------------------------------------------------------
  Calculation 6 (Frequency: 3.0004 GHz)

--------------------------------------------------------------------------------
  Matrix setup time        :	6 s
  Solver setup             :	86 s
  Degrees of freedom       :	597845

  Stimulation port         :	1
  Mode number              :	1
  Accuracy                 :	5.68163e-006
  Iterations               :	1
  Solver time              :	5 s

--------------------------------------------------------------------------------
  Total time               :	97 s	 (= 0 h, 01 m, 37 s)

--------------------------------------------------------------------------------

--------------------------------------------------------------------------------
  Calculation 7 (Frequency: 2.8856 GHz)

--------------------------------------------------------------------------------
  Matrix setup time        :	7 s
  Solver setup             :	88 s
  Degrees of freedom       :	597845

  Stimulation port         :	1
  Mode number              :	1
  Accuracy                 :	6.82424e-005
  Iterations               :	1
  Solver time              :	2 s

--------------------------------------------------------------------------------
  Total time               :	98 s	 (= 0 h, 01 m, 38 s)

--------------------------------------------------------------------------------

--------------------------------------------------------------------------------
The S-parameter convergence criterion has been satisfied after
calculating 7 frequency samples:

  S-parameter error threshold value : 0.01
  Number of error criterion checks  : 2
  Minimum number of samples         : 3
  S-parameters considered for sweep : All

--------------------------------------------------------------------------------
  Total Solver Time        :	1593 s	 (= 0 h, 26 m, 33 s)
================================================================================


--------------------------------------------------------------------------------
  ----------------------------------------------------------------------------
                      Peak memory used (kB)         Free physical memory (kB) 
                      Physical     Virtual          At begin     Minimum      
  ----------------------------------------------------------------------------
  Solver start        10644        97848            5782156      5781904      
  Eq. system setup    508296       620684           5609776      5097408      
  Eq. system solve    2675940      2880332          5510760      2963788      
  Mesh refinement     464332       576632           5375368      5028492      
  Solver run total    2675940      2880332          5782172      2963788      
  ----------------------------------------------------------------------------

--------------------------------------------------------------------------------
