Frequeny = 1.200000e+001 GHz
S11 mode   1: 1.813992e-002 2.059006e-001 2.066981e-001 1.482923e+000
S11 mode   2: -1.287234e-004 -4.591205e-004 4.768242e-004 -1.844148e+000
S11 mode   3: 5.212150e-003 2.066605e-002 2.131319e-002 1.323740e+000
S11 mode   4: -7.975074e-006 3.897996e-006 8.876721e-006 2.686967e+000
S11 mode   5: 1.684517e-006 2.575054e-004 2.575109e-004 1.564255e+000
S11 mode   6: 2.208722e-005 2.643517e-007 2.208880e-005 1.196796e-002
S11 mode   7: -2.470635e-005 -9.770080e-005 1.007762e-004 -1.818482e+000
S11 mode   8: -1.585243e-005 1.479845e-005 2.168625e-005 2.390567e+000
S11 mode   9: -9.380131e-006 -2.127780e-006 9.618435e-006 -2.918529e+000
S11 mode  10: -1.172922e-005 -1.060520e-005 1.581281e-005 -2.406479e+000
S21 mode   1: 9.746114e-001 -8.607275e-002 9.784048e-001 -8.808641e-002
S21 mode   2: -5.567954e-004 -6.635716e-005 5.607356e-004 -3.022975e+000
S21 mode   3: -2.588248e-002 -2.339529e-003 2.598800e-002 -3.051447e+000
S21 mode   4: -1.834256e-005 -1.591338e-005 2.428343e-005 -2.426989e+000
S21 mode   5: -2.795451e-004 2.854451e-005 2.809987e-004 3.039835e+000
S21 mode   6: -1.564523e-005 1.561692e-005 2.210569e-005 2.357100e+000
S21 mode   7: 1.118882e-004 9.721620e-006 1.123097e-004 8.666926e-002
S21 mode   8: 3.240536e-005 -8.820462e-006 3.358434e-005 -2.657532e-001
S21 mode   9: 3.232744e-006 -1.816779e-006 3.708277e-006 -5.120042e-001
S21 mode  10: -2.253618e-005 -3.580691e-007 2.253902e-005 -3.125705e+000
S12 mode   1: 9.746114e-001 -8.607275e-002 9.784048e-001 -8.808641e-002
S12 mode   2: 5.759970e-004 6.255818e-005 5.793842e-004 1.081845e-001
S12 mode   3: -2.587462e-002 -2.346316e-003 2.598078e-002 -3.051160e+000
S12 mode   4: -4.075363e-006 6.785340e-006 7.915139e-006 2.111666e+000
S12 mode   5: -3.167207e-004 2.180584e-005 3.174704e-004 3.072852e+000
S12 mode   6: -2.309949e-006 -1.779727e-005 1.794655e-005 -1.699867e+000
S12 mode   7: 1.223307e-004 1.114520e-005 1.228374e-004 9.085629e-002
S12 mode   8: -1.676812e-005 1.412177e-005 2.192246e-005 2.441656e+000
S12 mode   9: 3.458813e-006 7.376935e-006 8.147549e-006 1.132363e+000
S12 mode  10: 1.409181e-005 8.509676e-006 1.646188e-005 5.432632e-001
S22 mode   1: 1.822759e-002 2.058928e-001 2.066981e-001 1.482497e+000
S22 mode   2: 1.316163e-004 4.432803e-004 4.624070e-004 1.282173e+000
S22 mode   3: 5.202185e-003 2.067278e-002 2.131729e-002 1.324271e+000
S22 mode   4: 2.121185e-005 1.336812e-005 2.507288e-005 5.623436e-001
S22 mode   5: -9.969237e-006 2.281185e-004 2.283362e-004 1.614471e+000
S22 mode   6: -1.779294e-005 1.402823e-005 2.265788e-005 2.473956e+000
S22 mode   7: -2.200678e-005 -8.940232e-005 9.207102e-005 -1.812152e+000
S22 mode   8: 7.931361e-006 -2.693971e-005 2.808300e-005 -1.284474e+000
S22 mode   9: 1.942969e-006 -2.771772e-006 3.384944e-006 -9.594100e-001
S22 mode  10: 2.465509e-006 1.815108e-005 1.831776e-005 1.435790e+000
Frequeny = 1.205000e+001 GHz
S11 mode   1: 5.205283e-002 2.705017e-001 2.754645e-001 1.380689e+000
S11 mode   2: -1.218114e-004 -4.168825e-004 4.343144e-004 -1.855078e+000
S11 mode   3: 4.860821e-003 1.876355e-002 1.938294e-002 1.317312e+000
S11 mode   4: -8.637374e-006 3.931873e-006 9.490198e-006 2.714409e+000
S11 mode   5: -6.766452e-006 2.352351e-004 2.353324e-004 1.599553e+000
S11 mode   6: 2.354615e-005 -5.567764e-007 2.355274e-005 -2.364177e-002
S11 mode   7: -2.304429e-005 -8.851787e-005 9.146832e-005 -1.825478e+000
S11 mode   8: -1.741658e-005 1.413943e-005 2.243347e-005 2.459675e+000
S11 mode   9: -9.835554e-006 -1.672680e-006 9.976772e-006 -2.973140e+000
S11 mode  10: -1.198718e-005 -9.404891e-006 1.523629e-005 -2.476326e+000
S21 mode   1: 9.439669e-001 -1.817853e-001 9.613113e-001 -1.902469e-001
S21 mode   2: -5.507960e-004 -1.313158e-005 5.509525e-004 -3.117756e+000
S21 mode   3: -2.550638e-002 1.269702e-004 2.550669e-002 3.136615e+000
S21 mode   4: -1.930901e-005 -1.400631e-005 2.385403e-005 -2.514038e+000
S21 mode   5: -2.692500e-004 5.421136e-005 2.746533e-004 2.942907e+000
S21 mode   6: -1.402739e-005 1.715725e-005 2.216165e-005 2.256164e+000
S21 mode   7: 1.100086e-004 -9.188681e-007 1.100125e-004 -8.352497e-003
S21 mode   8: 3.096626e-005 -1.196498e-005 3.319743e-005 -3.687167e-001
S21 mode   9: 2.925086e-006 -2.043926e-006 3.568439e-006 -6.098915e-001
S21 mode  10: -2.213734e-005 1.897248e-006 2.221849e-005 3.056098e+000
S12 mode   1: 9.439669e-001 -1.817853e-001 9.613113e-001 -1.902469e-001
S12 mode   2: 5.692508e-004 7.499970e-006 5.693002e-004 1.317440e-002
S12 mode   3: -2.549923e-002 1.194195e-004 2.549951e-002 3.136909e+000
S12 mode   4: -3.444273e-006 7.121439e-006 7.910620e-006 2.021277e+000
S12 mode   5: -3.063634e-004 5.125584e-005 3.106214e-004 2.975824e+000
S12 mode   6: -3.902585e-006 -1.741424e-005 1.784617e-005 -1.791257e+000
S12 mode   7: 1.203160e-004 -4.802100e-007 1.203170e-004 -3.991218e-003
S12 mode   8: -1.506943e-005 1.558187e-005 2.167676e-005 2.339478e+000
S12 mode   9: 4.122288e-006 6.899306e-006 8.037020e-006 1.032222e+000
S12 mode  10: 1.465940e-005 6.959266e-006 1.622743e-005 4.432285e-001
S22 mode   1: 5.212858e-002 2.704871e-001 2.754645e-001 1.380409e+000
S22 mode   2: 1.255025e-004 4.022109e-004 4.213365e-004 1.268338e+000
S22 mode   3: 4.850304e-003 1.877029e-002 1.938684e-002 1.317925e+000
S22 mode   4: 2.211818e-005 1.143494e-005 2.489923e-005 4.771491e-001
S22 mode   5: -1.795610e-005 2.085452e-004 2.093168e-004 1.656686e+000
S22 mode   6: -1.968337e-005 1.368482e-005 2.397310e-005 2.534063e+000
S22 mode   7: -2.043369e-005 -8.102905e-005 8.356580e-005 -1.817823e+000
S22 mode   8: 9.560335e-006 -2.511205e-005 2.687034e-005 -1.207032e+000
S22 mode   9: 2.098230e-006 -2.551870e-006 3.303726e-006 -8.826453e-001
S22 mode  10: 1.872135e-006 1.664260e-005 1.674757e-005 1.458777e+000
Frequeny = 1.210000e+001 GHz
S11 mode   1: 9.579589e-002 3.241678e-001 3.380260e-001 1.283461e+000
S11 mode   2: -1.084282e-004 -3.795893e-004 3.947718e-004 -1.849033e+000
S11 mode   3: 4.224378e-003 1.709171e-002 1.760602e-002 1.328493e+000
S11 mode   4: -9.292787e-006 4.069762e-006 1.014489e-005 2.728806e+000
S11 mode   5: -1.821235e-005 2.164639e-004 2.172287e-004 1.654734e+000
S11 mode   6: 2.483753e-005 -1.549355e-006 2.488581e-005 -6.229888e-002
S11 mode   7: -2.005018e-005 -8.045421e-005 8.291495e-005 -1.815034e+000
S11 mode   8: -1.903970e-005 1.380239e-005 2.351630e-005 2.514333e+000
S11 mode   9: -1.018156e-005 -1.169073e-006 1.024845e-005 -3.027271e+000
S11 mode  10: -1.200707e-005 -8.247501e-006 1.456678e-005 -2.539722e+000
S21 mode   1: 9.025262e-001 -2.668049e-001 9.411368e-001 -2.874337e-001
S21 mode   2: -5.382632e-004 3.557344e-005 5.394374e-004 3.075599e+000
S21 mode   3: -2.483316e-002 2.370013e-003 2.494599e-002 3.046443e+000
S21 mode   4: -1.996378e-005 -1.211398e-005 2.335168e-005 -2.596190e+000
S21 mode   5: -2.562758e-004 7.666326e-005 2.674968e-004 2.850922e+000
S21 mode   6: -1.230031e-005 1.839523e-005 2.212876e-005 2.160184e+000
S21 mode   7: 1.068614e-004 -1.055148e-005 1.073810e-004 -9.842088e-002
S21 mode   8: 2.919981e-005 -1.471177e-005 3.269656e-005 -4.667077e-001
S21 mode   9: 2.610081e-006 -2.210617e-006 3.420431e-006 -7.027226e-001
S21 mode  10: -2.146370e-005 3.948590e-006 2.182388e-005 2.959661e+000
S12 mode   1: 9.025262e-001 -2.668049e-001 9.411368e-001 -2.874337e-001
S12 mode   2: 5.557774e-004 -4.281514e-005 5.574241e-004 -7.688464e-002
S12 mode   3: -2.482678e-002 2.361837e-003 2.493887e-002 3.046745e+000
S12 mode   4: -2.809751e-006 7.357298e-006 7.875565e-006 1.935602e+000
S12 mode   5: -2.928281e-004 7.722780e-005 3.028406e-004 2.883733e+000
S12 mode   6: -5.345564e-006 -1.685420e-005 1.768161e-005 -1.877926e+000
S12 mode   7: 1.169145e-004 -1.100869e-005 1.174317e-004 -9.388331e-002
S12 mode   8: -1.328684e-005 1.672021e-005 2.135662e-005 2.242271e+000
S12 mode   9: 4.677686e-006 6.365452e-006 7.899349e-006 9.370585e-001
S12 mode  10: 1.498244e-005 5.437466e-006 1.593862e-005 3.481404e-001
S22 mode   1: 9.585956e-002 3.241489e-001 3.380260e-001 1.283264e+000
S22 mode   2: 1.130938e-004 3.658551e-004 3.829363e-004 1.270992e+000
S22 mode   3: 4.213280e-003 1.709855e-002 1.761000e-002 1.329198e+000
S22 mode   4: 2.270739e-005 9.522377e-006 2.462318e-005 3.970766e-001
S22 mode   5: -2.846411e-005 1.921825e-004 1.942790e-004 1.717837e+000
S22 mode   6: -2.164615e-005 1.365728e-005 2.559448e-005 2.578738e+000
S22 mode   7: -1.764413e-005 -7.368432e-005 7.576737e-005 -1.805827e+000
S22 mode   8: 1.147997e-005 -2.369766e-005 2.633190e-005 -1.119678e+000
S22 mode   9: 2.260373e-006 -2.388061e-006 3.288179e-006 -8.128603e-001
S22 mode  10: 1.022969e-006 1.535099e-005 1.538503e-005 1.504256e+000
Frequeny = 1.215000e+001 GHz
S11 mode   1: 1.460590e-001 3.662555e-001 3.943049e-001 1.191334e+000
S11 mode   2: -9.029148e-005 -3.478881e-004 3.594144e-004 -1.824735e+000
S11 mode   3: 3.381179e-003 1.567740e-002 1.603787e-002 1.358378e+000
S11 mode   4: -9.922398e-006 4.299446e-006 1.081384e-005 2.732707e+000
S11 mode   5: -3.161642e-005 2.013436e-004 2.038108e-004 1.726552e+000
S11 mode   6: 2.594778e-005 -2.663221e-006 2.608410e-005 -1.022796e-001
S11 mode   7: -1.609950e-005 -7.362883e-005 7.536842e-005 -1.786066e+000
S11 mode   8: -2.065231e-005 1.376218e-005 2.481764e-005 2.553792e+000
S11 mode   9: -1.042140e-005 -6.438570e-007 1.044127e-005 -3.079889e+000
S11 mode  10: -1.182486e-005 -7.174327e-006 1.383106e-005 -2.596250e+000
S21 mode   1: 8.535828e-001 -3.404704e-001 9.189797e-001 -3.795337e-001
S21 mode   2: -5.208415e-004 7.912180e-005 5.268170e-004 2.990834e+000
S21 mode   3: -2.394085e-002 4.362811e-003 2.433513e-002 2.961338e+000
S21 mode   4: -2.034871e-005 -1.029195e-005 2.280338e-005 -2.673333e+000
S21 mode   5: -2.415460e-004 9.580508e-005 2.598520e-004 2.763992e+000
S21 mode   6: -1.053188e-005 1.934848e-005 2.202916e-005 2.069273e+000
S21 mode   7: 1.027894e-004 -1.906819e-005 1.045431e-004 -1.834223e-001
S21 mode   8: 2.721888e-005 -1.705019e-005 3.211816e-005 -5.596127e-001
S21 mode   9: 2.299882e-006 -2.322906e-006 3.268846e-006 -7.903786e-001
S21 mode  10: -2.058648e-005 5.770906e-006 2.138004e-005 2.868283e+000
S12 mode   1: 8.535828e-001 -3.404704e-001 9.189797e-001 -3.795337e-001
S12 mode   2: 5.372860e-004 -8.774313e-005 5.444034e-004 -1.618791e-001
S12 mode   3: -2.393527e-002 4.354142e-003 2.432808e-002 2.961647e+000
S12 mode   4: -2.190400e-006 7.504906e-006 7.818022e-006 1.854771e+000
S12 mode   5: -2.771483e-004 9.956793e-005 2.944910e-004 2.796694e+000
S12 mode   6: -6.625588e-006 -1.616652e-005 1.747154e-005 -1.959751e+000
S12 mode   7: 1.125005e-004 -2.032135e-005 1.143211e-004 -1.787065e-001
S12 mode   8: -1.148935e-005 1.756125e-005 2.098577e-005 2.150150e+000
S12 mode   9: 5.128099e-006 5.802105e-006 7.743502e-006 8.469847e-001
S12 mode  10: 1.509640e-005 3.985479e-006 1.561363e-005 2.581129e-001
S22 mode   1: 1.461110e-001 3.662348e-001 3.943049e-001 1.191192e+000
S22 mode   2: 9.604265e-005 3.348525e-004 3.483538e-004 1.291474e+000
S22 mode   3: 3.369491e-003 1.568441e-002 1.604226e-002 1.359182e+000
S22 mode   4: 2.302128e-005 7.686486e-006 2.427059e-005 3.222480e-001
S22 mode   5: -4.056757e-005 1.791241e-004 1.836605e-004 1.793517e+000
S22 mode   6: -2.361223e-005 1.392690e-005 2.741342e-005 2.608694e+000
S22 mode   7: -1.398220e-005 -6.747629e-005 6.890973e-005 -1.775121e+000
S22 mode   8: 1.357629e-005 -2.270642e-005 2.645557e-005 -1.031918e+000
S22 mode   9: 2.417379e-006 -2.274299e-006 3.319060e-006 -7.549110e-001
S22 mode  10: -1.009393e-008 1.430102e-005 1.430103e-005 1.571502e+000
Frequeny = 1.220000e+001 GHz
S11 mode   1: 1.999476e-001 3.969891e-001 4.444990e-001 1.104225e+000
S11 mode   2: -6.897325e-005 -3.219237e-004 3.292296e-004 -1.781859e+000
S11 mode   3: 2.402325e-003 1.452503e-002 1.472235e-002 1.406888e+000
S11 mode   4: -1.051325e-005 4.606495e-006 1.147817e-005 2.728628e+000
S11 mode   5: -4.608426e-005 1.897636e-004 1.952792e-004 1.809035e+000
S11 mode   6: 2.687698e-005 -3.853648e-006 2.715184e-005 -1.424104e-001
S11 mode   7: -1.153069e-005 -6.805472e-005 6.902464e-005 -1.738635e+000
S11 mode   8: -2.220238e-005 1.398207e-005 2.623821e-005 2.579581e+000
S11 mode   9: -1.056392e-005 -1.186196e-007 1.056458e-005 -3.130364e+000
S11 mode  10: -1.147983e-005 -6.211453e-006 1.305253e-005 -2.645627e+000
S21 mode   1: 8.000139e-001 -4.029869e-001 8.957793e-001 -4.666231e-001
S21 mode   2: -5.000381e-004 1.173633e-004 5.136266e-004 2.911057e+000
S21 mode   3: -2.290020e-002 6.101040e-003 2.369899e-002 2.881222e+000
S21 mode   4: -2.051120e-005 -8.576605e-006 2.223213e-005 -2.745545e+000
S21 mode   5: -2.258472e-004 1.117692e-004 2.519907e-004 2.682043e+000
S21 mode   6: -8.774175e-006 2.004709e-005 2.188315e-005 1.983356e+000
S21 mode   7: 9.810139e-005 -2.645800e-005 1.016066e-004 -2.634328e-001
S21 mode   8: 2.511931e-005 -1.899722e-005 3.149403e-005 -6.475077e-001
S21 mode   9: 2.003178e-006 -2.388582e-006 3.117378e-006 -8.729299e-001
S21 mode  10: -1.957033e-005 7.359742e-006 2.090846e-005 2.781887e+000
S12 mode   1: 8.000139e-001 -4.029869e-001 8.957793e-001 -4.666231e-001
S12 mode   2: 5.153390e-004 -1.271420e-004 5.307912e-004 -2.418848e-001
S12 mode   3: -2.289542e-002 6.091996e-003 2.369204e-002 2.881539e+000
S12 mode   4: -1.598854e-006 7.578452e-006 7.745274e-006 1.778721e+000
S12 mode   5: -2.602150e-004 1.183851e-004 2.858791e-004 2.714629e+000
S12 mode   6: -7.742981e-006 -1.539506e-005 1.723258e-005 -2.036803e+000
S12 mode   7: 1.074109e-004 -2.840537e-005 1.111034e-004 -2.585365e-001
S12 mode   8: -9.728466e-006 1.814098e-005 2.058491e-005 2.063037e+000
S12 mode   9: 5.482202e-006 5.230684e-006 7.577242e-006 7.619244e-001
S12 mode  10: 1.504007e-005 2.629295e-006 1.526817e-005 1.730703e-001
S22 mode   1: 1.999886e-001 3.969684e-001 4.444990e-001 1.104122e+000
S22 mode   2: 7.586473e-005 3.093564e-004 3.185229e-004 1.330308e+000
S22 mode   3: 2.390052e-003 1.453228e-002 1.472751e-002 1.407791e+000
S22 mode   4: 2.310721e-005 5.964204e-006 2.386451e-005 2.525970e-001
S22 mode   5: -5.347765e-005 1.692360e-004 1.774843e-004 1.876862e+000
S22 mode   6: -2.552834e-005 1.446243e-005 2.934038e-005 2.626151e+000
S22 mode   7: -9.757888e-006 -6.241604e-005 6.317419e-005 -1.725877e+000
S22 mode   8: 1.575231e-005 -2.212055e-005 2.715610e-005 -9.519878e-001
S22 mode   9: 2.560694e-006 -2.202804e-006 3.377795e-006 -7.104072e-001
S22 mode  10: -1.161686e-006 1.349690e-005 1.354680e-005 1.656655e+000
Frequeny = 1.225000e+001 GHz
S11 mode   1: 2.551182e-001 4.171601e-001 4.889865e-001 1.021921e+000
S11 mode   2: -4.580002e-005 -3.014874e-004 3.049464e-004 -1.721557e+000
S11 mode   3: 1.347371e-003 1.362337e-002 1.368984e-002 1.472216e+000
S11 mode   4: -1.105763e-005 4.976314e-006 1.212579e-005 2.718710e+000
S11 mode   5: -6.090131e-005 1.814452e-004 1.913931e-004 1.894627e+000
S11 mode   6: 2.763438e-005 -5.083717e-006 2.809810e-005 -1.819294e-001
S11 mode   7: -6.625554e-006 -6.367178e-005 6.401557e-005 -1.674481e+000
S11 mode   8: -2.365458e-005 1.442087e-005 2.770380e-005 2.594112e+000
S11 mode   9: -1.062094e-005 3.906557e-007 1.062812e-005 3.104828e+000
S11 mode  10: -1.100988e-005 -5.372219e-006 1.225064e-005 -2.687635e+000
S21 mode   1: 7.441450e-001 -4.551267e-001 8.722913e-001 -5.489128e-001
S21 mode   2: -4.771256e-004 1.504907e-004 5.002962e-004 2.836058e+000
S21 mode   3: -2.177038e-002 7.595993e-003 2.305751e-002 2.805886e+000
S21 mode   4: -2.049794e-005 -6.987979e-006 2.165635e-005 -2.813037e+000
S21 mode   5: -2.097995e-004 1.248296e-004 2.441276e-004 2.604862e+000
S21 mode   6: -7.063697e-006 2.052677e-005 2.170816e-005 1.902224e+000
S21 mode   7: 9.305397e-005 -3.277665e-005 9.865774e-005 -3.386625e-001
S21 mode   8: 2.297638e-005 -2.058693e-005 3.085022e-005 -7.306031e-001
S21 mode   9: 1.725502e-006 -2.415876e-006 2.968807e-006 -9.505808e-001
S21 mode  10: -1.846942e-005 8.725000e-006 2.042658e-005 2.700266e+000
S12 mode   1: 7.441450e-001 -4.551267e-001 8.722913e-001 -5.489128e-001
S12 mode   2: 4.912530e-004 -1.612231e-004 5.170323e-004 -3.171122e-001
S12 mode   3: -2.176638e-002 7.586678e-003 2.305066e-002 2.806210e+000
S12 mode   4: -1.042518e-006 7.592277e-006 7.663518e-006 1.707256e+000
S12 mode   5: -2.427389e-004 1.339560e-004 2.772478e-004 2.637328e+000
S12 mode   6: -8.707256e-006 -1.457588e-005 1.697859e-005 -2.109283e+000
S12 mode   7: 1.019262e-004 -3.532093e-005 1.078727e-004 -3.335839e-001
S12 mode   8: -8.039004e-006 1.849985e-005 2.017102e-005 1.980723e+000
S12 mode   9: 5.751631e-006 4.666997e-006 7.406897e-006 6.816665e-001
S12 mode  10: 1.485083e-005 1.382168e-006 1.491502e-005 9.280269e-002
S22 mode   1: 2.551491e-001 4.171412e-001 4.889865e-001 1.021846e+000
S22 mode   2: 5.384209e-005 2.891774e-004 2.941472e-004 1.386714e+000
S22 mode   3: 1.334531e-003 1.363093e-002 1.369611e-002 1.473203e+000
S22 mode   4: 2.301187e-005 4.376110e-006 2.342427e-005 1.879236e-001
S22 mode   5: -6.657179e-005 1.622423e-004 1.753693e-004 1.960170e+000
S22 mode   6: -2.735682e-005 1.522697e-005 3.130904e-005 2.633692e+000
S22 mode   7: -5.229105e-006 -5.844794e-005 5.868138e-005 -1.660025e+000
S22 mode   8: 1.793157e-005 -2.190512e-005 2.830857e-005 -8.848154e-001
S22 mode   9: 2.684917e-006 -2.165351e-006 3.449279e-006 -6.786840e-001
S22 mode  10: -2.376921e-006 1.292841e-005 1.314509e-005 1.752618e+000
Frequeny = 1.230000e+001 GHz
S11 mode   1: 3.097913e-001 4.278697e-001 5.282454e-001 9.441230e-001
S11 mode   2: -2.182311e-005 -2.861551e-004 2.869860e-004 -1.646912e+000
S11 mode   3: 2.631629e-004 1.295185e-002 1.295452e-002 1.550481e+000
S11 mode   4: -1.155189e-005 5.395432e-006 1.274978e-005 2.704642e+000
S11 mode   5: -7.553294e-005 1.760225e-004 1.915441e-004 1.976143e+000
S11 mode   6: 2.823455e-005 -6.324774e-006 2.893428e-005 -2.203703e-001
S11 mode   7: -1.604353e-006 -6.037677e-005 6.039808e-005 -1.597362e+000
S11 mode   8: -2.498761e-005 1.503788e-005 2.916365e-005 2.599841e+000
S11 mode   9: -1.060524e-005 8.730523e-007 1.064112e-005 3.059455e+000
S11 mode  10: -1.044878e-005 -4.660396e-006 1.144099e-005 -2.722051e+000
S21 mode   1: 6.877370e-001 -4.979705e-001 8.490918e-001 -6.266991e-001
S21 mode   2: -4.531122e-004 1.789077e-004 4.871536e-004 2.765541e+000
S21 mode   3: -2.059781e-002 8.868333e-003 2.242582e-002 2.735033e+000
S21 mode   4: -2.035117e-005 -5.533525e-006 2.109005e-005 -2.876109e+000
S21 mode   5: -1.938595e-004 1.353304e-004 2.364230e-004 2.532153e+000
S21 mode   6: -5.423455e-006 2.082379e-005 2.151846e-005 1.825581e+000
S21 mode   7: 8.784714e-005 -3.811925e-005 9.576114e-005 -4.094076e-001
S21 mode   8: 2.084530e-005 -2.186179e-005 3.020702e-005 -8.091952e-001
S21 mode   9: 1.469828e-006 -2.412614e-006 2.825084e-006 -1.023621e+000
S21 mode  10: -1.732628e-005 9.885219e-006 1.994787e-005 2.623122e+000
S12 mode   1: 6.877370e-001 -4.979705e-001 8.490918e-001 -6.266991e-001
S12 mode   2: 4.660685e-004 -1.904134e-004 5.034651e-004 -3.878573e-001
S12 mode   3: -2.059456e-002 8.858835e-003 2.241907e-002 2.735365e+000
S12 mode   4: -5.246908e-007 7.559586e-006 7.577773e-006 1.640093e+000
S12 mode   5: -2.252507e-004 1.466442e-004 2.687795e-004 2.564496e+000
S12 mode   6: -9.533197e-006 -1.373669e-005 1.672060e-005 -2.177481e+000
S12 mode   7: 9.626508e-005 -4.117136e-005 1.046998e-004 -4.041447e-001
S12 mode   8: -6.441753e-006 1.867773e-005 1.975737e-005 1.902911e+000
S12 mode   9: 5.948977e-006 4.121780e-006 7.237362e-006 6.059147e-001
S12 mode  10: 1.456192e-005 2.477837e-007 1.456402e-005 1.701423e-002
S22 mode   1: 3.098133e-001 4.278538e-001 5.282454e-001 9.440715e-001
S22 mode   2: 3.099294e-005 2.739151e-004 2.756630e-004 1.458128e+000
S22 mode   3: 2.497807e-004 1.295977e-002 1.296218e-002 1.551525e+000
S22 mode   4: 2.277751e-005 2.930234e-006 2.296522e-005 1.279432e-001
S22 mode   5: -7.939067e-005 1.577971e-004 1.766432e-004 2.036936e+000
S22 mode   6: -2.907346e-005 1.618295e-005 3.327392e-005 2.633679e+000
S22 mode   7: -5.973556e-007 -5.547691e-005 5.548013e-005 -1.581564e+000
S22 mode   8: 2.005765e-005 -2.201677e-005 2.978334e-005 -8.319278e-001
S22 mode   9: 2.787209e-006 -2.154128e-006 3.522613e-006 -6.579730e-001
S22 mode  10: -3.612504e-006 1.257669e-005 1.308523e-005 1.850504e+000
Frequeny = 1.235000e+001 GHz
S11 mode   1: 3.626937e-001 4.303356e-001 5.627926e-001 8.704878e-001
S11 mode   2: 2.167209e-006 -2.753951e-004 2.754036e-004 -1.562927e+000
S11 mode   3: -8.153770e-004 1.248537e-002 1.251197e-002 1.636010e+000
S11 mode   4: -1.199535e-005 5.852145e-006 1.334676e-005 2.687698e+000
S11 mode   5: -8.960340e-005 1.731011e-004 1.949173e-004 2.048453e+000
S11 mode   6: 2.869434e-005 -7.555736e-006 2.967245e-005 -2.574734e-001
S11 mode   7: 3.369881e-006 -5.804639e-005 5.814412e-005 -1.512806e+000
S11 mode   8: -2.619093e-005 1.579590e-005 3.058555e-005 2.598893e+000
S11 mode   9: -1.052925e-005 1.321799e-006 1.061189e-005 3.016710e+000
S11 mode  10: -9.825021e-006 -4.073227e-006 1.063589e-005 -2.748583e+000
S21 mode   1: 6.320440e-001 -5.327146e-001 8.265981e-001 -7.003251e-001
S21 mode   2: -4.287543e-004 2.031233e-004 4.744358e-004 2.699163e+000
S21 mode   3: -1.941696e-002 9.943208e-003 2.181480e-002 2.668321e+000
S21 mode   4: -2.010692e-005 -4.211907e-006 2.054333e-005 -2.935103e+000
S21 mode   5: -1.783415e-004 1.436344e-004 2.289903e-004 2.463574e+000
S21 mode   6: -3.865859e-006 2.097196e-005 2.132529e-005 1.753085e+000
S21 mode   7: 8.262835e-005 -4.259912e-005 9.296306e-005 -4.760108e-001
S21 mode   8: 1.876384e-005 -2.286631e-005 2.957955e-005 -8.836265e-001
S21 mode   9: 1.237230e-006 -2.385740e-006 2.687470e-006 -1.092385e+000
S21 mode  10: -1.617254e-005 1.086311e-005 1.948225e-005 2.550113e+000
S12 mode   1: 6.320440e-001 -5.327146e-001 8.265981e-001 -7.003251e-001
S12 mode   2: 4.405644e-004 -2.152471e-004 4.903349e-004 -4.544628e-001
S12 mode   3: -1.941442e-002 9.933598e-003 2.180817e-002 2.668660e+000
S12 mode   4: -4.572810e-008 7.491800e-006 7.491939e-006 1.576900e+000
S12 mode   5: -2.081220e-004 1.568417e-004 2.606033e-004 2.495789e+000
S12 mode   6: -1.023786e-005 -1.289763e-005 1.646702e-005 -2.241732e+000
S12 mode   7: 9.058876e-005 -4.608002e-005 1.016351e-004 -4.705616e-001
S12 mode   8: -4.946720e-006 1.871097e-005 1.935382e-005 1.829258e+000
S12 mode   9: 6.086465e-006 3.601620e-006 7.072250e-006 5.343257e-001
S12 mode  10: 1.420123e-005 -7.766924e-007 1.422245e-005 -5.463748e-002
S22 mode   1: 3.627080e-001 4.303236e-001 5.627926e-001 8.704547e-001
S22 mode   2: 8.084471e-006 2.630636e-004 2.631877e-004 1.540074e+000
S22 mode   3: -8.292706e-004 1.249371e-002 1.252120e-002 1.637074e+000
S22 mode   4: 2.244021e-005 1.625835e-006 2.249903e-005 7.232546e-002
S22 mode   5: -9.161707e-005 1.555355e-004 1.805131e-004 2.103120e+000
S22 mode   6: -3.066464e-005 1.729523e-005 3.520576e-005 2.628055e+000
S22 mode   7: 3.988312e-006 -5.338968e-005 5.353844e-005 -1.496233e+000
S22 mode   8: 2.209154e-005 -2.241001e-005 3.146815e-005 -7.925544e-001
S22 mode   9: 2.866629e-006 -2.162204e-006 3.590639e-006 -6.462265e-001
S22 mode  10: -4.836032e-006 1.241870e-005 1.332709e-005 1.942145e+000
Frequeny = 1.240000e+001 GHz
S11 mode   1: 4.129688e-001 4.257650e-001 5.931434e-001 8.006535e-001
S11 mode   2: 2.560504e-005 -2.686448e-004 2.698622e-004 -1.475771e+000
S11 mode   3: -1.863498e-003 1.219776e-002 1.233928e-002 1.722398e+000
S11 mode   4: -1.238925e-005 6.336712e-006 1.391573e-005 2.668812e+000
S11 mode   5: -1.028662e-004 1.722966e-004 2.006678e-004 2.109029e+000
S11 mode   6: 2.903087e-005 -8.761857e-006 3.032427e-005 -2.931181e-001
S11 mode   7: 8.182639e-006 -5.655321e-005 5.714211e-005 -1.427104e+000
S11 mode   8: -2.726172e-005 1.666257e-005 3.195063e-005 2.592973e+000
S11 mode   9: -1.040428e-005 1.733276e-006 1.054767e-005 2.976516e+000
S11 mode  10: -9.161639e-006 -3.603944e-006 9.845000e-006 -2.766812e+000
S21 mode   1: 5.779026e-001 -5.605440e-001 8.050969e-001 -7.701517e-001
S21 mode   2: -4.045910e-004 2.236785e-004 4.623051e-004 2.636563e+000
S21 mode   3: -1.825207e-002 1.084686e-002 2.123188e-002 2.605389e+000
S21 mode   4: -1.979459e-005 -3.016190e-006 2.002307e-005 -2.990381e+000
S21 mode   5: -1.634453e-004 1.500903e-004 2.219042e-004 2.398764e+000
S21 mode   6: -2.395562e-006 2.100101e-005 2.113719e-005 1.684374e+000
S21 mode   7: 7.750051e-005 -4.633320e-005 9.029449e-005 -5.388326e-001
S21 mode   8: 1.675581e-005 -2.364315e-005 2.897854e-005 -9.542579e-001
S21 mode   9: 1.027484e-006 -2.341134e-006 2.556684e-006 -1.157225e+000
S21 mode  10: -1.503048e-005 1.168241e-005 1.903665e-005 2.480880e+000
S12 mode   1: 5.779026e-001 -5.605440e-001 8.050969e-001 -7.701517e-001
S12 mode   2: 4.152944e-004 -2.362893e-004 4.778096e-004 -5.172894e-001
S12 mode   3: -1.825022e-002 1.083719e-002 2.122534e-002 2.605736e+000
S12 mode   4: 3.959469e-007 7.398360e-006 7.408948e-006 1.517329e+000
S12 mode   5: -1.915949e-004 1.649303e-004 2.528055e-004 2.430846e+000
S12 mode   6: -1.083854e-005 -1.207243e-005 1.622398e-005 -2.302391e+000
S12 mode   7: 8.500998e-005 -5.017434e-005 9.871252e-005 -5.331951e-001
S12 mode   8: -3.556222e-006 1.863105e-005 1.896741e-005 1.759404e+000
S12 mode   9: 6.175196e-006 3.109946e-006 6.914102e-006 4.665386e-001
S12 mode  10: 1.379123e-005 -1.698105e-006 1.389538e-005 -1.225127e-001
S22 mode   1: 4.129764e-001 4.257576e-001 5.931434e-001 8.006356e-001
S22 mode   2: -1.433243e-005 2.560848e-004 2.564855e-004 1.626706e+000
S22 mode   3: -1.877869e-003 1.220655e-002 1.235015e-002 1.723441e+000
S22 mode   4: 2.202944e-005 4.565984e-007 2.203417e-005 2.072377e-002
S22 mode   5: -1.030481e-004 1.551064e-004 1.862174e-004 2.157207e+000
S22 mode   6: -3.212452e-005 1.853264e-005 3.708698e-005 2.618331e+000
S22 mode   7: 8.423292e-006 -5.206928e-005 5.274620e-005 -1.410415e+000
S22 mode   8: 2.400818e-005 -2.304113e-005 3.327591e-005 -7.648471e-001
S22 mode   9: 2.923538e-006 -2.183714e-006 3.649065e-006 -6.415413e-001
S22 mode  10: -6.024412e-006 1.243030e-005 1.381325e-005 2.022093e+000
Frequeny = 1.245000e+001 GHz
S11 mode   1: 4.600829e-001 4.152802e-001 6.197854e-001 7.342608e-001
S11 mode   2: 4.810519e-005 -2.653586e-004 2.696837e-004 -1.391460e+000
S11 mode   3: -2.864581e-003 1.206383e-002 1.239927e-002 1.803931e+000
S11 mode   4: -1.273597e-005 6.841274e-006 1.445711e-005 2.648660e+000
S11 mode   5: -1.151737e-004 1.732556e-004 2.080444e-004 2.157479e+000
S11 mode   6: 2.926028e-005 -9.933379e-006 3.090042e-005 -3.272754e-001
S11 mode   7: 1.275801e-005 -5.577553e-005 5.721605e-005 -1.345926e+000
S11 mode   8: -2.820221e-005 1.761072e-005 3.324909e-005 2.583393e+000
S11 mode   9: -1.024021e-005 2.106116e-006 1.045455e-005 2.938750e+000
S11 mode  10: -8.476715e-006 -3.243639e-006 9.076116e-006 -2.776130e+000
S21 mode   1: 5.258257e-001 -5.825577e-001 7.847714e-001 -8.365380e-001
S21 mode   2: -3.809864e-004 2.410991e-004 4.508651e-004 2.577384e+000
S21 mode   3: -1.711926e-002 1.160450e-002 2.068172e-002 2.545879e+000
S21 mode   4: -1.943742e-005 -1.936284e-006 1.953362e-005 -3.042304e+000
S21 mode   5: -1.492838e-004 1.550150e-004 2.152099e-004 2.337363e+000
S21 mode   6: -1.011907e-006 2.093603e-005 2.096047e-005 1.619092e+000
S21 mode   7: 7.253106e-005 -4.943309e-005 8.777463e-005 -5.982315e-001
S21 mode   8: 1.483441e-005 -2.423096e-005 2.841125e-005 -1.021448e+000
S21 mode   9: 8.395469e-007 -2.283606e-006 2.433043e-006 -1.218493e+000
S21 mode  10: -1.391490e-005 1.236599e-005 1.861564e-005 2.415063e+000
S12 mode   1: 5.258257e-001 -5.825577e-001 7.847714e-001 -8.365380e-001
S12 mode   2: 3.906305e-004 -2.540878e-004 4.659966e-004 -5.766954e-001
S12 mode   3: -1.711804e-002 1.159483e-002 2.067528e-002 2.546233e+000
S12 mode   4: 8.030594e-007 7.286809e-006 7.330927e-006 1.461032e+000
S12 mode   5: -1.758122e-004 1.712605e-004 2.454386e-004 2.369308e+000
S12 mode   6: -1.135156e-005 -1.126979e-005 1.599582e-005 -2.359809e+000
S12 mode   7: 7.960269e-005 -5.357602e-005 9.595300e-005 -5.924039e-001
S12 mode   8: -2.267478e-006 1.846417e-005 1.860288e-005 1.692989e+000
S12 mode   9: 6.224819e-006 2.647927e-006 6.764606e-006 4.021942e-001
S12 mode  10: 1.334937e-005 -2.525425e-006 1.358615e-005 -1.869697e-001
S22 mode   1: 4.600850e-001 4.152779e-001 6.197854e-001 7.342559e-001
S22 mode   2: -3.588144e-005 2.524557e-004 2.549929e-004 1.711980e+000
S22 mode   3: -2.879395e-003 1.207311e-002 1.241172e-002 1.804919e+000
S22 mode   4: 2.156854e-005 -5.869261e-007 2.157652e-005 -2.720543e-002
S22 mode   5: -1.135674e-004 1.561906e-004 1.931141e-004 2.199485e+000
S22 mode   6: -3.345254e-005 1.986857e-005 3.890800e-005 2.605646e+000
S22 mode   7: 1.263831e-005 -5.140405e-005 5.293490e-005 -1.329716e+000
S22 mode   8: 2.579306e-005 -2.387040e-005 3.514367e-005 -7.467037e-001
S22 mode   9: 2.959115e-006 -2.213863e-006 3.695612e-006 -6.423165e-001
S22 mode  10: -7.162005e-006 1.258823e-005 1.448302e-005 2.088068e+000
Frequeny = 1.250000e+001 GHz
S11 mode   1: 5.037414e-001 3.998831e-001 6.431655e-001 6.709650e-001
S11 mode   2: 6.942105e-005 -2.650347e-004 2.739757e-004 -1.314619e+000
S11 mode   3: -3.808207e-003 1.206059e-002 1.264754e-002 1.876645e+000
S11 mode   4: -1.303846e-005 7.359639e-006 1.497216e-005 2.627718e+000
S11 mode   5: -1.264507e-004 1.756661e-004 2.164449e-004 2.194711e+000
S11 mode   6: 2.939714e-005 -1.106428e-005 3.141035e-005 -3.599736e-001
S11 mode   7: 1.704934e-005 -5.560259e-005 5.815778e-005 -1.273270e+000
S11 mode   8: -2.901779e-005 1.861809e-005 3.447703e-005 2.571138e+000
S11 mode   9: -1.004539e-005 2.440476e-006 1.033759e-005 2.903265e+000
S11 mode  10: -7.784083e-006 -2.982571e-006 8.335927e-006 -2.775685e+000
S21 mode   1: 4.760867e-001 -5.997329e-001 7.657272e-001 -8.998282e-001
S21 mode   2: -3.581692e-004 2.558696e-004 4.401754e-004 2.521279e+000
S21 mode   3: -1.602836e-002 1.223919e-002 2.016696e-002 2.489447e+000
S21 mode   4: -1.905326e-005 -9.606563e-007 1.907746e-005 -3.091216e+000
S21 mode   5: -1.359072e-004 1.586855e-004 2.089303e-004 2.279027e+000
S21 mode   6: 2.891585e-007 2.079764e-005 2.079965e-005 1.556894e+000
S21 mode   7: 6.776054e-005 -5.200023e-005 8.541379e-005 -6.545518e-001
S21 mode   8: 1.300524e-005 -2.466341e-005 2.788225e-005 -1.085541e+000
S21 mode   9: 6.719124e-007 -2.216993e-006 2.316576e-006 -1.276522e+000
S21 mode  10: -1.283488e-005 1.293474e-005 1.822201e-005 2.352319e+000
S12 mode   1: 4.760867e-001 -5.997329e-001 7.657272e-001 -8.998282e-001
S12 mode   2: 3.668054e-004 -2.691466e-004 4.549573e-004 -6.330253e-001
S12 mode   3: -1.602775e-002 1.222954e-002 2.016062e-002 2.489809e+000
S12 mode   4: 1.178916e-006 7.163003e-006 7.259370e-006 1.407675e+000
S12 mode   5: -1.608443e-004 1.761413e-004 2.385302e-004 2.310832e+000
S12 mode   6: -1.179162e-005 -1.049464e-005 1.578543e-005 -2.414325e+000
S12 mode   7: 7.441143e-005 -5.639572e-005 9.336776e-005 -6.485320e-001
S12 mode   8: -1.074583e-006 1.823161e-005 1.826325e-005 1.629669e+000
S12 mode   9: 6.243461e-006 2.215206e-006 6.624797e-006 3.409482e-001
S12 mode  10: 1.288886e-005 -3.268456e-006 1.329682e-005 -2.483525e-001
S22 mode   1: 5.037389e-001 3.998862e-001 6.431655e-001 6.709713e-001
S22 mode   2: -5.632034e-005 2.516946e-004 2.579189e-004 1.790935e+000
S22 mode   3: -3.823430e-003 1.207037e-002 1.266146e-002 1.877559e+000
S22 mode   4: 2.107549e-005 -1.515607e-006 2.112991e-005 -7.178969e-002
S22 mode   5: -1.231213e-004 1.585083e-004 2.007080e-004 2.231199e+000
S22 mode   6: -3.465153e-005 2.128079e-005 4.066449e-005 2.590843e+000
S22 mode   7: 1.659085e-005 -5.129245e-005 5.390892e-005 -1.257962e+000
S22 mode   8: 2.743927e-005 -2.486296e-005 3.702810e-005 -7.361797e-001
S22 mode   9: 2.975002e-006 -2.248838e-006 3.729331e-006 -6.472735e-001
S22 mode  10: -8.238862e-006 1.287115e-005 1.528219e-005 2.140183e+000
Frequeny = 1.255000e+001 GHz
S11 mode   1: 5.438185e-001 3.804439e-001 6.636838e-001 6.104432e-001
S11 mode   2: 8.940826e-005 -2.672271e-004 2.817875e-004 -1.247926e+000
S11 mode   3: -4.688499e-003 1.216765e-002 1.303970e-002 1.938588e+000
S11 mode   4: -1.329987e-005 7.887013e-006 1.546259e-005 2.606326e+000
S11 mode   5: -1.366724e-004 1.792597e-004 2.254183e-004 2.222203e+000
S11 mode   6: 2.945419e-005 -1.215123e-005 3.186223e-005 -3.912756e-001
S11 mode   7: 2.103131e-005 -5.593680e-005 5.975987e-005 -1.211164e+000
S11 mode   8: -2.971553e-005 1.966679e-005 3.563419e-005 2.556942e+000
S11 mode   9: -9.826770e-006 2.737473e-006 1.020094e-005 2.869908e+000
S11 mode  10: -7.094107e-006 -2.810995e-006 7.630731e-006 -2.764329e+000
S21 mode   1: 4.287891e-001 -6.129142e-001 7.480133e-001 -9.603451e-001
S21 mode   2: -3.362683e-004 2.684214e-004 4.302632e-004 2.467928e+000
S21 mode   3: -1.498466e-002 1.277129e-002 1.968873e-002 2.435770e+000
S21 mode   4: -1.865549e-005 -7.746577e-008 1.865565e-005 -3.137440e+000
S21 mode   5: -1.233225e-004 1.613380e-004 2.030724e-004 2.223433e+000
S21 mode   6: 1.513665e-006 2.060234e-005 2.065787e-005 1.497458e+000
S21 mode   7: 6.320985e-005 -5.412392e-005 8.321588e-005 -7.081157e-001
S21 mode   8: 1.126864e-005 -2.496909e-005 2.739412e-005 -1.146859e+000
S21 mode   9: 5.228628e-007 -2.144290e-006 2.207117e-006 -1.331624e+000
S21 mode  10: -1.179532e-005 1.340713e-005 1.785723e-005 2.292327e+000
S12 mode   1: 4.287891e-001 -6.129142e-001 7.480133e-001 -9.603451e-001
S12 mode   2: 3.439487e-004 -2.819135e-004 4.447200e-004 -6.866012e-001
S12 mode   3: -1.498462e-002 1.276170e-002 1.968248e-002 2.436139e+000
S12 mode   4: 1.527025e-006 7.031380e-006 7.195284e-006 1.356944e+000
S12 mode   5: -1.467106e-004 1.798377e-004 2.320896e-004 2.255094e+000
S12 mode   6: -1.217157e-005 -9.749152e-006 1.559465e-005 -2.466256e+000
S12 mode   7: 6.945928e-005 -5.873094e-005 9.096106e-005 -7.019019e-001
S12 mode   8: 3.006334e-008 1.795020e-005 1.795022e-005 1.569122e+000
S12 mode   9: 6.237812e-006 1.810455e-006 6.495233e-006 2.824777e-001
S12 mode  10: 1.241937e-005 -3.936992e-006 1.302846e-005 -3.069830e-001
S22 mode   1: 5.438124e-001 3.804526e-001 6.636838e-001 6.104592e-001
S22 mode   2: -7.550611e-005 2.533724e-004 2.643837e-004 1.860421e+000
S22 mode   3: -4.704095e-003 1.217797e-002 1.305494e-002 1.939419e+000
S22 mode   4: 2.056385e-005 -2.340599e-006 2.069663e-005 -1.133333e-001
S22 mode   5: -1.316989e-004 1.618202e-004 2.086394e-004 2.253931e+000
S22 mode   6: -3.572631e-005 2.275112e-005 4.235543e-005 2.574541e+000
S22 mode   7: 2.025792e-005 -5.164503e-005 5.547605e-005 -1.196986e+000
S22 mode   8: 2.894512e-005 -2.598894e-005 3.890045e-005 -7.316367e-001
S22 mode   9: 2.973058e-006 -2.285663e-006 3.750110e-006 -6.554199e-001
S22 mode  10: -9.249213e-006 1.326011e-005 1.616721e-005 2.179857e+000
Frequeny = 1.260000e+001 GHz
S11 mode   1: 5.803041e-001 3.577047e-001 6.816931e-001 5.523976e-001
S11 mode   2: 1.079954e-004 -2.715489e-004 2.922358e-004 -1.192273e+000
S11 mode   3: -5.502796e-003 1.236743e-002 1.353640e-002 1.989436e+000
S11 mode   4: -1.352332e-005 8.419735e-006 1.593022e-005 2.584715e+000
S11 mode   5: -1.458477e-004 1.838095e-004 2.346433e-004 2.241544e+000
S11 mode   6: 2.944233e-005 -1.319275e-005 3.226297e-005 -4.212626e-001
S11 mode   7: 2.469361e-005 -5.669402e-005 6.183839e-005 -1.160016e+000
S11 mode   8: -3.030322e-005 2.074257e-005 3.672246e-005 2.541345e+000
S11 mode   9: -9.590035e-006 2.998788e-006 1.004796e-005 2.838527e+000
S11 mode  10: -6.414408e-006 -2.719657e-006 6.967148e-006 -2.740576e+000
S21 mode   1: 3.839201e-001 -6.228161e-001 7.316382e-001 -1.018386e+000
S21 mode   2: -3.153406e-004 2.791292e-004 4.211328e-004 2.417033e+000
S21 mode   3: -1.399019e-002 1.321843e-002 1.924713e-002 2.384551e+000
S21 mode   4: -1.825395e-005 7.247444e-007 1.826833e-005 3.101910e+000
S21 mode   5: -1.115081e-004 1.631701e-004 1.976323e-004 2.170285e+000
S21 mode   6: 2.668639e-006 2.036311e-005 2.053723e-005 1.440486e+000
S21 mode   7: 5.888603e-005 -5.588102e-005 8.118038e-005 -7.592206e-001
S21 mode   8: 9.621497e-006 -2.517185e-005 2.694801e-005 -1.205700e+000
S21 mode   9: 3.906313e-007 -2.067798e-006 2.104372e-006 -1.384085e+000
S21 mode  10: -1.079808e-005 1.379908e-005 1.752179e-005 2.234789e+000
S12 mode   1: 3.839201e-001 -6.228161e-001 7.316382e-001 -1.018386e+000
S12 mode   2: 3.221159e-004 -2.927770e-004 4.352896e-004 -7.377205e-001
S12 mode   3: -1.399068e-002 1.320891e-002 1.924096e-002 2.384928e+000
S12 mode   4: 1.850854e-006 6.895224e-006 7.139312e-006 1.308553e+000
S12 mode   5: -1.333966e-004 1.825730e-004 2.261140e-004 2.201797e+000
S12 mode   6: -1.250238e-005 -9.033595e-006 1.542451e-005 -2.515892e+000
S12 mode   7: 6.475415e-005 -6.066561e-005 8.873227e-005 -7.528108e-001
S12 mode   8: 1.054778e-006 1.763306e-005 1.766458e-005 1.511049e+000
S12 mode   9: 6.213288e-006 1.431783e-006 6.376123e-006 2.264852e-001
S12 mode  10: 1.194782e-005 -4.540328e-006 1.278143e-005 -3.631584e-001
S22 mode   1: 5.802953e-001 3.577191e-001 6.816931e-001 5.524224e-001
S22 mode   2: -9.336657e-005 2.571165e-004 2.735438e-004 1.919120e+000
S22 mode   3: -5.518731e-003 1.237830e-002 1.355281e-002 1.990185e+000
S22 mode   4: 2.004364e-005 -3.072648e-006 2.027779e-005 -1.521137e-001
S22 mode   5: -1.393177e-004 1.659258e-004 2.166582e-004 2.269244e+000
S22 mode   6: -3.668270e-005 2.426476e-005 4.398180e-005 2.557192e+000
S22 mode   7: 2.363022e-005 -5.238465e-005 5.746772e-005 -1.147036e+000
S22 mode   8: 3.031233e-005 -2.722317e-005 4.074234e-005 -7.317583e-001
S22 mode   9: 2.955187e-006 -2.322064e-006 3.758339e-006 -6.659967e-001
S22 mode  10: -1.019025e-005 1.373866e-005 1.710532e-005 2.208978e+000
Frequeny = 1.265000e+001 GHz
S11 mode   1: 6.132626e-001 3.322904e-001 6.975012e-001 4.965570e-001
S11 mode   2: 1.251612e-004 -2.776691e-004 3.045743e-004 -1.147313e+000
S11 mode   3: -6.250631e-003 1.264493e-002 1.410548e-002 2.029889e+000
S11 mode   4: -1.371171e-005 8.955036e-006 1.637692e-005 2.563045e+000
S11 mode   5: -1.540069e-004 1.891263e-004 2.438993e-004 2.254201e+000
S11 mode   6: 2.937078e-005 -1.418860e-005 3.261839e-005 -4.500247e-001
S11 mode   7: 2.803612e-005 -5.780279e-005 6.424318e-005 -1.119196e+000
S11 mode   8: -3.078875e-005 2.183422e-005 3.774494e-005 2.524744e+000
S11 mode   9: -9.339791e-006 3.226380e-006 9.881357e-006 2.808982e+000
S11 mode  10: -5.750489e-006 -2.700050e-006 6.352825e-006 -2.702614e+000
S21 mode   1: 3.413916e-001 -6.300348e-001 7.165836e-001 -1.074223e+000
S21 mode   2: -2.953932e-004 2.883137e-004 4.127734e-004 2.368323e+000
S21 mode   3: -1.304471e-002 1.359556e-002 1.884155e-002 2.335520e+000
S21 mode   4: -1.785563e-005 1.456662e-006 1.791495e-005 3.060193e+000
S21 mode   5: -1.004248e-004 1.643448e-004 1.925989e-004 2.119310e+000
S21 mode   6: 3.761444e-006 2.008996e-005 2.043906e-005 1.385709e+000
S21 mode   7: 5.478671e-005 -5.733674e-005 7.930376e-005 -8.081373e-001
S21 mode   8: 8.058598e-006 -2.529122e-005 2.654406e-005 -1.262335e+000
S21 mode   9: 2.735033e-007 -1.989258e-006 2.007972e-006 -1.434163e+000
S21 mode  10: -9.843006e-006 1.412413e-005 1.721557e-005 2.179434e+000
S12 mode   1: 3.413916e-001 -6.300348e-001 7.165836e-001 -1.074223e+000
S12 mode   2: 3.013114e-004 -3.020692e-004 4.266548e-004 -7.866541e-001
S12 mode   3: -1.304571e-002 1.358615e-002 1.883545e-002 2.335905e+000
S12 mode   4: 2.153689e-006 6.756902e-006 7.091833e-006 1.262237e+000
S12 mode   5: -1.208663e-004 1.845323e-004 2.205919e-004 2.150670e+000
S12 mode   6: -1.279332e-005 -8.346945e-006 1.527549e-005 -2.563500e+000
S12 mode   7: 6.029362e-005 -6.227094e-005 8.667751e-005 -8.015297e-001
S12 mode   8: 2.007970e-006 1.729023e-005 1.740643e-005 1.455181e+000
S12 mode   9: 6.174211e-006 1.077010e-006 6.267442e-006 1.726992e-001
S12 mode  10: 1.147897e-005 -5.086996e-006 1.255565e-005 -4.171493e-001
S22 mode   1: 6.132518e-001 3.323104e-001 6.975012e-001 4.965897e-001
S22 mode   2: -1.098786e-004 2.626082e-004 2.846689e-004 1.967074e+000
S22 mode   3: -6.266873e-003 1.265636e-002 1.412293e-002 2.030561e+000
S22 mode   4: 1.952212e-005 -3.721705e-006 1.987371e-005 -1.883800e-001
S22 mode   5: -1.460130e-004 1.706583e-004 2.245975e-004 2.278525e+000
S22 mode   6: -3.752685e-005 2.580979e-005 4.554569e-005 2.539123e+000
S22 mode   7: 2.670778e-005 -5.344584e-005 5.974750e-005 -1.107375e+000
S22 mode   8: 3.154471e-005 -2.854465e-005 4.254251e-005 -7.355130e-001
S22 mode   9: 2.923247e-006 -2.356328e-006 3.754684e-006 -6.784283e-001
S22 mode  10: -1.106119e-005 1.429270e-005 1.807294e-005 2.229422e+000
Frequeny = 1.270000e+001 GHz
S11 mode   1: 6.428043e-001 3.047235e-001 7.113745e-001 4.426757e-001
S11 mode   2: 1.409179e-004 -2.853086e-004 3.182119e-004 -1.112029e+000
S11 mode   3: -6.932978e-003 1.298751e-002 1.472215e-002 2.061132e+000
S11 mode   4: -1.386770e-005 9.490838e-006 1.680443e-005 2.541424e+000
S11 mode   5: -1.611929e-004 1.950534e-004 2.530395e-004 2.261431e+000
S11 mode   6: 2.924724e-005 -1.513931e-005 3.293326e-005 -4.776537e-001
S11 mode   7: 3.106529e-005 -5.920301e-005 6.685842e-005 -1.087565e+000
S11 mode   8: -3.117971e-005 2.293295e-005 3.870522e-005 2.507431e+000
S11 mode   9: -9.079750e-006 3.422300e-006 9.703298e-006 2.781144e+000
S11 mode  10: -5.106254e-006 -2.744524e-006 5.797089e-006 -2.648410e+000
S21 mode   1: 3.010688e-001 -6.350621e-001 7.028131e-001 -1.128101e+000
S21 mode   2: -2.763993e-004 2.962456e-004 4.051642e-004 2.321551e+000
S21 mode   3: -1.214655e-002 1.391531e-002 1.847091e-002 2.288431e+000
S21 mode   4: -1.746538e-005 2.128025e-006 1.759455e-005 3.020348e+000
S21 mode   5: -9.002300e-005 1.649954e-004 1.879565e-004 2.070262e+000
S21 mode   6: 4.799357e-006 1.979050e-005 2.036413e-005 1.332881e+000
S21 mode   7: 5.090332e-005 -5.854573e-005 7.758060e-005 -8.551111e-001
S21 mode   8: 6.573512e-006 -2.534311e-005 2.618175e-005 -1.317008e+000
S21 mode   9: 1.698738e-007 -1.909969e-006 1.917508e-006 -1.482089e+000
S21 mode  10: -8.928546e-006 1.439363e-005 1.693799e-005 2.126018e+000
S12 mode   1: 3.010688e-001 -6.350621e-001 7.028131e-001 -1.128101e+000
S12 mode   2: 2.815049e-004 -3.100702e-004 4.187942e-004 -8.336474e-001
S12 mode   3: -1.214803e-002 1.390600e-002 1.846487e-002 2.288823e+000
S12 mode   4: 2.438565e-006 6.618063e-006 7.053039e-006 1.217762e+000
S12 mode   5: -1.090705e-004 1.858678e-004 2.155068e-004 2.101466e+000
S12 mode   6: -1.305208e-005 -7.687347e-006 1.514768e-005 -2.609319e+000
S12 mode   7: 5.606849e-005 -6.360668e-005 8.479084e-005 -8.483038e-001
S12 mode   8: 2.897748e-006 1.692926e-005 1.717547e-005 1.401271e+000
S12 mode   9: 6.123992e-006 7.438585e-007 6.169003e-006 1.208741e-001
S12 mode  10: 1.101596e-005 -5.584660e-006 1.235070e-005 -4.692009e-001
S22 mode   1: 6.427921e-001 3.047491e-001 7.113745e-001 4.427155e-001
S22 mode   2: -1.250515e-004 2.695780e-004 2.971703e-004 2.005132e+000
S22 mode   3: -6.949494e-003 1.299952e-002 1.474052e-002 2.061736e+000
S22 mode   4: 1.900442e-005 -4.296749e-006 1.948409e-005 -2.223537e-001
S22 mode   5: -1.518294e-004 1.758807e-004 2.323493e-004 2.282934e+000
S22 mode   6: -3.826482e-005 2.737659e-005 4.704970e-005 2.520572e+000
S22 mode   7: 2.949659e-005 -5.477356e-005 6.221086e-005 -1.076811e+000
S22 mode   8: 3.264725e-005 -2.993596e-005 4.429453e-005 -7.421023e-001
S22 mode   9: 2.878986e-006 -2.387188e-006 3.739950e-006 -6.922802e-001
S22 mode  10: -1.186260e-005 1.491025e-005 1.905353e-005 2.242849e+000
Frequeny = 1.275000e+001 GHz
S11 mode   1: 6.690646e-001 2.754386e-001 7.235426e-001 3.905322e-001
S11 mode   2: 1.552986e-004 -2.942328e-004 3.327019e-004 -1.085150e+000
S11 mode   3: -7.551701e-003 1.338461e-002 1.536801e-002 2.084482e+000
S11 mode   4: -1.399366e-005 1.002559e-005 1.721438e-005 2.519919e+000
S11 mode   5: -1.674551e-004 2.014621e-004 2.619698e-004 2.264274e+000
S11 mode   6: 2.907810e-005 -1.604586e-005 3.321153e-005 -5.042391e-001
S11 mode   7: 3.379161e-005 -6.084454e-005 6.959836e-005 -1.063835e+000
S11 mode   8: -3.148318e-005 2.403184e-005 3.960707e-005 2.489619e+000
S11 mode   9: -8.812897e-006 3.588577e-006 9.515515e-006 2.754898e+000
S11 mode  10: -4.484414e-006 -2.846299e-006 5.311439e-006 -2.576042e+000
S21 mode   1: 2.627909e-001 -6.383001e-001 6.902797e-001 -1.180241e+000
S21 mode   2: -2.583105e-004 3.031520e-004 3.982781e-004 2.276498e+000
S21 mode   3: -1.129306e-002 1.418817e-002 1.813387e-002 2.243062e+000
S21 mode   4: -1.708643e-005 2.747568e-006 1.730593e-005 2.982153e+000
S21 mode   5: -8.024862e-005 1.652300e-004 1.836867e-004 2.022921e+000
S21 mode   6: 5.789325e-006 1.947037e-005 2.031284e-005 1.281781e+000
S21 mode   7: 4.722348e-005 -5.955345e-005 7.600441e-005 -9.003631e-001
S21 mode   8: 5.159251e-006 -2.534025e-005 2.586012e-005 -1.369942e+000
S21 mode   9: 7.827620e-008 -1.830884e-006 1.832556e-006 -1.528069e+000
S21 mode  10: -8.052294e-006 1.461700e-005 1.668820e-005 2.074319e+000
S12 mode   1: 2.627909e-001 -6.383001e-001 6.902797e-001 -1.180241e+000
S12 mode   2: 2.626444e-004 -3.170147e-004 4.116800e-004 -8.789215e-001
S12 mode   3: -1.129500e-002 1.417898e-002 1.812789e-002 2.243462e+000
S12 mode   4: 2.708232e-006 6.479805e-006 7.022990e-006 1.174912e+000
S12 mode   5: -9.795341e-005 1.867037e-004 2.108391e-004 2.053966e+000
S12 mode   6: -1.328502e-005 -7.052435e-006 1.504090e-005 -2.653566e+000
S12 mode   7: 5.206537e-005 -6.472254e-005 8.306509e-005 -8.933542e-001
S12 mode   8: 3.731707e-006 1.655572e-005 1.697108e-005 1.349098e+000
S12 mode   9: 6.065291e-006 4.300724e-007 6.080519e-006 7.078866e-002
S12 mode  10: 1.056067e-005 -6.040098e-006 1.216595e-005 -5.195338e-001
S22 mode   1: 6.690518e-001 2.754697e-001 7.235426e-001 3.905786e-001
S22 mode   2: -1.389155e-004 2.777998e-004 3.105966e-004 2.034489e+000
S22 mode   3: -7.568461e-003 1.339719e-002 1.538721e-002 2.085029e+000
S22 mode   4: 1.849407e-005 -4.805728e-006 1.910826e-005 -2.542298e-001
S22 mode   5: -1.568166e-004 1.814809e-004 2.398473e-004 2.283416e+000
S22 mode   6: -3.890238e-005 2.895738e-005 4.849665e-005 2.501711e+000
S22 mode   7: 3.200637e-005 -5.632184e-005 6.478084e-005 -1.054030e+000
S22 mode   8: 3.362549e-005 -3.138270e-005 4.599508e-005 -7.509117e-001
S22 mode   9: 2.824015e-006 -2.413727e-006 3.714989e-006 -7.072249e-001
S22 mode  10: -1.259587e-005 1.558123e-005 2.003574e-005 2.250638e+000
Frequeny = 1.280000e+001 GHz
S11 mode   1: 6.921905e-001 2.447969e-001 7.342024e-001 3.399276e-001
S11 mode   2: 1.683486e-004 -3.042462e-004 3.477168e-004 -1.065400e+000
S11 mode   3: -8.109168e-003 1.382740e-002 1.602984e-002 2.101198e+000
S11 mode   4: -1.409168e-005 1.055813e-005 1.760822e-005 2.498574e+000
S11 mode   5: -1.728451e-004 2.082465e-004 2.706327e-004 2.263566e+000
S11 mode   6: 2.886868e-005 -1.690945e-005 3.345639e-005 -5.298659e-001
S11 mode   7: 3.622782e-005 -6.268568e-005 7.240131e-005 -1.046764e+000
S11 mode   8: -3.170565e-005 2.512550e-005 4.045416e-005 2.471465e+000
S11 mode   9: -8.541629e-006 3.727138e-006 9.319388e-006 2.730148e+000
S11 mode  10: -3.886813e-006 -2.999418e-006 4.909564e-006 -2.484353e+000
S21 mode   1: 2.263851e-001 -6.400755e-001 6.789306e-001 -1.230842e+000
S21 mode   2: -2.410650e-004 3.092224e-004 3.920852e-004 2.232964e+000
S21 mode   3: -1.048106e-002 1.442287e-002 1.782896e-002 2.199216e+000
S21 mode   4: -1.672074e-005 3.323046e-006 1.704775e-005 2.945411e+000
S21 mode   5: -7.104601e-005 1.651355e-004 1.797701e-004 1.977087e+000
S21 mode   6: 6.737826e-006 1.913362e-005 2.028531e-005 1.232211e+000
S21 mode   7: 4.373260e-005 -6.039754e-005 7.456811e-005 -9.440920e-001
S21 mode   8: 3.808684e-006 -2.529280e-005 2.557796e-005 -1.421336e+000
S21 mode   9: -2.607969e-009 -1.752691e-006 1.752693e-006 -1.572284e+000
S21 mode  10: -7.211335e-006 1.480203e-005 1.646522e-005 2.024140e+000
S12 mode   1: 2.263851e-001 -6.400755e-001 6.789306e-001 -1.230842e+000
S12 mode   2: 2.446641e-004 -3.230980e-004 4.052812e-004 -9.226750e-001
S12 mode   3: -1.048345e-002 1.441380e-002 1.782303e-002 2.199624e+000
S12 mode   4: 2.965158e-006 6.342802e-006 7.001664e-006 1.133498e+000
S12 mode   5: -8.745671e-005 1.871404e-004 2.065677e-004 2.007970e+000
S12 mode   6: -1.349737e-005 -6.439566e-006 1.495483e-005 -2.696434e+000
S12 mode   7: 4.826844e-005 -6.565967e-005 8.149254e-005 -9.368797e-001
S12 mode   8: 4.516817e-006 1.617362e-005 1.679249e-005 1.298464e+000
S12 mode   9: 6.000160e-006 1.334881e-007 6.001645e-006 2.224375e-002
S12 mode  10: 1.011408e-005 -6.459243e-006 1.200069e-005 -5.683466e-001
S22 mode   1: 6.921776e-001 2.448333e-001 7.342024e-001 3.399801e-001
S22 mode   2: -1.515126e-004 2.870849e-004 3.246133e-004 2.056406e+000
S22 mode   3: -8.126141e-003 1.384058e-002 1.604979e-002 2.101695e+000
S22 mode   4: 1.799344e-005 -5.255588e-006 1.874527e-005 -2.841783e-001
S22 mode   5: -1.610251e-004 1.873672e-004 2.470538e-004 2.280728e+000
S22 mode   6: -3.944481e-005 3.054581e-005 4.988927e-005 2.482662e+000
S22 mode   7: 3.424881e-005 -5.805247e-005 6.740230e-005 -1.037790e+000
S22 mode   8: 3.448507e-005 -3.287294e-005 4.764295e-005 -7.614689e-001
S22 mode   9: 2.759800e-006 -2.435295e-006 3.680647e-006 -7.230155e-001
S22 mode  10: -1.326285e-005 1.629713e-005 2.101189e-005 2.253905e+000
Frequeny = 1.285000e+001 GHz
S11 mode   1: 7.123307e-001 2.130987e-001 7.435227e-001 2.906832e-001
S11 mode   2: 1.801194e-004 -3.151859e-004 3.630223e-004 -1.051619e+000
S11 mode   3: -8.607981e-003 1.430858e-002 1.669829e-002 2.112388e+000
S11 mode   4: -1.416355e-005 1.108759e-005 1.798724e-005 2.477412e+000
S11 mode   5: -1.774142e-004 2.153200e-004 2.789955e-004 2.259975e+000
S11 mode   6: 2.862336e-005 -1.773132e-005 3.367041e-005 -5.546130e-001
S11 mode   7: 3.838758e-005 -6.469185e-005 7.522394e-005 -1.035250e+000
S11 mode   8: -3.185294e-005 2.620965e-005 4.124992e-005 2.453083e+000
S11 mode   9: -8.267878e-006 3.839776e-006 9.116013e-006 2.706811e+000
S11 mode  10: -3.314666e-006 -3.198683e-006 4.606363e-006 -2.374000e+000
S21 mode   1: 1.916757e-001 -6.406515e-001 6.687107e-001 -1.280084e+000
S21 mode   2: -2.245936e-004 3.146137e-004 3.865540e-004 2.190771e+000
S21 mode   3: -9.707089e-003 1.462661e-002 1.755464e-002 2.156714e+000
S21 mode   4: -1.636938e-005 3.861303e-006 1.681863e-005 2.909941e+000
S21 mode   5: -6.236044e-005 1.647817e-004 1.761869e-004 1.932582e+000
S21 mode   6: 7.650803e-006 1.878309e-005 2.028150e-005 1.183992e+000
S21 mode   7: 4.041507e-005 -6.110897e-005 7.326449e-005 -9.864761e-001
S21 mode   8: 2.514804e-006 -2.520878e-005 2.533391e-005 -1.471366e+000
S21 mode   9: -7.395028e-008 -1.675879e-006 1.677510e-006 -1.614894e+000
S21 mode  10: -6.402488e-006 1.495509e-005 1.626796e-005 1.975302e+000
S12 mode   1: 1.916757e-001 -6.406515e-001 6.687107e-001 -1.280084e+000
S12 mode   2: 2.274910e-004 -3.284821e-004 3.995656e-004 -9.650865e-001
S12 mode   3: -9.709903e-003 1.461768e-002 1.754876e-002 2.157129e+000
S12 mode   4: 3.211539e-006 6.207407e-006 6.988983e-006 1.093348e+000
S12 mode   5: -7.752203e-005 1.872590e-004 2.026712e-004 1.963299e+000
S12 mode   6: -1.369335e-005 -5.845965e-006 1.488903e-005 -2.738097e+000
S12 mode   7: 4.466074e-005 -6.645198e-005 8.006527e-005 -9.790585e-001
S12 mode   8: 5.259396e-006 1.578575e-005 1.663884e-005 1.249189e+000
S12 mode   9: 5.930163e-006 -1.479252e-007 5.932007e-006 -2.493937e-002
S12 mode  10: 9.676533e-006 -6.847248e-006 1.185412e-005 -6.158176e-001
S22 mode   1: 7.123183e-001 2.131401e-001 7.435227e-001 2.907414e-001
S22 mode   2: -1.628913e-004 2.972759e-004 3.389786e-004 2.072062e+000
S22 mode   3: -8.625140e-003 1.432235e-002 1.671893e-002 2.112843e+000
S22 mode   4: 1.750402e-005 -5.652332e-006 1.839401e-005 -3.123461e-001
S22 mode   5: -1.645046e-004 1.934651e-004 2.539498e-004 2.275468e+000
S22 mode   6: -3.989690e-005 3.213663e-005 5.123013e-005 2.463512e+000
S22 mode   7: 3.623650e-005 -5.993377e-005 7.003671e-005 -1.026995e+000
S22 mode   8: 3.523149e-005 -3.439677e-005 4.923816e-005 -7.734105e-001
S22 mode   9: 2.687662e-006 -2.451449e-006 3.637737e-006 -7.394667e-001
S22 mode  10: -1.386567e-005 1.705077e-005 2.197693e-005 2.253534e+000
Frequeny = 1.290000e+001 GHz
S11 mode   1: 7.296301e-001 1.805943e-001 7.516478e-001 2.426383e-001
S11 mode   2: 1.906643e-004 -3.269166e-004 3.784539e-004 -1.042807e+000
S11 mode   3: -9.050795e-003 1.482207e-002 1.736694e-002 2.118995e+000
S11 mode   4: -1.421084e-005 1.161331e-005 1.835257e-005 2.456442e+000
S11 mode   5: -1.812114e-004 2.226114e-004 2.870425e-004 2.254031e+000
S11 mode   6: 2.834579e-005 -1.851269e-005 3.385563e-005 -5.785528e-001
S11 mode   7: 4.028474e-005 -6.683437e-005 7.803648e-005 -1.028354e+000
S11 mode   8: -3.193027e-005 2.728090e-005 4.199749e-005 2.434556e+000
S11 mode   9: -7.993207e-006 3.928125e-006 8.906263e-006 2.684822e+000
S11 mode  10: -2.768750e-006 -3.439571e-006 4.415498e-006 -2.248560e+000
S21 mode   1: 1.584903e-001 -6.402394e-001 6.595647e-001 -1.328126e+000
S21 mode   2: -2.088238e-004 3.194559e-004 3.816536e-004 2.149758e+000
S21 mode   3: -8.967574e-003 1.480533e-002 1.730940e-002 2.115396e+000
S21 mode   4: -1.603274e-005 4.368355e-006 1.661720e-005 2.875585e+000
S21 mode   5: -5.413936e-005 1.642241e-004 1.729179e-004 1.889244e+000
S21 mode   6: 8.533655e-006 1.842059e-005 2.030127e-005 1.136964e+000
S21 mode   7: 3.725498e-005 -6.171319e-005 7.208642e-005 -1.027676e+000
S21 mode   8: 1.270898e-006 -2.509442e-005 2.512658e-005 -1.520195e+000
S21 mode   9: -1.367833e-007 -1.600781e-006 1.606614e-006 -1.656037e+000
S21 mode  10: -5.622475e-006 1.508137e-005 1.609534e-005 1.927645e+000
S12 mode   1: 1.584903e-001 -6.402394e-001 6.595647e-001 -1.328126e+000
S12 mode   2: 2.110488e-004 -3.333008e-004 3.945010e-004 -1.006316e+000
S12 mode   3: -8.970800e-003 1.479654e-002 1.730355e-002 2.115818e+000
S12 mode   4: 3.449322e-006 6.073729e-006 6.984841e-006 1.054308e+000
S12 mode   5: -6.809280e-005 1.871244e-004 1.991285e-004 1.919792e+000
S12 mode   6: -1.387642e-005 -5.268830e-006 1.484303e-005 -2.778711e+000
S12 mode   7: 4.122496e-005 -6.712732e-005 7.877547e-005 -1.020051e+000
S12 mode   8: 5.965111e-006 1.539392e-005 1.650925e-005 1.201114e+000
S12 mode   9: 5.856467e-006 -4.160462e-007 5.871226e-006 -7.092133e-002
S12 mode  10: 9.247841e-006 -7.208566e-006 1.172544e-005 -6.621069e-001
S22 mode   1: 7.296186e-001 1.806406e-001 7.516478e-001 2.427018e-001
S22 mode   2: -1.731018e-004 3.082421e-004 3.535214e-004 2.082485e+000
S22 mode   3: -9.068112e-003 1.483643e-002 1.738822e-002 2.119415e+000
S22 mode   4: 1.702669e-005 -6.001115e-006 1.805329e-005 -3.388589e-001
S22 mode   5: -1.673021e-004 1.997136e-004 2.605293e-004 2.268112e+000
S22 mode   6: -4.026292e-005 3.372547e-005 5.252152e-005 2.444323e+000
S22 mode   7: 3.798214e-005 -6.193946e-005 7.265769e-005 -1.020717e+000
S22 mode   8: 3.586994e-005 -3.594594e-005 5.078152e-005 -7.864565e-001
S22 mode   9: 2.608785e-006 -2.461903e-006 3.587022e-006 -7.564394e-001
S22 mode  10: -1.440646e-005 1.783610e-005 2.292755e-005 2.250223e+000
Frequeny = 1.295000e+001 GHz
S11 mode   1: 7.442260e-001 1.474934e-001 7.587007e-001 1.956484e-001
S11 mode   2: 2.000355e-004 -3.393255e-004 3.938985e-004 -1.038126e+000
S11 mode   3: -9.440200e-003 1.536280e-002 1.803144e-002 2.121798e+000
S11 mode   4: -1.423485e-005 1.213478e-005 1.870518e-005 2.435667e+000
S11 mode   5: -1.842830e-004 2.300622e-004 2.947691e-004 2.246155e+000
S11 mode   6: 2.803900e-005 -1.925466e-005 3.401364e-005 -6.017507e-001
S11 mode   7: 4.193270e-005 -6.908947e-005 8.081897e-005 -1.025294e+000
S11 mode   8: -3.194225e-005 2.833649e-005 4.269970e-005 2.415941e+000
S11 mode   9: -7.718890e-006 3.993661e-006 8.690833e-006 2.664132e+000
S11 mode  10: -2.249540e-006 -3.718153e-006 4.345698e-006 -2.114895e+000
S21 mode   1: 1.266634e-001 -6.390068e-001 6.514394e-001 -1.375114e+000
S21 mode   2: -1.936825e-004 3.238563e-004 3.773537e-004 2.109781e+000
S21 mode   3: -8.258957e-003 1.496389e-002 1.709176e-002 2.075117e+000
S21 mode   4: -1.571071e-005 4.849480e-006 1.644213e-005 2.842198e+000
S21 mode   5: -4.633322e-005 1.635065e-004 1.699445e-004 1.846930e+000
S21 mode   6: 9.391248e-006 1.804715e-005 2.034441e-005 1.090983e+000
S21 mode   7: 3.423660e-005 -6.223100e-005 7.102705e-005 -1.067835e+000
S21 mode   8: 7.063154e-008 -2.495451e-005 2.495461e-005 -1.567966e+000
S21 mode   9: -1.920116e-007 -1.527618e-006 1.539638e-006 -1.695834e+000
S21 mode  10: -4.868029e-006 1.518508e-005 1.594630e-005 1.881025e+000
S12 mode   1: 1.266634e-001 -6.390068e-001 6.514394e-001 -1.375114e+000
S12 mode   2: 1.952608e-004 -3.376642e-004 3.900563e-004 -1.046509e+000
S12 mode   3: -8.262583e-003 1.495524e-002 1.708595e-002 2.075547e+000
S12 mode   4: 3.680229e-006 5.941692e-006 6.989120e-006 1.016241e+000
S12 mode   5: -5.911517e-005 1.867881e-004 1.959194e-004 1.877305e+000
S12 mode   6: -1.404932e-005 -4.705391e-006 1.481635e-005 -2.818415e+000
S12 mode   7: 3.794399e-005 -6.770849e-005 7.761563e-005 -1.060002e+000
S12 mode   8: 6.639013e-006 1.499921e-005 1.640283e-005 1.154093e+000
S12 mode   9: 5.779925e-006 -6.725965e-007 5.818927e-006 -1.158467e-001
S12 mode  10: 8.827491e-006 -7.547028e-006 1.161388e-005 -7.073585e-001
S22 mode   1: 7.442159e-001 1.475444e-001 7.587007e-001 1.957170e-001
S22 mode   2: -1.821938e-004 3.198746e-004 3.681227e-004 2.088547e+000
S22 mode   3: -9.457647e-003 1.537776e-002 1.805333e-002 2.122188e+000
S22 mode   4: 1.656188e-005 -6.306328e-006 1.772190e-005 -3.638229e-001
S22 mode   5: -1.694615e-004 2.060629e-004 2.667942e-004 2.259034e+000
S22 mode   6: -4.054662e-005 3.530858e-005 5.376545e-005 2.425138e+000
S22 mode   7: 3.949803e-005 -6.404774e-005 7.524764e-005 -1.018190e+000
S22 mode   8: 3.640520e-005 -3.751347e-005 5.227426e-005 -8.003902e-001
S22 mode   9: 2.524227e-006 -2.466490e-006 3.529206e-006 -7.738299e-001
S22 mode  10: -1.488736e-005 1.864798e-005 2.386170e-005 2.244522e+000
Frequeny = 1.300000e+001 GHz
S11 mode   1: 7.562464e-001 1.139731e-001 7.647865e-001 1.495832e-001
S11 mode   2: 2.082829e-004 -3.523187e-004 4.092802e-004 -1.036889e+000
S11 mode   3: -9.778640e-003 1.592658e-002 1.868897e-002 2.121434e+000
S11 mode   4: -1.423672e-005 1.265158e-005 1.904590e-005 2.415079e+000
S11 mode   5: -1.866715e-004 2.376240e-004 3.021778e-004 2.236680e+000
S11 mode   6: 2.770554e-005 -1.995819e-005 3.414566e-005 -6.242655e-001
S11 mode   7: 4.334413e-005 -7.143739e-005 8.355845e-005 -1.025434e+000
S11 mode   8: -3.189296e-005 2.937417e-005 4.335900e-005 2.397283e+000
S11 mode   9: -7.445979e-006 4.037703e-006 8.470281e-006 2.644706e+000
S11 mode  10: -1.757315e-006 -4.031011e-006 4.397410e-006 -1.981904e+000
S21 mode   1: 9.603842e-002 -6.370857e-001 6.442838e-001 -1.421176e+000
S21 mode   2: -1.790975e-004 3.279029e-004 3.736257e-004 2.070710e+000
S21 mode   3: -7.577766e-003 1.510627e-002 1.690035e-002 2.035748e+000
S21 mode   4: -1.540281e-005 5.309315e-006 1.629219e-005 2.809649e+000
S21 mode   5: -3.889579e-005 1.626634e-004 1.672491e-004 1.805507e+000
S21 mode   6: 1.022794e-005 1.766314e-005 2.041072e-005 1.045920e+000
S21 mode   7: 3.134470e-005 -6.267937e-005 7.007991e-005 -1.107085e+000
S21 mode   8: -1.091907e-006 -2.479264e-005 2.481667e-005 -1.614809e+000
S21 mode   9: -2.404242e-007 -1.456525e-006 1.476234e-006 -1.734388e+000
S21 mode  10: -4.135967e-006 1.526959e-005 1.581982e-005 1.835312e+000
S12 mode   1: 9.603842e-002 -6.370857e-001 6.442838e-001 -1.421176e+000
S12 mode   2: 1.800515e-004 -3.416628e-004 3.862021e-004 -1.085794e+000
S12 mode   3: -7.581782e-003 1.509777e-002 1.689456e-002 2.036185e+000
S12 mode   4: 3.905783e-006 5.811079e-006 7.001699e-006 9.790230e-001
S12 mode   5: -5.053856e-005 1.862911e-004 1.930247e-004 1.835708e+000
S12 mode   6: -1.421426e-005 -4.152953e-006 1.480852e-005 -2.857337e+000
S12 mode   7: 3.480125e-005 -6.821411e-005 7.657866e-005 -1.099041e+000
S12 mode   8: 7.285585e-006 1.460212e-005 1.631875e-005 1.107997e+000
S12 mode   9: 5.701136e-006 -9.191438e-007 5.774753e-006 -1.598457e-001
S12 mode  10: 8.414719e-006 -7.865920e-006 1.151869e-005 -7.517023e-001
S22 mode   1: 7.562380e-001 1.140286e-001 7.647865e-001 1.496566e-001
S22 mode   2: -1.902144e-004 3.320829e-004 3.827017e-004 2.090970e+000
S22 mode   3: -9.796191e-003 1.594214e-002 1.871142e-002 2.121798e+000
S22 mode   4: 1.610975e-005 -6.571692e-006 1.739859e-005 -3.873261e-001
S22 mode   5: -1.710231e-004 2.124722e-004 2.727514e-004 2.248530e+000
S22 mode   6: -4.075130e-005 3.688267e-005 5.496362e-005 2.405985e+000
S22 mode   7: 4.079581e-005 -6.624046e-005 7.779522e-005 -1.018786e+000
S22 mode   8: 3.684162e-005 -3.909343e-005 5.371780e-005 -8.150439e-001
S22 mode   9: 2.434933e-006 -2.465134e-006 3.464937e-006 -7.915615e-001
S22 mode  10: -1.531037e-005 1.948202e-005 2.477815e-005 2.236863e+000
