Type =     1
Number =  1811
    1 0.000000e+000
    2 0.000000e+000
    3 0.000000e+000
    4 0.000000e+000
    5 0.000000e+000
    6 0.000000e+000
    7 0.000000e+000
    8 0.000000e+000
    9 0.000000e+000
   10 0.000000e+000
   11 0.000000e+000
   12 0.000000e+000
   13 0.000000e+000
   14 0.000000e+000
   15 0.000000e+000
   16 0.000000e+000
   17 0.000000e+000
   18 0.000000e+000
   19 0.000000e+000
   20 0.000000e+000
   21 1.172514e+003
   22 3.934869e+002
   23 2.708990e+003
   24 3.629765e+002
   25 3.207389e+002
   26 1.653665e+003
   27 1.554866e+003
   28 1.017661e+003
   29 0.000000e+000
   30 0.000000e+000
   31 0.000000e+000
   32 0.000000e+000
   33 0.000000e+000
   34 0.000000e+000
   35 0.000000e+000
   36 0.000000e+000
   37 0.000000e+000
   38 0.000000e+000
   39 0.000000e+000
   40 0.000000e+000
   41 0.000000e+000
   42 0.000000e+000
   43 0.000000e+000
   44 0.000000e+000
   45 0.000000e+000
   46 0.000000e+000
   47 0.000000e+000
   48 0.000000e+000
   49 0.000000e+000
   50 0.000000e+000
   51 0.000000e+000
   52 0.000000e+000
   53 0.000000e+000
   54 0.000000e+000
   55 0.000000e+000
   56 0.000000e+000
   57 0.000000e+000
   58 0.000000e+000
   59 0.000000e+000
   60 0.000000e+000
   61 0.000000e+000
   62 0.000000e+000
   63 0.000000e+000
   64 0.000000e+000
   65 0.000000e+000
   66 0.000000e+000
   67 0.000000e+000
   68 0.000000e+000
   69 0.000000e+000
   70 0.000000e+000
   71 0.000000e+000
   72 0.000000e+000
   73 0.000000e+000
   74 0.000000e+000
   75 0.000000e+000
   76 0.000000e+000
   77 0.000000e+000
   78 0.000000e+000
   79 2.653935e+002
   80 5.159036e+002
   81 7.418515e+002
   82 9.293481e+002
   83 1.068747e+003
   84 1.149853e+003
   85 1.170845e+003
   86 1.127393e+003
   87 1.015863e+003
   88 8.431241e+002
   89 6.157108e+002
   90 3.518223e+002
   91 1.599585e+002
   92 3.852356e+002
   93 7.207141e+002
   94 1.061476e+003
   95 1.373878e+003
   96 1.649448e+003
   97 1.870317e+003
   98 2.023406e+003
   99 2.094756e+003
  100 2.085747e+003
  101 1.989048e+003
  102 1.812293e+003
  103 1.556952e+003
  104 1.231911e+003
  105 8.552384e+002
  106 4.375424e+002
  107 0.000000e+000
  108 0.000000e+000
  109 0.000000e+000
  110 0.000000e+000
  111 0.000000e+000
  112 0.000000e+000
  113 0.000000e+000
  114 0.000000e+000
  115 0.000000e+000
  116 0.000000e+000
  117 0.000000e+000
  118 0.000000e+000
  119 0.000000e+000
  120 0.000000e+000
  121 0.000000e+000
  122 0.000000e+000
  123 0.000000e+000
  124 0.000000e+000
  125 0.000000e+000
  126 0.000000e+000
  127 0.000000e+000
  128 0.000000e+000
  129 0.000000e+000
  130 0.000000e+000
  131 0.000000e+000
  132 0.000000e+000
  133 0.000000e+000
  134 0.000000e+000
  135 0.000000e+000
  136 0.000000e+000
  137 0.000000e+000
  138 0.000000e+000
  139 0.000000e+000
  140 0.000000e+000
  141 0.000000e+000
  142 0.000000e+000
  143 0.000000e+000
  144 0.000000e+000
  145 0.000000e+000
  146 0.000000e+000
  147 0.000000e+000
  148 0.000000e+000
  149 0.000000e+000
  150 0.000000e+000
  151 0.000000e+000
  152 0.000000e+000
  153 0.000000e+000
  154 0.000000e+000
  155 0.000000e+000
  156 0.000000e+000
  157 0.000000e+000
  158 7.882173e+002
  159 1.313428e+003
  160 1.732095e+003
  161 2.057066e+003
  162 2.293690e+003
  163 2.430738e+003
  164 2.482570e+003
  165 2.422799e+003
  166 2.288875e+003
  167 2.097026e+003
  168 1.871802e+003
  169 1.685791e+003
  170 1.601429e+003
  171 1.663574e+003
  172 1.855055e+003
  173 2.125552e+003
  174 2.411491e+003
  175 2.649962e+003
  176 2.821017e+003
  177 2.903549e+003
  178 2.872411e+003
  179 2.729956e+003
  180 2.477976e+003
  181 2.121385e+003
  182 1.676459e+003
  183 1.158914e+003
  184 5.952931e+002
  185 9.255374e+002
  186 5.727880e+002
  187 2.179858e+002
  188 5.776126e+002
  189 6.968571e+002
  190 6.350045e+002
  191 9.022419e+001
  192 5.380813e+002
  193 1.104771e+003
  194 2.143017e+003
  195 2.503082e+003
  196 2.686749e+003
  197 2.584283e+003
  198 2.337713e+003
  199 1.979218e+003
  200 1.094287e+003
  201 6.483734e+002
  202 3.128763e+002
  203 5.818224e+002
  204 7.692230e+002
  205 9.007984e+002
  206 1.151514e+003
  207 1.260810e+003
  208 1.280201e+003
  209 5.241085e+003
  210 7.639202e+002
  211 3.005905e+003
  212 4.241205e+003
  213 2.538760e+003
  214 4.425095e+002
  215 4.448389e+002
  216 1.341958e+003
  217 2.025196e+003
  218 1.597399e+003
  219 1.431372e+003
  220 8.933392e+002
  221 1.367287e+003
  222 1.403993e+003
  223 1.790411e+003
  224 1.129700e+003
  225 1.214224e+003
  226 2.127164e+002
  227 1.724662e+002
  228 3.278737e+002
  229 1.310175e+002
  230 8.707806e+001
  231 9.603654e+001
  232 1.439288e+002
  233 1.819097e+002
  234 2.559210e+002
  235 2.672669e+002
  236 5.571122e+001
  237 5.327498e+001
  238 1.045010e+001
  239 1.329722e+001
  240 4.898768e+003
  241 2.308188e+003
  242 4.391135e+003
  243 1.745617e+003
  244 4.774474e+002
  245 3.650647e+003
  246 3.471091e+003
  247 1.533483e+003
  248 3.077122e+003
  249 2.181244e+003
  250 1.224944e+003
  251 4.720467e+002
  252 4.555321e+002
  253 2.911737e+003
  254 2.588668e+003
  255 1.697629e+003
  256 4.525839e+002
  257 4.159439e+002
  258 7.097952e+002
  259 7.875281e+002
  260 5.949765e+002
  261 1.088273e+003
  262 2.671590e+003
  263 1.551451e+003
  264 2.625333e+003
  265 1.386003e+003
  266 2.419244e+002
  267 2.386150e+002
  268 1.144496e+003
  269 1.503219e+003
  270 1.083404e+003
  271 1.856889e+003
  272 1.997268e+003
  273 1.504710e+003
  274 3.686691e+002
  275 1.174648e+003
  276 7.783835e+002
  277 1.113468e+003
  278 7.856383e+002
  279 1.103739e+003
  280 5.409475e+002
  281 1.051946e+003
  282 9.697190e+002
  283 3.684588e+002
  284 4.896431e+002
  285 1.028449e+002
  286 1.059960e+002
  287 9.296787e+001
  288 7.313285e+001
  289 1.897909e+002
  290 1.398595e+002
  291 3.084060e+002
  292 6.666072e+001
  293 7.208420e+001
  294 9.839387e+001
  295 4.511043e+001
  296 1.090929e+002
  297 2.427227e+002
  298 4.342267e+002
  299 4.144594e+001
  300 3.737881e+001
  301 1.359707e+001
  302 1.501255e+001
  303 4.343821e+003
  304 2.766327e+003
  305 3.294417e+003
  306 2.469206e+003
  307 2.779922e+003
  308 3.245235e+003
  309 3.315188e+003
  310 2.435864e+003
  311 3.605702e+003
  312 2.022468e+003
  313 5.505955e+003
  314 1.776255e+003
  315 2.100703e+003
  316 1.137141e+003
  317 5.776473e+002
  318 3.678975e+002
  319 2.158689e+003
  320 3.310944e+002
  321 3.577033e+002
  322 1.585992e+003
  323 9.355180e+002
  324 8.129208e+002
  325 1.963112e+003
  326 4.519023e+002
  327 1.477193e+003
  328 1.172530e+003
  329 2.449845e+003
  330 1.850150e+003
  331 2.444277e+002
  332 2.328214e+002
  333 6.484546e+002
  334 3.751234e+002
  335 3.628099e+002
  336 2.031111e+003
  337 6.374372e+002
  338 5.265713e+002
  339 6.731300e+002
  340 1.495405e+003
  341 8.242908e+002
  342 1.873064e+003
  343 1.449894e+003
  344 1.153173e+003
  345 1.344525e+003
  346 1.724354e+003
  347 1.940412e+003
  348 2.007451e+003
  349 1.946961e+003
  350 1.300836e+003
  351 9.834470e+002
  352 7.600807e+002
  353 7.482284e+002
  354 1.572738e+003
  355 1.590905e+002
  356 1.698721e+002
  357 5.955952e+002
  358 2.277076e+002
  359 2.018052e+002
  360 9.304552e+002
  361 1.082585e+003
  362 6.861125e+002
  363 1.174343e+003
  364 8.641630e+002
  365 2.669864e+002
  366 1.512915e+003
  367 3.450387e+002
  368 1.546837e+003
  369 2.556346e+003
  370 1.506326e+003
  371 5.329010e+002
  372 9.560030e+002
  373 1.608116e+003
  374 1.638889e+002
  375 3.839963e+002
  376 9.043632e+002
  377 1.664737e+002
  378 8.372704e+002
  379 3.476295e+002
  380 7.857255e+002
  381 1.398825e+003
  382 1.884020e+003
  383 4.847980e+002
  384 5.797814e+002
  385 2.524895e+002
  386 1.760696e+002
  387 5.511816e+001
  388 7.403702e+001
  389 3.327565e+002
  390 6.339098e+001
  391 8.311634e+001
  392 1.219830e+003
  393 4.981617e+002
  394 1.459126e+002
  395 7.503700e+001
  396 3.945149e+001
  397 3.589411e+001
  398 3.668022e+001
  399 2.855412e+001
  400 9.535361e+001
  401 6.984697e+001
  402 5.250975e+001
  403 1.265547e+001
  404 3.164623e+001
  405 5.155080e+003
  406 2.636458e+003
  407 3.681750e+003
  408 2.374423e+003
  409 4.563452e+003
  410 1.250940e+003
  411 4.426911e+003
  412 2.674348e+003
  413 4.443597e+002
  414 1.492127e+003
  415 2.736197e+003
  416 2.510960e+003
  417 2.067181e+003
  418 2.527774e+003
  419 3.122072e+003
  420 4.731036e+003
  421 4.909354e+003
  422 2.048078e+003
  423 2.716950e+003
  424 5.249363e+003
  425 1.528956e+002
  426 2.372683e+003
  427 2.881749e+003
  428 2.569249e+003
  429 2.344073e+003
  430 3.066609e+003
  431 2.366525e+003
  432 2.582677e+003
  433 3.042615e+003
  434 9.199836e+002
  435 2.810196e+003
  436 2.355299e+003
  437 1.479997e+003
  438 2.632941e+003
  439 3.673254e+002
  440 3.162890e+002
  441 3.485334e+003
  442 3.039020e+002
  443 1.808718e+003
  444 2.148189e+003
  445 1.946451e+003
  446 6.541162e+002
  447 6.753104e+002
  448 1.211458e+003
  449 1.195761e+003
  450 1.437507e+003
  451 3.524774e+002
  452 1.061198e+003
  453 4.260877e+002
  454 6.230831e+002
  455 1.426119e+003
  456 4.131958e+002
  457 4.015869e+002
  458 2.612901e+003
  459 1.826563e+003
  460 8.376869e+002
  461 3.305505e+002
  462 4.337464e+002
  463 7.811226e+002
  464 1.371006e+003
  465 1.658414e+003
  466 1.827704e+003
  467 1.528628e+003
  468 2.494997e+003
  469 7.056219e+002
  470 1.118471e+003
  471 1.081295e+003
  472 4.621635e+002
  473 8.410683e+002
  474 1.567395e+002
  475 1.588524e+002
  476 1.039098e+003
  477 2.078110e+002
  478 2.254808e+002
  479 3.093318e+003
  480 2.560316e+003
  481 1.055121e+003
  482 4.002815e+002
  483 4.670872e+002
  484 4.090859e+002
  485 3.911135e+002
  486 2.021142e+003
  487 1.111544e+003
  488 2.546077e+002
  489 2.845704e+002
  490 1.773115e+003
  491 2.569627e+003
  492 6.104735e+002
  493 1.802606e+003
  494 3.502395e+002
  495 3.531689e+002
  496 1.280863e+003
  497 1.029662e+003
  498 6.629685e+002
  499 1.171095e+003
  500 4.417660e+002
  501 1.829528e+003
  502 8.126815e+002
  503 8.961942e+002
  504 1.575664e+003
  505 1.007172e+003
  506 5.039642e+002
  507 1.515477e+002
  508 1.602135e+002
  509 6.001115e+002
  510 8.276279e+002
  511 5.612198e+002
  512 2.130038e+003
  513 5.619262e+002
  514 6.475922e+002
  515 5.052383e+002
  516 1.588222e+003
  517 1.049594e+003
  518 1.381773e+003
  519 2.171257e+003
  520 1.314806e+003
  521 1.689047e+003
  522 8.783780e+002
  523 2.310481e+003
  524 1.411395e+003
  525 1.349284e+003
  526 1.593142e+003
  527 1.640272e+003
  528 2.718398e+002
  529 2.369995e+003
  530 1.830484e+003
  531 1.015283e+003
  532 1.475741e+003
  533 2.066270e+002
  534 1.678835e+003
  535 2.474022e+002
  536 1.158498e+003
  537 1.194406e+003
  538 1.238367e+003
  539 8.462930e+002
  540 8.734300e+001
  541 8.015614e+001
  542 3.635787e+002
  543 3.220020e+002
  544 8.649163e+001
  545 9.699433e+001
  546 7.810879e+002
  547 2.250616e+003
  548 2.216396e+003
  549 1.303660e+003
  550 1.512991e+002
  551 8.419885e+001
  552 8.872819e+001
  553 8.746186e+002
  554 4.264149e+002
  555 6.968530e+002
  556 5.554874e+002
  557 4.492169e+002
  558 8.165401e+002
  559 1.080206e+002
  560 1.102146e+003
  561 3.086525e+002
  562 8.631005e+002
  563 6.881708e+002
  564 2.435263e+002
  565 6.566543e+002
  566 1.312198e+002
  567 3.752226e+001
  568 2.933793e+001
  569 2.883317e+002
  570 1.437757e+002
  571 1.652747e+002
  572 1.284272e+002
  573 1.415382e+002
  574 1.194187e+002
  575 5.531054e+002
  576 6.237296e+002
  577 4.858786e+001
  578 4.927206e+001
  579 2.109919e+002
  580 8.703857e+002
  581 2.850861e+002
  582 1.487637e+002
  583 1.811032e+002
  584 1.224707e+003
  585 8.753134e+002
  586 2.750665e+003
  587 6.913143e+001
  588 6.327747e+001
  589 1.551036e+003
  590 5.299734e+002
  591 4.428116e+003
  592 3.569844e+003
  593 3.731582e+003
  594 2.598370e+003
  595 4.505552e+003
  596 2.655905e+003
  597 3.825988e+003
  598 2.913524e+003
  599 2.316730e+003
  600 2.089008e+003
  601 3.705387e+003
  602 2.838763e+003
  603 2.924596e+003
  604 2.307106e+003
  605 2.549673e+003
  606 4.967243e+003
  607 4.045521e+003
  608 3.689137e+003
  609 2.457861e+003
  610 3.361058e+003
  611 2.041073e+003
  612 9.135153e+002
  613 5.155751e+003
  614 9.512091e+002
  615 3.924305e+003
  616 1.405157e+003
  617 1.644263e+003
  618 2.367966e+003
  619 2.350529e+003
  620 2.520535e+003
  621 2.902304e+002
  622 2.039938e+003
  623 2.214720e+003
  624 5.143507e+002
  625 5.490453e+002
  626 2.309407e+003
  627 3.530812e+003
  628 2.625970e+003
  629 1.832922e+003
  630 2.498934e+003
  631 1.459992e+003
  632 1.350686e+003
  633 5.451869e+003
  634 1.840905e+003
  635 1.804652e+003
  636 1.954013e+001
  637 1.872237e+003
  638 2.416421e+003
  639 5.145096e+003
  640 5.379810e+003
  641 7.656694e+002
  642 2.740772e+003
  643 4.630556e+003
  644 1.162952e+003
  645 8.129862e+002
  646 2.487949e+002
  647 9.413604e+002
  648 7.261305e+002
  649 3.479440e+002
  650 2.113056e+003
  651 1.735397e+003
  652 4.448294e+001
  653 1.352644e+003
  654 1.356018e+002
  655 4.809510e+002
  656 2.630464e+002
  657 9.715310e+001
  658 2.019435e+003
  659 3.820473e+002
  660 2.204282e+003
  661 1.840170e+003
  662 3.610047e+002
  663 1.687798e+003
  664 2.044244e+003
  665 3.108130e+002
  666 3.169088e+002
  667 2.793109e+003
  668 4.460501e+003
  669 2.850792e+003
  670 2.995409e+003
  671 2.312095e+003
  672 1.850575e+003
  673 2.954048e+002
  674 2.406108e+003
  675 2.432218e+003
  676 1.005541e+003
  677 3.027654e+003
  678 1.164107e+003
  679 3.186071e+003
  680 1.249393e+003
  681 5.631414e+002
  682 1.603234e+003
  683 2.506378e+003
  684 1.739991e+003
  685 1.763157e+003
  686 1.783258e+003
  687 1.697383e+003
  688 1.304993e+003
  689 8.883378e+002
  690 1.724845e+003
  691 7.929879e+002
  692 9.256929e+002
  693 2.694387e+003
  694 1.706990e+003
  695 1.485982e+003
  696 2.265776e+003
  697 1.570762e+003
  698 2.425942e+003
  699 1.404768e+003
  700 6.724375e+002
  701 5.200655e+002
  702 4.125015e+002
  703 4.316726e+002
  704 8.469382e+002
  705 8.536515e+002
  706 4.607440e+002
  707 6.396843e+002
  708 5.473668e+002
  709 9.241024e+002
  710 6.548015e+002
  711 7.257030e+002
  712 2.516711e+003
  713 4.375494e+002
  714 2.935267e+002
  715 2.216528e+003
  716 1.993477e+003
  717 1.835561e+003
  718 1.867840e+003
  719 2.758774e+003
  720 3.081989e+003
  721 2.034652e+003
  722 5.952733e+002
  723 1.553720e+003
  724 1.261581e+003
  725 1.299542e+003
  726 3.826482e+002
  727 8.688579e+002
  728 1.107796e+003
  729 1.667837e+003
  730 1.046925e+003
  731 1.310655e+003
  732 3.998801e+002
  733 9.694570e+001
  734 9.551740e+001
  735 8.605480e+002
  736 1.161123e+003
  737 1.896497e+003
  738 3.084302e+003
  739 5.977632e+002
  740 3.501569e+002
  741 4.819534e+002
  742 1.736900e+003
  743 2.162179e+003
  744 1.737043e+003
  745 3.119382e+002
  746 3.328409e+002
  747 2.429614e+003
  748 2.396556e+003
  749 2.029013e+003
  750 8.559411e+002
  751 1.915306e+003
  752 1.385917e+003
  753 1.130671e+003
  754 2.452570e+003
  755 3.834572e+002
  756 2.030430e+003
  757 4.110588e+002
  758 4.130426e+002
  759 1.003656e+003
  760 4.249243e+002
  761 1.134500e+003
  762 2.323570e+002
  763 2.960340e+002
  764 2.185952e+003
  765 4.232718e+002
  766 2.085651e+002
  767 5.147932e+002
  768 4.911277e+002
  769 9.162213e+002
  770 1.682698e+003
  771 2.507977e+003
  772 1.419275e+003
  773 1.084564e+003
  774 2.594380e+003
  775 5.883850e+002
  776 1.668696e+003
  777 5.999801e+002
  778 4.363066e+002
  779 1.944068e+003
  780 4.709876e+002
  781 4.192958e+002
  782 2.987831e+002
  783 4.148727e+002
  784 1.321480e+003
  785 1.308841e+003
  786 3.604770e+002
  787 2.310589e+003
  788 1.426245e+003
  789 9.044138e+002
  790 4.557400e+002
  791 1.043129e+003
  792 2.585151e+003
  793 1.119054e+003
  794 1.614887e+003
  795 2.204305e+002
  796 2.582627e+002
  797 1.668660e+002
  798 1.607769e+002
  799 5.449942e+002
  800 1.888136e+003
  801 1.394449e+003
  802 1.459339e+003
  803 8.184915e+001
  804 1.775728e+003
  805 3.779913e+002
  806 1.133935e+003
  807 2.202699e+003
  808 1.848469e+002
  809 1.672251e+002
  810 1.151606e+003
  811 2.067936e+003
  812 2.975300e+002
  813 3.346499e+002
  814 1.814483e+002
  815 8.788517e+002
  816 1.326057e+003
  817 1.247647e+003
  818 2.301228e+002
  819 1.636227e+003
  820 1.536328e+003
  821 5.820543e+002
  822 3.730623e+002
  823 1.510368e+002
  824 1.405815e+002
  825 1.072688e+003
  826 3.892103e+002
  827 3.441232e+002
  828 7.142252e+002
  829 5.907290e+002
  830 1.314957e+003
  831 1.238645e+003
  832 5.660602e+002
  833 5.824016e+002
  834 1.244710e+003
  835 2.719836e+003
  836 7.106783e+002
  837 8.686441e+002
  838 1.394533e+003
  839 8.330443e+002
  840 1.691021e+002
  841 1.522922e+003
  842 1.297315e+003
  843 2.543132e+003
  844 8.996459e+002
  845 1.197842e+003
  846 8.986330e+002
  847 1.593737e+002
  848 1.796616e+003
  849 1.968018e+003
  850 1.834364e+003
  851 1.360316e+003
  852 9.220368e+002
  853 1.351154e+003
  854 1.039198e+003
  855 8.005159e+002
  856 7.432524e+001
  857 7.913736e+001
  858 1.898161e+003
  859 1.162714e+003
  860 8.068523e+002
  861 5.598892e+002
  862 2.639330e+002
  863 7.131710e+002
  864 4.154571e+002
  865 1.208521e+003
  866 7.344206e+002
  867 2.636728e+002
  868 2.919093e+002
  869 1.527851e+003
  870 2.944285e+002
  871 7.873544e+001
  872 5.990468e+001
  873 8.660559e+002
  874 4.333622e+002
  875 5.654505e+002
  876 1.596727e+003
  877 4.536803e+003
  878 3.575916e+003
  879 5.282238e+003
  880 2.408730e+003
  881 1.921277e+003
  882 4.727452e+003
  883 3.923547e+003
  884 3.784019e+003
  885 2.225025e+003
  886 2.960195e+003
  887 2.985102e+002
  888 4.784083e+003
  889 5.042532e+003
  890 4.309174e+003
  891 2.248638e+003
  892 2.898523e+003
  893 2.443240e+003
  894 1.775452e+003
  895 1.326482e+003
  896 4.449703e+003
  897 2.469472e+003
  898 1.854870e+003
  899 2.945749e+003
  900 3.724062e+003
  901 3.042440e+003
  902 1.912561e+003
  903 2.220165e+003
  904 3.159788e+003
  905 9.669185e+002
  906 2.598548e+003
  907 1.937157e+003
  908 1.464183e+003
  909 1.795571e+003
  910 4.187056e+003
  911 3.025052e+003
  912 5.047797e+003
  913 2.834172e+003
  914 1.647562e+003
  915 3.832025e+003
  916 4.313034e+003
  917 2.555097e+003
  918 2.842529e+003
  919 2.551274e+003
  920 4.575548e+003
  921 2.597613e+003
  922 2.152087e+003
  923 5.321730e+003
  924 2.093692e+003
  925 1.094324e+003
  926 1.314486e+002
  927 3.970152e+003
  928 3.308074e+003
  929 2.022756e+002
  930 2.171324e+003
  931 2.611412e+003
  932 5.388125e+003
  933 1.166374e+003
  934 2.047579e+003
  935 1.644179e+003
  936 2.957090e+003
  937 1.182045e+003
  938 8.534600e+002
  939 1.651819e+003
  940 2.850021e+003
  941 1.630572e+003
  942 2.868665e+003
  943 3.047739e+003
  944 3.138779e+003
  945 4.886301e+002
  946 4.670426e+003
  947 1.877334e+002
  948 1.801563e+003
  949 1.038275e+003
  950 2.311451e+003
  951 4.739538e+002
  952 3.925970e+003
  953 1.647710e+002
  954 1.601270e+002
  955 4.925276e+003
  956 3.125412e+003
  957 5.328471e+002
  958 5.356533e+002
  959 2.612796e+003
  960 1.981532e+002
  961 3.037167e+003
  962 4.469093e+003
  963 1.614979e+003
  964 1.845698e+003
  965 3.007375e+003
  966 5.329206e+003
  967 3.448260e+003
  968 2.124766e+003
  969 3.727022e+003
  970 2.769320e+003
  971 1.290482e+003
  972 2.028984e+003
  973 3.264692e+003
  974 4.275481e+002
  975 2.682256e+003
  976 2.644793e+003
  977 1.030261e+003
  978 1.316918e+003
  979 2.257103e+003
  980 2.041715e+003
  981 2.385918e+003
  982 3.229131e+002
  983 1.989579e+003
  984 2.271625e+003
  985 3.992103e+002
  986 2.481628e+003
  987 3.038386e+003
  988 1.769212e+003
  989 1.160202e+003
  990 1.941336e+003
  991 5.639573e+002
  992 4.936348e+002
  993 5.806929e+002
  994 3.971889e+003
  995 4.203845e+002
  996 4.396025e+002
  997 2.218643e+003
  998 3.222412e+003
  999 7.363521e+002
 1000 3.270681e+002
 1001 3.194098e+002
 1002 2.940064e+003
 1003 5.221000e+003
 1004 2.408407e+002
 1005 1.481250e+003
 1006 2.995519e+003
 1007 7.032496e+002
 1008 1.045817e+003
 1009 2.125584e+003
 1010 5.530793e+002
 1011 2.184755e+003
 1012 2.028263e+003
 1013 5.589434e+002
 1014 3.451038e+002
 1015 2.343093e+003
 1016 1.024888e+003
 1017 2.175829e+003
 1018 9.432564e+002
 1019 2.416656e+003
 1020 1.990761e+003
 1021 1.710199e+003
 1022 2.878935e+003
 1023 5.589254e+002
 1024 7.280429e+002
 1025 1.619943e+003
 1026 3.812636e+002
 1027 3.780264e+002
 1028 4.429902e+002
 1029 1.993886e+003
 1030 1.435236e+003
 1031 1.402804e+003
 1032 1.293158e+003
 1033 5.047162e+002
 1034 3.054619e+002
 1035 3.128283e+002
 1036 1.081418e+003
 1037 1.300748e+003
 1038 1.759532e+003
 1039 9.608086e+002
 1040 4.552330e+002
 1041 2.415612e+003
 1042 4.798640e+002
 1043 1.790914e+003
 1044 1.432879e+003
 1045 5.029733e+002
 1046 1.320375e+003
 1047 7.733233e+002
 1048 1.256640e+003
 1049 9.096357e+002
 1050 3.453735e+002
 1051 3.822451e+003
 1052 4.191112e+002
 1053 2.340947e+003
 1054 6.980114e+002
 1055 7.189330e+002
 1056 2.068908e+003
 1057 1.948850e+003
 1058 2.788960e+003
 1059 1.183300e+003
 1060 1.242074e+003
 1061 2.092624e+003
 1062 5.929618e+002
 1063 1.104599e+003
 1064 4.049462e+002
 1065 7.712806e+002
 1066 4.951879e+002
 1067 2.293873e+002
 1068 1.692989e+003
 1069 2.287973e+002
 1070 2.145151e+003
 1071 5.445352e+002
 1072 1.995525e+003
 1073 1.675926e+003
 1074 1.918485e+003
 1075 3.988663e+002
 1076 1.029585e+003
 1077 6.576502e+002
 1078 8.035312e+002
 1079 1.653203e+003
 1080 1.661571e+003
 1081 2.026658e+003
 1082 2.418185e+002
 1083 2.436722e+002
 1084 1.715931e+002
 1085 1.792098e+003
 1086 2.550700e+003
 1087 1.501304e+003
 1088 1.192697e+003
 1089 2.803290e+002
 1090 3.087049e+002
 1091 2.035559e+003
 1092 1.052269e+003
 1093 1.387556e+003
 1094 8.152511e+002
 1095 1.583101e+003
 1096 9.585562e+002
 1097 6.678614e+002
 1098 6.288178e+002
 1099 2.190249e+002
 1100 1.066620e+003
 1101 2.266059e+003
 1102 3.872927e+002
 1103 3.978322e+002
 1104 7.212536e+002
 1105 1.903886e+003
 1106 7.978525e+002
 1107 1.463365e+002
 1108 1.634207e+003
 1109 2.345776e+003
 1110 1.663634e+002
 1111 6.920964e+002
 1112 8.478508e+002
 1113 8.123789e+001
 1114 8.492417e+001
 1115 1.170223e+003
 1116 1.455823e+003
 1117 2.017584e+003
 1118 2.405280e+002
 1119 2.791214e+003
 1120 1.041585e+003
 1121 1.497994e+003
 1122 1.178038e+002
 1123 1.028217e+002
 1124 1.407288e+003
 1125 2.091006e+003
 1126 1.480943e+003
 1127 7.320908e+002
 1128 3.246688e+002
 1129 3.121388e+002
 1130 1.594066e+003
 1131 3.930297e+002
 1132 1.846349e+003
 1133 2.514611e+003
 1134 2.754385e+002
 1135 7.094412e+001
 1136 7.016714e+001
 1137 1.018186e+003
 1138 2.988204e+002
 1139 2.453818e+003
 1140 8.512990e+002
 1141 1.450984e+003
 1142 1.284411e+003
 1143 7.862529e+002
 1144 9.298482e+002
 1145 9.003964e+002
 1146 1.236252e+003
 1147 1.341048e+003
 1148 9.546080e+002
 1149 1.012176e+003
 1150 3.700146e+002
 1151 2.386244e+002
 1152 1.863056e+002
 1153 2.997313e+003
 1154 2.232370e+003
 1155 2.899648e+003
 1156 2.009187e+003
 1157 1.121693e+003
 1158 1.871794e+003
 1159 8.428599e+002
 1160 7.826966e+002
 1161 1.754000e+002
 1162 2.242484e+002
 1163 2.101620e+002
 1164 5.847094e+002
 1165 3.574858e+002
 1166 4.333754e+002
 1167 6.950401e+002
 1168 1.597444e+003
 1169 1.154637e+003
 1170 2.631251e+003
 1171 4.039632e+002
 1172 4.295082e+002
 1173 9.408466e+002
 1174 6.025759e+002
 1175 1.237236e+002
 1176 1.349007e+002
 1177 1.921987e+003
 1178 1.054377e+003
 1179 1.212035e+003
 1180 1.961391e+003
 1181 1.208347e+003
 1182 6.293027e+002
 1183 5.486814e+002
 1184 5.343485e+002
 1185 1.468502e+003
 1186 9.202994e+002
 1187 4.209859e+002
 1188 1.303535e+003
 1189 1.394735e+002
 1190 2.180104e+003
 1191 2.629728e+003
 1192 2.468401e+003
 1193 2.622720e+003
 1194 5.043583e+002
 1195 1.368225e+003
 1196 1.551718e+003
 1197 6.598067e+002
 1198 1.304330e+003
 1199 1.780618e+003
 1200 1.552707e+003
 1201 1.876045e+003
 1202 5.252885e+002
 1203 1.777802e+003
 1204 3.143472e+002
 1205 5.695843e+002
 1206 7.541573e+002
 1207 1.867700e+003
 1208 4.830805e+002
 1209 6.295713e+002
 1210 2.317518e+002
 1211 3.830361e+002
 1212 3.780430e+002
 1213 2.929644e+002
 1214 2.184459e+003
 1215 1.879877e+003
 1216 1.123819e+003
 1217 9.007386e+002
 1218 2.406514e+003
 1219 5.529681e+002
 1220 4.916527e+002
 1221 7.958838e+002
 1222 3.944386e+002
 1223 3.369423e+002
 1224 5.697251e+002
 1225 1.398567e+003
 1226 2.627338e+003
 1227 9.988354e+002
 1228 2.684471e+002
 1229 1.912277e+003
 1230 1.115444e+003
 1231 1.020409e+003
 1232 1.183360e+003
 1233 2.371917e+002
 1234 5.904739e+002
 1235 5.461488e+002
 1236 2.614073e+002
 1237 4.663698e+002
 1238 3.679386e+002
 1239 2.654839e+003
 1240 2.027913e+003
 1241 1.092892e+003
 1242 1.649804e+003
 1243 3.200892e+003
 1244 4.225683e+003
 1245 4.715256e+003
 1246 2.293300e+003
 1247 4.117240e+003
 1248 4.032402e+003
 1249 2.629781e+003
 1250 2.348376e+003
 1251 1.548118e+003
 1252 2.929618e+003
 1253 2.636276e+003
 1254 9.793527e+002
 1255 1.699184e+003
 1256 2.720437e+003
 1257 5.486627e+003
 1258 4.876451e+003
 1259 3.815438e+003
 1260 5.051787e+003
 1261 1.957799e+002
 1262 1.928238e+003
 1263 1.984051e+003
 1264 3.072257e+003
 1265 2.883681e+003
 1266 3.256622e+003
 1267 2.726447e+003
 1268 2.287434e+003
 1269 1.149123e+003
 1270 2.020361e+003
 1271 4.068652e+003
 1272 3.018754e+003
 1273 2.406096e+003
 1274 2.643101e+003
 1275 3.560310e+003
 1276 4.861725e+003
 1277 3.255309e+003
 1278 2.347394e+003
 1279 2.025987e+003
 1280 6.708100e+002
 1281 3.420623e+003
 1282 2.228544e+003
 1283 1.681152e+003
 1284 2.686868e+003
 1285 2.421286e+003
 1286 2.093328e+003
 1287 1.520887e+003
 1288 1.766870e+002
 1289 3.207516e+002
 1290 5.098765e+003
 1291 2.690011e+003
 1292 2.879591e+003
 1293 4.244655e+003
 1294 3.340623e+003
 1295 1.232953e+003
 1296 2.476884e+003
 1297 2.747290e+003
 1298 2.464386e+003
 1299 2.391812e+003
 1300 5.286446e+003
 1301 1.208642e+003
 1302 3.390422e+003
 1303 1.141035e+003
 1304 1.928934e+003
 1305 4.538835e+003
 1306 1.262084e+002
 1307 2.098973e+003
 1308 2.654777e+003
 1309 2.682765e+003
 1310 2.198756e+003
 1311 2.545544e+003
 1312 2.639326e+003
 1313 1.612699e+003
 1314 2.707257e+003
 1315 2.913957e+003
 1316 2.502257e+003
 1317 1.117885e+003
 1318 4.738999e+003
 1319 4.851992e+003
 1320 2.250228e+003
 1321 1.538449e+003
 1322 7.038562e+002
 1323 4.471701e+003
 1324 2.995738e+003
 1325 2.330602e+003
 1326 4.531090e+003
 1327 2.322246e+003
 1328 2.480880e+003
 1329 7.379801e+002
 1330 2.951209e+003
 1331 3.622553e+003
 1332 5.146787e+003
 1333 2.708569e+003
 1334 5.355236e+003
 1335 2.394333e+003
 1336 4.725867e+003
 1337 1.296861e+003
 1338 1.161136e+003
 1339 1.229683e+003
 1340 1.712075e+003
 1341 4.460173e+003
 1342 3.153612e+002
 1343 2.147437e+003
 1344 3.111629e+003
 1345 4.203324e+003
 1346 1.084044e+003
 1347 1.466370e+003
 1348 5.019926e+003
 1349 5.340360e+003
 1350 1.316053e+003
 1351 2.078293e+003
 1352 1.289745e+003
 1353 4.715863e+002
 1354 7.914760e+002
 1355 2.922173e+003
 1356 4.006880e+003
 1357 2.932933e+003
 1358 3.488878e+003
 1359 5.015716e+002
 1360 3.387282e+002
 1361 4.103600e+002
 1362 2.208870e+002
 1363 2.584732e+002
 1364 3.444306e+003
 1365 1.647869e+003
 1366 1.918514e+003
 1367 2.496320e+003
 1368 2.364029e+003
 1369 3.848827e+003
 1370 3.330124e+003
 1371 1.990768e+003
 1372 4.816235e+003
 1373 2.778416e+003
 1374 2.348969e+003
 1375 3.917817e+003
 1376 2.102255e+003
 1377 1.335920e+003
 1378 7.828120e+002
 1379 2.551591e+002
 1380 2.823042e+002
 1381 1.239557e+002
 1382 1.429201e+002
 1383 4.450504e+001
 1384 4.070447e+003
 1385 2.912997e+003
 1386 2.146683e+003
 1387 1.951740e+002
 1388 5.367666e+003
 1389 1.565249e+003
 1390 2.062490e+003
 1391 3.042769e+003
 1392 1.817345e+002
 1393 1.860137e+003
 1394 1.016117e+003
 1395 4.623250e+003
 1396 3.063202e+003
 1397 4.478155e+002
 1398 4.391450e+002
 1399 4.969982e+003
 1400 5.844878e+002
 1401 2.542190e+003
 1402 2.305197e+003
 1403 2.039825e+003
 1404 4.867240e+002
 1405 4.733570e+002
 1406 4.684601e+002
 1407 1.966033e+003
 1408 1.674399e+003
 1409 1.514431e+003
 1410 1.417298e+003
 1411 4.078195e+003
 1412 4.751843e+003
 1413 1.101750e+003
 1414 2.384389e+002
 1415 1.612726e+003
 1416 4.197549e+003
 1417 1.560593e+002
 1418 3.445369e+003
 1419 6.040059e+002
 1420 1.830591e+002
 1421 3.832357e+003
 1422 3.250288e+003
 1423 2.341663e+003
 1424 2.215215e+003
 1425 2.399245e+003
 1426 2.569742e+003
 1427 7.205195e+002
 1428 3.806268e+003
 1429 2.464782e+003
 1430 3.079457e+003
 1431 3.656138e+003
 1432 2.500906e+003
 1433 2.737437e+003
 1434 2.625612e+002
 1435 2.299033e+003
 1436 1.254392e+003
 1437 1.488433e+003
 1438 8.411099e+002
 1439 7.300685e+002
 1440 2.842486e+003
 1441 2.411208e+003
 1442 2.589400e+003
 1443 1.935853e+003
 1444 1.987766e+003
 1445 1.933910e+003
 1446 1.334002e+003
 1447 1.185028e+003
 1448 2.004132e+003
 1449 1.332590e+003
 1450 5.536409e+002
 1451 4.774973e+002
 1452 3.925958e+002
 1453 5.146874e+002
 1454 1.647963e+003
 1455 2.528984e+003
 1456 4.150229e+003
 1457 3.173404e+003
 1458 4.007532e+003
 1459 2.414101e+003
 1460 1.947047e+003
 1461 2.014797e+003
 1462 1.574138e+003
 1463 5.178699e+003
 1464 5.638698e+002
 1465 1.674556e+003
 1466 2.189871e+003
 1467 7.531746e+002
 1468 1.409665e+003
 1469 9.305213e+001
 1470 2.888636e+003
 1471 8.600195e+002
 1472 1.961379e+003
 1473 9.444248e+001
 1474 9.707751e+001
 1475 6.744185e+001
 1476 2.882718e+003
 1477 4.808674e+003
 1478 2.855297e+002
 1479 3.009240e+003
 1480 1.933935e+003
 1481 9.625001e+002
 1482 1.127202e+003
 1483 2.600991e+003
 1484 2.841501e+003
 1485 1.701325e+003
 1486 3.801197e+002
 1487 4.229351e+002
 1488 1.320177e+003
 1489 2.465337e+003
 1490 1.648890e+003
 1491 9.427394e+002
 1492 2.381443e+002
 1493 2.450248e+002
 1494 3.005195e+003
 1495 7.786941e+002
 1496 8.222861e+002
 1497 1.795664e+003
 1498 2.499928e+003
 1499 7.632055e+002
 1500 3.566954e+003
 1501 7.282587e+002
 1502 1.715504e+003
 1503 2.292022e+003
 1504 2.330470e+003
 1505 3.267670e+002
 1506 4.286670e+002
 1507 1.061762e+003
 1508 9.625696e+002
 1509 2.833915e+003
 1510 3.100826e+002
 1511 1.943540e+003
 1512 2.693045e+002
 1513 2.226542e+002
 1514 6.055268e+002
 1515 6.539313e+002
 1516 3.599968e+003
 1517 2.623594e+003
 1518 2.379292e+003
 1519 1.062310e+003
 1520 1.386444e+003
 1521 7.938093e+002
 1522 1.024935e+003
 1523 1.076089e+003
 1524 1.765265e+003
 1525 6.427312e+002
 1526 3.436919e+002
 1527 2.179866e+003
 1528 3.962394e+002
 1529 3.945775e+002
 1530 3.066252e+002
 1531 1.988998e+003
 1532 1.786032e+003
 1533 3.629191e+002
 1534 3.595980e+002
 1535 2.143653e+003
 1536 1.966132e+003
 1537 2.941739e+003
 1538 3.655982e+002
 1539 2.294085e+003
 1540 6.097925e+002
 1541 6.272495e+002
 1542 4.290361e+002
 1543 1.855613e+003
 1544 1.881116e+003
 1545 1.585502e+003
 1546 2.041356e+003
 1547 1.809758e+003
 1548 1.481559e+003
 1549 1.138704e+003
 1550 1.573936e+003
 1551 8.948144e+001
 1552 1.215312e+003
 1553 7.305659e+002
 1554 1.148017e+003
 1555 1.254543e+003
 1556 2.606025e+003
 1557 8.714446e+002
 1558 2.314562e+003
 1559 1.929861e+003
 1560 1.708597e+003
 1561 3.199475e+003
 1562 2.213351e+003
 1563 2.098825e+003
 1564 3.066642e+002
 1565 2.915760e+002
 1566 1.391907e+003
 1567 3.251861e+003
 1568 1.631766e+003
 1569 3.795233e+002
 1570 1.297220e+003
 1571 1.916289e+003
 1572 2.337658e+003
 1573 3.687221e+002
 1574 3.788169e+002
 1575 2.830564e+002
 1576 2.512000e+002
 1577 2.863498e+003
 1578 1.738970e+003
 1579 1.586499e+003
 1580 2.298441e+003
 1581 2.594397e+003
 1582 1.009199e+003
 1583 8.772040e+002
 1584 2.916358e+003
 1585 2.718289e+003
 1586 4.231775e+003
 1587 4.327736e+003
 1588 2.250173e+003
 1589 2.481715e+003
 1590 4.898279e+003
 1591 5.449822e+003
 1592 2.786740e+003
 1593 2.586792e+003
 1594 5.472838e+003
 1595 1.569841e+003
 1596 2.188106e+003
 1597 1.718154e+003
 1598 1.968335e+003
 1599 3.105553e+003
 1600 1.751675e+003
 1601 2.812152e+003
 1602 1.838718e+003
 1603 2.011671e+003
 1604 2.437591e+003
 1605 4.546350e+003
 1606 2.415990e+003
 1607 3.334419e+003
 1608 2.632995e+003
 1609 2.454281e+003
 1610 2.038112e+002
 1611 4.084289e+003
 1612 3.039867e+003
 1613 3.658760e+003
 1614 1.548457e+003
 1615 4.941654e+003
 1616 5.515292e+003
 1617 5.373644e+003
 1618 4.906971e+003
 1619 4.269276e+003
 1620 2.967108e+003
 1621 2.981030e+003
 1622 2.344147e+003
 1623 2.886085e+003
 1624 2.885999e+003
 1625 3.201879e+003
 1626 4.168089e+002
 1627 4.599995e+003
 1628 4.424975e+003
 1629 3.061239e+003
 1630 4.049179e+003
 1631 3.760456e+003
 1632 2.815779e+003
 1633 2.961883e+002
 1634 4.429640e+003
 1635 4.767350e+003
 1636 8.887012e+002
 1637 1.972561e+003
 1638 1.402429e+003
 1639 2.687346e+003
 1640 3.512081e+003
 1641 2.517584e+003
 1642 1.915317e+002
 1643 5.269797e+002
 1644 1.848272e+003
 1645 5.164164e+003
 1646 1.907396e+003
 1647 5.019997e+003
 1648 2.691963e+003
 1649 3.915304e+003
 1650 5.406702e+003
 1651 3.415219e+003
 1652 2.018381e+003
 1653 2.058184e+003
 1654 1.009549e+003
 1655 5.247770e+003
 1656 2.159650e+003
 1657 2.445222e+003
 1658 4.831355e+003
 1659 2.543821e+003
 1660 1.951491e+003
 1661 2.993388e+003
 1662 2.842192e+003
 1663 4.342654e+003
 1664 4.448670e+003
 1665 3.040998e+003
 1666 2.069430e+003
 1667 4.204082e+003
 1668 1.784576e+003
 1669 3.070066e+003
 1670 2.782957e+003
 1671 2.108561e+003
 1672 2.754392e+002
 1673 3.652985e+002
 1674 1.238816e+003
 1675 1.946315e+003
 1676 2.125740e+003
 1677 2.200832e+003
 1678 3.774726e+003
 1679 9.127154e+002
 1680 5.163553e+002
 1681 9.909857e+002
 1682 3.181961e+003
 1683 9.728354e+002
 1684 2.753902e+003
 1685 1.585651e+003
 1686 4.352857e+002
 1687 4.411583e+002
 1688 2.062528e+002
 1689 4.816538e+003
 1690 4.453200e+003
 1691 2.779279e+003
 1692 1.614065e+003
 1693 3.785231e+003
 1694 2.345927e+003
 1695 2.929828e+003
 1696 1.272239e+002
 1697 2.821108e+003
 1698 2.888129e+003
 1699 2.794667e+003
 1700 1.216171e+003
 1701 2.786579e+003
 1702 1.416258e+002
 1703 3.178662e+003
 1704 4.880772e+002
 1705 2.368574e+003
 1706 2.168107e+003
 1707 1.637660e+003
 1708 2.439126e+003
 1709 1.871627e+003
 1710 3.128861e+003
 1711 4.148889e+003
 1712 5.440420e+003
 1713 2.488627e+003
 1714 2.580729e+003
 1715 2.055484e+003
 1716 2.328123e+003
 1717 5.090996e+003
 1718 3.942309e+003
 1719 2.417641e+003
 1720 3.697390e+001
 1721 1.190853e+003
 1722 3.706731e+003
 1723 3.011708e+003
 1724 1.345832e+003
 1725 1.483172e+003
 1726 8.433763e+001
 1727 1.636462e+002
 1728 2.302711e+003
 1729 1.327713e+003
 1730 1.469304e+003
 1731 1.395322e+003
 1732 1.858577e+003
 1733 2.658431e+002
 1734 2.968808e+003
 1735 9.923519e+002
 1736 3.252368e+003
 1737 5.172021e+003
 1738 1.686298e+003
 1739 5.258417e+003
 1740 4.189910e+003
 1741 3.099752e+003
 1742 5.066871e+003
 1743 2.710399e+003
 1744 1.644998e+003
 1745 2.256561e+003
 1746 2.623796e+003
 1747 1.203690e+003
 1748 3.745892e+003
 1749 2.317722e+003
 1750 1.388161e+003
 1751 2.546043e+003
 1752 2.556794e+003
 1753 3.286941e+003
 1754 1.552643e+003
 1755 3.463408e+002
 1756 3.531816e+003
 1757 2.174248e+003
 1758 2.605448e+003
 1759 2.539030e+003
 1760 2.707526e+003
 1761 2.766414e+003
 1762 6.903545e+002
 1763 1.375041e+003
 1764 2.431087e+003
 1765 5.214310e+003
 1766 4.300153e+003
 1767 1.757112e+003
 1768 2.337578e+003
 1769 2.063639e+003
 1770 3.389324e+003
 1771 3.077358e+003
 1772 1.375313e+003
 1773 2.079333e+003
 1774 4.234859e+003
 1775 3.574694e+003
 1776 3.318274e+003
 1777 2.470421e+002
 1778 1.493029e+003
 1779 1.922371e+003
 1780 3.354557e+003
 1781 5.181851e+003
 1782 2.015347e+003
 1783 2.026117e+003
 1784 6.373187e+002
 1785 4.520895e+003
 1786 5.128118e+003
 1787 3.824758e+003
 1788 2.131053e+003
 1789 3.886432e+003
 1790 1.817675e+003
 1791 2.263274e+003
 1792 1.745632e+003
 1793 2.444618e+003
 1794 2.473535e+003
 1795 1.674841e+003
 1796 2.670896e+003
 1797 3.621864e+003
 1798 5.423660e+003
 1799 2.962172e+003
 1800 1.840788e+003
 1801 3.399269e+003
 1802 1.940118e+003
 1803 3.286207e+003
 1804 4.549833e+003
 1805 4.432615e+003
 1806 2.434027e+003
 1807 1.137015e+002
 1808 3.038851e+003
 1809 2.725597e+003
 1810 2.045693e+003
 1811 6.574485e+002
