#
# An unexpected error has been detected by HotSpot Virtual Machine:
#
#  Internal Error (53414645504F494E540E43505001C0), pid=2740, tid=2244
#
# Java VM: Java HotSpot(TM) Client VM (1.5.0-b64 mixed mode)

---------------  T H R E A D  ---------------

Current thread (0x003accd0):  JavaThread "main" [_thread_in_native_trans, id=2244]

Stack: [0x00520000,0x00d20000),  sp=0x00d16c0c,  free space=8155k
Native frames: (J=compiled Java code, j=interpreted, Vv=VM code, C=native code)
V  [jvm.dll+0x11182c]
V  [jvm.dll+0x60e50]
V  [jvm.dll+0x60e85]
V  [jvm.dll+0xe6e2d]
V  [jvm.dll+0xff220]
V  [jvm.dll+0x40586]
V  [jvm.dll+0x84e6c]
C  [jmi.dll+0x4064]
C  [jmi.dll+0x12f69]
C  [jmi.dll+0x130c6]
C  [libmx.dll+0x4289]
C  [libmx.dll+0x4361]
C  [libmx.dll+0x4562]
C  [m_interpreter.dll+0x23e4a4]
C  [m_interpreter.dll+0x23f431]
C  [m_interpreter.dll+0x5e4b8]
C  [m_interpreter.dll+0x5f0ab]
C  [MSVCR71.dll+0x347e]
C  [m_interpreter.dll+0x308c0]
C  [m_interpreter.dll+0x30c9c]
C  [m_interpreter.dll+0x30cbd]
C  [m_dispatcher.dll+0x3085e]
C  [m_interpreter.dll+0x45a8]
C  [m_interpreter.dll+0x1ece5e]
C  [m_interpreter.dll+0x1efc9c]
C  [m_interpreter.dll+0x1f02dd]
C  [m_interpreter.dll+0x64482]
C  [m_interpreter.dll+0xa6dff]
C  [m_interpreter.dll+0xa6ef1]
C  [m_interpreter.dll+0x466c5]
C  [m_interpreter.dll+0x1838d]
C  [m_interpreter.dll+0x19caa]
C  [m_interpreter.dll+0x19e27]
C  [m_interpreter.dll+0x1a2fa]
C  [m_interpreter.dll+0x5f245]
C  [m_interpreter.dll+0x308c0]
C  [m_interpreter.dll+0x30c9c]
C  [m_interpreter.dll+0x30cbd]
C  [m_dispatcher.dll+0x3085e]
C  [m_interpreter.dll+0x54cfa]
C  [m_interpreter.dll+0x5536e]
C  [m_interpreter.dll+0x18171]
C  [m_interpreter.dll+0x18bfd]
C  [m_interpreter.dll+0x19caa]
C  [m_interpreter.dll+0x19e27]
C  [m_interpreter.dll+0x1a2fa]
C  [m_interpreter.dll+0x5f245]
C  [m_interpreter.dll+0x308c0]
C  [m_interpreter.dll+0x30c9c]
C  [m_interpreter.dll+0x30cbd]
C  [m_dispatcher.dll+0x3085e]
C  [m_interpreter.dll+0x54cfa]
C  [m_interpreter.dll+0x5536e]
C  [m_interpreter.dll+0x18171]
C  [m_interpreter.dll+0x18c7b]
C  [m_interpreter.dll+0x19caa]
C  [m_interpreter.dll+0x19e27]
C  [m_interpreter.dll+0x1a011]
C  [m_interpreter.dll+0x12909]
C  [m_interpreter.dll+0x14563]
C  [m_interpreter.dll+0x147af]
C  [m_interpreter.dll+0x123ff]
C  [m_dispatcher.dll+0x16dc7]
C  [m_dispatcher.dll+0x76e6]
C  [m_interpreter.dll+0x29568]
C  [m_interpreter.dll+0x295e2]
C  [nativejmi.dll+0x42c2]
C  [bridge.dll+0x35ae]
C  [bridge.dll+0x3858]
C  [bridge.dll+0x78a9]
C  [bridge.dll+0x79ad]
C  [bridge.dll+0x3af7]
C  [bridge.dll+0x6d61]
C  [bridge.dll+0x7bee]
C  [m_interpreter.dll+0x16519]
C  [m_interpreter.dll+0x187aa]
C  [m_interpreter.dll+0x19caa]
C  [m_interpreter.dll+0x19e27]
C  [m_interpreter.dll+0x1a2fa]
C  [m_interpreter.dll+0x5f387]
C  [m_interpreter.dll+0x3089d]
C  [m_interpreter.dll+0x30c9c]
C  [m_interpreter.dll+0x30cbd]
C  [m_dispatcher.dll+0x3085e]
C  [m_interpreter.dll+0x54cfa]
C  [m_interpreter.dll+0x5536e]
C  [m_interpreter.dll+0x18171]
C  [m_interpreter.dll+0x18c7b]
C  [m_interpreter.dll+0x19caa]
C  [m_interpreter.dll+0x19e27]
C  [m_interpreter.dll+0x1a011]
C  [m_interpreter.dll+0x12909]
C  [m_interpreter.dll+0x14563]
C  [m_interpreter.dll+0x14805]
C  [m_interpreter.dll+0x14840]
C  [bridge.dll+0x7e0c]
C  [bridge.dll+0x803b]
C  [mcr.dll+0x13e23]
C  [MATLAB.exe+0x1cec]
C  [MATLAB.exe+0x3dcf]
...<more frames>...


---------------  P R O C E S S  ---------------

Java Threads: ( => current thread )
  0x0f3ecaf8 JavaThread "Thread-48" [_thread_blocked, id=3540]
  0x0f1f6108 JavaThread "Thread-45" [_thread_blocked, id=2368]
  0x0f38a080 JavaThread "Thread-39" [_thread_blocked, id=3996]
  0x0f34ae78 JavaThread "Thread-33" [_thread_blocked, id=2112]
  0x0f233be0 JavaThread "Timer-7" [_thread_blocked, id=1060]
  0x0e4cf5b0 JavaThread "Timer-6" [_thread_blocked, id=3472]
  0x0f2cbe70 JavaThread "Thread-22" [_thread_blocked, id=3824]
  0x0e474d00 JavaThread "Thread-20" [_thread_blocked, id=3892]
  0x03ea45e8 JavaThread "Prefs Updater" [_thread_blocked, id=3140]
  0x0e8191a0 JavaThread "Text-Layout" [_thread_blocked, id=1108]
  0x0e5e7e68 JavaThread "Timer-1" daemon [_thread_blocked, id=2344]
  0x03e99bc8 JavaThread "TimerQueue" daemon [_thread_blocked, id=1788]
  0x0e67a228 JavaThread "AWT-EventQueue-0" [_thread_blocked, id=4060]
  0x0e67a008 JavaThread "AWT-Shutdown" [_thread_blocked, id=3232]
  0x0e79e340 JavaThread "Java2D Disposer" daemon [_thread_blocked, id=3208]
  0x0e79dd78 JavaThread "Timer-0" [_thread_blocked, id=3568]
  0x0e79e768 JavaThread "AWT-Windows" daemon [_thread_blocked, id=2652]
  0x03e876c8 JavaThread "Low Memory Detector" daemon [_thread_blocked, id=3760]
  0x03e863d0 JavaThread "CompilerThread0" daemon [_thread_blocked, id=2724]
  0x03e856c8 JavaThread "Signal Dispatcher" daemon [_thread_blocked, id=4024]
  0x03e7c840 JavaThread "Finalizer" daemon [_thread_blocked, id=3584]
  0x03e7b3b0 JavaThread "Reference Handler" daemon [_thread_blocked, id=3776]
=>0x003accd0 JavaThread "main" [_thread_in_native_trans, id=2244]

Other Threads:
  0x03e77280 VMThread [id=1340]
  0x03e83b98 WatcherThread [id=3664]

VM state:synchronizing (normal execution)

VM Mutex/Monitor currently owned by a thread:  ([mutex/lock_event])
[0x003abb28/0x0000062c] Threads_lock - owner thread: 0x03e77280
[0x003abca8/0x000005f0] Heap_lock - owner thread: 0x0e67a228

Heap
 def new generation   total 22144K, used 22143K [0x05ec0000, 0x076c0000, 0x076c0000)
  eden space 19712K,  99% used [0x05ec0000, 0x071ffff8, 0x07200000)
  from space 2432K, 100% used [0x07200000, 0x07460000, 0x07460000)
  to   space 2432K,   0% used [0x07460000, 0x07460000, 0x076c0000)
 tenured generation   total 73728K, used 73727K [0x076c0000, 0x0bec0000, 0x0bec0000)
   the space 73728K,  99% used [0x076c0000, 0x0bebfd98, 0x0bebfe00, 0x0bec0000)
 compacting perm gen  total 23296K, used 23111K [0x0bec0000, 0x0d580000, 0x0dec0000)
   the space 23296K,  99% used [0x0bec0000, 0x0d551ec8, 0x0d552000, 0x0d580000)
No shared spaces configured.

Dynamic libraries:
0x00400000 - 0x0051d000 	C:\Programme\MATLAB\R2006b\bin\win32\MATLAB.exe
0x7c910000 - 0x7c9c7000 	C:\WINDOWS\system32\ntdll.dll
0x7c800000 - 0x7c906000 	C:\WINDOWS\system32\kernel32.dll
0x78440000 - 0x784fd000 	C:\Programme\MATLAB\R2006b\bin\win32\libut.dll
0x78100000 - 0x781aa000 	C:\Programme\MATLAB\R2006b\bin\win32\icuin32.dll
0x781f0000 - 0x78284000 	C:\Programme\MATLAB\R2006b\bin\win32\icuuc32.dll
0x77da0000 - 0x77e4a000 	C:\WINDOWS\system32\ADVAPI32.dll
0x77e50000 - 0x77ee1000 	C:\WINDOWS\system32\RPCRT4.dll
0x10000000 - 0x10005000 	C:\Programme\MATLAB\R2006b\bin\win32\icudt32.dll
0x7c340000 - 0x7c396000 	C:\Programme\MATLAB\R2006b\bin\win32\MSVCR71.dll
0x781b0000 - 0x781bb000 	C:\Programme\MATLAB\R2006b\bin\win32\icuio32.dll
0x7c3a0000 - 0x7c41b000 	C:\Programme\MATLAB\R2006b\bin\win32\MSVCP71.dll
0x76c50000 - 0x76c78000 	C:\WINDOWS\system32\imagehlp.dll
0x77be0000 - 0x77c38000 	C:\WINDOWS\system32\msvcrt.dll
0x77d10000 - 0x77da0000 	C:\WINDOWS\system32\USER32.dll
0x77ef0000 - 0x77f37000 	C:\WINDOWS\system32\GDI32.dll
0x774b0000 - 0x775ed000 	C:\WINDOWS\system32\ole32.dll
0x770f0000 - 0x7717c000 	C:\WINDOWS\system32\OLEAUT32.dll
0x78df0000 - 0x78fff000 	C:\Programme\MATLAB\R2006b\bin\win32\libmwservices.dll
0x76350000 - 0x7639a000 	C:\WINDOWS\system32\comdlg32.dll
0x77f60000 - 0x77fd6000 	C:\WINDOWS\system32\SHLWAPI.dll
0x5d450000 - 0x5d4ea000 	C:\WINDOWS\system32\COMCTL32.dll
0x7c9d0000 - 0x7d1ef000 	C:\WINDOWS\system32\SHELL32.dll
0x78590000 - 0x785aa000 	C:\Programme\MATLAB\R2006b\bin\win32\mpath.dll
0x78500000 - 0x7854a000 	C:\Programme\MATLAB\R2006b\bin\win32\libmx.dll
0x78430000 - 0x7843e000 	C:\Programme\MATLAB\R2006b\bin\win32\libz.dll
0x00220000 - 0x0027f000 	C:\Programme\MATLAB\R2006b\bin\win32\libmwmathutil.dll
0x597d0000 - 0x59824000 	C:\WINDOWS\system32\NETAPI32.dll
0x71a10000 - 0x71a27000 	C:\WINDOWS\system32\WS2_32.dll
0x71a00000 - 0x71a08000 	C:\WINDOWS\system32\WS2HELP.dll
0x78550000 - 0x7855f000 	C:\Programme\MATLAB\R2006b\bin\win32\libmex.dll
0x78580000 - 0x7858e000 	C:\Programme\MATLAB\R2006b\bin\win32\mvalue.dll
0x786f0000 - 0x78751000 	C:\Programme\MATLAB\R2006b\bin\win32\m_dispatcher.dll
0x78290000 - 0x78430000 	C:\Programme\MATLAB\R2006b\bin\win32\xerces-c_2_6.dll
0x78dd0000 - 0x78de6000 	C:\Programme\MATLAB\R2006b\bin\win32\datasvcs.dll
0x78560000 - 0x7857d000 	C:\Programme\MATLAB\R2006b\bin\win32\libmat.dll
0x00280000 - 0x00347000 	C:\Programme\MATLAB\R2006b\bin\win32\libhdf5.dll
0x79430000 - 0x7945c000 	C:\Programme\MATLAB\R2006b\bin\win32\mcr.dll
0x79d00000 - 0x79d10000 	C:\Programme\MATLAB\R2006b\bin\win32\mwoles05.dll
0x78760000 - 0x78b77000 	C:\Programme\MATLAB\R2006b\bin\win32\m_interpreter.dll
0x78d70000 - 0x78d86000 	C:\Programme\MATLAB\R2006b\bin\win32\m_pcodegen.dll
0x78d30000 - 0x78d64000 	C:\Programme\MATLAB\R2006b\bin\win32\m_ir.dll
0x78d90000 - 0x78da4000 	C:\Programme\MATLAB\R2006b\bin\win32\m_pcodeio.dll
0x78b80000 - 0x78d24000 	C:\Programme\MATLAB\R2006b\bin\win32\m_parser.dll
0x78db0000 - 0x78dbd000 	C:\Programme\MATLAB\R2006b\bin\win32\ir_xfmr.dll
0x785b0000 - 0x78660000 	C:\Programme\MATLAB\R2006b\bin\win32\mcos.dll
0x00350000 - 0x0037d000 	C:\Programme\MATLAB\R2006b\bin\win32\profiler.dll
0x79db0000 - 0x79dec000 	C:\Programme\MATLAB\R2006b\bin\win32\comcli.dll
0x79d70000 - 0x79da3000 	C:\Programme\MATLAB\R2006b\bin\win32\jmi.dll
0x79e40000 - 0x79e5e000 	C:\Programme\MATLAB\R2006b\bin\win32\bridge.dll
0x78660000 - 0x786e4000 	C:\Programme\MATLAB\R2006b\bin\win32\udd.dll
0x79100000 - 0x79179000 	C:\Programme\MATLAB\R2006b\bin\win32\uiw.dll
0x791b0000 - 0x791b9000 	C:\Programme\MATLAB\R2006b\bin\win32\uinone.dll
0x79400000 - 0x7942b000 	C:\Programme\MATLAB\R2006b\bin\win32\libmwhardcopy.dll
0x791c0000 - 0x7926a000 	C:\Programme\MATLAB\R2006b\bin\win32\libmwgui.dll
0x79180000 - 0x791a8000 	C:\Programme\MATLAB\R2006b\bin\win32\libuij.dll
0x7c140000 - 0x7c243000 	C:\Programme\MATLAB\R2006b\bin\win32\MFC71.DLL
0x72f70000 - 0x72f96000 	C:\WINDOWS\system32\WINSPOOL.DRV
0x7c120000 - 0x7c139000 	C:\Programme\MATLAB\R2006b\bin\win32\ATL71.DLL
0x79df0000 - 0x79df9000 	C:\Programme\MATLAB\R2006b\bin\win32\mlautoregister.dll
0x79d10000 - 0x79d65000 	C:\Programme\MATLAB\R2006b\bin\win32\udd_mi.dll
0x79270000 - 0x793c9000 	C:\Programme\MATLAB\R2006b\bin\win32\hg.dll
0x79460000 - 0x795e7000 	C:\Programme\MATLAB\R2006b\bin\win32\numerics.dll
0x79bf0000 - 0x79bf7000 	C:\Programme\MATLAB\R2006b\bin\win32\libmwamd.dll
0x79c00000 - 0x79c5a000 	C:\Programme\MATLAB\R2006b\bin\win32\libmwcholmod.dll
0x79c60000 - 0x79c67000 	C:\Programme\MATLAB\R2006b\bin\win32\libmwcolamd.dll
0x795f0000 - 0x79613000 	C:\Programme\MATLAB\R2006b\bin\win32\libmwlapack.dll
0x79650000 - 0x796d6000 	C:\Programme\MATLAB\R2006b\bin\win32\libfftw3.dll
0x796e0000 - 0x7975f000 	C:\Programme\MATLAB\R2006b\bin\win32\libfftw3f.dll
0x79c70000 - 0x79cf4000 	C:\Programme\MATLAB\R2006b\bin\win32\libmwumfpack.dll
0x76330000 - 0x7634d000 	C:\WINDOWS\system32\IMM32.DLL
0x773a0000 - 0x774a3000 	C:\WINDOWS\WinSxS\x86_Microsoft.Windows.Common-Controls_6595b64144ccf1df_6.0.2600.2982_x-ww_ac3f9c03\comctl32.dll
0x7c300000 - 0x7c310000 	C:\Programme\MATLAB\R2006b\bin\win32\MFC71DEU.DLL
0x79620000 - 0x79648000 	C:\Programme\MATLAB\R2006b\bin\win32\mkl.dll
0x79760000 - 0x79be2000 	C:\Programme\MATLAB\R2006b\bin\win32\lapack.dll
0x01f30000 - 0x01fda000 	C:\Programme\MATLAB\R2006b\bin\win32\libifcoremd.dll
0x01fe0000 - 0x02210000 	C:\Programme\MATLAB\R2006b\bin\win32\libmmd.dll
0x741f0000 - 0x741f4000 	C:\WINDOWS\system32\icmp.Dll
0x76d20000 - 0x76d39000 	C:\WINDOWS\system32\iphlpapi.dll
0x02350000 - 0x02361000 	C:\WINDOWS\system32\Secur32.dll
0x719b0000 - 0x719f0000 	C:\WINDOWS\System32\mswsock.dll
0x76ee0000 - 0x76f07000 	C:\WINDOWS\system32\DNSAPI.dll
0x76f70000 - 0x76f78000 	C:\WINDOWS\System32\winrnr.dll
0x76f20000 - 0x76f4d000 	C:\WINDOWS\system32\WLDAP32.dll
0x5b0f0000 - 0x5b128000 	c:\windows\system32\uxtheme.dll
0x76f80000 - 0x76f86000 	C:\WINDOWS\system32\rasadhlp.dll
0x66710000 - 0x66769000 	C:\WINDOWS\system32\hnetcfg.dll
0x719f0000 - 0x719f8000 	C:\WINDOWS\System32\wshtcpip.dll
0x746a0000 - 0x746eb000 	C:\WINDOWS\system32\MSCTF.dll
0x6d640000 - 0x6d7c5000 	C:\Programme\MATLAB\R2006b\sys\java\jre\win32\jre1.5.0\bin\client\jvm.dll
0x76af0000 - 0x76b1e000 	C:\WINDOWS\system32\WINMM.dll
0x5de80000 - 0x5de88000 	C:\WINDOWS\system32\rdpsnd.dll
0x76300000 - 0x76310000 	C:\WINDOWS\system32\WINSTA.dll
0x76bb0000 - 0x76bbb000 	C:\WINDOWS\system32\PSAPI.DLL
0x75250000 - 0x7527e000 	C:\WINDOWS\system32\msctfime.ime
0x6d280000 - 0x6d288000 	C:\Programme\MATLAB\R2006b\sys\java\jre\win32\jre1.5.0\bin\hpi.dll
0x6d610000 - 0x6d61c000 	C:\Programme\MATLAB\R2006b\sys\java\jre\win32\jre1.5.0\bin\verify.dll
0x6d300000 - 0x6d31d000 	C:\Programme\MATLAB\R2006b\sys\java\jre\win32\jre1.5.0\bin\java.dll
0x6d630000 - 0x6d63f000 	C:\Programme\MATLAB\R2006b\sys\java\jre\win32\jre1.5.0\bin\zip.dll
0x6d000000 - 0x6d166000 	C:\Programme\MATLAB\R2006b\sys\java\jre\win32\jre1.5.0\bin\awt.dll
0x03db0000 - 0x03dbf000 	C:\Programme\MATLAB\R2006b\bin\win32\nativejava.dll
0x0e940000 - 0x0e95d000 	C:\Programme\MATLAB\R2006b\bin\win32\nativejmi.dll
0x0e9e0000 - 0x0e9e5000 	C:\Programme\MATLAB\R2006b\bin\win32\nativeservices.dll
0x6d240000 - 0x6d27d000 	C:\Programme\MATLAB\R2006b\sys\java\jre\win32\jre1.5.0\bin\fontmanager.dll
0x6d4c0000 - 0x6d4d3000 	C:\Programme\MATLAB\R2006b\sys\java\jre\win32\jre1.5.0\bin\net.dll
0x6d4e0000 - 0x6d4e9000 	C:\Programme\MATLAB\R2006b\sys\java\jre\win32\jre1.5.0\bin\nio.dll
0x0ee20000 - 0x0ee2d000 	C:\Programme\MATLAB\R2006b\bin\win32\nativemlint.dll
0x0ee30000 - 0x0ee5b000 	C:\Programme\MATLAB\R2006b\bin\win32\mwmlint.dll
0x7ae80000 - 0x7ae89000 	C:\Programme\MATLAB\R2006b\bin\win32\nativelex.dll
0x778f0000 - 0x779e4000 	C:\WINDOWS\system32\SETUPAPI.dll
0x77b10000 - 0x77b32000 	C:\WINDOWS\system32\appHelp.dll
0x76f90000 - 0x7700f000 	C:\WINDOWS\system32\CLBCATQ.DLL
0x77010000 - 0x770e3000 	C:\WINDOWS\system32\COMRes.dll
0x77bd0000 - 0x77bd8000 	C:\WINDOWS\system32\VERSION.dll
0x779f0000 - 0x77a46000 	C:\WINDOWS\System32\cscui.dll
0x765a0000 - 0x765bd000 	C:\WINDOWS\System32\CSCDLL.dll
0x767f0000 - 0x76823000 	C:\WINDOWS\System32\spool\DRIVERS\W32X86\3\UNIDRVUI.DLL
0x79000000 - 0x790f6000 	C:\Programme\MATLAB\R2006b\bin\win32\libmwbuiltins.dll
0x0fd60000 - 0x0fdb4000 	C:\Programme\MATLAB\R2006b\bin\win32\xmlcore.dll
0x20000000 - 0x202d9000 	C:\WINDOWS\system32\xpsp2res.dll
0x77760000 - 0x778d0000 	C:\WINDOWS\System32\shdocvw.dll
0x77a50000 - 0x77ae5000 	C:\WINDOWS\system32\CRYPT32.dll
0x77af0000 - 0x77b02000 	C:\WINDOWS\system32\MSASN1.dll
0x76880000 - 0x76905000 	C:\WINDOWS\system32\CRYPTUI.dll
0x76bf0000 - 0x76c1e000 	C:\WINDOWS\system32\WINTRUST.dll
0x771b0000 - 0x7727e000 	C:\WINDOWS\system32\WININET.dll
0x0ebb0000 - 0x0ebb9000 	C:\WINDOWS\system32\Normaliz.dll
0x5dca0000 - 0x5dce5000 	C:\WINDOWS\system32\iertutil.dll

VM Arguments:
jvm_args: -Xss512k -XX:PermSize=16M -Xms64m -XX:NewRatio=3 -XX:MaxPermSize=32M -Xmx96m -Dsun.java2d.noddraw=true -Dsun.awt.nopixfmt=true -Xshare:off -Djava.library.path=C:\Programme\MATLAB\R2006b\bin\win32 vfprintf abort
java_command: <unknown>

Environment Variables:
CLASSPATH=C:\Programme\Java\jre1.5.0_06\lib\ext\QTJava.zip
PATH=C:\Programme\Intel\MKL\8.1.1\ia32\bin;c:\programme\watcom-1.3\binnt;c:\programme\watcom-1.3\binw;c:\programme\gemeinsame dateien\netsarang;c:\windows\system32;c:\texmf\miktex\bin;c:\programme\perl\bin\;c:\programme\intel\vtune\cgglbcache;c:\programme\intel\vtune\shared\bin;c:\programme\gemeinsame dateien\intel\shared files\idvc;c:\programme\intel\vtune\analyzer\bin;c:\programme\intel\edb70;c:\work\lib\system;c:\work\fem\visualizer\source;c:\programme\intel\mkl\ia32\bin;c:\work\bin;c:\programme\doxygen\bin;c:\ifor\win\bin;c:\ifor\win\bin\en_us;c:\sfu\common\;c:\programme\matlab60\\bin\win32;c:\programme\quicktime\qtsystem\;27676mmpath11;C:\WINDOWS\system32\wbem;C:\Programme\MATLAB\R2006b\bin;C:\Programme\MATLAB\R2006b\bin\win32;C:\Programme\opendx\bin;C:\Programme\UltraEdit;C:\work\lib\fortran\bin
USERNAME=Ortwin
LD_LIBRARY_PATH=/usr/lib:/usr/X11R6/lib
DISPLAY=localhost:0.0
OS=Windows_NT
PROCESSOR_IDENTIFIER=x86 Family 15 Model 2 Stepping 4, GenuineIntel


---------------  S Y S T E M  ---------------

OS: Windows XP Build 2600 Service Pack 2

CPU:total 1 family 15, cmov, cx8, fxsr, mmx, sse, sse2, ht

Memory: 4k page, physical 1047540k(387104k free), swap 2048204k(1304960k free)

vm_info: Java HotSpot(TM) Client VM (1.5.0-b64) for windows-x86, built on Sep 15 2004 03:00:31 by "java_re" with MS VC++ 6.0

