#
# An unexpected error has been detected by Java Runtime Environment:
#
#  EXCEPTION_ACCESS_VIOLATION (0xc0000005) at pc=0x000000000ff35110, pid=4556, tid=3540
#
# Java VM: Java HotSpot(TM) 64-Bit Server VM (1.6.0-b105 mixed mode)
# Problematic frame:
# C  [awt.dll+0x185110]
#
# If you would like to submit a bug report, please visit:
#   http://java.sun.com/webapps/bugreport/crash.jsp
#

---------------  T H R E A D  ---------------

Current thread (0x00000000111dd800):  JavaThread "AWT-EventQueue-0" [_thread_in_native, id=3540]

siginfo: ExceptionCode=0xc0000005, reading address 0xffffffffffffffff

Registers:
EAX=0x800064c22f0f4c33, EBX=0x0000000000000001, ECX=0x00000000115b66a0, EDX=0x00000000115b66b0
ESP=0x0000000011dfdb90, EBP=0x000000002fe5e650, ESI=0x00000000111dd990, EDI=0x0000000000000000
EIP=0x000000000ff35110, EFLAGS=0x0000000000010202

Top of Stack: (sp=0x0000000011dfdb90)
0x0000000011dfdb90:   00000000111dd800 0000000000000000
0x0000000011dfdba0:   0000000011dfdce0 0000000016c2f2d0
0x0000000011dfdbb0:   0000000000000001 000000000ff36dd3
0x0000000011dfdbc0:   0000000000000001 000000002fe5e650
0x0000000011dfdbd0:   00000000111dd990 0000000000000000
0x0000000011dfdbe0:   0000000011620fd8 00000000178c8520
0x0000000011dfdbf0:   0000000000000004 00000000160ed810
0x0000000011dfdc00:   0000000000000000 0000000000000000
0x0000000011dfdc10:   0000000000000001 0000000000000102
0x0000000011dfdc20:   00000000122a308e 0000000000000001
0x0000000011dfdc30:   0000000011dfdcb8 00000000122afc24
0x0000000011dfdc40:   0000000000000000 0000000028f62be0
0x0000000011dfdc50:   0000000000000000 0000000016c2f2d0
0x0000000011dfdc60:   0000000000000001 0000000000000000
0x0000000011dfdc70:   0000000011dfdc60 0000000011dfdc78
0x0000000011dfdc80:   0000000000000000 0000000011dfdce0 

Instructions: (pc=0x000000000ff35110)
0x000000000ff35100:   e8 5b 72 f9 ff 48 8b 0d 04 9a 08 00 48 8b 04 d8
0x000000000ff35110:   48 8b 58 30 e8 67 72 f9 ff 48 8b c3 48 83 c4 20 


Stack: [0x0000000011d80000,0x0000000011e00000),  sp=0x0000000011dfdb90,  free space=502k
Native frames: (J=compiled Java code, j=interpreted, Vv=VM code, C=native code)
C  [awt.dll+0x185110]

Java frames: (J=compiled Java code, j=interpreted, Vv=VM code)
j  sun.awt.Win32GraphicsConfig.getBounds(I)Ljava/awt/Rectangle;+0
j  sun.awt.Win32GraphicsConfig.getBounds()Ljava/awt/Rectangle;+8
j  com.mathworks.mwswing.WindowUtils.getVirtualScreenBounds()Ljava/awt/Rectangle;+98
j  com.mathworks.mwswing.MJUtilities.getVirtualScreenBounds()Ljava/awt/Rectangle;+0
j  com.mathworks.mwswing.desk.DTSingleClientFrame.refineLocation(Lcom/mathworks/mwswing/desk/DTLocation;)Lcom/mathworks/mwswing/desk/DTFloatingLocation;+495
j  com.mathworks.mwswing.desk.DTSingleClientFrame.addClient(Lcom/mathworks/mwswing/desk/DTClient;Lcom/mathworks/mwswing/desk/DTLocation;)V+297
j  com.mathworks.mwswing.desk.Desktop.setClientShowing(Lcom/mathworks/mwswing/desk/DTClient;ZLcom/mathworks/mwswing/desk/DTLocation;ZZ)V+956
j  com.mathworks.mwswing.desk.Desktop.setClientShowing(Lcom/mathworks/mwswing/desk/DTClient;ZLcom/mathworks/mwswing/desk/DTLocation;Z)V+7
j  com.mathworks.mwswing.desk.Desktop.addClient(Ljava/awt/Component;Ljava/lang/String;ZLcom/mathworks/mwswing/desk/DTLocation;ZLcom/mathworks/mwswing/desk/DTClientListener;)V+314
j  com.mathworks.mde.desk.MLDesktop.addClient(Ljava/awt/Component;Ljava/lang/String;ZLcom/mathworks/mwswing/desk/DTLocation;ZLcom/mathworks/mwswing/desk/DTClientListener;)V+40
j  com.mathworks.mde.help.HelpBrowser.createHelpBrowser(Z)Lcom/mathworks/mde/help/HelpBrowser;+90
j  com.mathworks.mde.help.HelpBrowserRegistrar.getHelpBrowser(Z)Lcom/mathworks/mlservices/MLHelpBrowser;+1
v  ~StubRoutines::call_stub
j  sun.reflect.NativeMethodAccessorImpl.invoke0(Ljava/lang/reflect/Method;Ljava/lang/Object;[Ljava/lang/Object;)Ljava/lang/Object;+0
j  sun.reflect.NativeMethodAccessorImpl.invoke(Ljava/lang/Object;[Ljava/lang/Object;)Ljava/lang/Object;+87
J  java.lang.reflect.Method.invoke(Ljava/lang/Object;[Ljava/lang/Object;)Ljava/lang/Object;
j  com.mathworks.mlservices.MLHelpServices.getRegisteredService(Ljava/lang/String;Ljava/lang/String;Z)Ljava/lang/Object;+71
j  com.mathworks.mlservices.MLHelpServices.instantiateHelpBrowser(Z)Lcom/mathworks/mlservices/MLHelpBrowser;+12
j  com.mathworks.mlservices.MLHelpServices.invoke()V+1
j  com.mathworks.mde.desk.MLDesktop$ShowHelpAction.actionPerformed(Ljava/awt/event/ActionEvent;)V+0
j  javax.swing.AbstractButton.fireActionPerformed(Ljava/awt/event/ActionEvent;)V+84
j  javax.swing.AbstractButton$Handler.actionPerformed(Ljava/awt/event/ActionEvent;)V+5
j  javax.swing.DefaultButtonModel.fireActionPerformed(Ljava/awt/event/ActionEvent;)V+35
j  javax.swing.DefaultButtonModel.setPressed(Z)V+117
j  javax.swing.plaf.basic.BasicButtonListener.mouseReleased(Ljava/awt/event/MouseEvent;)V+35
j  java.awt.AWTEventMulticaster.mouseReleased(Ljava/awt/event/MouseEvent;)V+21
j  java.awt.Component.processMouseEvent(Ljava/awt/event/MouseEvent;)V+64
j  javax.swing.JComponent.processMouseEvent(Ljava/awt/event/MouseEvent;)V+23
j  com.mathworks.mwswing.MJButton.processMouseEvent(Ljava/awt/event/MouseEvent;)V+37
J  java.awt.Container.processEvent(Ljava/awt/AWTEvent;)V
J  java.awt.Component.dispatchEventImpl(Ljava/awt/AWTEvent;)V
J  java.awt.Container.dispatchEventImpl(Ljava/awt/AWTEvent;)V
J  java.awt.Container.dispatchEventImpl(Ljava/awt/AWTEvent;)V
j  java.awt.Window.dispatchEventImpl(Ljava/awt/AWTEvent;)V+19
J  java.awt.EventDispatchThread.pumpOneEventForFilters(I)Z
J  java.awt.EventDispatchThread.pumpEventsForFilter(ILjava/awt/Conditional;Ljava/awt/EventFilter;)V
j  java.awt.EventDispatchThread.pumpEventsForHierarchy(ILjava/awt/Conditional;Ljava/awt/Component;)V+11
j  java.awt.EventDispatchThread.pumpEvents(ILjava/awt/Conditional;)V+4
j  java.awt.EventDispatchThread.pumpEvents(Ljava/awt/Conditional;)V+3
j  java.awt.EventDispatchThread.run()V+9
v  ~StubRoutines::call_stub

---------------  P R O C E S S  ---------------

Java Threads: ( => current thread )
  0x000000003047b000 JavaThread "Image Fetcher 0" daemon [_thread_blocked, id=3444]
  0x000000003047c400 JavaThread "Thread-2938" [_thread_blocked, id=2632]
  0x0000000011511000 JavaThread "Thread-2937" [_thread_blocked, id=3984]
  0x000000001150e000 JavaThread "Thread-2936" [_thread_blocked, id=600]
  0x000000002f753000 JavaThread "Thread-2935" [_thread_blocked, id=4588]
  0x000000003047dc00 JavaThread "Thread-2934" [_thread_blocked, id=4264]
  0x000000003047cc00 JavaThread "Thread-2933" [_thread_blocked, id=4340]
  0x000000003047d400 JavaThread "Thread-2932" [_thread_blocked, id=3996]
  0x000000003047a400 JavaThread "Thread-2931" [_thread_blocked, id=2408]
  0x000000001150d800 JavaThread "Thread-2930" [_thread_blocked, id=3668]
  0x000000002f752000 JavaThread "Thread-2929" [_thread_blocked, id=1396]
  0x000000002f750c00 JavaThread "Thread-2928" [_thread_blocked, id=4472]
  0x000000002f751400 JavaThread "Thread-2927" [_thread_blocked, id=480]
  0x0000000011512000 JavaThread "Thread-2926" [_thread_blocked, id=4868]
  0x000000003047b800 JavaThread "Thread-2925" [_thread_blocked, id=3408]
  0x000000002f754400 JavaThread "Thread-2924" [_thread_blocked, id=1228]
  0x0000000011510400 JavaThread "Thread-2923" [_thread_blocked, id=3784]
  0x0000000011510c00 JavaThread "Thread-2922" [_thread_blocked, id=596]
  0x000000002fdb3c00 JavaThread "Thread-2921" [_thread_blocked, id=4040]
  0x000000002fdb3800 JavaThread "Thread-2920" [_thread_blocked, id=3464]
  0x000000002fdb3000 JavaThread "Thread-2919" [_thread_blocked, id=3616]
  0x000000002fdb0c00 JavaThread "Thread-2918" [_thread_blocked, id=4488]
  0x000000002fdb0400 JavaThread "Thread-2917" [_thread_blocked, id=5092]
  0x000000002fdb2000 JavaThread "Thread-2916" [_thread_blocked, id=3436]
  0x000000001150e800 JavaThread "Thread-2915" [_thread_blocked, id=4160]
  0x000000001150f400 JavaThread "Thread-2914" [_thread_blocked, id=4436]
  0x000000001150ec00 JavaThread "Thread-2913" [_thread_blocked, id=4136]
  0x000000002fc78c00 JavaThread "Thread-2912" [_thread_blocked, id=4524]
  0x000000002fc75800 JavaThread "Thread-2911" [_thread_blocked, id=352]
  0x000000002f753800 JavaThread "Thread-2910" [_thread_blocked, id=4508]
  0x000000002f752800 JavaThread "Thread-2909" [_thread_blocked, id=4156]
  0x000000002f751800 JavaThread "Thread-2908" [_thread_blocked, id=4628]
  0x000000003047a800 JavaThread "Thread-2907" [_thread_blocked, id=2360]
  0x000000002fdb1400 JavaThread "Timer-9" [_thread_blocked, id=4192]
  0x000000002fdb2800 JavaThread "Prefs Updater" [_thread_blocked, id=5068]
  0x000000001150cc00 JavaThread "Active Reference Queue Daemon" daemon [_thread_blocked, id=3544]
  0x000000001150c400 JavaThread "Timer-3" daemon [_thread_blocked, id=3352]
  0x000000001150bc00 JavaThread "Timer-2" daemon [_thread_blocked, id=3084]
  0x0000000011566c00 JavaThread "TimerQueue" daemon [_thread_blocked, id=2736]
=>0x00000000111dd800 JavaThread "AWT-EventQueue-0" [_thread_in_native, id=3540]
  0x000000000fa69c00 JavaThread "AWT-Windows" daemon [_thread_in_native, id=4496]
  0x000000000fa67800 JavaThread "AWT-Shutdown" [_thread_blocked, id=3136]
  0x000000000fa67000 JavaThread "Java2D Disposer" daemon [_thread_blocked, id=4780]
  0x000000000f957000 JavaThread "Timer-0" [_thread_blocked, id=4412]
  0x000000000f863800 JavaThread "Low Memory Detector" daemon [_thread_blocked, id=3564]
  0x000000000f85f000 JavaThread "CompilerThread1" daemon [_thread_blocked, id=4540]
  0x000000000f85a800 JavaThread "CompilerThread0" daemon [_thread_blocked, id=4072]
  0x000000000f859c00 JavaThread "Attach Listener" daemon [_thread_blocked, id=776]
  0x000000000f83c800 JavaThread "Finalizer" daemon [_thread_blocked, id=5012]
  0x000000000456f800 JavaThread "Reference Handler" daemon [_thread_blocked, id=4936]
  0x000000000446f000 JavaThread "main" [_thread_in_native, id=4552]

Other Threads:
  0x000000000456e000 VMThread [id=4184]
  0x000000000f869000 WatcherThread [id=2348]

VM state:not at safepoint (normal execution)

VM Mutex/Monitor currently owned by a thread: None

Heap
 PSYoungGen      total 31104K, used 31050K [0x00000000273c0000, 0x0000000029760000, 0x000000002a4c0000)
  eden space 28544K, 100% used [0x00000000273c0000,0x0000000028fa0000,0x0000000028fa0000)
  from space 2560K, 97% used [0x0000000029050000,0x00000000292c2938,0x00000000292d0000)
  to   space 3968K, 0% used [0x0000000029380000,0x0000000029380000,0x0000000029760000)
 PSOldGen        total 98752K, used 72301K [0x000000001e0c0000, 0x0000000024130000, 0x00000000273c0000)
  object space 98752K, 73% used [0x000000001e0c0000,0x000000002275b4e8,0x0000000024130000)
 PSPermGen       total 66496K, used 46269K [0x00000000160c0000, 0x000000001a1b0000, 0x000000001e0c0000)
  object space 66496K, 69% used [0x00000000160c0000,0x0000000018def7d8,0x000000001a1b0000)

Dynamic libraries:
0x0000000140000000 - 0x0000000140138000 	C:\Program Files\MATLAB\R2008a\bin\win64\MATLAB.exe
0x0000000076e90000 - 0x0000000077010000 	C:\Windows\system32\ntdll.dll
0x0000000076d60000 - 0x0000000076e8b000 	C:\Windows\system32\kernel32.dll
0x0000000180000000 - 0x0000000180401000 	C:\Program Files\MATLAB\R2008a\bin\win64\libut.dll
0x000007feff060000 - 0x000007feff077000 	C:\Windows\system32\imagehlp.dll
0x000007fefef10000 - 0x000007fefefac000 	C:\Windows\system32\msvcrt.dll
0x0000000077010000 - 0x0000000077019000 	C:\Windows\system32\PSAPI.DLL
0x0000000001050000 - 0x0000000001078000 	C:\Program Files\MATLAB\R2008a\bin\win64\LIBEXPAT.dll
0x0000000074690000 - 0x0000000074759000 	C:\Windows\WinSxS\amd64_microsoft.vc80.crt_1fc8b3b9a1e18e3b_8.0.50727.1434_none_88de292b2fb06019\MSVCR80.dll
0x000000004a800000 - 0x000000004a917000 	C:\Program Files\MATLAB\R2008a\bin\win64\icuuc36.dll
0x000007feff080000 - 0x000007feff188000 	C:\Windows\system32\ADVAPI32.dll
0x000007fefe0e0000 - 0x000007fefe21f000 	C:\Windows\system32\RPCRT4.dll
0x00000000010a0000 - 0x00000000010a3000 	C:\Program Files\MATLAB\R2008a\bin\win64\icudt36.dll
0x000000004ab00000 - 0x000000004ab0f000 	C:\Program Files\MATLAB\R2008a\bin\win64\icuio36.dll
0x00000000010d0000 - 0x00000000011d6000 	C:\Program Files\MATLAB\R2008a\bin\win64\icuin36.dll
0x0000000074580000 - 0x0000000074689000 	C:\Windows\WinSxS\amd64_microsoft.vc80.crt_1fc8b3b9a1e18e3b_8.0.50727.1434_none_88de292b2fb06019\MSVCP80.dll
0x0000000076c90000 - 0x0000000076d5d000 	C:\Windows\system32\USER32.dll
0x000007fefd940000 - 0x000007fefd9a3000 	C:\Windows\system32\GDI32.dll
0x00000000019f0000 - 0x0000000001b64000 	C:\Program Files\MATLAB\R2008a\bin\win64\libmwservices.dll
0x0000000001b80000 - 0x0000000001bf0000 	C:\Program Files\MATLAB\R2008a\bin\win64\libmx.dll
0x0000000001c00000 - 0x0000000001c17000 	C:\Program Files\MATLAB\R2008a\bin\win64\zlib1.dll
0x0000000001c20000 - 0x0000000001cc8000 	C:\Program Files\MATLAB\R2008a\bin\win64\libmwmathutil.dll
0x0000000001ce0000 - 0x0000000001d35000 	C:\Program Files\MATLAB\R2008a\bin\win64\mpath.dll
0x0000000001d50000 - 0x0000000001d71000 	C:\Program Files\MATLAB\R2008a\bin\win64\mlutil.dll
0x000007fefac80000 - 0x000007fefad20000 	C:\Windows\WinSxS\amd64_microsoft.windows.common-controls_6595b64144ccf1df_5.82.6001.18000_none_40ba501d3c2b20ff\COMCTL32.dll
0x000007fefd7b0000 - 0x000007fefd83c000 	C:\Windows\system32\comdlg32.dll
0x000007fefd5e0000 - 0x000007fefd653000 	C:\Windows\system32\SHLWAPI.dll
0x000007fefe250000 - 0x000007fefeea2000 	C:\Windows\system32\SHELL32.dll
0x000007fefd1e0000 - 0x000007fefd283000 	C:\Windows\system32\NETAPI32.dll
0x000007fefd660000 - 0x000007fefd6a4000 	C:\Windows\system32\WS2_32.dll
0x000007fefefb0000 - 0x000007fefefb7000 	C:\Windows\system32\NSI.dll
0x0000000001d90000 - 0x0000000001de5000 	C:\Program Files\MATLAB\R2008a\bin\win64\mcr.dll
0x0000000001e00000 - 0x0000000001e25000 	C:\Program Files\MATLAB\R2008a\bin\win64\iqm.dll
0x0000000001e40000 - 0x0000000001e61000 	C:\Program Files\MATLAB\R2008a\bin\win64\bridge.dll
0x0000000001e80000 - 0x0000000001e91000 	C:\Program Files\MATLAB\R2008a\bin\win64\libmex.dll
0x0000000001eb0000 - 0x0000000001f3c000 	C:\Program Files\MATLAB\R2008a\bin\win64\m_dispatcher.dll
0x0000000001f50000 - 0x0000000001f75000 	C:\Program Files\MATLAB\R2008a\bin\win64\datasvcs.dll
0x0000000012000000 - 0x0000000012295000 	C:\Program Files\MATLAB\R2008a\bin\win64\xerces-c_2_7.dll
0x0000000001fa0000 - 0x0000000002831000 	C:\Program Files\MATLAB\R2008a\bin\win64\m_interpreter.dll
0x0000000002850000 - 0x0000000002881000 	C:\Program Files\MATLAB\R2008a\bin\win64\libmat.dll
0x00000000028a0000 - 0x00000000029a5000 	C:\Program Files\MATLAB\R2008a\bin\win64\libhdf5.dll
0x00000000029b0000 - 0x0000000002a1f000 	C:\Program Files\MATLAB\R2008a\bin\win64\profiler.dll
0x0000000002a30000 - 0x0000000002a3a000 	C:\Program Files\MATLAB\R2008a\bin\win64\libmwmathrng.dll
0x0000000002a50000 - 0x0000000002a6a000 	C:\Program Files\MATLAB\R2008a\bin\win64\m_pcodeio.dll
0x0000000002a80000 - 0x0000000002aca000 	C:\Program Files\MATLAB\R2008a\bin\win64\m_ir.dll
0x0000000002ae0000 - 0x000000000309b000 	C:\Program Files\MATLAB\R2008a\bin\win64\m_parser.dll
0x00000000030b0000 - 0x00000000030c2000 	C:\Program Files\MATLAB\R2008a\bin\win64\ir_xfmr.dll
0x00000000030e0000 - 0x00000000032fb000 	C:\Program Files\MATLAB\R2008a\bin\win64\mcos.dll
0x0000000003310000 - 0x000000000331c000 	C:\Program Files\MATLAB\R2008a\bin\win64\mtok.dll
0x0000000003330000 - 0x0000000003350000 	C:\Program Files\MATLAB\R2008a\bin\win64\m_pcodegen.dll
0x000007fef97f0000 - 0x000007fef9903000 	C:\Windows\system32\dbghelp.dll
0x0000000003360000 - 0x0000000003370000 	C:\Program Files\MATLAB\R2008a\bin\win64\boost_thread-vc80-mt-1_34_1.dll
0x0000000003380000 - 0x0000000003440000 	C:\Program Files\MATLAB\R2008a\bin\win64\udd.dll
0x0000000003450000 - 0x0000000003592000 	C:\Program Files\MATLAB\R2008a\bin\win64\libmwgui.dll
0x00000000035b0000 - 0x00000000037ea000 	C:\Program Files\MATLAB\R2008a\bin\win64\hg.dll
0x0000000003800000 - 0x0000000003856000 	C:\Program Files\MATLAB\R2008a\bin\win64\jmi.dll
0x0000000003870000 - 0x00000000038ae000 	C:\Program Files\MATLAB\R2008a\bin\win64\libmwhardcopy.dll
0x00000000038c0000 - 0x000000000391c000 	C:\Program Files\MATLAB\R2008a\bin\win64\libuij.dll
0x0000000003930000 - 0x0000000003bbc000 	C:\Program Files\MATLAB\R2008a\bin\win64\numerics.dll
0x0000000003bd0000 - 0x0000000003bdc000 	C:\Program Files\MATLAB\R2008a\bin\win64\libmwblas.dll
0x0000000003bf0000 - 0x0000000003bff000 	C:\Program Files\MATLAB\R2008a\bin\win64\libmwbinder.dll
0x0000000003c10000 - 0x0000000003c34000 	C:\Program Files\MATLAB\R2008a\bin\win64\libmwlapack.dll
0x0000000003c50000 - 0x0000000003c5b000 	C:\Program Files\MATLAB\R2008a\bin\win64\libmwfftw.dll
0x0000000003c70000 - 0x0000000003ca5000 	C:\Program Files\MATLAB\R2008a\bin\win64\libmwrookfastbp.dll
0x0000000003cc0000 - 0x0000000003cee000 	C:\Program Files\MATLAB\R2008a\bin\win64\libmwma57.dll
0x0000000010000000 - 0x00000000100d3000 	C:\Program Files\MATLAB\R2008a\bin\win64\libifcoremd.dll
0x0000000003d00000 - 0x0000000003f1d000 	C:\Program Files\MATLAB\R2008a\bin\win64\libmmd.dll
0x0000000003f20000 - 0x0000000003f29000 	C:\Program Files\MATLAB\R2008a\bin\win64\libmwcsparse.dll
0x0000000003f40000 - 0x000000000400a000 	C:\Program Files\MATLAB\R2008a\bin\win64\libmwumfpack.dll
0x0000000004020000 - 0x000000000402d000 	C:\Program Files\MATLAB\R2008a\bin\win64\libmwamd.dll
0x0000000004040000 - 0x00000000040d2000 	C:\Program Files\MATLAB\R2008a\bin\win64\libmwcholmod.dll
0x00000000040f0000 - 0x00000000040fc000 	C:\Program Files\MATLAB\R2008a\bin\win64\libmwcolamd.dll
0x0000000004110000 - 0x00000000041c9000 	C:\Program Files\MATLAB\R2008a\bin\win64\uiw.dll
0x00000000041e0000 - 0x00000000041ea000 	C:\Program Files\MATLAB\R2008a\bin\win64\uinone.dll
0x000000006e570000 - 0x000000006e70b000 	C:\Windows\WinSxS\amd64_microsoft.vc80.mfc_1fc8b3b9a1e18e3b_8.0.50727.762_none_c46a533c8a667ee7\MFC80.DLL
0x000007fef8990000 - 0x000007fef89e8000 	C:\Windows\system32\WINSPOOL.DRV
0x000007fefd9b0000 - 0x000007fefdb88000 	C:\Windows\system32\ole32.dll
0x000007fefde80000 - 0x000007fefdf53000 	C:\Windows\system32\OLEAUT32.dll
0x0000000004200000 - 0x0000000004290000 	C:\Program Files\MATLAB\R2008a\bin\win64\udd_mi.dll
0x00000000042a0000 - 0x00000000042b8000 	C:\Program Files\MATLAB\R2008a\bin\win64\mwoles05.DLL
0x00000000042d0000 - 0x0000000004339000 	C:\Program Files\MATLAB\R2008a\bin\win64\comcli.dll
0x00000000744e0000 - 0x00000000744ff000 	C:\Windows\WinSxS\amd64_microsoft.vc80.atl_1fc8b3b9a1e18e3b_8.0.50727.762_none_ca3f79d486b08636\ATL80.DLL
0x0000000004350000 - 0x000000000435e000 	C:\Program Files\MATLAB\R2008a\bin\win64\mlautoregister.dll
0x000007fefe220000 - 0x000007fefe24d000 	C:\Windows\system32\IMM32.DLL
0x000007fefdd70000 - 0x000007fefde71000 	C:\Windows\system32\MSCTF.dll
0x000007fefe0d0000 - 0x000007fefe0dd000 	C:\Windows\system32\LPK.DLL
0x000007fefd840000 - 0x000007fefd8da000 	C:\Windows\system32\USP10.dll
0x000007fefbea0000 - 0x000007fefc099000 	C:\Windows\WinSxS\amd64_microsoft.windows.common-controls_6595b64144ccf1df_6.0.6001.18000_none_152e7382f3bd50c6\comctl32.dll
0x0000000007da0000 - 0x000000000876e000 	C:\Program Files\MATLAB\R2008a\bin\win64\mkl.dll
0x0000000004670000 - 0x00000000046bb000 	C:\Program Files\MATLAB\R2008a\bin\win64\libguide40.dll
0x00000000043f0000 - 0x00000000043f8000 	C:\Program Files\MATLAB\R2008a\bin\win64\mklcompat.dll
0x0000000008770000 - 0x0000000008d17000 	C:\Program Files\MATLAB\R2008a\bin\win64\mllapack.dll
0x0000000006150000 - 0x00000000061f3000 	C:\Program Files\MATLAB\R2008a\bin\win64\libfftw3.dll
0x0000000007910000 - 0x00000000079fe000 	C:\Program Files\MATLAB\R2008a\bin\win64\libfftw3f.dll
0x00000000750c0000 - 0x00000000750cd000 	C:\Windows\WinSxS\amd64_microsoft.vc80.mfcloc_1fc8b3b9a1e18e3b_8.0.50727.762_none_fc42961a63b5a82b\MFC80ENU.DLL
0x000007fefefc0000 - 0x000007feff059000 	C:\Windows\system32\CLBCatQ.DLL
0x000007fefdb90000 - 0x000007fefdd6b000 	C:\Windows\system32\SETUPAPI.dll
0x00000000750e0000 - 0x00000000750e4000 	C:\Windows\system32\icmp.Dll
0x000007fefcc60000 - 0x000007fefcc83000 	C:\Windows\system32\iphlpapi.dll
0x000007fefcc10000 - 0x000007fefcc55000 	C:\Windows\system32\dhcpcsvc.DLL
0x000007fefcf40000 - 0x000007fefcf79000 	C:\Windows\system32\DNSAPI.dll
0x000007fefd430000 - 0x000007fefd44c000 	C:\Windows\system32\Secur32.dll
0x000007fefcc00000 - 0x000007fefcc0a000 	C:\Windows\system32\WINNSI.DLL
0x000007fefcbd0000 - 0x000007fefcbfb000 	C:\Windows\system32\dhcpcsvc6.DLL
0x000007fefba60000 - 0x000007fefba73000 	C:\Windows\system32\NLAapi.dll
0x000007fefa720000 - 0x000007fefa733000 	C:\Windows\system32\napinsp.dll
0x000007fefa700000 - 0x000007fefa717000 	C:\Windows\system32\pnrpnsp.dll
0x000007fefc9b0000 - 0x000007fefc9ff000 	C:\Windows\System32\mswsock.dll
0x000007fefa9b0000 - 0x000007fefa9bb000 	C:\Windows\System32\winrnr.dll
0x000007fefd8e0000 - 0x000007fefd935000 	C:\Windows\system32\WLDAP32.dll
0x0000000016080000 - 0x00000000160b5000 	C:\Program Files\Bonjour\mdnsNSP.dll
0x000007fefa9c0000 - 0x000007fefa9c8000 	C:\Windows\system32\rasadhlp.dll
0x00000000071f0000 - 0x00000000071fc000 	C:\Windows\system32\avsda64.dll
0x000007fefc600000 - 0x000007fefc607000 	C:\Windows\System32\wshtcpip.dll
0x000000000ee50000 - 0x000000000f3a1000 	C:\Program Files\MATLAB\R2008a\sys\java\jre\win64\jre1.6.0\bin\server\jvm.dll
0x000007fefbbd0000 - 0x000007fefbc09000 	C:\Windows\system32\WINMM.dll
0x000007fefbb80000 - 0x000007fefbbcf000 	C:\Windows\system32\OLEACC.dll
0x0000000007230000 - 0x000000000723a000 	C:\Program Files\MATLAB\R2008a\sys\java\jre\win64\jre1.6.0\bin\hpi.dll
0x0000000007250000 - 0x000000000725e000 	C:\Program Files\MATLAB\R2008a\sys\java\jre\win64\jre1.6.0\bin\verify.dll
0x0000000007380000 - 0x00000000073a7000 	C:\Program Files\MATLAB\R2008a\sys\java\jre\win64\jre1.6.0\bin\java.dll
0x00000000073b0000 - 0x00000000073c2000 	C:\Program Files\MATLAB\R2008a\sys\java\jre\win64\jre1.6.0\bin\zip.dll
0x0000000007420000 - 0x0000000007436000 	C:\Program Files\MATLAB\R2008a\bin\win64\nativejava.dll
0x00000000078d0000 - 0x00000000078e6000 	C:\Program Files\MATLAB\R2008a\bin\win64\nativejmi.dll
0x00000000078f0000 - 0x00000000078f7000 	C:\Program Files\MATLAB\R2008a\bin\win64\nativeservices.dll
0x000000000fdb0000 - 0x0000000010000000 	C:\Program Files\MATLAB\R2008a\sys\java\jre\win64\jre1.6.0\bin\awt.dll
0x0000000009080000 - 0x00000000090e9000 	C:\Program Files\MATLAB\R2008a\sys\java\jre\win64\jre1.6.0\bin\fontmanager.dll
0x0000000007b70000 - 0x0000000007b87000 	C:\Program Files\MATLAB\R2008a\sys\java\jre\win64\jre1.6.0\bin\net.dll
0x000007fefca30000 - 0x000007fefca37000 	C:\Windows\System32\wship6.dll

VM Arguments:
jvm_args: -Xss512k -XX:PermSize=32M -Xms64m -XX:NewRatio=3 -XX:MaxPermSize=128M -Xmx196m -XX:MaxDirectMemorySize=2147400000 -Dsun.java2d.noddraw=true -Dsun.awt.nopixfmt=true -Xshare:off -Xrs -Djava.library.path=C:\Program Files\MATLAB\R2008a\bin\win64 vfprintf abort
java_command: <unknown>
Launcher Type: generic

Environment Variables:
CLASSPATH=.;C:\Program Files (x86)\Java\jre1.6.0_07\lib\ext\QTJava.zip
PATH=C:\Program Files (x86)\MiKTeX 2.7\miktex\bin;C:\Program Files\Intel\MKL\9.1.027\em64t\bin;C:\Windows\system32;C:\Windows;C:\Windows\system32\wbem;c:\program files (x86)\microsoft sql server\90\tools\binn\;C:\Program Files\MATLAB\R2008a\bin;C:\Program Files\MATLAB\R2008a\bin\win64;C:\Program Files\MATLAB\R2007b\bin;C:\Program Files\MATLAB\R2007b\bin\win64;C:\Program Files\MATLAB\R2007a\bin;C:\Program Files\MATLAB\R2007a\bin\win64;C:\Program Files\Hummingbird\Connectivity\11.00\Accessories\;;C:\work\bin;C:\Program Files (x86)\Intel\Compiler\Fortran\10.1.019\\EM64T\Lib;C:\Program Files (x86)\QuickTime\QTSystem\;C:\Program Files (x86)\IDM Computer Solutions\UltraEdit-32
USERNAME=Ortwin
OS=Windows_NT
PROCESSOR_IDENTIFIER=AMD64 Family 15 Model 67 Stepping 2, AuthenticAMD



---------------  S Y S T E M  ---------------

OS: Windows Vista Build 6001 Service Pack 1

CPU:total 2 amd64 3dnow ht

Memory: 4k page, physical 4192912k(1665136k free), swap 8615256k(6282568k free)

vm_info: Java HotSpot(TM) 64-Bit Server VM (1.6.0-b105) for windows-amd64, built on Nov 29 2006 00:38:01 by "java_re" with unknown MS VC++:1400

